00:11:19 | Info | 'louisnemo a gagné 13 xp !' | 
00:11:39 | Info | 'celekyuto a gagné 20 xp !' | 
00:11:39 | Info | '%s est passé niveau 15 !' | 
00:14:46 | Info | '[TIMER] Départ du chrono pour d_aberggine' | 
00:14:47 | Info | 'd_aberggine a été murlocké avec succès' | 
01:44:27 | Info | 'motisma a gagné 47 xp !' | 
01:44:28 | Info | 'cumplex a gagné 19 xp !' | 
01:44:29 | Info | 'kkdours a gagné 48 xp !' | 
01:44:30 | Info | 'd_aberggine a gagné 14 xp !' | 
01:44:30 | Info | '%s est passé niveau 11 !' | 
16:58:40 | Info | 'kkdours a été murlocké avec succès' | 
16:59:18 | Info | '[TIMER] Départ du chrono pour d_aberggine' | 
16:59:19 | Info | 'd_aberggine a été murlocké avec succès' | 
16:59:47 | Info | '[TIMER] Départ du chrono pour kkdours' | 
17:00:54 | Info | '[TIMER] Départ du chrono pour motisma' | 
17:00:55 | Info | 'motisma a été murlocké avec succès' | 
17:02:15 | Info | '[TIMER] Départ du chrono pour louisnemo' | 
17:02:16 | Info | 'louisnemo a été murlocké avec succès' | 
17:06:14 | Info | '[TIMER] Départ du chrono pour cumplex' | 
17:06:15 | Info | 'cumplex a été murlocké avec succès' | 
17:28:03 | Info | '[TIMER] Départ du chrono pour louisnemo' | 
17:28:03 | Info | 'louisnemo a gagné 4 xp !' | 
17:28:05 | Info | 'louisnemo a été murlocké avec succès' | 
18:28:31 | Info | 'louisnemo a gagné 10 xp !' | 
18:28:57 | Info | 'd_aberggine a gagné 14 xp !' | 
19:23:06 | Info | 'motisma a gagné 23 xp !' | 
19:37:57 | Info | 'cumplex a gagné 25 xp !' | 
19:38:00 | Info | 'kkdours a gagné 26 xp !' | 
20:01:50 | Info | 'cumplex a été murlocké avec succès' | 
20:02:10 | Info | 'kkdours a été murlocké avec succès' | 
20:02:14 | Info | '[TIMER] Départ du chrono pour cumplex' | 
20:02:15 | Info | 'cumplex a été murlocké avec succès' | 
20:02:50 | Info | '[TIMER] Départ du chrono pour kkdours' | 
20:59:19 | Info | 'cumplex a gagné 9 xp !' | 
20:59:51 | Info | '[TIMER] Le chrono est en pause pour kkdours' | 
21:08:05 | Info | '[TIMER] Départ du chrono pour motisma' | 
21:08:05 | Info | 'motisma a été murlocké avec succès' | 
21:08:51 | Info | '[TIMER] Le chrono reprend pour kkdours' | 
21:29:06 | Info | '[TIMER] Départ du chrono pour celekyuto' | 
21:29:07 | Info | 'celekyuto a été murlocké avec succès' | 
