03:56:23 | Info | 'wizzard08 a été murlocké avec succès' | 
05:25:14 | Info | 'xeit0w a été murlocké avec succès' | 
05:25:42 | Info | 'xeit0w a été murlocké avec succès' | 
05:26:32 | Info | 'La commande stats a été exécutée par xeit0w' | 
05:27:00 | Info | 'Les roles de undefined ont été changés avec succés' | 
19:10:09 | Info | 'motisma a été murlocké avec succès' | 
19:10:56 | Info | '[TIMER] Départ du chrono pour kkdours' | 
19:10:57 | Info | 'kkdours a été murlocké avec succès' | 
19:11:18 | Info | '[TIMER] Départ du chrono pour motisma' | 
19:15:57 | Info | '[TIMER] Départ du chrono pour cumplex' | 
19:15:58 | Info | 'cumplex a été murlocké avec succès' | 
19:24:50 | Info | '[TIMER] Départ du chrono pour xeit0w' | 
19:24:51 | Info | 'xeit0w a été murlocké avec succès' | 
19:39:28 | Info | 'xeit0w a gagné 2 xp !' | 
20:06:31 | Info | '[TIMER] Départ du chrono pour d_aberggine' | 
20:06:32 | Info | 'd_aberggine a été murlocké avec succès' | 
20:09:11 | Info | '[TIMER] Départ du chrono pour d_aberggine' | 
20:09:12 | Info | 'd_aberggine a été murlocké avec succès' | 
20:25:24 | Info | '[TIMER] Départ du chrono pour d_aberggine' | 
20:25:25 | Info | 'd_aberggine a été murlocké avec succès' | 
21:31:27 | Info | 'cumplex a gagné 22 xp !' | 
21:44:34 | Info | '[TIMER] Départ du chrono pour celekyuto' | 
21:44:35 | Info | 'celekyuto a été murlocké avec succès' | 
22:06:31 | Info | '[TIMER] Départ du chrono pour xeit0w' | 
22:06:32 | Info | 'xeit0w a été murlocké avec succès' | 
22:35:02 | Info | 'La commande stats a été exécutée par d_aberggine' | 
23:13:53 | Info | 'd_aberggine a gagné 28 xp !' | 
23:32:19 | Info | 'kkdours a gagné 43 xp !' | 
