00:02:51 | Info | 'xeit0w a gagné 10 xp !' | 
00:02:54 | Info | 'd_aberggine a gagné 15 xp !' | 
00:02:57 | Info | '[TIMER] Le chrono est en pause pour motisma' | 
00:03:08 | Info | 'La commande stats a été exécutée par d_aberggine' | 
01:29:55 | Info | 'motisma a gagné 7 xp !' | 
13:21:40 | Info | 'd_aberggine a été murlocké avec succès' | 
14:01:57 | Info | '[TIMER] Départ du chrono pour kkdours' | 
14:01:58 | Info | 'kkdours a été murlocké avec succès' | 
14:02:12 | Info | '[TIMER] Départ du chrono pour d_aberggine' | 
14:05:09 | Info | '[TIMER] Départ du chrono pour louisnemo' | 
14:05:10 | Info | 'louisnemo a été murlocké avec succès' | 
14:06:15 | Info | '[TIMER] Départ du chrono pour louisnemo' | 
14:06:15 | Info | 'louisnemo a été murlocké avec succès' | 
14:06:18 | Info | '[TIMER] Départ du chrono pour louisnemo' | 
14:06:18 | Info | 'louisnemo a été murlocké avec succès' | 
15:28:11 | Info | 'louisnemo a gagné 13 xp !' | 
16:40:19 | Info | '[TIMER] Départ du chrono pour xeit0w' | 
16:40:19 | Info | 'xeit0w a été murlocké avec succès' | 
16:41:29 | Info | 'd_aberggine a gagné 26 xp !' | 
16:41:32 | Info | '[TIMER] Départ du chrono pour d_aberggine' | 
16:41:33 | Info | 'd_aberggine a été murlocké avec succès' | 
17:30:19 | Info | '[TIMER] Départ du chrono pour motisma' | 
17:30:20 | Info | 'motisma a été murlocké avec succès' | 
17:57:58 | Info | '[TIMER] Départ du chrono pour louisnemo' | 
17:57:59 | Info | 'louisnemo a été murlocké avec succès' | 
18:28:08 | Info | 'xeit0w a gagné 17 xp !' | 
18:39:21 | Info | 'louisnemo a gagné 6 xp !' | 
18:51:45 | Info | 'd_aberggine a gagné 21 xp !' | 
19:08:16 | Info | 'kkdours a gagné 51 xp !' | 
19:08:17 | Info | '[TIMER] Le chrono est en pause pour motisma' | 
19:15:41 | Info | 'motisma a gagné 16 xp !' | 
20:25:25 | Info | 'kkdours a été murlocké avec succès' | 
20:28:07 | Info | '[TIMER] Départ du chrono pour xeit0w' | 
20:28:08 | Info | 'xeit0w a été murlocké avec succès' | 
20:28:19 | Info | '[TIMER] Départ du chrono pour kkdours' | 
21:21:36 | Info | 'kkdours a gagné 8 xp !' | 
21:22:20 | Info | '[TIMER] Le chrono est en pause pour xeit0w' | 
21:26:54 | Info | 'xeit0w a gagné 9 xp !' | 
21:27:09 | Info | 'La commande leaderboard a été exécutée par xeit0w' | 
21:28:09 | Info | 'La commande stats a été exécutée par xeit0w' | 
22:01:02 | Info | 'kkdours a été murlocké avec succès' | 
22:03:00 | Info | '[TIMER] Départ du chrono pour motisma' | 
22:03:01 | Info | 'motisma a été murlocké avec succès' | 
22:03:20 | Info | '[TIMER] Départ du chrono pour kkdours' | 
22:20:48 | Info | '[TIMER] Départ du chrono pour celekyuto' | 
22:20:49 | Info | 'celekyuto a été murlocké avec succès' | 
23:17:30 | Info | '[TIMER] Départ du chrono pour louisnemo' | 
23:17:31 | Info | 'louisnemo a été murlocké avec succès' | 
23:33:10 | Info | 'louisnemo a gagné 2 xp !' | 
23:51:40 | Info | '[TIMER] Départ du chrono pour xeit0w' | 
23:51:41 | Info | 'xeit0w a été murlocké avec succès' | 
