00:16:36 | Info | 'kkdours a gagné 30 xp !' | 
00:58:05 | Info | 'celekyuto a gagné 102 xp !' | 
01:06:24 | Info | '[TIMER] Départ du chrono pour kkdours' | 
01:06:25 | Info | 'kkdours a été murlocké avec succès' | 
01:23:25 | Info | 'motisma a gagné 42 xp !' | 
01:23:25 | Info | 'xeit0w a gagné 38 xp !' | 
12:42:54 | Info | 'louisnemo a été murlocké avec succès' | 
12:44:20 | Info | '[TIMER] Départ du chrono pour motisma' | 
12:44:21 | Info | 'motisma a été murlocké avec succès' | 
12:44:34 | Info | '[TIMER] Départ du chrono pour louisnemo' | 
13:17:22 | Info | '[TIMER] Départ du chrono pour kkdours' | 
13:17:23 | Info | 'kkdours a été murlocké avec succès' | 
14:48:27 | Info | '[TIMER] Départ du chrono pour celekyuto' | 
14:48:28 | Info | 'celekyuto a été murlocké avec succès' | 
16:54:42 | Info | 'louisnemo a gagné 41 xp !' | 
16:56:44 | Info | 'celekyuto a gagné 21 xp !' | 
17:43:36 | Info | 'motisma a gagné 49 xp !' | 
17:43:38 | Info | '[TIMER] Le chrono est en pause pour kkdours' | 
17:43:47 | Info | 'kkdours a gagné 44 xp !' | 
19:11:55 | Info | 'motisma a été murlocké avec succès' | 
22:06:44 | Info | '[TIMER] Départ du chrono pour d_aberggine' | 
22:06:45 | Info | 'd_aberggine a été murlocké avec succès' | 
22:07:42 | Info | '[TIMER] Départ du chrono pour motisma' | 
22:12:33 | Info | '[TIMER] Départ du chrono pour kkdours' | 
22:12:34 | Info | 'kkdours a été murlocké avec succès' | 
22:19:52 | Info | '[TIMER] Départ du chrono pour xeit0w' | 
22:19:53 | Info | 'xeit0w a été murlocké avec succès' | 
22:56:07 | Info | '[TIMER] Départ du chrono pour louisnemo' | 
22:56:09 | Info | 'louisnemo a été murlocké avec succès' | 
22:56:39 | Info | '[TIMER] Départ du chrono pour celekyuto' | 
22:56:40 | Info | 'celekyuto a été murlocké avec succès' | 
23:02:57 | Info | '[TIMER] Départ du chrono pour louisnemo' | 
23:02:58 | Info | 'louisnemo a été murlocké avec succès' | 
23:15:20 | Info | 'La commande leaderboard a été exécutée par celekyuto' | 
23:16:49 | Info | 'd_aberggine a gagné 11 xp !' | 
23:20:58 | Info | 'xeit0w a gagné 10 xp !' | 
23:21:05 | Info | '[TIMER] Départ du chrono pour xeit0w' | 
23:21:06 | Info | 'xeit0w a été murlocké avec succès' | 
23:54:28 | Info | 'kkdours a gagné 16 xp !' | 
23:55:00 | Info | 'louisnemo a gagné 8 xp !' | 
