16:06:31 | Info | 'motisma a été murlocké avec succès' | 
17:06:57 | Info | 'motisma a été murlocké avec succès' | 
17:17:20 | Info | '[TIMER] Départ du chrono pour louisnemo' | 
17:17:20 | Info | 'louisnemo a été murlocké avec succès' | 
17:18:12 | Info | '[TIMER] Départ du chrono pour motisma' | 
17:21:53 | Info | '[TIMER] Départ du chrono pour cumplex' | 
17:21:54 | Info | 'cumplex a été murlocké avec succès' | 
17:42:09 | Info | 'cumplex a gagné 3 xp !' | 
17:42:10 | Info | '[TIMER] Départ du chrono pour xeit0w' | 
17:42:10 | Info | 'xeit0w a été murlocké avec succès' | 
18:42:20 | Info | '[TIMER] Départ du chrono pour celekyuto' | 
18:42:20 | Error | 'Erreur lors du murlock de celekyuto' | 
18:42:21 | Info | '[TIMER] Départ du chrono pour celekyuto' | 
18:42:22 | Info | 'celekyuto a été murlocké avec succès' | 
18:56:10 | Info | 'louisnemo a gagné 16 xp !' | 
19:02:46 | Info | '[TIMER] Départ du chrono pour louisnemo' | 
19:02:47 | Info | 'louisnemo a été murlocké avec succès' | 
19:20:30 | Info | 'louisnemo a gagné 2 xp !' | 
19:47:10 | Info | 'xeit0w a gagné 20 xp !' | 
19:50:18 | Info | 'motisma a gagné 25 xp !' | 
19:51:15 | Info | '[TIMER] Le chrono est en pause pour celekyuto' | 
20:45:10 | Info | '[TIMER] Départ du chrono pour motisma' | 
20:45:11 | Info | 'motisma a été murlocké avec succès' | 
20:45:14 | Info | '[TIMER] Départ du chrono pour wizzard08' | 
20:45:15 | Info | 'wizzard08 a été murlocké avec succès' | 
20:45:16 | Info | '[TIMER] Le chrono reprend pour celekyuto' | 
22:02:59 | Info | '[TIMER] Départ du chrono pour louisnemo' | 
22:03:00 | Info | 'louisnemo a été murlocké avec succès' | 
22:03:33 | Info | 'wizzard08 a gagné 13 xp !' | 
23:11:26 | Info | '[TIMER] Départ du chrono pour kkdours' | 
23:11:26 | Info | 'kkdours a été murlocké avec succès' | 
23:54:50 | Info | 'celekyuto a gagné 43 xp !' | 
23:54:50 | Info | '%s est passé niveau 12 !' | 
