01:24:50 | Info | '[TIMER] Départ du chrono pour cumplex' | 
01:24:51 | Info | 'cumplex a été murlocké avec succès' | 
03:57:58 | Info | 'kkdours a gagné 54 xp !' | 
03:57:59 | Info | 'cumplex a gagné 25 xp !' | 
03:58:08 | Info | '[TIMER] Le chrono est en pause pour motisma' | 
03:59:46 | Info | 'motisma a gagné 54 xp !' | 
03:59:46 | Info | '%s est passé niveau 20 !' | 
15:36:57 | Info | 'La commande leaderboard a été exécutée par motisma' | 
15:42:22 | Info | 'louisnemo a été murlocké avec succès' | 
15:43:14 | Info | '[TIMER] Départ du chrono pour motisma' | 
15:43:15 | Info | '[TIMER] Départ du chrono pour louisnemo' | 
15:43:15 | Info | 'motisma a été murlocké avec succès' | 
17:02:43 | Info | 'louisnemo a gagné 13 xp !' | 
17:03:17 | Info | '[TIMER] Le chrono est en pause pour motisma' | 
22:25:05 | Info | 'motisma a été murlocké avec succès' | 
22:46:36 | Info | '[TIMER] Départ du chrono pour louisnemo' | 
22:46:36 | Info | 'louisnemo a été murlocké avec succès' | 
22:47:23 | Info | '[TIMER] Départ du chrono pour motisma' | 
23:10:34 | Info | '[TIMER] Départ du chrono pour alartic' | 
23:10:35 | Info | 'alartic a été murlocké avec succès' | 
23:20:50 | Info | 'alartic a gagné 1 xp !' | 
