00:42:52 | Info | 'louisnemo a gagné 10 xp !' | 
02:01:33 | Info | '[TIMER] Départ du chrono pour cumplex' | 
02:01:33 | Info | 'cumplex a été murlocké avec succès' | 
03:03:53 | Info | 'kkdours a gagné 44 xp !' | 
03:44:35 | Info | 'motisma a gagné 57 xp !' | 
03:44:36 | Info | 'cumplex a gagné 17 xp !' | 
14:29:07 | Info | 'louisnemo a été murlocké avec succès' | 
14:29:31 | Info | 'La commande setsound a été exécutée par louisnemo' | 
14:29:40 | Info | 'Fichier téléchargé et découpé avec succès ! sounds/louisnemo.mp3' | 
14:31:09 | Info | 'louisnemo a été murlocké avec succès' | 
14:44:27 | Info | 'kkdours a été murlocké avec succès' | 
15:52:34 | Info | 'kkdours a été murlocké avec succès' | 
15:52:36 | Info | '[TIMER] Départ du chrono pour cumplex' | 
15:52:36 | Info | 'cumplex a été murlocké avec succès' | 
15:52:53 | Info | '[TIMER] Départ du chrono pour motisma' | 
15:52:54 | Info | 'motisma a été murlocké avec succès' | 
15:52:59 | Info | '[TIMER] Départ du chrono pour kkdours' | 
16:02:18 | Info | '[TIMER] Départ du chrono pour louisnemo' | 
16:02:19 | Info | 'louisnemo a été murlocké avec succès' | 
17:44:06 | Info | 'louisnemo a gagné 16 xp !' | 
19:31:34 | Info | 'kkdours a gagné 36 xp !' | 
19:36:40 | Info | 'cumplex a gagné 37 xp !' | 
19:37:02 | Info | '[TIMER] Le chrono est en pause pour motisma' | 
20:14:01 | Info | 'motisma a gagné 37 xp !' | 
23:50:32 | Info | 'motisma a été murlocké avec succès' | 
23:52:29 | Info | '[TIMER] Départ du chrono pour cumplex' | 
23:52:30 | Info | 'cumplex a été murlocké avec succès' | 
23:53:05 | Info | '[TIMER] Départ du chrono pour motisma' | 
