00:19:01 | Info | 'Alartic#4028 a gagné 10 xp !' | 
02:40:10 | Info | 'kkdours a gagné 55 xp !' | 
02:40:15 | Info | 'motisma a gagné 55 xp !' | 
06:20:49 | Info | 'La commande leaderboard a été exécutée par xeit0w' | 
06:21:24 | Info | 'La commande stats a été exécutée par xeit0w' | 
12:56:27 | Info | 'celekyuto a été murlocké avec succès' | 
13:12:46 | Info | '[TIMER] Départ du chrono pour louisnemo' | 
13:12:47 | Info | 'louisnemo a été murlocké avec succès' | 
13:13:08 | Info | '[TIMER] Départ du chrono pour celekyuto' | 
14:34:09 | Info | '[TIMER] Le chrono est en pause pour louisnemo' | 
14:34:09 | Info | 'celekyuto a gagné 13 xp !' | 
14:35:11 | Info | 'louisnemo a gagné 13 xp !' | 
15:55:01 | Info | 'motisma a été murlocké avec succès' | 
15:55:47 | Info | 'motisma a été murlocké avec succès' | 
15:59:41 | Info | '[TIMER] Départ du chrono pour celekyuto' | 
15:59:42 | Info | 'celekyuto a été murlocké avec succès' | 
16:00:11 | Info | '[TIMER] Départ du chrono pour motisma' | 
16:24:44 | Info | 'celekyuto a gagné 4 xp !' | 
16:25:06 | Info | '[TIMER] Départ du chrono pour celekyuto' | 
16:25:07 | Info | 'celekyuto a été murlocké avec succès' | 
16:25:43 | Info | '[TIMER] Départ du chrono pour louisnemo' | 
16:25:45 | Info | 'louisnemo a été murlocké avec succès' | 
17:30:14 | Info | 'louisnemo a gagné 10 xp !' | 
17:46:02 | Info | 'celekyuto a gagné 13 xp !' | 
17:46:12 | Info | '[TIMER] Le chrono est en pause pour motisma' | 
17:50:04 | Info | 'motisma a gagné 17 xp !' | 
23:07:07 | Info | 'celekyuto a été murlocké avec succès' | 
