01:20:55 | Info | 'xeit0w a gagné 41 xp !' | 
01:40:07 | Info | 'louisnemo a gagné 74 xp !' | 
01:40:46 | Info | '[TIMER] Le chrono est en pause pour motisma' | 
02:18:05 | Info | 'motisma a gagné 65 xp !' | 
10:49:21 | Info | 'louisnemo a été murlocké avec succès' | 
10:49:39 | Info | '[TIMER] Départ du chrono pour xeit0w' | 
10:49:40 | Info | 'xeit0w a été murlocké avec succès' | 
10:49:56 | Info | '[TIMER] Départ du chrono pour louisnemo' | 
11:28:21 | Info | '[TIMER] Départ du chrono pour motisma' | 
11:28:22 | Info | 'motisma a été murlocké avec succès' | 
12:38:18 | Info | 'xeit0w a gagné 18 xp !' | 
12:38:21 | Info | 'louisnemo a gagné 18 xp !' | 
12:38:58 | Info | '[TIMER] Le chrono est en pause pour motisma' | 
13:36:55 | Info | '[TIMER] Départ du chrono pour louisnemo' | 
13:36:56 | Info | 'louisnemo a été murlocké avec succès' | 
13:36:59 | Info | '[TIMER] Le chrono reprend pour motisma' | 
14:15:39 | Info | '[TIMER] Départ du chrono pour xeit0w' | 
14:15:40 | Info | 'xeit0w a été murlocké avec succès' | 
14:56:12 | Info | 'louisnemo a gagné 13 xp !' | 
15:14:38 | Info | '[TIMER] Départ du chrono pour louisnemo' | 
15:14:39 | Info | 'louisnemo a été murlocké avec succès' | 
15:23:14 | Info | 'motisma a gagné 29 xp !' | 
15:23:34 | Info | '[TIMER] Départ du chrono pour motisma' | 
15:23:35 | Info | 'motisma a été murlocké avec succès' | 
15:44:04 | Info | 'xeit0w a gagné 14 xp !' | 
15:59:05 | Info | 'motisma a gagné 5 xp !' | 
15:59:06 | Info | '[TIMER] Départ du chrono pour motisma' | 
15:59:07 | Info | 'motisma a été murlocké avec succès' | 
16:02:01 | Info | '[TIMER] Le chrono est en pause pour louisnemo' | 
16:29:59 | Info | 'louisnemo a gagné 7 xp !' | 
19:06:25 | Info | 'motisma a été murlocké avec succès' | 
19:51:11 | Info | '[TIMER] Départ du chrono pour d_aberggine' | 
19:51:12 | Info | 'd_aberggine a été murlocké avec succès' | 
19:52:05 | Info | '[TIMER] Départ du chrono pour motisma' | 
20:07:05 | Info | 'motisma a gagné 2 xp !' | 
20:07:06 | Info | '[TIMER] Le chrono est en pause pour d_aberggine' | 
20:50:11 | Info | '[TIMER] Départ du chrono pour louisnemo' | 
20:50:12 | Info | 'louisnemo a été murlocké avec succès' | 
20:51:06 | Info | '[TIMER] Le chrono reprend pour d_aberggine' | 
20:53:22 | Info | '[TIMER] Départ du chrono pour xeit0w' | 
20:53:23 | Info | 'xeit0w a été murlocké avec succès' | 
21:01:24 | Info | 'd_aberggine a gagné 4 xp !' | 
21:04:21 | Info | '[TIMER] Départ du chrono pour motisma' | 
21:04:22 | Info | 'motisma a été murlocké avec succès' | 
22:25:08 | Info | 'xeit0w a gagné 15 xp !' | 
23:30:47 | Info | '[TIMER] Départ du chrono pour kkdours' | 
23:30:48 | Info | 'kkdours a été murlocké avec succès' | 
23:53:39 | Info | 'louisnemo a gagné 30 xp !' | 
