00:42:58 | Info | 'booddle a gagné 21 xp !' | 
00:42:58 | Info | 'booddle est passé niveau %d !' | 
00:42:59 | Info | 'booddle a été murlocké avec succès' | 
10:59:24 | Info | 'd_aberggine a gagné 3 xp !' | 
10:59:24 | Info | 'd_aberggine a été murlocké avec succès' | 
11:00:36 | Info | 'motisma a gagné 3 xp !' | 
11:00:36 | Info | 'motisma est passé niveau %d !' | 
11:00:36 | Info | 'motisma a été murlocké avec succès' | 
11:07:35 | Info | 'La commande stats a été exécutée par xeit0w' | 
11:07:47 | Info | 'La commande stats a été exécutée par xeit0w' | 
11:08:32 | Info | 'La commande stats a été exécutée par xeit0w' | 
11:13:12 | Info | 'celekyuto a gagné 5 xp !' | 
11:13:13 | Info | 'celekyuto a été murlocké avec succès' | 
11:23:20 | Info | 'Vous devez attendre 28 minutes avant de pouvoir gagner de l\'xp à nouveau !' | 
11:23:21 | Info | 'celekyuto a été murlocké avec succès' | 
11:23:51 | Info | 'La commande stats a été exécutée par celekyuto' | 
11:30:02 | Info | 'kkdours a gagné 6 xp !' | 
11:30:03 | Info | 'kkdours a été murlocké avec succès' | 
11:38:21 | Info | 'd_aberggine a gagné 11 xp !' | 
11:38:21 | Info | 'd_aberggine a été murlocké avec succès' | 
11:40:02 | Info | 'Alartic#4028 a gagné 20 xp !' | 
11:40:02 | Info | 'Alartic#4028 est passé niveau %d !' | 
11:40:03 | Info | 'Alartic#4028 a été murlocké avec succès' | 
12:39:04 | Info | 'louisnemo a gagné 21 xp !' | 
12:39:04 | Info | 'louisnemo a été murlocké avec succès' | 
13:10:20 | Info | 'louisnemo a gagné 3 xp !' | 
13:10:20 | Info | 'louisnemo a été murlocké avec succès' | 
13:22:54 | Info | 'd_aberggine a gagné 5 xp !' | 
13:22:55 | Info | 'd_aberggine a été murlocké avec succès' | 
14:07:21 | Info | 'motisma a gagné 1 xp !' | 
14:07:22 | Info | 'motisma a été murlocké avec succès' | 
14:13:44 | Info | 'louisnemo a gagné 2 xp !' | 
14:13:45 | Info | 'louisnemo a été murlocké avec succès' | 
14:17:08 | Info | 'd_aberggine a gagné 6 xp !' | 
14:17:08 | Info | 'd_aberggine a été murlocké avec succès' | 
15:21:35 | Info | 'kkdours a gagné 5 xp !' | 
15:21:35 | Info | 'kkdours a été murlocké avec succès' | 
15:54:46 | Info | 'louisnemo a gagné 7 xp !' | 
15:54:46 | Info | 'louisnemo a été murlocké avec succès' | 
16:41:33 | Info | 'louisnemo a gagné 8 xp !' | 
16:41:33 | Info | 'louisnemo a été murlocké avec succès' | 
17:29:58 | Info | 'louisnemo a gagné 5 xp !' | 
17:29:58 | Info | 'louisnemo a été murlocké avec succès' | 
18:03:01 | Info | 'louisnemo a gagné 6 xp !' | 
18:03:02 | Info | 'louisnemo a été murlocké avec succès' | 
18:27:57 | Info | 'Vous devez attendre 5 minutes avant de pouvoir gagner de l\'xp à nouveau !' | 
18:27:58 | Info | 'louisnemo a été murlocké avec succès' | 
18:31:13 | Info | 'd_aberggine a gagné 12 xp !' | 
18:31:14 | Info | 'd_aberggine a été murlocké avec succès' | 
19:43:49 | Info | 'xeit0w a gagné 12 xp !' | 
19:43:50 | Info | 'xeit0w a été murlocké avec succès' | 
20:03:55 | Info | 'celekyuto a gagné 13 xp !' | 
20:03:56 | Info | 'celekyuto a été murlocké avec succès' | 
20:08:32 | Info | 'booddle a gagné 18 xp !' | 
20:08:33 | Info | 'booddle a été murlocké avec succès' | 
20:16:26 | Info | 'frenzop a été murlocké avec succès' | 
20:37:30 | Info | 'kyurishi a gagné 5 xp !' | 
20:37:30 | Info | 'kyurishi a été murlocké avec succès' | 
20:43:43 | Info | 'd_aberggine a gagné 10 xp !' | 
20:43:44 | Info | 'd_aberggine a été murlocké avec succès' | 
21:44:46 | Info | 'motisma a gagné 1 xp !' | 
21:44:47 | Info | 'motisma a été murlocké avec succès' | 
22:30:26 | Info | 'd_aberggine a gagné 4 xp !' | 
22:30:27 | Info | 'd_aberggine a été murlocké avec succès' | 
22:50:58 | Info | 'kkdours a gagné 2 xp !' | 
22:50:59 | Info | 'kkdours a été murlocké avec succès' | 
22:51:01 | Info | 'hailzah a été murlocké avec succès' | 
22:51:02 | Info | 'Vous devez attendre 24 minutes avant de pouvoir gagner de l\'xp à nouveau !' | 
22:51:02 | Info | 'motisma a été murlocké avec succès' | 
23:46:43 | Info | 'd_aberggine a gagné 12 xp !' | 
23:46:43 | Info | 'd_aberggine a été murlocké avec succès' | 
