00:05:20 | Info | 'louisnemo a gagné 9 xp !' | 
00:05:52 | Info | '[TIMER] Le chrono est en pause pour motisma' | 
00:33:59 | Info | 'motisma a gagné 9 xp !' | 
01:10:00 | Info | 'cumplex a été murlocké avec succès' | 
01:10:04 | Info | '[TIMER] Départ du chrono pour kkdours' | 
01:10:05 | Info | 'kkdours a été murlocké avec succès' | 
01:10:52 | Info | '[TIMER] Départ du chrono pour cumplex' | 
02:48:50 | Info | '[TIMER] Départ du chrono pour motisma' | 
02:48:51 | Info | 'motisma a été murlocké avec succès' | 
04:22:53 | Info | 'kkdours a gagné 32 xp !' | 
04:22:54 | Info | 'cumplex a gagné 32 xp !' | 
04:22:55 | Info | '[TIMER] Le chrono est en pause pour motisma' | 
04:23:00 | Info | 'motisma a gagné 15 xp !' | 
11:16:01 | Info | 'louisnemo a été murlocké avec succès' | 
13:16:47 | Info | 'louisnemo a été murlocké avec succès' | 
13:59:05 | Info | '[TIMER] Départ du chrono pour celekyuto' | 
13:59:06 | Info | 'celekyuto a été murlocké avec succès' | 
14:00:05 | Info | '[TIMER] Départ du chrono pour louisnemo' | 
14:01:05 | Info | '[TIMER] Le chrono est en pause pour louisnemo' | 
14:05:45 | Info | 'jubilol a été murlocké avec succès' | 
14:06:06 | Info | '[TIMER] Le chrono reprend pour louisnemo' | 
14:06:06 | Info | '[TIMER] Départ du chrono pour jubilol' | 
14:19:42 | Info | 'louisnemo a gagné 2 xp !' | 
14:20:06 | Info | '[TIMER] Le chrono est en pause pour jubilol' | 
15:12:26 | Info | 'louisnemo a été murlocké avec succès' | 
15:16:29 | Info | '[TIMER] Départ du chrono pour motisma' | 
15:16:29 | Info | 'motisma a été murlocké avec succès' | 
15:17:07 | Info | '[TIMER] Départ du chrono pour louisnemo' | 
15:17:27 | Info | '[TIMER] Départ du chrono pour motisma' | 
15:17:28 | Info | 'motisma a été murlocké avec succès' | 
16:14:50 | Info | 'louisnemo a gagné 9 xp !' | 
16:15:08 | Info | '[TIMER] Le chrono est en pause pour motisma' | 
16:15:23 | Info | 'motisma a gagné 9 xp !' | 
16:45:22 | Info | 'kkdours a été murlocké avec succès' | 
16:45:22 | Info | '[TIMER] Départ du chrono pour motisma' | 
16:45:23 | Info | 'motisma a été murlocké avec succès' | 
16:46:08 | Info | '[TIMER] Départ du chrono pour kkdours' | 
18:21:52 | Info | 'kkdours a gagné 15 xp !' | 
18:22:10 | Info | '[TIMER] Le chrono est en pause pour motisma' | 
18:26:13 | Info | 'motisma a gagné 16 xp !' | 
19:32:10 | Info | 'La commande leaderboard a été exécutée par xeit0w' | 
19:32:19 | Info | 'La commande leaderboard a été exécutée par xeit0w' | 
