00:55:01 | Info | 'celekyuto a été murlocké avec succès' | 
00:55:28 | Info | '[TIMER] Départ du chrono pour motisma' | 
00:55:29 | Info | 'motisma a été murlocké avec succès' | 
00:56:07 | Info | '[TIMER] Départ du chrono pour celekyuto' | 
02:46:40 | Info | 'motisma a gagné 18 xp !' | 
02:46:45 | Info | 'celekyuto a gagné 18 xp !' | 
02:46:53 | Info | 'La commande leaderboard a été exécutée par celekyuto' | 
18:00:26 | Info | '[TIMER] Départ du chrono pour motisma' | 
18:00:27 | Info | 'd_aberggine a été murlocké avec succès' | 
18:00:27 | Info | 'motisma a été murlocké avec succès' | 
18:01:25 | Info | '[TIMER] Départ du chrono pour d_aberggine' | 
18:43:33 | Info | 'd_aberggine a gagné 7 xp !' | 
18:43:40 | Info | 'motisma a gagné 7 xp !' | 
20:57:03 | Info | 'louisnemo a été murlocké avec succès' | 
21:20:35 | Info | '[TIMER] Départ du chrono pour d_aberggine' | 
21:20:36 | Info | 'd_aberggine a été murlocké avec succès' | 
21:21:29 | Info | '[TIMER] Départ du chrono pour louisnemo' | 
21:44:39 | Info | 'kkdours a été murlocké avec succès' | 
21:45:00 | Info | '[TIMER] Départ du chrono pour motisma' | 
21:45:01 | Info | 'motisma a été murlocké avec succès' | 
21:45:29 | Info | '[TIMER] Départ du chrono pour kkdours' | 
23:54:26 | Info | 'louisnemo a gagné 25 xp !' | 
23:59:19 | Info | '[TIMER] Départ du chrono pour xeit0w' | 
23:59:21 | Info | 'xeit0w a été murlocké avec succès' | 
