01:10:35 | Info | 'celekyuto a gagné 37 xp !' | 
01:10:43 | Info | 'La commande leaderboard a été exécutée par celekyuto' | 
02:00:34 | Info | 'kkdours a gagné 49 xp !' | 
02:00:38 | Info | 'motisma a gagné 49 xp !' | 
02:00:38 | Info | '%s est passé niveau 12 !' | 
13:13:14 | Info | 'La commande leaderboard a été exécutée par xeit0w' | 
16:29:43 | Info | 'motisma a été murlocké avec succès' | 
16:36:57 | Info | '[TIMER] Départ du chrono pour d_aberggine' | 
16:36:58 | Info | 'd_aberggine a été murlocké avec succès' | 
16:37:34 | Info | '[TIMER] Départ du chrono pour motisma' | 
16:43:12 | Info | '[TIMER] Départ du chrono pour kkdours' | 
16:43:13 | Info | 'kkdours a été murlocké avec succès' | 
17:59:27 | Info | '[TIMER] Départ du chrono pour cumplex' | 
17:59:28 | Info | 'cumplex a été murlocké avec succès' | 
18:00:45 | Info | 'd_aberggine a gagné 13 xp !' | 
18:00:47 | Info | '[TIMER] Départ du chrono pour d_aberggine' | 
18:00:48 | Info | 'd_aberggine a été murlocké avec succès' | 
18:07:53 | Info | 'La commande leaderboard a été exécutée par motisma' | 
18:53:28 | Info | 'kkdours a gagné 21 xp !' | 
18:53:36 | Info | '[TIMER] Le chrono est en pause pour motisma' | 
20:37:49 | Info | '[TIMER] Départ du chrono pour kkdours' | 
20:37:50 | Info | 'kkdours a été murlocké avec succès' | 
20:38:38 | Info | '[TIMER] Le chrono reprend pour motisma' | 
20:55:24 | Info | 'motisma a gagné 25 xp !' | 
20:55:35 | Info | '[TIMER] Départ du chrono pour motisma' | 
20:55:36 | Info | 'motisma a été murlocké avec succès' | 
21:08:01 | Info | '[TIMER] Départ du chrono pour cumplex' | 
21:08:02 | Info | 'cumplex a été murlocké avec succès' | 
