15:03:52 | Info | 'celekyuto a été murlocké avec succès' | 
15:16:17 | Info | '[TIMER] Départ du chrono pour louisnemo' | 
15:16:18 | Info | 'louisnemo a été murlocké avec succès' | 
15:16:41 | Info | '[TIMER] Départ du chrono pour celekyuto' | 
15:23:35 | Info | '[TIMER] Départ du chrono pour motisma' | 
15:23:36 | Info | 'motisma a été murlocké avec succès' | 
15:27:06 | Info | '[TIMER] Départ du chrono pour wizzard08' | 
15:27:07 | Info | 'wizzard08 a été murlocké avec succès' | 
15:34:50 | Info | 'celekyuto a gagné 3 xp !' | 
15:35:06 | Info | '[TIMER] Départ du chrono pour celekyuto' | 
15:35:07 | Info | 'celekyuto a été murlocké avec succès' | 
16:02:58 | Info | 'wizzard08 a gagné 5 xp !' | 
17:24:17 | Info | 'celekyuto a gagné 18 xp !' | 
19:08:25 | Info | 'motisma a gagné 37 xp !' | 
19:08:45 | Info | '[TIMER] Le chrono est en pause pour louisnemo' | 
19:50:12 | Info | 'louisnemo a gagné 38 xp !' | 
19:50:12 | Info | '%s est passé niveau 9 !' | 
20:56:52 | Info | 'louisnemo a été murlocké avec succès' | 
21:03:32 | Info | '[TIMER] Départ du chrono pour motisma' | 
21:03:33 | Info | 'motisma a été murlocké avec succès' | 
21:03:47 | Info | '[TIMER] Départ du chrono pour louisnemo' | 
21:23:29 | Info | '[TIMER] Départ du chrono pour celekyuto' | 
21:23:30 | Error | 'Erreur lors du murlock de celekyuto' | 
21:23:33 | Info | '[TIMER] Départ du chrono pour celekyuto' | 
21:23:34 | Info | 'celekyuto a été murlocké avec succès' | 
21:43:12 | Info | '[TIMER] Départ du chrono pour celekyuto' | 
21:43:13 | Info | 'celekyuto a été murlocké avec succès' | 
22:12:59 | Info | 'celekyuto a gagné 4 xp !' | 
22:15:05 | Info | 'motisma a gagné 11 xp !' | 
22:15:11 | Info | '[TIMER] Départ du chrono pour motisma' | 
22:15:12 | Info | 'motisma a été murlocké avec succès' | 
22:18:33 | Info | '[TIMER] Départ du chrono pour d_aberggine' | 
22:18:34 | Info | 'd_aberggine a été murlocké avec succès' | 
22:48:17 | Info | 'd_aberggine a gagné 4 xp !' | 
22:48:32 | Info | 'La commande stats a été exécutée par d_aberggine' | 
23:17:57 | Info | 'louisnemo a gagné 22 xp !' | 
23:18:49 | Info | '[TIMER] Le chrono est en pause pour motisma' | 
