12:01:03 | Info | 'celekyuto a été murlocké avec succès' | 
13:59:22 | Info | 'xenix13 a été murlocké avec succès' | 
14:34:36 | Info | 'celekyuto a gagné 25 xp !' | 
14:34:36 | Info | 'celekyuto est passé niveau %d !' | 
16:31:57 | Info | 'd_aberggine a été murlocké avec succès' | 
16:38:01 | Info | 'La commande setsound a été exécutée par d_aberggine' | 
16:38:30 | Info | 'La commande setsound a été exécutée par d_aberggine' | 
16:38:38 | Info | 'Fichier téléchargé et découpé avec succès ! sounds/d_aberggine.mp3' | 
16:38:49 | Info | 'La commande ping a été exécutée par d_aberggine' | 
16:39:12 | Info | 'La commande stats a été exécutée par d_aberggine' | 
17:16:35 | Info | 'louisnemo a été murlocké avec succès' | 
17:26:21 | Info | 'celekyuto a été murlocké avec succès' | 
17:38:27 | Info | 'kkdours a été murlocké avec succès' | 
19:08:26 | Info | 'cumplex a été murlocké avec succès' | 
19:21:44 | Info | 'Les roles de undefined ont été changés avec succés' | 
19:36:10 | Info | 'louisnemo a gagné 25 xp !' | 
19:36:10 | Info | 'louisnemo est passé niveau %d !' | 
19:36:13 | Info | 'kkdours a gagné 20 xp !' | 
19:36:13 | Info | 'kkdours est passé niveau %d !' | 
19:36:24 | Info | 'celekyuto a gagné 20 xp !' | 
19:41:12 | Info | 'd_aberggine a gagné 30 xp !' | 
19:41:12 | Info | 'd_aberggine est passé niveau %d !' | 
20:10:06 | Info | 'd_aberggine a été murlocké avec succès' | 
20:22:31 | Info | 'motisma a été murlocké avec succès' | 
21:00:14 | Info | 'louisnemo a été murlocké avec succès' | 
21:37:33 | Info | 'celekyuto a été murlocké avec succès' | 
21:41:32 | Info | 'd_aberggine a gagné 15 xp !' | 
21:41:32 | Info | 'd_aberggine est passé niveau %d !' | 
21:43:09 | Info | 'louisnemo a gagné 5 xp !' | 
22:09:19 | Info | 'kkdours a été murlocké avec succès' | 
23:32:36 | Info | 'xeit0w a été murlocké avec succès' | 
23:33:27 | Info | 'celekyuto a gagné 20 xp !' | 
23:59:11 | Info | 'celekyuto a été murlocké avec succès' | 
