13:17:54 | Info | 'kkdours a été murlocké avec succès' | 
13:20:50 | Info | '[TIMER] Départ du chrono pour celekyuto' | 
13:20:51 | Info | 'celekyuto a été murlocké avec succès' | 
13:21:03 | Info | '[TIMER] Départ du chrono pour xeit0w' | 
13:21:04 | Info | 'xeit0w a été murlocké avec succès' | 
13:21:08 | Info | '[TIMER] Départ du chrono pour louisnemo' | 
13:21:09 | Info | 'louisnemo a été murlocké avec succès' | 
13:21:36 | Info | '[TIMER] Départ du chrono pour kkdours' | 
13:24:48 | Info | '[TIMER] Départ du chrono pour fireman13500' | 
13:24:49 | Info | 'fireman13500 a été murlocké avec succès' | 
13:27:47 | Info | '[TIMER] Départ du chrono pour louisnemo' | 
13:27:48 | Info | 'louisnemo a été murlocké avec succès' | 
13:31:50 | Info | '[TIMER] Départ du chrono pour cumplex' | 
13:32:11 | Info | 'cumplex a été murlocké avec succès' | 
14:29:12 | Info | '[TIMER] Départ du chrono pour cumplex' | 
14:29:13 | Info | 'cumplex a été murlocké avec succès' | 
14:31:59 | Info | 'fireman13500 a gagné 11 xp !' | 
14:31:59 | Info | '%s est passé niveau 3 !' | 
14:50:03 | Info | '[TIMER] Départ du chrono pour d_aberggine' | 
14:50:03 | Info | 'd_aberggine a été murlocké avec succès' | 
14:56:18 | Info | 'd_aberggine a gagné 1 xp !' | 
14:57:22 | Info | 'celekyuto a gagné 16 xp !' | 
14:57:58 | Info | '[TIMER] Départ du chrono pour celekyuto' | 
14:57:59 | Info | 'celekyuto a été murlocké avec succès' | 
15:02:01 | Info | '[TIMER] Départ du chrono pour zephirone' | 
15:02:01 | Info | 'zephirone a été murlocké avec succès' | 
15:34:13 | Info | 'La commande leaderboard a été exécutée par celekyuto' | 
15:35:55 | Info | 'xeit0w a été murlocké avec succès' | 
15:36:33 | Info | 'La commande leaderboard a été exécutée par xeit0w' | 
15:36:37 | Info | '[TIMER] Départ du chrono pour xeit0w' | 
15:36:37 | Info | 'xeit0w a été murlocké avec succès' | 
15:37:22 | Info | 'La commande preview a été exécutée par xeit0w' | 
15:38:12 | Info | 'kkdours a gagné 22 xp !' | 
15:38:15 | Info | '[TIMER] Départ du chrono pour kkdours' | 
15:38:15 | Info | 'kkdours a été murlocké avec succès' | 
16:14:55 | Info | 'zephirone a gagné 12 xp !' | 
16:14:55 | Info | '%s est passé niveau 3 !' | 
17:13:45 | Info | 'celekyuto a gagné 22 xp !' | 
17:33:59 | Info | 'xeit0w a gagné 19 xp !' | 
17:34:00 | Info | '[TIMER] Départ du chrono pour xeit0w' | 
17:34:00 | Info | 'xeit0w a été murlocké avec succès' | 
17:34:39 | Info | '' | 
17:34:39 | Info | '[0/3] Initialisation du bot' | 
17:34:39 | Info | '[1/3] Chargement des commandes ' | 
17:34:39 | Info | '[CMD] Commande clear chargée avec succès' | 
17:34:39 | Info | '[CMD] Commande help chargée avec succès' | 
17:34:39 | Info | '[CMD] Commande spawnroles chargée avec succès' | 
17:34:39 | Info | '[CMD] Commande ping chargée avec succès' | 
17:34:39 | Info | '[CMD] Commande leaderboard chargée avec succès' | 
17:34:39 | Info | '[CMD] Commande preview chargée avec succès' | 
17:34:39 | Info | '[CMD] Commande reset chargée avec succès' | 
17:34:39 | Info | '[CMD] Commande setsound chargée avec succès' | 
17:34:39 | Info | '[CMD] Commande stats chargée avec succès' | 
17:34:39 | Info | '[CMD] Chargement des commandes terminé' | 
17:34:39 | Info | '[2/3] Chargement des Events' | 
17:34:39 | Info | '[EVT] Event interactionCreate chargé avec succès' | 
17:34:39 | Info | '[EVT] Event interactionCreate chargé avec succès' | 
17:34:39 | Info | '[EVT] Event voiceStateUpdate chargé avec succès' | 
17:34:39 | Info | '[DB] Chargement de la base de donnée' | 
17:34:40 | Info | '[EVT] Event ready chargé avec succès' | 
17:34:40 | Info | '[EVT] Event interactionCreate chargé avec succès' | 
17:34:40 | Info | '[EVT] Event voiceStateUpdate chargé avec succès' | 
17:34:40 | Info | '[EVT] Chargement des events terminé' | 
17:34:41 | Info | '[DB] Base de donnée chargée avec succès' | 
17:34:41 | Info | '[3/3] Connecté en tant que Murloc#7410' | 
17:34:48 | Info | '[TIMER] Départ du chrono pour xeit0w' | 
17:34:49 | Info | 'xeit0w a été murlocké avec succès' | 
17:34:55 | Info | '[TIMER] Départ du chrono pour louisnemo' | 
17:34:56 | Info | 'louisnemo a été murlocké avec succès' | 
17:35:40 | Info | '[TIMER] Départ du chrono pour cumplex' | 
17:35:40 | Info | '[TIMER] Départ du chrono pour kkdours' | 
18:35:48 | Info | 'xeit0w a gagné 10 xp !' | 
18:35:52 | Info | '[TIMER] Départ du chrono pour xeit0w' | 
18:35:53 | Info | 'xeit0w a été murlocké avec succès' | 
18:46:37 | Info | 'louisnemo a gagné 11 xp !' | 
20:08:06 | Info | '[TIMER] Départ du chrono pour louisnemo' | 
20:08:08 | Info | 'louisnemo a été murlocké avec succès' | 
20:13:55 | Info | 'kkdours a gagné 26 xp !' | 
20:22:31 | Info | 'cumplex a gagné 27 xp !' | 
20:22:31 | Info | '%s est passé niveau 11 !' | 
20:40:35 | Info | '[TIMER] Départ du chrono pour d_aberggine' | 
20:40:36 | Info | 'd_aberggine a été murlocké avec succès' | 
20:50:43 | Info | '[TIMER] Départ du chrono pour cumplex' | 
20:50:45 | Info | 'cumplex a été murlocké avec succès' | 
20:58:51 | Info | 'cumplex a gagné 1 xp !' | 
20:58:52 | Info | '[TIMER] Départ du chrono pour cumplex' | 
20:58:54 | Info | 'cumplex a été murlocké avec succès' | 
21:00:09 | Info | 'd_aberggine a gagné 3 xp !' | 
21:06:12 | Info | '[TIMER] Départ du chrono pour kkdours' | 
21:06:13 | Info | 'kkdours a été murlocké avec succès' | 
21:20:41 | Info | '[TIMER] Départ du chrono pour celekyuto' | 
21:20:42 | Info | 'celekyuto a été murlocké avec succès' | 
21:23:31 | Info | '[TIMER] Départ du chrono pour omigom' | 
21:23:32 | Info | 'omigom a été murlocké avec succès' | 
21:24:00 | Info | 'La commande leaderboard a été exécutée par xeit0w' | 
21:28:42 | Info | '[TIMER] Départ du chrono pour motisma' | 
21:28:43 | Info | 'motisma a été murlocké avec succès' | 
21:53:41 | Info | 'xeit0w a gagné 32 xp !' | 
22:59:02 | Info | '[TIMER] Départ du chrono pour celekyuto' | 
22:59:04 | Info | 'celekyuto a été murlocké avec succès' | 
