02:28:17 | Info | 'cumplex a gagné 45 xp !' | 
17:50:22 | Info | 'motisma a été murlocké avec succès' | 
18:02:48 | Info | '[TIMER] Départ du chrono pour kkdours' | 
18:02:49 | Info | 'kkdours a été murlocké avec succès' | 
18:03:38 | Info | '[TIMER] Départ du chrono pour motisma' | 
19:36:25 | Info | '[TIMER] Départ du chrono pour cumplex' | 
19:36:26 | Info | 'cumplex a été murlocké avec succès' | 
19:45:05 | Info | 'kkdours a gagné 17 xp !' | 
19:45:33 | Info | 'cumplex a gagné 1 xp !' | 
20:35:55 | Info | 'kkdours a été murlocké avec succès' | 
20:44:43 | Info | '[TIMER] Départ du chrono pour d_aberggine' | 
20:44:44 | Info | 'd_aberggine a été murlocké avec succès' | 
20:45:39 | Info | '[TIMER] Départ du chrono pour kkdours' | 
21:37:44 | Info | '[TIMER] Départ du chrono pour motisma' | 
21:37:45 | Info | 'motisma a été murlocké avec succès' | 
23:38:34 | Info | '[TIMER] Départ du chrono pour celekyuto' | 
23:38:34 | Error | 'Erreur lors du murlock de celekyuto' | 
23:38:36 | Info | '[TIMER] Départ du chrono pour celekyuto' | 
23:38:37 | Info | 'celekyuto a été murlocké avec succès' | 
23:43:29 | Info | '[TIMER] Départ du chrono pour alartic' | 
23:43:30 | Info | 'alartic a été murlocké avec succès' | 
23:51:17 | Info | 'd_aberggine a gagné 31 xp !' | 
