10:20:21 | Info | 'kkdours a été murlocké avec succès' | 
10:23:47 | Info | '[TIMER] Départ du chrono pour motisma' | 
10:23:48 | Info | 'motisma a été murlocké avec succès' | 
10:24:02 | Info | '[TIMER] Départ du chrono pour kkdours' | 
11:03:03 | Info | '[TIMER] Le chrono est en pause pour kkdours' | 
11:04:10 | Info | '[TIMER] Départ du chrono pour motisma' | 
11:04:11 | Info | 'motisma a été murlocké avec succès' | 
11:05:03 | Info | '[TIMER] Le chrono reprend pour kkdours' | 
12:12:45 | Info | '[TIMER] Départ du chrono pour celekyuto' | 
12:12:46 | Info | 'celekyuto a été murlocké avec succès' | 
13:42:39 | Info | '[TIMER] Départ du chrono pour louisnemo' | 
13:42:40 | Info | 'louisnemo a été murlocké avec succès' | 
13:43:50 | Info | 'kkdours a gagné 32 xp !' | 
14:51:48 | Info | '[TIMER] Départ du chrono pour motisma' | 
14:51:49 | Info | 'motisma a été murlocké avec succès' | 
15:10:33 | Info | '[TIMER] Départ du chrono pour kkdours' | 
15:10:34 | Info | 'kkdours a été murlocké avec succès' | 
15:10:41 | Info | 'celekyuto a gagné 29 xp !' | 
15:10:42 | Info | '[TIMER] Départ du chrono pour celekyuto' | 
15:10:43 | Info | 'celekyuto a été murlocké avec succès' | 
15:56:24 | Info | 'louisnemo a gagné 22 xp !' | 
17:36:50 | Info | 'celekyuto a gagné 24 xp !' | 
17:36:57 | Info | '[TIMER] Départ du chrono pour celekyuto' | 
17:36:58 | Info | 'celekyuto a été murlocké avec succès' | 
18:11:59 | Info | '[TIMER] Départ du chrono pour cumplex' | 
18:12:00 | Info | 'cumplex a été murlocké avec succès' | 
18:42:09 | Info | '[TIMER] Départ du chrono pour xeit0w' | 
18:42:10 | Info | 'xeit0w a été murlocké avec succès' | 
19:07:50 | Info | 'cumplex a gagné 9 xp !' | 
19:07:52 | Info | 'xeit0w a gagné 4 xp !' | 
19:08:11 | Info | '[TIMER] Le chrono est en pause pour kkdours' | 
19:08:14 | Info | 'kkdours a gagné 39 xp !' | 
