03:17:03 | Info | 'cumplex a gagné 54 xp !' | 
03:17:03 | Info | '%s est passé niveau 12 !' | 
03:17:18 | Info | '[TIMER] Le chrono est en pause pour motisma' | 
03:20:00 | Info | 'motisma a gagné 61 xp !' | 
14:39:58 | Info | 'motisma a été murlocké avec succès' | 
14:39:58 | Info | '[TIMER] Départ du chrono pour cumplex' | 
14:39:59 | Info | 'cumplex a été murlocké avec succès' | 
14:40:29 | Info | '[TIMER] Départ du chrono pour motisma' | 
16:22:41 | Info | '[TIMER] Départ du chrono pour louisnemo' | 
16:22:42 | Info | 'louisnemo a été murlocké avec succès' | 
16:24:25 | Info | '[TIMER] Départ du chrono pour celekyuto' | 
16:24:25 | Info | 'celekyuto a été murlocké avec succès' | 
16:25:34 | Info | '[TIMER] Départ du chrono pour wizzard08' | 
16:25:35 | Info | 'wizzard08 a été murlocké avec succès' | 
16:36:47 | Info | 'celekyuto a gagné 2 xp !' | 
16:43:12 | Info | '[TIMER] Départ du chrono pour celekyuto' | 
16:43:13 | Info | 'celekyuto a été murlocké avec succès' | 
17:09:32 | Info | '[TIMER] Le chrono est en pause pour motisma' | 
17:10:32 | Info | '[TIMER] Le chrono reprend pour motisma' | 
17:32:54 | Info | 'louisnemo a gagné 11 xp !' | 
17:36:42 | Info | 'celekyuto a gagné 8 xp !' | 
17:36:46 | Info | 'wizzard08 a gagné 11 xp !' | 
17:38:02 | Info | 'celekyuto a été murlocké avec succès' | 
17:53:38 | Info | '[TIMER] Départ du chrono pour kkdours' | 
17:53:39 | Info | 'kkdours a été murlocké avec succès' | 
18:57:26 | Info | '[TIMER] Départ du chrono pour celekyuto' | 
18:57:27 | Info | 'celekyuto a été murlocké avec succès' | 
19:10:19 | Info | 'celekyuto a gagné 2 xp !' | 
19:41:02 | Info | 'cumplex a gagné 50 xp !' | 
19:42:44 | Info | 'motisma a gagné 50 xp !' | 
19:43:34 | Info | '[TIMER] Le chrono est en pause pour kkdours' | 
20:13:35 | Info | '[TIMER] Départ du chrono pour motisma' | 
20:13:56 | Info | 'motisma a été murlocké avec succès' | 
20:14:00 | Info | 'La commande leaderboard a été exécutée par motisma' | 
20:14:34 | Info | '[TIMER] Le chrono reprend pour kkdours' | 
20:30:23 | Info | '[TIMER] Départ du chrono pour cumplex' | 
20:30:24 | Info | 'cumplex a été murlocké avec succès' | 
22:19:20 | Info | '[TIMER] Départ du chrono pour celekyuto' | 
22:19:21 | Info | 'celekyuto a été murlocké avec succès' | 
