14:53:41 | Info | 'celekyuto a été murlocké avec succès' | 
15:14:31 | Info | 'La commande leaderboard a été exécutée par celekyuto' | 
16:57:21 | Info | '[TIMER] Départ du chrono pour motisma' | 
16:57:22 | Info | 'motisma a été murlocké avec succès' | 
16:57:56 | Info | '[TIMER] Départ du chrono pour kkdours' | 
16:57:57 | Info | 'kkdours a été murlocké avec succès' | 
16:58:07 | Info | '[TIMER] Départ du chrono pour celekyuto' | 
17:33:16 | Info | 'celekyuto a gagné 5 xp !' | 
17:45:46 | Info | '[TIMER] Départ du chrono pour cumplex' | 
17:45:47 | Info | 'cumplex a été murlocké avec succès' | 
18:36:06 | Info | 'cumplex a gagné 8 xp !' | 
19:20:13 | Info | 'kkdours a gagné 23 xp !' | 
19:21:09 | Info | '[TIMER] Le chrono est en pause pour motisma' | 
19:50:40 | Info | 'motisma a gagné 23 xp !' | 
19:50:40 | Info | '%s est passé niveau 18 !' | 
20:34:38 | Info | 'motisma a été murlocké avec succès' | 
20:39:16 | Info | '[TIMER] Départ du chrono pour kkdours' | 
20:39:17 | Info | 'kkdours a été murlocké avec succès' | 
20:40:10 | Info | '[TIMER] Départ du chrono pour motisma' | 
21:33:38 | Info | '[TIMER] Départ du chrono pour louisnemo' | 
21:33:39 | Info | 'louisnemo a été murlocké avec succès' | 
21:51:31 | Info | '[TIMER] Départ du chrono pour celekyuto' | 
21:51:32 | Info | 'celekyuto a été murlocké avec succès' | 
22:28:43 | Info | 'celekyuto a gagné 6 xp !' | 
23:02:33 | Info | '[TIMER] Départ du chrono pour celekyuto' | 
23:02:34 | Info | 'celekyuto a été murlocké avec succès' | 
23:09:49 | Info | 'celekyuto a gagné 1 xp !' | 
23:16:27 | Info | '[TIMER] Départ du chrono pour d_aberggine' | 
23:16:28 | Info | 'd_aberggine a été murlocké avec succès' | 
23:17:24 | Info | 'louisnemo a gagné 17 xp !' | 
23:26:12 | Info | 'd_aberggine a gagné 1 xp !' | 
23:43:18 | Info | '[TIMER] Départ du chrono pour celekyuto' | 
23:43:19 | Info | 'celekyuto a été murlocké avec succès' | 
