00:53:36 | Info | 'kkdours a gagné 40 xp !' | 
00:53:36 | Info | 'kkdours est passé niveau %d !' | 
01:21:06 | Info | 'motisma a gagné 45 xp !' | 
01:21:09 | Info | 'xeit0w a gagné 30 xp !' | 
01:23:01 | Info | 'louisnemo a gagné 25 xp !' | 
13:56:59 | Info | 'motisma a été murlocké avec succès' | 
13:59:57 | Info | 'celekyuto a été murlocké avec succès' | 
14:51:28 | Info | 'xeit0w a été murlocké avec succès' | 
14:53:03 | Info | 'La commande preview a été exécutée par xeit0w' | 
14:53:10 | Info | 'xeit0w a été murlocké avec succès' | 
14:53:27 | Info | 'xeit0w a été murlocké avec succès' | 
14:56:42 | Info | '' | 
14:56:42 | Info | '[0/3] Initialisation du bot' | 
14:56:42 | Info | '[1/3] Chargement des commandes ' | 
14:56:42 | Info | '[CMD] Commande clear chargée avec succès' | 
14:56:42 | Info | '[CMD] Commande help chargée avec succès' | 
14:56:42 | Info | '[CMD] Commande spawnroles chargée avec succès' | 
14:56:42 | Info | '[CMD] Commande ping chargée avec succès' | 
14:56:42 | Info | '[CMD] Commande leaderboard chargée avec succès' | 
14:56:42 | Info | '[CMD] Commande preview chargée avec succès' | 
14:56:42 | Info | '[CMD] Commande reset chargée avec succès' | 
14:56:42 | Info | '[CMD] Commande setsound chargée avec succès' | 
14:56:42 | Info | '[CMD] Commande stats chargée avec succès' | 
14:56:42 | Info | '[CMD] Chargement des commandes terminé' | 
14:56:42 | Info | '[2/3] Chargement des Events' | 
14:56:42 | Info | '[EVT] Event interactionCreate chargé avec succès' | 
14:56:42 | Info | '[EVT] Event interactionCreate chargé avec succès' | 
14:56:42 | Info | '[EVT] Event voiceStateUpdate chargé avec succès' | 
14:56:43 | Info | '[DB] Chargement de la base de donnée' | 
14:56:43 | Info | '[EVT] Event ready chargé avec succès' | 
14:56:43 | Info | '[EVT] Event interactionCreate chargé avec succès' | 
14:56:43 | Info | '[EVT] Event voiceStateUpdate chargé avec succès' | 
14:56:43 | Info | '[EVT] Chargement des events terminé' | 
14:56:43 | Info | '[DB] Base de donnée chargée avec succès' | 
14:56:44 | Info | '[3/3] Connecté en tant que Murloc#7410' | 
14:56:57 | Info | 'xeit0w a été murlocké avec succès' | 
15:29:30 | Info | 'celekyuto a été murlocké avec succès' | 
18:28:41 | Info | 'kkdours a été murlocké avec succès' | 
19:03:46 | Info | 'wizzard08 a été murlocké avec succès' | 
20:04:16 | Info | 'wizzard08 a gagné 10 xp !' | 
20:04:16 | Info | 'wizzard08 est passé niveau %d !' | 
20:19:35 | Info | 'd_aberggine a été murlocké avec succès' | 
20:24:37 | Info | 'kkdours a été murlocké avec succès' | 
20:48:27 | Info | 'xeit0w a gagné 60 xp !' | 
21:02:26 | Info | 'louisnemo a été murlocké avec succès' | 
21:15:24 | Info | 'd_aberggine a gagné 10 xp !' | 
21:38:57 | Info | 'celekyuto a gagné 60 xp !' | 
21:49:50 | Info | 'xeit0w a été murlocké avec succès' | 
22:27:14 | Info | 'La commande stats a été exécutée par xeit0w' | 
22:35:31 | Info | 'louisnemo a gagné 15 xp !' | 
22:35:31 | Info | 'kkdours a gagné 20 xp !' | 
22:35:32 | Info | 'kkdours a été murlocké avec succès' | 
22:35:32 | Info | 'louisnemo a été murlocké avec succès' | 
22:35:41 | Info | 'motisma a été murlocké avec succès' | 
22:36:43 | Info | '' | 
22:36:43 | Info | '[0/3] Initialisation du bot' | 
22:36:43 | Info | '[1/3] Chargement des commandes ' | 
22:36:43 | Info | '[CMD] Commande clear chargée avec succès' | 
22:36:43 | Info | '[CMD] Commande help chargée avec succès' | 
22:36:43 | Info | '[CMD] Commande spawnroles chargée avec succès' | 
22:36:43 | Info | '[CMD] Commande ping chargée avec succès' | 
22:36:43 | Info | '[CMD] Commande leaderboard chargée avec succès' | 
22:36:43 | Info | '[CMD] Commande preview chargée avec succès' | 
22:36:43 | Info | '[CMD] Commande reset chargée avec succès' | 
22:36:43 | Info | '[CMD] Commande setsound chargée avec succès' | 
22:36:43 | Info | '[CMD] Commande stats chargée avec succès' | 
22:36:43 | Info | '[CMD] Chargement des commandes terminé' | 
22:36:43 | Info | '[2/3] Chargement des Events' | 
22:36:43 | Info | '[EVT] Event interactionCreate chargé avec succès' | 
22:36:43 | Info | '[EVT] Event interactionCreate chargé avec succès' | 
22:36:43 | Info | '[EVT] Event voiceStateUpdate chargé avec succès' | 
22:36:43 | Info | '[DB] Chargement de la base de donnée' | 
22:36:43 | Info | '[EVT] Event ready chargé avec succès' | 
22:36:43 | Info | '[EVT] Event interactionCreate chargé avec succès' | 
22:36:43 | Info | '[EVT] Event voiceStateUpdate chargé avec succès' | 
22:36:43 | Info | '[EVT] Chargement des events terminé' | 
22:36:44 | Info | '[DB] Base de donnée chargée avec succès' | 
22:36:44 | Info | '[3/3] Connecté en tant que Murloc#7410' | 
22:36:58 | Info | 'xeit0w a été murlocké avec succès' | 
23:02:17 | Info | 'cumplex a été murlocké avec succès' | 
