02:08:11 | Info | 'motisma a gagné 38 xp !' | 
02:08:13 | Info | 'kkdours a gagné 38 xp !' | 
02:08:13 | Info | '[TIMER] Le chrono est en pause pour cumplex' | 
02:10:02 | Info | 'cumplex a gagné 35 xp !' | 
07:29:33 | Info | '' | 
07:29:33 | Info | '[0/3] Initialisation du bot' | 
07:29:33 | Info | '[1/3] Chargement des commandes ' | 
07:29:33 | Info | '[CMD] Commande clear chargée avec succès' | 
07:29:33 | Info | '[CMD] Commande help chargée avec succès' | 
07:29:33 | Info | '[CMD] Commande spawnroles chargée avec succès' | 
07:29:33 | Info | '[CMD] Commande ping chargée avec succès' | 
07:29:33 | Info | '[CMD] Commande leaderboard chargée avec succès' | 
07:29:33 | Info | '[CMD] Commande preview chargée avec succès' | 
07:29:33 | Info | '[CMD] Commande reset chargée avec succès' | 
07:29:33 | Info | '[CMD] Commande setsound chargée avec succès' | 
07:29:33 | Info | '[CMD] Commande stats chargée avec succès' | 
07:29:33 | Info | '[CMD] Chargement des commandes terminé' | 
07:29:33 | Info | '[2/3] Chargement des Events' | 
07:29:33 | Info | '[EVT] Event interactionCreate chargé avec succès' | 
07:29:33 | Info | '[EVT] Event interactionCreate chargé avec succès' | 
07:29:33 | Info | '[EVT] Event voiceStateUpdate chargé avec succès' | 
07:29:34 | Info | '[DB] Chargement de la base de donnée' | 
07:29:34 | Info | '[EVT] Event ready chargé avec succès' | 
07:29:34 | Info | '[EVT] Event interactionCreate chargé avec succès' | 
07:29:34 | Info | '[EVT] Event voiceStateUpdate chargé avec succès' | 
07:29:34 | Info | '[EVT] Chargement des events terminé' | 
07:29:35 | Info | '[DB] Base de donnée chargée avec succès' | 
07:29:35 | Info | '[3/3] Connecté en tant que Murloc#7410' | 
07:29:51 | Info | 'La commande spawnroles a été exécutée par xeit0w' | 
07:30:31 | Info | 'Les roles de undefined ont été changés avec succés' | 
07:30:53 | Info | 'La commande leaderboard a été exécutée par xeit0w' | 
08:40:20 | Info | 'Les roles de undefined ont été changés avec succés' | 
11:18:27 | Info | 'La commande leaderboard a été exécutée par xeit0w' | 
11:21:44 | Info | 'La commande stats a été exécutée par xeit0w' | 
11:22:42 | Info | 'La commande setsound a été exécutée par xeit0w' | 
11:23:59 | Info | 'La commande preview a été exécutée par xeit0w' | 
12:11:34 | Info | 'Les roles de undefined ont été changés avec succés' | 
12:11:55 | Info | 'Les roles de undefined ont été changés avec succés' | 
13:36:48 | Info | 'louisnemo a été murlocké avec succès' | 
13:40:15 | Info | '[TIMER] Départ du chrono pour motisma' | 
13:40:16 | Info | 'motisma a été murlocké avec succès' | 
13:40:40 | Info | '[TIMER] Départ du chrono pour louisnemo' | 
14:02:04 | Info | '[TIMER] Départ du chrono pour kkdours' | 
14:02:05 | Info | 'kkdours a été murlocké avec succès' | 
14:10:56 | Info | '[TIMER] Départ du chrono pour xeit0w' | 
14:10:57 | Info | 'xeit0w a été murlocké avec succès' | 
14:49:03 | Info | 'motisma a gagné 11 xp !' | 
14:49:07 | Info | '[TIMER] Départ du chrono pour motisma' | 
14:49:08 | Info | 'motisma a été murlocké avec succès' | 
15:32:48 | Info | '[TIMER] Départ du chrono pour d_aberggine' | 
15:32:49 | Info | 'd_aberggine a été murlocké avec succès' | 
15:33:21 | Info | 'Les roles de undefined ont été changés avec succés' | 
16:07:04 | Info | 'xeit0w a gagné 19 xp !' | 
16:07:51 | Info | 'Les roles de undefined ont été changés avec succés' | 
16:16:45 | Info | 'louisnemo a gagné 26 xp !' | 
17:12:34 | Info | 'kkdours a gagné 31 xp !' | 
17:12:45 | Info | 'motisma a gagné 23 xp !' | 
17:13:31 | Info | 'd_aberggine a gagné 16 xp !' | 
17:13:31 | Info | '%s est passé niveau 8 !' | 
17:41:36 | Info | 'cumplex a été murlocké avec succès' | 
17:41:58 | Info | '[TIMER] Départ du chrono pour kkdours' | 
17:41:59 | Info | 'kkdours a été murlocké avec succès' | 
17:42:44 | Info | '[TIMER] Départ du chrono pour cumplex' | 
18:08:08 | Info | 'cumplex a gagné 4 xp !' | 
18:08:45 | Info | '[TIMER] Le chrono est en pause pour kkdours' | 
18:08:46 | Info | 'kkdours a gagné 4 xp !' | 
21:27:39 | Info | 'cumplex a été murlocké avec succès' | 
21:29:14 | Info | '[TIMER] Départ du chrono pour kkdours' | 
21:29:15 | Info | 'kkdours a été murlocké avec succès' | 
21:29:48 | Info | '[TIMER] Départ du chrono pour cumplex' | 
22:09:37 | Info | '[TIMER] Départ du chrono pour motisma' | 
22:09:38 | Info | 'motisma a été murlocké avec succès' | 
22:40:57 | Info | '[TIMER] Départ du chrono pour celekyuto' | 
22:40:58 | Info | 'celekyuto a été murlocké avec succès' | 
22:41:04 | Info | '[TIMER] Départ du chrono pour hysou' | 
22:41:05 | Info | 'hysou a été murlocké avec succès' | 
22:41:06 | Info | '[TIMER] Départ du chrono pour omigom' | 
22:41:06 | Info | 'omigom a été murlocké avec succès' | 
22:51:46 | Info | 'La commande leaderboard a été exécutée par motisma' | 
23:34:15 | Info | 'kkdours a gagné 20 xp !' | 
23:34:25 | Info | 'cumplex a gagné 20 xp !' | 
23:34:26 | Info | 'motisma a gagné 14 xp !' | 
