01:03:56 | Info | '[TIMER] Départ du chrono pour cumplex' | 
01:03:57 | Info | 'cumplex a été murlocké avec succès' | 
01:37:50 | Info | 'celekyuto a gagné 19 xp !' | 
03:32:58 | Info | 'kkdours a gagné 68 xp !' | 
03:33:04 | Info | 'cumplex a gagné 24 xp !' | 
03:33:04 | Info | 'motisma a gagné 68 xp !' | 
16:43:35 | Info | 'motisma a été murlocké avec succès' | 
17:12:06 | Info | '[TIMER] Départ du chrono pour cumplex' | 
17:12:07 | Info | 'cumplex a été murlocké avec succès' | 
17:12:29 | Info | '[TIMER] Départ du chrono pour motisma' | 
18:15:37 | Info | 'cumplex a gagné 10 xp !' | 
18:16:30 | Info | '[TIMER] Le chrono est en pause pour motisma' | 
18:17:09 | Info | 'motisma a gagné 10 xp !' | 
20:40:54 | Info | 'motisma a été murlocké avec succès' | 
21:51:42 | Info | '[TIMER] Départ du chrono pour d_aberggine' | 
21:51:43 | Info | 'd_aberggine a été murlocké avec succès' | 
21:52:33 | Info | '[TIMER] Départ du chrono pour motisma' | 
21:54:49 | Info | 'La commande setsound a été exécutée par d_aberggine' | 
21:55:04 | Info | 'Fichier téléchargé et découpé avec succès ! sounds/d_aberggine.mp3' | 
21:55:15 | Info | '[TIMER] Départ du chrono pour d_aberggine' | 
21:55:16 | Info | 'd_aberggine a été murlocké avec succès' | 
22:44:05 | Info | '[TIMER] Départ du chrono pour louisnemo' | 
22:44:07 | Info | 'louisnemo a été murlocké avec succès' | 
22:44:40 | Info | '[TIMER] Départ du chrono pour louisnemo' | 
22:44:41 | Info | 'louisnemo a été murlocké avec succès' | 
23:50:15 | Info | 'd_aberggine a gagné 19 xp !' | 
