00:04:08 | Info | 'La commande setsound a été exécutée par xeit0w' | 
00:04:42 | Info | 'Fichier téléchargé et découpé avec succès ! sounds/xeit0w.mp3' | 
00:05:10 | Info | 'xeit0w a gagné 1 xp !' | 
00:11:49 | Info | 'Alartic#4028 a gagné 11 xp !' | 
01:02:00 | Info | 'kkdours a gagné 20 xp !' | 
01:02:00 | Info | '[TIMER] Le chrono est en pause pour motisma' | 
01:02:36 | Info | 'motisma a gagné 41 xp !' | 
14:00:03 | Info | 'motisma a été murlocké avec succès' | 
18:17:58 | Info | 'celekyuto a été murlocké avec succès' | 
18:21:28 | Info | '[TIMER] Départ du chrono pour louisnemo' | 
18:21:29 | Info | 'louisnemo a été murlocké avec succès' | 
18:22:19 | Info | '[TIMER] Départ du chrono pour celekyuto' | 
19:21:43 | Info | '[TIMER] Départ du chrono pour omigom' | 
19:21:44 | Info | 'omigom a été murlocké avec succès' | 
19:26:33 | Info | 'louisnemo a gagné 10 xp !' | 
19:44:47 | Info | '[TIMER] Départ du chrono pour xenix13' | 
19:44:48 | Info | 'xenix13 a été murlocké avec succès' | 
20:12:13 | Info | 'omigom a gagné 8 xp !' | 
20:18:24 | Info | 'xenix13 a gagné 5 xp !' | 
20:19:21 | Info | '[TIMER] Le chrono est en pause pour celekyuto' | 
21:08:57 | Info | 'celekyuto a gagné 19 xp !' | 
21:38:34 | Info | 'celekyuto a été murlocké avec succès' | 
21:44:43 | Info | '[TIMER] Départ du chrono pour xenix13' | 
21:44:44 | Info | 'xenix13 a été murlocké avec succès' | 
21:45:22 | Info | '[TIMER] Départ du chrono pour celekyuto' | 
21:58:16 | Info | 'La commande leaderboard a été exécutée par celekyuto' | 
22:00:49 | Info | 'xenix13 a gagné 2 xp !' | 
22:01:23 | Info | '[TIMER] Le chrono est en pause pour celekyuto' | 
22:01:54 | Info | 'celekyuto a gagné 2 xp !' | 
22:20:05 | Info | 'motisma a été murlocké avec succès' | 
