11:04:28 | Info | 'La commande stats a été exécutée par xeit0w' | 
11:05:21 | Info | 'La commande stats a été exécutée par xeit0w' | 
11:05:36 | Info | 'La commande stats a été exécutée par xeit0w' | 
11:05:45 | Info | 'La commande stats a été exécutée par xeit0w' | 
11:05:53 | Info | 'La commande stats a été exécutée par xeit0w' | 
12:05:55 | Info | 'motisma a été murlocké avec succès' | 
12:34:04 | Info | 'celekyuto a été murlocké avec succès' | 
13:54:08 | Info | 'louisnemo a été murlocké avec succès' | 
14:20:24 | Info | 'celekyuto a gagné 20 xp !' | 
14:20:29 | Info | 'celekyuto a été murlocké avec succès' | 
14:33:29 | Info | 'motisma a gagné 25 xp !' | 
14:33:29 | Info | 'motisma est passé niveau %d !' | 
14:33:30 | Info | 'motisma a été murlocké avec succès' | 
14:33:35 | Info | 'celekyuto a été murlocké avec succès' | 
14:34:07 | Info | 'La commande stats a été exécutée par xeit0w' | 
14:34:07 | Info | 'La commande stats a été exécutée par motisma' | 
14:34:15 | Info | 'celekyuto a été murlocké avec succès' | 
14:34:23 | Info | 'louisnemo a gagné 5 xp !' | 
14:34:23 | Info | 'louisnemo est passé niveau %d !' | 
14:34:25 | Info | 'louisnemo a été murlocké avec succès' | 
14:34:45 | Info | 'celekyuto a été murlocké avec succès' | 
14:34:45 | Info | 'La commande stats a été exécutée par motisma' | 
15:05:24 | Info | 'motisma a gagné 5 xp !' | 
15:05:25 | Info | 'motisma a été murlocké avec succès' | 
15:32:08 | Info | 'celekyuto a gagné 10 xp !' | 
15:32:11 | Info | 'celekyuto a été murlocké avec succès' | 
16:22:35 | Info | 'motisma a été murlocké avec succès' | 
16:32:13 | Info | 'd_aberggine a été murlocké avec succès' | 
16:46:35 | Info | 'celekyuto a été murlocké avec succès' | 
16:58:25 | Info | 'cumplex a été murlocké avec succès' | 
18:32:42 | Info | 'celekyuto a gagné 20 xp !' | 
19:59:36 | Info | 'motisma a gagné 35 xp !' | 
19:59:37 | Info | 'louisnemo a gagné 55 xp !' | 
20:46:37 | Info | 'motisma a été murlocké avec succès' | 
20:54:34 | Info | 'celekyuto a été murlocké avec succès' | 
20:57:22 | Info | 'louisnemo a été murlocké avec succès' | 
21:57:34 | Info | 'motisma a été murlocké avec succès' | 
21:58:24 | Info | 'celekyuto a été murlocké avec succès' | 
21:58:30 | Info | 'xenix13 a été murlocké avec succès' | 
22:36:13 | Info | 'xenix13 a gagné 5 xp !' | 
23:02:47 | Info | 'louisnemo a gagné 20 xp !' | 
23:52:17 | Info | 'motisma a gagné 20 xp !' | 
23:52:21 | Info | 'celekyuto a gagné 20 xp !' | 
23:52:29 | Info | 'La commande stats a été exécutée par celekyuto' | 
