01:47:54 | Info | 'kkdours a gagné 84 xp !' | 
11:13:35 | Info | 'La commande leaderboard a été exécutée par xeit0w' | 
11:14:04 | Info | 'La commande stats a été exécutée par xeit0w' | 
11:14:49 | Info | 'La commande leaderboard a été exécutée par xeit0w' | 
16:48:53 | Info | 'motisma a été murlocké avec succès' | 
16:48:54 | Info | '[TIMER] Départ du chrono pour kkdours' | 
16:48:54 | Info | 'kkdours a été murlocké avec succès' | 
16:49:18 | Info | '[TIMER] Départ du chrono pour motisma' | 
18:38:38 | Info | '[TIMER] Départ du chrono pour cumplex' | 
18:38:39 | Info | 'cumplex a été murlocké avec succès' | 
20:28:42 | Info | 'cumplex a gagné 18 xp !' | 
20:28:44 | Info | 'kkdours a gagné 36 xp !' | 
20:54:18 | Info | 'motisma a été murlocké avec succès' | 
20:58:36 | Info | '[TIMER] Départ du chrono pour kkdours' | 
20:58:37 | Info | 'kkdours a été murlocké avec succès' | 
20:59:22 | Info | '[TIMER] Départ du chrono pour motisma' | 
21:38:58 | Info | '[TIMER] Départ du chrono pour louisnemo' | 
21:38:59 | Info | 'louisnemo a été murlocké avec succès' | 
23:04:39 | Info | '[TIMER] Départ du chrono pour celekyuto' | 
23:05:00 | Info | 'celekyuto a été murlocké avec succès' | 
23:35:53 | Info | '[TIMER] Départ du chrono pour celekyuto' | 
23:35:54 | Info | 'celekyuto a été murlocké avec succès' | 
