00:02:10 | Info | 'elfamosoboufi a gagné 8 xp !' | 
00:02:10 | Info | '%s est passé niveau 2 !' | 
00:02:12 | Info | 'kkdours a gagné 28 xp !' | 
00:02:37 | Info | 'xeit0w a gagné 28 xp !' | 
00:02:49 | Info | 'La commande leaderboard a été exécutée par xeit0w' | 
00:03:13 | Info | '[TIMER] Le chrono est en pause pour motisma' | 
00:03:35 | Info | 'motisma a gagné 47 xp !' | 
18:13:22 | Info | 'motisma a été murlocké avec succès' | 
20:56:08 | Info | 'louisnemo a été murlocké avec succès' | 
21:03:52 | Info | '[TIMER] Départ du chrono pour motisma' | 
21:03:53 | Info | 'motisma a été murlocké avec succès' | 
21:04:26 | Info | '[TIMER] Départ du chrono pour louisnemo' | 
22:14:30 | Info | 'louisnemo a gagné 11 xp !' | 
22:15:27 | Info | '[TIMER] Le chrono est en pause pour motisma' | 
22:33:16 | Info | '[TIMER] Départ du chrono pour kkdours' | 
22:33:17 | Info | 'kkdours a été murlocké avec succès' | 
22:33:27 | Info | '[TIMER] Le chrono reprend pour motisma' | 
22:38:27 | Info | '[TIMER] Le chrono est en pause pour motisma' | 
22:42:31 | Info | '[TIMER] Départ du chrono pour kkdours' | 
22:42:32 | Info | 'kkdours a été murlocké avec succès' | 
22:43:27 | Info | '[TIMER] Le chrono reprend pour motisma' | 
23:36:47 | Info | 'kkdours a gagné 9 xp !' | 
23:36:52 | Info | 'motisma a gagné 21 xp !' | 
