12:34:13 | Info | 'louisnemo a été murlocké avec succès' | 
14:46:02 | Info | 'motisma a été murlocké avec succès' | 
14:47:38 | Info | '[TIMER] Départ du chrono pour louisnemo' | 
14:47:39 | Info | 'louisnemo a été murlocké avec succès' | 
14:48:33 | Info | '[TIMER] Départ du chrono pour motisma' | 
15:05:05 | Info | '[TIMER] Départ du chrono pour celekyuto' | 
15:05:05 | Info | 'celekyuto a été murlocké avec succès' | 
16:03:34 | Info | 'louisnemo a gagné 12 xp !' | 
16:12:27 | Info | '[TIMER] Départ du chrono pour wizzard08' | 
16:12:28 | Info | 'wizzard08 a été murlocké avec succès' | 
16:14:04 | Info | 'motisma a gagné 14 xp !' | 
17:59:42 | Info | 'celekyuto a gagné 29 xp !' | 
17:59:48 | Info | 'wizzard08 a gagné 17 xp !' | 
17:59:48 | Info | '%s est passé niveau 5 !' | 
19:08:51 | Info | 'motisma a été murlocké avec succès' | 
20:54:03 | Info | 'louisnemo a été murlocké avec succès' | 
21:02:55 | Info | '[TIMER] Départ du chrono pour kkdours' | 
21:02:56 | Info | 'kkdours a été murlocké avec succès' | 
21:03:38 | Info | '[TIMER] Départ du chrono pour louisnemo' | 
21:59:33 | Info | '[TIMER] Départ du chrono pour d_aberggine' | 
21:59:34 | Info | 'd_aberggine a été murlocké avec succès' | 
22:04:49 | Info | '[TIMER] Départ du chrono pour motisma' | 
22:04:50 | Info | 'motisma a été murlocké avec succès' | 
22:36:18 | Info | '[TIMER] Départ du chrono pour celekyuto' | 
22:36:19 | Info | 'celekyuto a été murlocké avec succès' | 
22:45:54 | Info | '[TIMER] Départ du chrono pour celekyuto' | 
22:45:55 | Info | 'celekyuto a été murlocké avec succès' | 
23:31:44 | Info | 'louisnemo a gagné 24 xp !' | 
23:33:21 | Info | 'La commande leaderboard a été exécutée par celekyuto' | 
23:40:50 | Info | 'd_aberggine a gagné 16 xp !' | 
23:44:20 | Info | '[TIMER] Départ du chrono pour celekyuto' | 
23:44:21 | Info | 'celekyuto a été murlocké avec succès' | 
