00:57:53 | Info | '[TIMER] Départ du chrono pour cumplex' | 
00:57:54 | Info | 'cumplex a été murlocké avec succès' | 
01:03:09 | Info | 'frenzop a gagné 21 xp !' | 
01:10:25 | Info | 'motisma a gagné 27 xp !' | 
01:10:25 | Info | '%s est passé niveau 13 !' | 
01:10:50 | Info | '[TIMER] Le chrono est en pause pour celekyuto' | 
02:19:22 | Info | 'celekyuto a gagné 27 xp !' | 
13:34:10 | Info | 'La commande leaderboard a été exécutée par motisma' | 
13:34:24 | Info | 'motisma a été murlocké avec succès' | 
14:05:05 | Info | '[TIMER] Départ du chrono pour louisnemo' | 
14:05:06 | Info | 'louisnemo a été murlocké avec succès' | 
14:06:03 | Info | '[TIMER] Départ du chrono pour motisma' | 
14:24:17 | Info | 'louisnemo a gagné 3 xp !' | 
14:24:18 | Info | 'motisma a gagné 3 xp !' | 
14:24:19 | Info | '[TIMER] Départ du chrono pour motisma' | 
14:24:20 | Info | 'louisnemo a été murlocké avec succès' | 
14:24:20 | Info | 'motisma a été murlocké avec succès' | 
14:25:04 | Info | '[TIMER] Départ du chrono pour louisnemo' | 
15:26:55 | Info | 'La commande leaderboard a été exécutée par xeit0w' | 
15:27:25 | Info | 'La commande leaderboard a été exécutée par xeit0w' | 
16:53:02 | Info | 'motisma a gagné 24 xp !' | 
16:53:03 | Info | 'louisnemo a gagné 24 xp !' | 
20:41:59 | Info | 'louisnemo a été murlocké avec succès' | 
20:43:53 | Info | '[TIMER] Départ du chrono pour motisma' | 
20:43:53 | Info | 'motisma a été murlocké avec succès' | 
20:44:09 | Info | '[TIMER] Départ du chrono pour louisnemo' | 
21:33:11 | Info | '[TIMER] Départ du chrono pour kkdours' | 
21:33:12 | Info | 'kkdours a été murlocké avec succès' | 
22:11:57 | Info | '[TIMER] Départ du chrono pour xeit0w' | 
22:11:57 | Info | 'xeit0w a été murlocké avec succès' | 
22:13:36 | Info | '[TIMER] Départ du chrono pour xeit0w' | 
22:13:37 | Info | 'xeit0w a été murlocké avec succès' | 
22:33:50 | Info | '[TIMER] Départ du chrono pour cumplex' | 
22:33:51 | Info | 'cumplex a été murlocké avec succès' | 
23:39:30 | Info | 'kkdours a gagné 21 xp !' | 
23:40:12 | Info | '[TIMER] Départ du chrono pour kkdours' | 
23:40:13 | Info | 'kkdours a été murlocké avec succès' | 
23:46:15 | Info | 'louisnemo a gagné 30 xp !' | 
