00:17:27 | Info | '[TIMER] Départ du chrono pour wizzard08' | 
00:17:28 | Info | 'wizzard08 a été murlocké avec succès' | 
01:01:00 | Info | '[TIMER] Départ du chrono pour wizzard08' | 
01:01:01 | Info | 'wizzard08 a été murlocké avec succès' | 
02:37:46 | Info | 'celekyuto a gagné 72 xp !' | 
02:40:43 | Info | 'wizzard08 a gagné 16 xp !' | 
02:43:33 | Info | 'motisma a gagné 37 xp !' | 
02:43:37 | Info | '[TIMER] Le chrono est en pause pour xeit0w' | 
02:43:43 | Info | 'xeit0w a gagné 34 xp !' | 
02:43:43 | Info | '%s est passé niveau 9 !' | 
12:24:56 | Info | 'motisma a été murlocké avec succès' | 
13:13:12 | Info | 'celekyuto a été murlocké avec succès' | 
13:13:30 | Info | 'La commande leaderboard a été exécutée par celekyuto' | 
13:13:36 | Info | '[TIMER] Départ du chrono pour motisma' | 
13:13:37 | Info | 'motisma a été murlocké avec succès' | 
13:13:48 | Info | '[TIMER] Départ du chrono pour celekyuto' | 
13:15:17 | Info | '[TIMER] Départ du chrono pour omigom' | 
13:15:17 | Info | 'omigom a été murlocké avec succès' | 
13:29:49 | Info | '[TIMER] Départ du chrono pour xenix13' | 
13:29:50 | Info | 'xenix13 a été murlocké avec succès' | 
14:03:26 | Info | '[TIMER] Départ du chrono pour __keekee__' | 
14:03:27 | Info | '__keekee__ a été murlocké avec succès' | 
14:28:43 | Info | 'omigom a gagné 12 xp !' | 
15:14:23 | Info | '_.kzk._ a été murlocké avec succès' | 
16:03:51 | Info | '[TIMER] Départ du chrono pour Alartic#4028' | 
16:03:52 | Info | 'Alartic#4028 a été murlocké avec succès' | 
16:39:51 | Info | 'motisma a gagné 34 xp !' | 
16:39:51 | Info | '%s est passé niveau 11 !' | 
16:43:49 | Info | '[TIMER] Départ du chrono pour omigom' | 
16:43:50 | Info | 'omigom a été murlocké avec succès' | 
16:56:30 | Info | '__keekee__ a gagné 28 xp !' | 
16:56:30 | Info | '%s est passé niveau 4 !' | 
18:05:00 | Info | 'celekyuto a gagné 48 xp !' | 
18:05:00 | Info | '%s est passé niveau 10 !' | 
18:05:46 | Info | 'omigom a gagné 13 xp !' | 
18:05:58 | Info | 'Alartic#4028 a gagné 20 xp !' | 
18:05:58 | Info | '%s est passé niveau 3 !' | 
18:06:03 | Info | 'xenix13 a gagné 46 xp !' | 
18:06:03 | Info | '%s est passé niveau 6 !' | 
18:09:36 | Info | 'kkdours a été murlocké avec succès' | 
18:12:42 | Info | '[TIMER] Départ du chrono pour d_aberggine' | 
18:12:43 | Info | 'd_aberggine a été murlocké avec succès' | 
18:12:54 | Info | '[TIMER] Départ du chrono pour kkdours' | 
18:14:40 | Info | '[TIMER] Départ du chrono pour motisma' | 
18:14:41 | Info | 'motisma a été murlocké avec succès' | 
18:34:17 | Info | '[TIMER] Départ du chrono pour louisnemo' | 
18:34:18 | Info | 'louisnemo a été murlocké avec succès' | 
19:29:27 | Info | '[TIMER] Départ du chrono pour xeit0w' | 
19:29:28 | Info | 'xeit0w a été murlocké avec succès' | 
19:33:24 | Info | '[TIMER] Départ du chrono pour celekyuto' | 
19:33:25 | Info | 'celekyuto a été murlocké avec succès' | 
19:44:19 | Info | 'La commande leaderboard a été exécutée par celekyuto' | 
19:52:55 | Info | 'louisnemo a gagné 13 xp !' | 
19:53:06 | Info | 'kkdours a gagné 16 xp !' | 
20:23:03 | Info | '[TIMER] Départ du chrono pour louisnemo' | 
20:23:04 | Info | 'louisnemo a été murlocké avec succès' | 
20:26:56 | Info | 'd_aberggine a gagné 22 xp !' | 
20:29:48 | Info | '[TIMER] Départ du chrono pour d_aberggine' | 
20:29:49 | Info | 'd_aberggine a été murlocké avec succès' | 
20:33:43 | Info | 'louisnemo a gagné 1 xp !' | 
20:39:58 | Info | 'motisma a gagné 24 xp !' | 
20:52:18 | Info | '[TIMER] Départ du chrono pour motisma' | 
20:52:19 | Info | 'motisma a été murlocké avec succès' | 
21:10:25 | Info | 'd_aberggine a gagné 6 xp !' | 
22:54:01 | Info | 'xeit0w a gagné 34 xp !' | 
22:54:41 | Info | 'celekyuto a gagné 33 xp !' | 
22:54:58 | Info | '[TIMER] Le chrono est en pause pour motisma' | 
22:57:50 | Info | '[TIMER] Départ du chrono pour kkdours' | 
22:57:50 | Info | 'kkdours a été murlocké avec succès' | 
22:57:53 | Info | 'hailzah a été murlocké avec succès' | 
22:57:58 | Info | '[TIMER] Le chrono reprend pour motisma' | 
22:57:58 | Info | '[TIMER] Départ du chrono pour hailzah' | 
22:58:06 | Info | '[TIMER] Départ du chrono pour louisnemo' | 
22:58:07 | Info | 'louisnemo a été murlocké avec succès' | 
23:01:04 | Info | '[TIMER] Départ du chrono pour Alartic#4028' | 
23:01:05 | Info | 'Alartic#4028 a été murlocké avec succès' | 
23:39:02 | Info | 'louisnemo a gagné 6 xp !' | 
23:56:06 | Info | '[TIMER] Départ du chrono pour xeit0w' | 
23:56:07 | Info | 'xeit0w a été murlocké avec succès' | 
23:57:03 | Info | 'La commande setsound a été exécutée par xeit0w' | 
