00:43:08 | Info | '[TIMER] Départ du chrono pour cumplex' | 
00:43:09 | Info | 'cumplex a été murlocké avec succès' | 
00:53:25 | Info | 'louisnemo a gagné 21 xp !' | 
00:53:25 | Info | '%s est passé niveau 14 !' | 
02:18:27 | Info | 'cumplex a gagné 15 xp !' | 
02:18:27 | Info | 'motisma a gagné 44 xp !' | 
10:05:13 | Info | 'd_aberggine a été murlocké avec succès' | 
10:05:29 | Info | 'La commande setsound a été exécutée par d_aberggine' | 
10:05:41 | Info | 'Fichier téléchargé et découpé avec succès ! sounds/d_aberggine.mp3' | 
10:05:55 | Info | 'La commande setsound a été exécutée par d_aberggine' | 
10:06:06 | Info | 'Fichier téléchargé et découpé avec succès ! sounds/d_aberggine.mp3' | 
18:17:23 | Info | 'cumplex a été murlocké avec succès' | 
18:17:33 | Info | '[TIMER] Départ du chrono pour kkdours' | 
18:17:34 | Info | 'kkdours a été murlocké avec succès' | 
18:17:47 | Info | '[TIMER] Départ du chrono pour cumplex' | 
18:24:52 | Info | '[TIMER] Départ du chrono pour motisma' | 
18:24:53 | Info | 'motisma a été murlocké avec succès' | 
20:04:20 | Info | 'motisma a gagné 16 xp !' | 
20:14:40 | Info | 'kkdours a gagné 19 xp !' | 
20:14:49 | Info | '[TIMER] Le chrono est en pause pour cumplex' | 
21:27:30 | Info | '[TIMER] Départ du chrono pour motisma' | 
21:27:31 | Info | 'motisma a été murlocké avec succès' | 
21:27:51 | Info | '[TIMER] Le chrono reprend pour cumplex' | 
21:36:50 | Info | '[TIMER] Départ du chrono pour kkdours' | 
21:36:51 | Info | 'kkdours a été murlocké avec succès' | 
21:49:49 | Info | 'cumplex a gagné 23 xp !' | 
21:49:51 | Info | '[TIMER] Départ du chrono pour cumplex' | 
21:49:52 | Info | 'cumplex a été murlocké avec succès' | 
21:50:08 | Info | 'La commande leaderboard a été exécutée par cumplex' | 
21:50:31 | Info | 'La commande leaderboard a été exécutée par kkdours' | 
22:25:37 | Info | 'La commande leaderboard a été exécutée par xeit0w' | 
