00:25:01 | Info | 'cumplex a gagné 8 xp !' | 
00:53:52 | Info | 'celekyuto a gagné 41 xp !' | 
00:53:52 | Info | '%s est passé niveau 14 !' | 
00:53:53 | Info | '[TIMER] Départ du chrono pour celekyuto' | 
00:53:54 | Info | 'celekyuto a été murlocké avec succès' | 
00:56:39 | Info | '[TIMER] Départ du chrono pour celekyuto' | 
00:56:40 | Info | 'celekyuto a été murlocké avec succès' | 
01:05:13 | Info | '[TIMER] Départ du chrono pour cumplex' | 
01:05:14 | Info | 'cumplex a été murlocké avec succès' | 
01:16:02 | Info | 'louisnemo a gagné 38 xp !' | 
03:12:43 | Info | 'kkdours a gagné 57 xp !' | 
03:13:25 | Info | 'motisma a gagné 64 xp !' | 
03:13:26 | Info | 'cumplex a gagné 21 xp !' | 
03:13:26 | Info | '%s est passé niveau 13 !' | 
13:21:23 | Info | 'celekyuto a été murlocké avec succès' | 
13:39:30 | Info | '[TIMER] Départ du chrono pour louisnemo' | 
13:39:32 | Info | 'louisnemo a été murlocké avec succès' | 
13:39:38 | Info | '[TIMER] Départ du chrono pour celekyuto' | 
14:22:08 | Info | 'louisnemo a gagné 7 xp !' | 
14:22:39 | Info | '[TIMER] Le chrono est en pause pour celekyuto' | 
15:19:38 | Info | '[TIMER] Départ du chrono pour frenzop' | 
15:19:39 | Info | 'frenzop a été murlocké avec succès' | 
15:19:40 | Info | '[TIMER] Le chrono reprend pour celekyuto' | 
15:46:20 | Info | '[TIMER] Départ du chrono pour motisma' | 
15:46:21 | Info | 'motisma a été murlocké avec succès' | 
15:51:15 | Info | 'La commande leaderboard a été exécutée par motisma' | 
16:39:48 | Info | 'motisma a gagné 8 xp !' | 
17:39:14 | Info | 'celekyuto a gagné 30 xp !' | 
17:39:16 | Info | 'frenzop a gagné 23 xp !' | 
18:51:57 | Info | 'louisnemo a été murlocké avec succès' | 
19:32:57 | Info | 'd_aberggine a été murlocké avec succès' | 
19:58:10 | Info | 'cumplex a été murlocké avec succès' | 
20:40:50 | Info | 'd_aberggine a été murlocké avec succès' | 
21:01:48 | Info | '[TIMER] Départ du chrono pour louisnemo' | 
21:01:49 | Info | 'louisnemo a été murlocké avec succès' | 
21:02:46 | Info | '[TIMER] Départ du chrono pour d_aberggine' | 
21:44:28 | Info | 'd_aberggine a gagné 6 xp !' | 
21:44:39 | Info | 'louisnemo a gagné 7 xp !' | 
