02:40:49 | Info | 'La commande setsound a été exécutée par motisma' | 
02:41:06 | Info | 'Fichier téléchargé et découpé avec succès ! sounds/motisma.mp3' | 
02:41:09 | Info | 'motisma a gagné 45 xp !' | 
02:41:10 | Info | '[TIMER] Départ du chrono pour motisma' | 
02:41:11 | Info | 'motisma a été murlocké avec succès' | 
03:05:45 | Info | 'La commande setsound a été exécutée par xeit0w' | 
03:05:56 | Info | 'Fichier téléchargé et découpé avec succès ! sounds/xeit0w.mp3' | 
03:07:33 | Info | '' | 
03:07:33 | Info | '[0/3] Initialisation du bot' | 
03:07:34 | Info | '[1/3] Chargement des commandes ' | 
03:07:34 | Info | '[CMD] Commande clear chargée avec succès' | 
03:07:34 | Info | '[CMD] Commande help chargée avec succès' | 
03:07:34 | Info | '[CMD] Commande spawnroles chargée avec succès' | 
03:07:34 | Info | '[CMD] Commande ping chargée avec succès' | 
03:07:34 | Info | '[CMD] Commande leaderboard chargée avec succès' | 
03:07:34 | Info | '[CMD] Commande preview chargée avec succès' | 
03:07:34 | Info | '[CMD] Commande reset chargée avec succès' | 
03:07:34 | Info | '[CMD] Commande setsound chargée avec succès' | 
03:07:34 | Info | '[CMD] Commande stats chargée avec succès' | 
03:07:34 | Info | '[CMD] Chargement des commandes terminé' | 
03:07:34 | Info | '[2/3] Chargement des Events' | 
03:07:34 | Info | '[EVT] Event interactionCreate chargé avec succès' | 
03:07:34 | Info | '[EVT] Event interactionCreate chargé avec succès' | 
03:07:34 | Info | '[EVT] Event voiceStateUpdate chargé avec succès' | 
03:07:34 | Info | '[DB] Chargement de la base de donnée' | 
03:07:35 | Info | '[EVT] Event ready chargé avec succès' | 
03:07:35 | Info | '[EVT] Event interactionCreate chargé avec succès' | 
03:07:35 | Info | '[EVT] Event voiceStateUpdate chargé avec succès' | 
03:07:35 | Info | '[EVT] Chargement des events terminé' | 
03:07:36 | Info | '[DB] Base de donnée chargée avec succès' | 
03:07:37 | Info | '[3/3] Connecté en tant que Murloc#7410' | 
03:07:41 | Info | '[TIMER] Départ du chrono pour xeit0w' | 
03:07:42 | Info | 'xeit0w a été murlocké avec succès' | 
03:07:57 | Info | '[TIMER] Départ du chrono pour xeit0w' | 
03:07:58 | Info | 'xeit0w a été murlocké avec succès' | 
03:08:02 | Info | 'La commande preview a été exécutée par xeit0w' | 
03:08:02 | Info | '[TIMER] Départ du chrono pour motisma' | 
03:08:03 | Info | 'motisma a été murlocké avec succès' | 
03:08:10 | Info | '[TIMER] Départ du chrono pour celekyuto' | 
03:08:11 | Info | 'celekyuto a été murlocké avec succès' | 
03:10:51 | Info | 'celekyuto a été murlocké avec succès' | 
15:07:08 | Info | 'motisma a été murlocké avec succès' | 
15:16:44 | Info | '[TIMER] Départ du chrono pour louisnemo' | 
15:16:46 | Info | 'louisnemo a été murlocké avec succès' | 
15:16:48 | Info | '[TIMER] Départ du chrono pour motisma' | 
15:23:10 | Info | '[TIMER] Départ du chrono pour xeit0w' | 
15:23:11 | Info | 'xeit0w a été murlocké avec succès' | 
16:00:38 | Info | '[TIMER] Départ du chrono pour kkdours' | 
16:00:39 | Info | 'kkdours a été murlocké avec succès' | 
16:18:38 | Info | '[TIMER] Départ du chrono pour celekyuto' | 
16:18:39 | Info | 'celekyuto a été murlocké avec succès' | 
16:29:12 | Info | 'celekyuto a gagné 1 xp !' | 
17:32:39 | Info | 'louisnemo a gagné 22 xp !' | 
18:28:15 | Info | '[TIMER] Départ du chrono pour d_aberggine' | 
18:28:16 | Info | 'd_aberggine a été murlocké avec succès' | 
18:47:19 | Info | 'xeit0w a gagné 34 xp !' | 
19:26:04 | Info | '[TIMER] Départ du chrono pour cumplex' | 
19:26:05 | Info | 'cumplex a été murlocké avec succès' | 
19:27:40 | Info | 'motisma a gagné 41 xp !' | 
19:34:15 | Info | 'cumplex a gagné 1 xp !' | 
19:35:57 | Info | 'kkdours a gagné 35 xp !' | 
19:36:14 | Info | 'd_aberggine a gagné 11 xp !' | 
22:26:22 | Info | 'xeit0w a été murlocké avec succès' | 
22:32:21 | Info | '[TIMER] Départ du chrono pour d_aberggine' | 
22:32:22 | Info | 'd_aberggine a été murlocké avec succès' | 
22:32:55 | Info | '[TIMER] Départ du chrono pour xeit0w' | 
22:44:27 | Info | '[TIMER] Départ du chrono pour louisnemo' | 
22:44:28 | Info | 'louisnemo a été murlocké avec succès' | 
23:02:10 | Info | 'xeit0w a gagné 4 xp !' | 
23:02:11 | Info | '[TIMER] Départ du chrono pour xeit0w' | 
23:02:12 | Info | 'xeit0w a été murlocké avec succès' | 
23:16:26 | Info | '[TIMER] Départ du chrono pour motisma' | 
23:16:27 | Info | 'motisma a été murlocké avec succès' | 
23:22:01 | Info | 'louisnemo a gagné 6 xp !' | 
