00:11:23 | Info | 'wizzard08 a gagné 10 xp !' | 
01:29:40 | Info | 'louisnemo a gagné 28 xp !' | 
01:30:08 | Info | 'celekyuto a gagné 24 xp !' | 
01:53:50 | Info | 'thahabledemixage a été murlocké avec succès' | 
01:53:56 | Info | '[TIMER] Départ du chrono pour thahabledemixage' | 
01:57:26 | Info | 'xeit0w a gagné 23 xp !' | 
01:57:56 | Info | '[TIMER] Le chrono est en pause pour motisma' | 
01:58:28 | Info | 'motisma a gagné 31 xp !' | 
15:11:51 | Info | 'motisma a été murlocké avec succès' | 
17:01:28 | Info | 'louisnemo a été murlocké avec succès' | 
20:33:56 | Info | 'motisma a été murlocké avec succès' | 
21:35:41 | Info | '[TIMER] Départ du chrono pour celekyuto' | 
21:35:42 | Info | 'celekyuto a été murlocké avec succès' | 
21:36:17 | Info | '[TIMER] Départ du chrono pour motisma' | 
21:51:37 | Info | '[TIMER] Départ du chrono pour xenix13' | 
21:51:38 | Info | 'xenix13 a été murlocké avec succès' | 
22:06:47 | Info | 'motisma a gagné 5 xp !' | 
22:18:00 | Info | '[TIMER] Départ du chrono pour hysou' | 
22:18:01 | Info | 'hysou a été murlocké avec succès' | 
22:29:02 | Info | 'celekyuto a gagné 8 xp !' | 
22:29:03 | Info | 'xenix13 a gagné 6 xp !' | 
22:29:03 | Info | 'hysou a gagné 1 xp !' | 
23:03:54 | Info | 'louisnemo a été murlocké avec succès' | 
23:44:57 | Info | 'louisnemo a été murlocké avec succès' | 
23:58:31 | Info | '[TIMER] Départ du chrono pour celekyuto' | 
23:58:32 | Info | 'celekyuto a été murlocké avec succès' | 
23:59:19 | Info | '[TIMER] Départ du chrono pour louisnemo' | 
