00:27:22 | Info | 'motisma a gagné 37 xp !' | 
00:27:23 | Info | 'louisnemo a gagné 24 xp !' | 
14:29:55 | Info | 'louisnemo a été murlocké avec succès' | 
14:32:34 | Info | '[TIMER] Départ du chrono pour motisma' | 
14:32:35 | Info | 'motisma a été murlocké avec succès' | 
14:33:34 | Info | '[TIMER] Départ du chrono pour louisnemo' | 
14:35:14 | Info | '[TIMER] Départ du chrono pour xeit0w' | 
14:35:15 | Info | 'xeit0w a été murlocké avec succès' | 
14:56:24 | Info | '[TIMER] Départ du chrono pour kkdours' | 
14:56:25 | Info | 'kkdours a été murlocké avec succès' | 
15:29:01 | Info | 'xeit0w a gagné 8 xp !' | 
15:30:08 | Info | '[TIMER] Départ du chrono pour kkdours' | 
15:30:09 | Info | 'kkdours a été murlocké avec succès' | 
15:42:37 | Info | 'louisnemo a gagné 11 xp !' | 
16:03:45 | Info | '[TIMER] Départ du chrono pour xeit0w' | 
16:03:46 | Info | 'xeit0w a été murlocké avec succès' | 
16:07:15 | Info | '[TIMER] Départ du chrono pour celekyuto' | 
16:07:16 | Info | 'celekyuto a été murlocké avec succès' | 
16:49:55 | Info | '[TIMER] Départ du chrono pour louisnemo' | 
16:49:56 | Info | 'louisnemo a été murlocké avec succès' | 
16:56:38 | Info | 'motisma a gagné 24 xp !' | 
16:56:38 | Info | '%s est passé niveau 14 !' | 
16:56:41 | Info | '[TIMER] Départ du chrono pour motisma' | 
16:56:42 | Info | 'motisma a été murlocké avec succès' | 
17:08:06 | Info | '[TIMER] Départ du chrono pour cumplex' | 
17:08:07 | Info | 'cumplex a été murlocké avec succès' | 
17:38:14 | Info | '[TIMER] Départ du chrono pour xenix13' | 
17:38:15 | Info | 'xenix13 a été murlocké avec succès' | 
17:57:55 | Info | 'xeit0w a gagné 19 xp !' | 
17:57:55 | Info | '%s est passé niveau 10 !' | 
17:59:13 | Info | 'celekyuto a gagné 18 xp !' | 
17:59:22 | Info | 'La commande leaderboard a été exécutée par celekyuto' | 
18:40:44 | Info | '[TIMER] Départ du chrono pour cumplex' | 
18:40:45 | Info | 'cumplex a été murlocké avec succès' | 
18:48:30 | Info | 'xenix13 a gagné 11 xp !' | 
18:49:42 | Info | 'louisnemo a gagné 19 xp !' | 
18:54:50 | Info | 'motisma a gagné 19 xp !' | 
19:16:21 | Info | '[TIMER] Départ du chrono pour manuetr' | 
19:16:22 | Info | 'manuetr a été murlocké avec succès' | 
19:50:10 | Info | 'kkdours a gagné 43 xp !' | 
19:50:11 | Info | 'cumplex a gagné 11 xp !' | 
20:49:31 | Info | 'louisnemo a été murlocké avec succès' | 
20:57:30 | Info | '[TIMER] Départ du chrono pour kkdours' | 
20:57:31 | Info | 'kkdours a été murlocké avec succès' | 
20:57:40 | Info | '[TIMER] Départ du chrono pour louisnemo' | 
21:22:26 | Info | '[TIMER] Départ du chrono pour xeit0w' | 
21:22:26 | Error | 'Erreur lors du murlock de xeit0w' | 
21:22:28 | Info | '[TIMER] Départ du chrono pour xeit0w' | 
21:22:29 | Info | 'xeit0w a été murlocké avec succès' | 
21:25:25 | Info | '[TIMER] Départ du chrono pour motisma' | 
21:25:26 | Info | 'motisma a été murlocké avec succès' | 
21:29:30 | Info | '[TIMER] Départ du chrono pour d_aberggine' | 
21:29:31 | Info | 'd_aberggine a été murlocké avec succès' | 
21:32:40 | Info | '[TIMER] Départ du chrono pour cumplex' | 
21:32:41 | Info | 'cumplex a été murlocké avec succès' | 
21:46:11 | Info | 'xeit0w a gagné 3 xp !' | 
21:46:18 | Info | '[TIMER] Départ du chrono pour xeit0w' | 
21:46:19 | Info | 'xeit0w a été murlocké avec succès' | 
21:49:58 | Info | 'cumplex a gagné 2 xp !' | 
22:03:00 | Info | '[TIMER] Départ du chrono pour cumplex' | 
22:03:01 | Info | 'cumplex a été murlocké avec succès' | 
22:09:13 | Info | 'xeit0w a gagné 3 xp !' | 
22:09:19 | Info | '[TIMER] Départ du chrono pour xeit0w' | 
22:09:20 | Info | 'xeit0w a été murlocké avec succès' | 
22:15:25 | Info | 'xeit0w a gagné 1 xp !' | 
22:15:30 | Info | '[TIMER] Départ du chrono pour xeit0w' | 
22:15:31 | Info | 'xeit0w a été murlocké avec succès' | 
22:16:23 | Info | 'cumplex a gagné 2 xp !' | 
22:18:38 | Info | '[TIMER] Départ du chrono pour cumplex' | 
22:18:39 | Info | 'cumplex a été murlocké avec succès' | 
22:18:51 | Info | '[TIMER] Départ du chrono pour xeit0w' | 
22:18:52 | Info | 'xeit0w a été murlocké avec succès' | 
22:20:52 | Info | '[TIMER] Départ du chrono pour xeit0w' | 
22:20:53 | Info | 'xeit0w a été murlocké avec succès' | 
22:34:06 | Info | 'louisnemo a gagné 16 xp !' | 
22:34:06 | Info | '%s est passé niveau 11 !' | 
22:34:41 | Info | '[TIMER] Le chrono est en pause pour motisma' | 
22:35:41 | Info | '[TIMER] Départ du chrono pour louisnemo' | 
22:35:41 | Info | '[TIMER] Le chrono reprend pour motisma' | 
22:35:42 | Info | 'louisnemo a été murlocké avec succès' | 
22:43:14 | Info | 'd_aberggine a gagné 12 xp !' | 
22:44:14 | Info | 'louisnemo a gagné 1 xp !' | 
23:14:55 | Info | 'La commande leaderboard a été exécutée par xeit0w' | 
23:23:01 | Info | '[TIMER] Départ du chrono pour d_aberggine' | 
23:23:02 | Info | 'd_aberggine a été murlocké avec succès' | 
