22:55:51 | Info | '[CMD] Chargement des commandes...' | 
22:55:51 | Info | '[CMD] Commande ping chargée avec succès' | 
22:55:51 | Info | '[CMD] Chargement des commandes terminé' | 
22:55:51 | Info | '[EVT] Event interactionCreate chargé avec succès' | 
22:55:51 | Info | '[EVT] Chargement des events...' | 
22:55:51 | Info | '[EVT] Event ready chargé avec succès' | 
22:55:51 | Info | '[EVT] Chargement des events terminé' | 
22:56:18 | Info | '[CMD] Chargement des commandes...' | 
22:56:18 | Info | '[CMD] Commande ping chargée avec succès' | 
22:56:18 | Info | '[CMD] Chargement des commandes terminé' | 
22:56:18 | Info | '[EVT] Chargement des events...' | 
22:56:18 | Info | '[EVT] Event interactionCreate chargé avec succès' | 
22:56:18 | Info | '[EVT] Event ready chargé avec succès' | 
22:56:18 | Info | '[EVT] Chargement des events terminé' | 
23:00:46 | Info | '[CMD] Chargement des commandes...' | 
23:00:46 | Info | '[CMD] Commande ping chargée avec succès' | 
23:00:46 | Info | '[CMD] Chargement des commandes terminé' | 
23:00:46 | Info | '[EVT] Chargement des events...' | 
23:00:46 | Info | '[EVT] Event interactionCreate chargé avec succès' | 
23:00:46 | Info | '[EVT] Event ready chargé avec succès' | 
23:00:46 | Info | '[EVT] Chargement des events terminé' | 
23:00:47 | [CLIENT] Connnecté en tant que Murloc#7410 | undefined | 
