04:49:16 | Info | 'motisma a gagné 67 xp !' | 
04:51:41 | Info | 'cumplex a gagné 67 xp !' | 
04:51:42 | Info | 'kkdours a gagné 67 xp !' | 
04:51:42 | Info | '%s est passé niveau 17 !' | 
14:03:55 | Info | 'celekyuto a été murlocké avec succès' | 
14:06:47 | Info | '[TIMER] Départ du chrono pour kkdours' | 
14:06:48 | Info | 'kkdours a été murlocké avec succès' | 
14:07:34 | Info | '[TIMER] Départ du chrono pour celekyuto' | 
14:10:50 | Info | '[TIMER] Départ du chrono pour louisnemo' | 
14:10:51 | Info | 'louisnemo a été murlocké avec succès' | 
14:11:43 | Info | '[TIMER] Départ du chrono pour xeit0w' | 
14:11:44 | Info | 'xeit0w a été murlocké avec succès' | 
14:11:55 | Info | '[TIMER] Départ du chrono pour xeit0w' | 
14:11:56 | Info | 'xeit0w a été murlocké avec succès' | 
15:36:47 | Info | '[TIMER] Départ du chrono pour motisma' | 
15:36:47 | Info | 'motisma a été murlocké avec succès' | 
15:45:17 | Info | '[TIMER] Départ du chrono pour hbriant#3326' | 
15:45:18 | Info | 'hbriant#3326 a été murlocké avec succès' | 
16:08:16 | Info | '[TIMER] Départ du chrono pour cumplex' | 
16:08:17 | Info | 'cumplex a été murlocké avec succès' | 
16:10:55 | Info | 'celekyuto a gagné 20 xp !' | 
16:14:33 | Info | 'La commande clear a été exécutée par xeit0w' | 
16:14:51 | Info | 'La commande clear a été exécutée par xeit0w' | 
16:28:57 | Info | '[TIMER] Départ du chrono pour d_aberggine' | 
16:28:58 | Info | 'd_aberggine a été murlocké avec succès' | 
16:35:39 | Info | 'louisnemo a gagné 24 xp !' | 
17:17:26 | Info | 'hbriant#3326 a gagné 15 xp !' | 
17:17:26 | Info | '%s est passé niveau 2 !' | 
17:46:47 | Info | 'd_aberggine a gagné 12 xp !' | 
17:47:52 | Info | '[TIMER] Départ du chrono pour d_aberggine' | 
17:47:53 | Info | 'd_aberggine a été murlocké avec succès' | 
17:56:46 | Info | '[TIMER] Départ du chrono pour louisnemo' | 
17:56:47 | Info | 'louisnemo a été murlocké avec succès' | 
18:20:08 | Info | 'kkdours a gagné 42 xp !' | 
18:20:23 | Info | 'd_aberggine a gagné 5 xp !' | 
18:21:57 | Info | 'cumplex a gagné 22 xp !' | 
18:31:30 | Info | 'xeit0w a gagné 43 xp !' | 
18:52:55 | Info | 'motisma a gagné 32 xp !' | 
18:53:39 | Info | '[TIMER] Le chrono est en pause pour louisnemo' | 
19:08:08 | Info | '[TIMER] Départ du chrono pour motisma' | 
19:08:09 | Info | 'motisma a été murlocké avec succès' | 
19:08:39 | Info | '[TIMER] Le chrono reprend pour louisnemo' | 
21:09:12 | Info | '[TIMER] Départ du chrono pour xeit0w' | 
21:09:13 | Info | 'xeit0w a été murlocké avec succès' | 
