00:00:31 | Info | 'celekyuto a gagné 48 xp !' | 
12:39:54 | Info | 'celekyuto a été murlocké avec succès' | 
14:13:54 | Info | '[TIMER] Départ du chrono pour motisma' | 
14:13:55 | Info | 'motisma a été murlocké avec succès' | 
14:14:12 | Info | '[TIMER] Départ du chrono pour celekyuto' | 
14:37:47 | Info | '[TIMER] Départ du chrono pour kkdours' | 
14:37:48 | Info | 'kkdours a été murlocké avec succès' | 
16:27:29 | Info | '[TIMER] Départ du chrono pour cumplex' | 
16:27:30 | Info | 'cumplex a été murlocké avec succès' | 
17:30:07 | Info | 'cumplex a gagné 10 xp !' | 
17:33:05 | Info | '[TIMER] Départ du chrono pour louisnemo' | 
17:33:06 | Info | 'louisnemo a été murlocké avec succès' | 
19:30:19 | Info | '[TIMER] Départ du chrono pour xeit0w' | 
19:30:20 | Info | 'xeit0w a été murlocké avec succès' | 
19:54:42 | Info | 'louisnemo a gagné 23 xp !' | 
20:20:14 | Info | 'kkdours a gagné 57 xp !' | 
20:20:14 | Info | '%s est passé niveau 16 !' | 
20:29:43 | Info | 'xeit0w a gagné 9 xp !' | 
20:31:52 | Info | 'motisma a gagné 62 xp !' | 
20:32:18 | Info | '[TIMER] Le chrono est en pause pour celekyuto' | 
20:59:30 | Info | '[TIMER] Départ du chrono pour louisnemo' | 
20:59:32 | Info | 'louisnemo a été murlocké avec succès' | 
21:00:19 | Info | '[TIMER] Le chrono reprend pour celekyuto' | 
21:09:29 | Info | '[TIMER] Départ du chrono pour motisma' | 
21:09:30 | Info | 'motisma a été murlocké avec succès' | 
21:10:40 | Info | '[TIMER] Départ du chrono pour kkdours' | 
21:10:41 | Info | 'kkdours a été murlocké avec succès' | 
21:34:45 | Info | '[TIMER] Départ du chrono pour xeit0w' | 
21:34:47 | Info | 'xeit0w a été murlocké avec succès' | 
21:47:02 | Info | 'louisnemo a gagné 7 xp !' | 
