00:47:28 | Info | 'booddle a gagné 15 xp !' | 
00:47:28 | Info | 'booddle est passé niveau %d !' | 
01:19:00 | Info | 'xeit0w a gagné 35 xp !' | 
01:19:00 | Info | 'xeit0w est passé niveau %d !' | 
01:19:04 | Info | 'xeit0w a été murlocké avec succès' | 
01:19:28 | Info | 'celekyuto a gagné 20 xp !' | 
01:19:30 | Info | 'celekyuto a été murlocké avec succès' | 
01:20:27 | Info | 'La commande stats a été exécutée par xeit0w' | 
01:28:40 | Info | 'wizzard08 a été murlocké avec succès' | 
02:32:16 | Info | 'xeit0w a gagné 10 xp !' | 
02:32:23 | Info | 'La commande stats a été exécutée par xeit0w' | 
10:46:59 | Info | 'celekyuto a été murlocké avec succès' | 
12:35:57 | Info | 'louisnemo a été murlocké avec succès' | 
12:43:13 | Info | 'celekyuto a gagné 20 xp !' | 
12:43:13 | Info | 'celekyuto est passé niveau %d !' | 
12:43:27 | Info | 'celekyuto a été murlocké avec succès' | 
12:44:13 | Info | 'celekyuto a été murlocké avec succès' | 
13:09:38 | Info | 'motisma a été murlocké avec succès' | 
14:06:42 | Info | 'celekyuto a gagné 15 xp !' | 
14:06:45 | Info | 'motisma a gagné 10 xp !' | 
14:06:45 | Info | 'motisma est passé niveau %d !' | 
16:08:02 | Info | 'celekyuto a été murlocké avec succès' | 
16:42:07 | Info | 'celekyuto a gagné 5 xp !' | 
