02:10:24 | Info | 'Les roles de undefined ont été changés avec succés' | 
14:08:15 | Info | 'motisma a été murlocké avec succès' | 
14:08:21 | Info | '[TIMER] Départ du chrono pour louisnemo' | 
14:08:22 | Info | 'louisnemo a été murlocké avec succès' | 
14:09:01 | Info | '[TIMER] Départ du chrono pour motisma' | 
14:48:50 | Info | '[TIMER] Départ du chrono pour celekyuto' | 
14:48:51 | Info | 'celekyuto a été murlocké avec succès' | 
15:55:00 | Info | 'louisnemo a gagné 17 xp !' | 
17:18:22 | Info | '[TIMER] Départ du chrono pour xenix13' | 
17:18:23 | Info | 'xenix13 a été murlocké avec succès' | 
17:41:43 | Info | 'motisma a gagné 35 xp !' | 
19:52:45 | Info | 'xenix13 a gagné 25 xp !' | 
19:53:06 | Info | '[TIMER] Le chrono est en pause pour celekyuto' | 
20:14:26 | Info | '[TIMER] Départ du chrono pour motisma' | 
20:14:26 | Info | 'motisma a été murlocké avec succès' | 
20:15:07 | Info | '[TIMER] Le chrono reprend pour celekyuto' | 
21:22:43 | Info | '[TIMER] Départ du chrono pour louisnemo' | 
21:22:44 | Info | 'louisnemo a été murlocké avec succès' | 
21:24:50 | Info | 'motisma a gagné 11 xp !' | 
21:52:16 | Info | '[TIMER] Départ du chrono pour motisma' | 
21:52:16 | Info | 'motisma a été murlocké avec succès' | 
23:40:57 | Info | 'celekyuto a gagné 85 xp !' | 
