00:32:44 | Info | 'xeit0w a gagné 15 xp !' | 
00:35:02 | Info | 'motisma a gagné 35 xp !' | 
00:35:46 | Info | 'cumplex a gagné 10 xp !' | 
00:35:46 | Info | 'cumplex est passé niveau %d !' | 
00:36:42 | Info | 'louisnemo a gagné 10 xp !' | 
00:38:29 | Info | 'xeit0w a été murlocké avec succès' | 
15:03:24 | Info | 'motisma a été murlocké avec succès' | 
15:49:05 | Info | 'louisnemo a été murlocké avec succès' | 
17:20:22 | Info | 'louisnemo a gagné 15 xp !' | 
18:14:03 | Info | 'kkdours a été murlocké avec succès' | 
18:14:29 | Info | 'cumplex a été murlocké avec succès' | 
18:16:33 | Info | 'celekyuto a été murlocké avec succès' | 
19:25:59 | Info | 'kkdours a gagné 10 xp !' | 
19:26:03 | Info | 'cumplex a gagné 10 xp !' | 
19:26:06 | Info | 'motisma a gagné 45 xp !' | 
20:28:38 | Info | 'celekyuto a été murlocké avec succès' | 
20:38:35 | Info | 'd_aberggine a été murlocké avec succès' | 
20:40:00 | Info | 'kkdours a été murlocké avec succès' | 
20:46:28 | Info | 'motisma a été murlocké avec succès' | 
20:54:13 | Info | 'omigom a été murlocké avec succès' | 
21:37:07 | Info | 'cumplex a été murlocké avec succès' | 
22:09:38 | Info | 'omigom a gagné 15 xp !' | 
22:09:38 | Info | 'omigom est passé niveau %d !' | 
22:22:17 | Info | 'xeit0w a été murlocké avec succès' | 
22:23:13 | Info | 'La commande stats a été exécutée par xeit0w' | 
22:37:05 | Info | 'd_aberggine a gagné 20 xp !' | 
22:37:24 | Info | 'La commande stats a été exécutée par d_aberggine' | 
22:45:14 | Info | 'La commande leaderboard a été exécutée par xeit0w' | 
22:45:19 | Info | 'La commande leaderboard a été exécutée par motisma' | 
22:45:22 | Info | 'La commande leaderboard a été exécutée par kkdours' | 
22:45:30 | Info | 'La commande leaderboard a été exécutée par celekyuto' | 
22:47:41 | Info | 'louisnemo a été murlocké avec succès' | 
22:48:07 | Info | 'celekyuto a gagné 25 xp !' | 
22:48:07 | Info | 'celekyuto est passé niveau %d !' | 
22:54:09 | Info | 'celekyuto a été murlocké avec succès' | 
23:37:07 | Info | 'celekyuto a gagné 5 xp !' | 
