00:53:18 | Info | 'motisma a gagné 43 xp !' | 
02:59:35 | Info | 'kkdours a gagné 47 xp !' | 
02:59:36 | Info | '%s est passé niveau 10 !' | 
02:59:36 | Info | 'cumplex a gagné 45 xp !' | 
02:59:36 | Info | '%s est passé niveau 6 !' | 
17:06:09 | Info | 'motisma a été murlocké avec succès' | 
18:16:38 | Info | 'louisnemo a été murlocké avec succès' | 
18:16:47 | Info | '[TIMER] Départ du chrono pour motisma' | 
18:16:48 | Info | 'motisma a été murlocké avec succès' | 
18:17:43 | Info | '[TIMER] Départ du chrono pour louisnemo' | 
19:56:23 | Info | 'motisma a gagné 16 xp !' | 
19:56:30 | Info | 'louisnemo a gagné 16 xp !' | 
22:22:55 | Info | 'motisma a été murlocké avec succès' | 
22:25:14 | Info | '[TIMER] Départ du chrono pour celekyuto' | 
22:25:15 | Error | 'Erreur lors du murlock de celekyuto' | 
22:25:20 | Info | '[TIMER] Départ du chrono pour celekyuto' | 
22:25:21 | Info | 'celekyuto a été murlocké avec succès' | 
22:25:47 | Info | '[TIMER] Départ du chrono pour motisma' | 
22:51:31 | Info | '[TIMER] Départ du chrono pour frenzop' | 
22:51:32 | Info | 'frenzop a été murlocké avec succès' | 
