00:50:58 | Info | 'hysou a gagné 16 xp !' | 
00:50:58 | Info | '%s est passé niveau 3 !' | 
00:51:16 | Info | 'celekyuto a gagné 40 xp !' | 
00:56:21 | Info | 'louisnemo a gagné 37 xp !' | 
00:56:21 | Info | '%s est passé niveau 13 !' | 
00:56:43 | Info | '[TIMER] Le chrono est en pause pour motisma' | 
00:57:55 | Info | '[TIMER] Départ du chrono pour cumplex' | 
00:57:55 | Info | 'cumplex a été murlocké avec succès' | 
00:57:56 | Info | '[TIMER] Départ du chrono pour kkdours' | 
00:57:57 | Info | 'kkdours a été murlocké avec succès' | 
00:58:43 | Info | '[TIMER] Le chrono reprend pour motisma' | 
01:21:11 | Info | 'cumplex a gagné 3 xp !' | 
01:21:16 | Info | '[TIMER] Départ du chrono pour cumplex' | 
01:21:17 | Info | 'cumplex a été murlocké avec succès' | 
01:27:44 | Info | '[TIMER] Départ du chrono pour cumplex' | 
01:27:45 | Info | 'cumplex a été murlocké avec succès' | 
01:33:52 | Info | 'cumplex a gagné 1 xp !' | 
01:37:07 | Info | '[TIMER] Départ du chrono pour cumplex' | 
01:37:08 | Info | 'cumplex a été murlocké avec succès' | 
01:50:14 | Info | '[TIMER] Départ du chrono pour cumplex' | 
01:50:15 | Info | 'cumplex a été murlocké avec succès' | 
01:52:11 | Info | 'kkdours a gagné 9 xp !' | 
01:52:35 | Info | '[TIMER] Départ du chrono pour cumplex' | 
01:52:36 | Info | 'cumplex a été murlocké avec succès' | 
01:59:15 | Info | 'cumplex a gagné 1 xp !' | 
01:59:44 | Info | '[TIMER] Le chrono est en pause pour motisma' | 
02:00:35 | Info | 'motisma a gagné 51 xp !' | 
13:47:09 | Info | 'xeit0w a été murlocké avec succès' | 
14:02:10 | Info | '[TIMER] Départ du chrono pour celekyuto' | 
14:02:11 | Info | 'celekyuto a été murlocké avec succès' | 
14:02:20 | Info | '[TIMER] Départ du chrono pour louisnemo' | 
14:02:21 | Info | 'louisnemo a été murlocké avec succès' | 
14:02:52 | Info | '[TIMER] Départ du chrono pour xeit0w' | 
14:07:26 | Info | '[TIMER] Départ du chrono pour omigom' | 
14:07:27 | Info | 'omigom a été murlocké avec succès' | 
14:09:06 | Info | 'louisnemo a gagné 1 xp !' | 
14:09:16 | Info | '[TIMER] Départ du chrono pour louisnemo' | 
14:09:17 | Info | 'louisnemo a été murlocké avec succès' | 
14:15:01 | Info | '[TIMER] Départ du chrono pour d_aberggine' | 
14:15:02 | Info | 'd_aberggine a été murlocké avec succès' | 
14:57:25 | Info | 'omigom a gagné 8 xp !' | 
15:53:32 | Info | '[TIMER] Départ du chrono pour motisma' | 
15:53:33 | Info | 'motisma a été murlocké avec succès' | 
16:07:58 | Info | 'd_aberggine a gagné 18 xp !' | 
17:18:40 | Info | 'xeit0w a gagné 32 xp !' | 
17:24:49 | Info | '[TIMER] Départ du chrono pour wizzard08' | 
17:24:50 | Info | 'wizzard08 a été murlocké avec succès' | 
17:27:18 | Info | 'louisnemo a gagné 33 xp !' | 
17:55:02 | Info | '[TIMER] Départ du chrono pour hysou' | 
17:55:03 | Info | 'hysou a été murlocké avec succès' | 
18:28:18 | Info | 'hysou a gagné 5 xp !' | 
18:29:59 | Info | '[TIMER] Départ du chrono pour hysou' | 
18:30:00 | Info | 'hysou a été murlocké avec succès' | 
19:22:33 | Info | '[TIMER] Départ du chrono pour d_aberggine' | 
19:22:34 | Info | 'd_aberggine a été murlocké avec succès' | 
19:27:30 | Info | 'hysou a gagné 9 xp !' | 
19:33:48 | Info | '[TIMER] Départ du chrono pour cumplex' | 
19:33:49 | Info | 'cumplex a été murlocké avec succès' | 
19:52:52 | Info | 'celekyuto a gagné 58 xp !' | 
20:00:35 | Info | 'wizzard08 a gagné 25 xp !' | 
20:45:39 | Info | 'd_aberggine a gagné 13 xp !' | 
20:51:32 | Info | '[TIMER] Départ du chrono pour louisnemo' | 
20:51:33 | Info | 'louisnemo a été murlocké avec succès' | 
21:00:05 | Info | 'motisma a gagné 51 xp !' | 
21:00:53 | Info | 'cumplex a gagné 14 xp !' | 
21:00:56 | Info | '[TIMER] Le chrono est en pause pour louisnemo' | 
21:34:21 | Info | '[TIMER] Départ du chrono pour celekyuto' | 
21:34:22 | Info | 'celekyuto a été murlocké avec succès' | 
21:34:56 | Info | '[TIMER] Le chrono reprend pour louisnemo' | 
21:36:28 | Info | '[TIMER] Départ du chrono pour omigom' | 
21:36:29 | Info | 'omigom a été murlocké avec succès' | 
21:42:02 | Info | '[TIMER] Départ du chrono pour motisma' | 
21:42:03 | Info | 'motisma a été murlocké avec succès' | 
22:19:02 | Info | 'omigom a gagné 7 xp !' | 
