02:26:43 | Info | 'motisma a gagné 25 xp !' | 
02:27:07 | Info | '[TIMER] Le chrono est en pause pour cumplex' | 
02:51:07 | Info | 'cumplex a gagné 25 xp !' | 
17:05:50 | Info | 'louisnemo a été murlocké avec succès' | 
17:10:35 | Info | '[TIMER] Départ du chrono pour celekyuto' | 
17:10:36 | Info | 'celekyuto a été murlocké avec succès' | 
17:11:17 | Info | '[TIMER] Départ du chrono pour louisnemo' | 
17:11:29 | Info | 'La commande setsound a été exécutée par celekyuto' | 
17:11:46 | Info | 'Fichier téléchargé et découpé avec succès ! sounds/celekyuto.mp3' | 
17:11:53 | Info | '[TIMER] Départ du chrono pour celekyuto' | 
17:11:54 | Info | 'celekyuto a été murlocké avec succès' | 
17:45:23 | Info | '[TIMER] Départ du chrono pour xenix13' | 
17:45:24 | Info | 'xenix13 a été murlocké avec succès' | 
18:21:35 | Info | 'louisnemo a gagné 11 xp !' | 
18:21:41 | Info | 'celekyuto a gagné 11 xp !' | 
18:21:44 | Info | 'xenix13 a gagné 6 xp !' | 
20:31:16 | Info | 'kkdours a été murlocké avec succès' | 
20:43:32 | Info | '[TIMER] Départ du chrono pour celekyuto' | 
20:43:33 | Info | 'celekyuto a été murlocké avec succès' | 
20:44:20 | Info | '[TIMER] Départ du chrono pour kkdours' | 
20:47:23 | Info | '[TIMER] Départ du chrono pour motisma' | 
20:47:24 | Info | 'motisma a été murlocké avec succès' | 
20:47:37 | Info | '[TIMER] Départ du chrono pour celekyuto' | 
20:47:38 | Info | 'celekyuto a été murlocké avec succès' | 
20:47:42 | Info | '[TIMER] Départ du chrono pour kkdours' | 
20:47:43 | Info | 'kkdours a été murlocké avec succès' | 
20:57:09 | Info | '[TIMER] Départ du chrono pour louisnemo' | 
20:57:10 | Info | 'louisnemo a été murlocké avec succès' | 
21:25:03 | Info | '[TIMER] Départ du chrono pour omigom' | 
21:25:04 | Info | 'omigom a été murlocké avec succès' | 
21:25:12 | Info | '[TIMER] Départ du chrono pour thibaultr' | 
21:25:13 | Info | 'thibaultr a été murlocké avec succès' | 
21:25:30 | Info | 'kkdours a gagné 6 xp !' | 
21:25:32 | Info | '[TIMER] Départ du chrono pour kkdours' | 
21:25:33 | Info | 'kkdours a été murlocké avec succès' | 
21:25:39 | Info | 'louisnemo a gagné 4 xp !' | 
21:25:40 | Info | '[TIMER] Départ du chrono pour louisnemo' | 
21:25:41 | Info | 'louisnemo a été murlocké avec succès' | 
22:21:02 | Info | 'thibaultr a gagné 9 xp !' | 
22:21:02 | Info | '%s est passé niveau 2 !' | 
22:21:03 | Info | 'omigom a gagné 9 xp !' | 
23:32:23 | Info | '[TIMER] Départ du chrono pour cumplex' | 
23:32:24 | Info | 'cumplex a été murlocké avec succès' | 
