00:53:13 | Info | 'motisma a gagné 45 xp !' | 
00:53:44 | Info | 'kkdours a gagné 45 xp !' | 
00:53:44 | Info | 'kkdours est passé niveau %d !' | 
09:06:32 | Info | 'celekyuto a été murlocké avec succès' | 
09:27:37 | Info | 'La commande stats a été exécutée par xeit0w' | 
14:53:13 | Info | 'louisnemo a été murlocké avec succès' | 
15:33:15 | Info | 'louisnemo a gagné 5 xp !' | 
17:03:20 | Info | 'motisma a été murlocké avec succès' | 
17:03:23 | Info | 'kkdours a été murlocké avec succès' | 
18:04:01 | Info | 'celekyuto a été murlocké avec succès' | 
18:07:51 | Info | 'kkdours a gagné 10 xp !' | 
18:09:33 | Info | 'motisma a gagné 10 xp !' | 
18:30:23 | Info | 'louisnemo a été murlocké avec succès' | 
18:53:35 | Info | 'La commande setsound a été exécutée par louisnemo' | 
18:53:43 | Info | 'Fichier téléchargé et découpé avec succès ! sounds/louisnemo.mp3' | 
18:53:48 | Info | 'louisnemo a été murlocké avec succès' | 
19:45:21 | Info | 'louisnemo a gagné 10 xp !' | 
21:50:32 | Info | 'motisma a été murlocké avec succès' | 
22:10:30 | Info | 'd_aberggine a été murlocké avec succès' | 
23:19:19 | Info | 'd_aberggine a gagné 10 xp !' | 
23:19:21 | Info | 'motisma a gagné 15 xp !' | 
