01:31:53 | Info | 'kkdours a gagné 4 xp !' | 
01:31:53 | Info | 'kkdours a été murlocké avec succès' | 
11:37:06 | Info | 'louisnemo a gagné 5 xp !' | 
11:37:07 | Info | 'louisnemo a été murlocké avec succès' | 
11:37:27 | Info | 'kkdours a gagné 2 xp !' | 
11:37:27 | Info | 'kkdours a été murlocké avec succès' | 
13:25:01 | Info | 'xeit0w a gagné 5 xp !' | 
13:25:02 | Info | 'xeit0w a été murlocké avec succès' | 
14:32:52 | Info | 'booddle a gagné 1 xp !' | 
14:32:52 | Info | 'booddle a été murlocké avec succès' | 
15:51:51 | Info | 'louisnemo a gagné 1 xp !' | 
15:51:52 | Info | 'louisnemo a été murlocké avec succès' | 
16:25:10 | Info | 'd_aberggine a gagné 4 xp !' | 
16:25:11 | Info | 'd_aberggine a été murlocké avec succès' | 
16:43:11 | Info | 'kkdours a gagné 2 xp !' | 
16:43:11 | Info | 'kkdours a été murlocké avec succès' | 
16:46:12 | Info | 'Vous devez attendre 28 minutes avant de pouvoir gagner de l\'xp à nouveau !' | 
16:46:12 | Info | 'kkdours a été murlocké avec succès' | 
16:54:04 | Info | 'booddle a gagné 8 xp !' | 
16:54:04 | Info | 'booddle a été murlocké avec succès' | 
16:56:05 | Info | 'Vous devez attendre 30 minutes avant de pouvoir gagner de l\'xp à nouveau !' | 
16:56:05 | Info | 'kkdours a été murlocké avec succès' | 
17:11:35 | Info | 'louisnemo a gagné 6 xp !' | 
17:11:35 | Info | 'louisnemo est passé niveau %d !' | 
17:11:36 | Info | 'louisnemo a été murlocké avec succès' | 
17:15:33 | Info | 'Vous devez attendre 24 minutes avant de pouvoir gagner de l\'xp à nouveau !' | 
17:15:33 | Info | 'kkdours a été murlocké avec succès' | 
18:02:36 | Info | 'motisma a gagné 5 xp !' | 
18:02:37 | Info | 'motisma a été murlocké avec succès' | 
18:13:15 | Info | 'd_aberggine a gagné 12 xp !' | 
18:13:15 | Info | 'd_aberggine a été murlocké avec succès' | 
19:23:34 | Info | 'motisma a gagné 2 xp !' | 
19:23:34 | Info | 'motisma a été murlocké avec succès' | 
19:24:50 | Info | 'kkdours a gagné 8 xp !' | 
19:24:50 | Info | 'kkdours a été murlocké avec succès' | 
20:10:49 | Info | 'd_aberggine a gagné 7 xp !' | 
20:10:50 | Info | 'd_aberggine a été murlocké avec succès' | 
20:24:06 | Info | 'kkdours a gagné 9 xp !' | 
20:24:06 | Info | 'kkdours est passé niveau %d !' | 
20:24:07 | Info | 'kkdours a été murlocké avec succès' | 
20:44:52 | Info | 'd_aberggine a gagné 12 xp !' | 
20:44:52 | Info | 'd_aberggine est passé niveau %d !' | 
20:44:53 | Info | 'd_aberggine a été murlocké avec succès' | 
21:12:37 | Info | 'celekyuto a gagné 14 xp !' | 
21:12:37 | Info | 'celekyuto a été murlocké avec succès' | 
21:45:12 | Info | 'd_aberggine a gagné 20 xp !' | 
21:45:12 | Info | 'd_aberggine a été murlocké avec succès' | 
23:40:39 | Info | 'xeit0w a gagné 20 xp !' | 
23:40:39 | Info | 'xeit0w a été murlocké avec succès' | 
