07:26:32 | Info | 'd_aberggine a été murlocké avec succès' | 
09:24:06 | Info | '' | 
09:24:06 | Info | '[0/3] Initialisation du bot' | 
09:24:06 | Info | '[1/3] Chargement des commandes ............................................................................' | 
09:24:06 | Info | '[CMD] Commande spawnroles chargée avec succès' | 
09:24:06 | Info | '[CMD] Commande ping chargée avec succès' | 
09:24:06 | Info | '[CMD] Commande reset chargée avec succès' | 
09:24:06 | Info | '[CMD] Commande setsound chargée avec succès' | 
09:24:06 | Info | '[CMD] Chargement des commandes terminé' | 
09:24:06 | Info | '[2/3] Chargement des Events ...............................................................................' | 
09:24:06 | Info | '[EVT] Event interactionCreate chargé avec succès' | 
09:24:06 | Info | '[EVT] Event interactionCreate chargé avec succès' | 
09:24:06 | Info | '[EVT] Chargement des events terminé' | 
09:24:06 | Info | '[EVT] Event ready chargé avec succès' | 
09:24:06 | Info | '[EVT] Event voiceStateUpdate chargé avec succès' | 
09:24:07 | Info | '[3/3] Connecté en tant que Murloc#7410 ....................................................................' | 
09:24:21 | Error | 'Erreur lors de l\'exécution de la commande spawnroles' | 
09:24:21 | Error | ({}) | 
09:25:39 | Info | '[0/3] Initialisation du bot' | 
09:25:39 | Info | '' | 
09:25:39 | Info | '[CMD] Commande spawnroles chargée avec succès' | 
09:25:39 | Info | '[1/3] Chargement des commandes ............................................................................' | 
09:25:39 | Info | '[CMD] Commande reset chargée avec succès' | 
09:25:39 | Info | '[CMD] Commande setsound chargée avec succès' | 
09:25:39 | Info | '[CMD] Chargement des commandes terminé' | 
09:25:39 | Info | '[2/3] Chargement des Events ...............................................................................' | 
09:25:39 | Info | '[EVT] Event interactionCreate chargé avec succès' | 
09:25:39 | Info | '[EVT] Event interactionCreate chargé avec succès' | 
09:25:39 | Info | '[EVT] Event ready chargé avec succès' | 
09:25:39 | Info | '[EVT] Event voiceStateUpdate chargé avec succès' | 
09:25:39 | Info | '[EVT] Chargement des events terminé' | 
09:25:39 | Info | '[CMD] Commande ping chargée avec succès' | 
09:25:40 | Info | '[3/3] Connecté en tant que Murloc#7410 ....................................................................' | 
09:25:46 | Error | 'Erreur lors de l\'exécution de la commande spawnroles' | 
09:25:46 | Error | ({}) | 
09:26:50 | Info | '' | 
09:26:50 | Info | '[0/3] Initialisation du bot' | 
09:26:50 | Info | '[1/3] Chargement des commandes ............................................................................' | 
09:26:50 | Info | '[CMD] Commande spawnroles chargée avec succès' | 
09:26:50 | Info | '[CMD] Commande ping chargée avec succès' | 
09:26:50 | Info | '[CMD] Commande reset chargée avec succès' | 
09:26:50 | Info | '[CMD] Commande setsound chargée avec succès' | 
09:26:50 | Info | '[CMD] Chargement des commandes terminé' | 
09:26:50 | Info | '[2/3] Chargement des Events ...............................................................................' | 
09:26:50 | Info | '[EVT] Event interactionCreate chargé avec succès' | 
09:26:50 | Info | '[EVT] Event interactionCreate chargé avec succès' | 
09:26:50 | Info | '[EVT] Event ready chargé avec succès' | 
09:26:50 | Info | '[EVT] Event voiceStateUpdate chargé avec succès' | 
09:26:50 | Info | '[EVT] Chargement des events terminé' | 
09:26:52 | Info | '[3/3] Connecté en tant que Murloc#7410 ....................................................................' | 
09:26:57 | Info | 'La commande spawnroles a été exécutée par xeit0w' | 
09:33:23 | Info | '' | 
09:33:23 | Info | '[0/3] Initialisation du bot' | 
09:33:23 | Info | '[1/3] Chargement des commandes ............................................................................' | 
09:33:23 | Info | '[CMD] Commande spawnroles chargée avec succès' | 
09:33:23 | Info | '[CMD] Commande ping chargée avec succès' | 
09:33:23 | Info | '[CMD] Commande reset chargée avec succès' | 
09:33:23 | Info | '[CMD] Commande setsound chargée avec succès' | 
09:33:23 | Info | '[CMD] Chargement des commandes terminé' | 
09:33:23 | Info | '[2/3] Chargement des Events ...............................................................................' | 
09:33:23 | Info | '[EVT] Event interactionCreate chargé avec succès' | 
09:33:23 | Info | '[EVT] Event interactionCreate chargé avec succès' | 
09:33:23 | Info | '[EVT] Event ready chargé avec succès' | 
09:33:23 | Info | '[EVT] Event voiceStateUpdate chargé avec succès' | 
09:33:23 | Info | '[EVT] Chargement des events terminé' | 
09:33:24 | Info | '[3/3] Connecté en tant que Murloc#7410 ....................................................................' | 
09:33:36 | Error | 'Erreur lors de l\'exécution de la commande spawnroles' | 
09:33:36 | Error | ({}) | 
09:34:06 | Info | '' | 
09:34:06 | Info | '[0/3] Initialisation du bot' | 
09:34:06 | Info | '[1/3] Chargement des commandes ............................................................................' | 
09:34:40 | Info | '' | 
09:34:40 | Info | '[0/3] Initialisation du bot' | 
09:34:40 | Info | '[1/3] Chargement des commandes ............................................................................' | 
09:34:40 | Info | '[CMD] Commande spawnroles chargée avec succès' | 
09:34:40 | Info | '[CMD] Commande ping chargée avec succès' | 
09:34:40 | Info | '[CMD] Commande reset chargée avec succès' | 
09:34:40 | Info | '[CMD] Commande setsound chargée avec succès' | 
09:34:40 | Info | '[CMD] Chargement des commandes terminé' | 
09:34:40 | Info | '[2/3] Chargement des Events ...............................................................................' | 
09:34:40 | Info | '[EVT] Event interactionCreate chargé avec succès' | 
09:34:40 | Info | '[EVT] Event interactionCreate chargé avec succès' | 
09:34:40 | Info | '[EVT] Event ready chargé avec succès' | 
09:34:40 | Info | '[EVT] Event voiceStateUpdate chargé avec succès' | 
09:34:40 | Info | '[EVT] Chargement des events terminé' | 
09:34:41 | Info | '[3/3] Connecté en tant que Murloc#7410 ....................................................................' | 
09:34:47 | Error | 'Erreur lors de l\'exécution de la commande spawnroles' | 
09:34:47 | Error | ({}) | 
09:36:49 | Info | '' | 
09:36:49 | Info | '[0/3] Initialisation du bot' | 
09:36:49 | Info | '[1/3] Chargement des commandes ............................................................................' | 
09:36:49 | Info | '[CMD] Commande spawnroles chargée avec succès' | 
09:36:49 | Info | '[CMD] Commande ping chargée avec succès' | 
09:36:49 | Info | '[CMD] Commande reset chargée avec succès' | 
09:36:49 | Info | '[CMD] Commande setsound chargée avec succès' | 
09:36:49 | Info | '[CMD] Chargement des commandes terminé' | 
09:36:49 | Info | '[2/3] Chargement des Events ...............................................................................' | 
09:36:49 | Info | '[EVT] Event interactionCreate chargé avec succès' | 
09:36:50 | Info | '[EVT] Event interactionCreate chargé avec succès' | 
09:36:50 | Info | '[EVT] Event ready chargé avec succès' | 
09:36:50 | Info | '[EVT] Event voiceStateUpdate chargé avec succès' | 
09:36:50 | Info | '[EVT] Chargement des events terminé' | 
09:36:51 | Info | '[3/3] Connecté en tant que Murloc#7410 ....................................................................' | 
09:37:02 | Error | 'Erreur lors de l\'exécution de la commande spawnroles' | 
09:37:02 | Error | ({}) | 
09:37:10 | Error | 'Erreur lors de l\'exécution de la commande spawnroles' | 
09:37:10 | Error | ({}) | 
09:38:48 | Info | '' | 
09:38:48 | Info | '[0/3] Initialisation du bot' | 
09:38:48 | Info | '[1/3] Chargement des commandes ............................................................................' | 
09:41:17 | Info | '' | 
09:41:17 | Info | '[0/3] Initialisation du bot' | 
09:41:17 | Info | '[1/3] Chargement des commandes ............................................................................' | 
09:41:17 | Info | '[CMD] Commande spawnroles chargée avec succès' | 
09:41:17 | Info | '[CMD] Commande ping chargée avec succès' | 
09:41:17 | Info | '[CMD] Commande reset chargée avec succès' | 
09:41:17 | Info | '[CMD] Commande setsound chargée avec succès' | 
09:41:17 | Info | '[CMD] Chargement des commandes terminé' | 
09:41:17 | Info | '[2/3] Chargement des Events ...............................................................................' | 
09:41:17 | Info | '[EVT] Event interactionCreate chargé avec succès' | 
09:41:17 | Info | '[EVT] Event interactionCreate chargé avec succès' | 
09:41:17 | Info | '[EVT] Event ready chargé avec succès' | 
09:41:17 | Info | '[EVT] Event voiceStateUpdate chargé avec succès' | 
09:41:17 | Info | '[EVT] Chargement des events terminé' | 
09:41:18 | Info | '[3/3] Connecté en tant que Murloc#7410 ....................................................................' | 
09:41:21 | Error | 'Erreur lors de l\'exécution de la commande spawnroles' | 
09:41:21 | Error | 'Class constructor RoleSelectMenuBuilder cannot be invoked without \'new\'' | 
09:41:44 | Info | '' | 
09:41:44 | Info | '[0/3] Initialisation du bot' | 
09:41:44 | Info | '[1/3] Chargement des commandes ............................................................................' | 
09:41:44 | Info | '[CMD] Commande spawnroles chargée avec succès' | 
09:41:44 | Info | '[CMD] Commande ping chargée avec succès' | 
09:41:44 | Info | '[CMD] Commande reset chargée avec succès' | 
09:41:44 | Info | '[CMD] Commande setsound chargée avec succès' | 
09:41:44 | Info | '[CMD] Chargement des commandes terminé' | 
09:41:44 | Info | '[2/3] Chargement des Events ...............................................................................' | 
09:41:44 | Info | '[EVT] Event interactionCreate chargé avec succès' | 
09:41:44 | Info | '[EVT] Event interactionCreate chargé avec succès' | 
09:41:44 | Info | '[EVT] Event ready chargé avec succès' | 
09:41:44 | Info | '[EVT] Event voiceStateUpdate chargé avec succès' | 
09:41:44 | Info | '[EVT] Chargement des events terminé' | 
09:41:46 | Info | '[3/3] Connecté en tant que Murloc#7410 ....................................................................' | 
09:41:48 | Error | 'Erreur lors de l\'exécution de la commande spawnroles' | 
09:41:48 | Error | '(intermediate value).setCustomId(...).setPlaceholder(...).setMinValue is not a function' | 
09:43:28 | Info | '' | 
09:43:28 | Info | '[0/3] Initialisation du bot' | 
09:43:28 | Info | '[1/3] Chargement des commandes ............................................................................' | 
09:43:28 | Info | '[CMD] Commande spawnroles chargée avec succès' | 
09:43:28 | Info | '[CMD] Commande ping chargée avec succès' | 
09:43:28 | Info | '[CMD] Commande reset chargée avec succès' | 
09:43:28 | Info | '[CMD] Commande setsound chargée avec succès' | 
09:43:28 | Info | '[CMD] Chargement des commandes terminé' | 
09:43:28 | Info | '[2/3] Chargement des Events ...............................................................................' | 
09:43:28 | Info | '[EVT] Event interactionCreate chargé avec succès' | 
09:43:28 | Info | '[EVT] Event interactionCreate chargé avec succès' | 
09:43:28 | Info | '[EVT] Event ready chargé avec succès' | 
09:43:28 | Info | '[EVT] Event voiceStateUpdate chargé avec succès' | 
09:43:28 | Info | '[EVT] Chargement des events terminé' | 
09:43:30 | Info | '[3/3] Connecté en tant que Murloc#7410 ....................................................................' | 
09:43:33 | Error | 'Erreur lors de l\'exécution de la commande spawnroles' | 
09:43:33 | Error | '(intermediate value).setCustomId(...).setPlaceholder(...).setMinValue is not a function' | 
09:44:09 | Info | '' | 
09:44:09 | Info | '[0/3] Initialisation du bot' | 
09:44:09 | Info | '[1/3] Chargement des commandes ............................................................................' | 
09:44:09 | Info | '[CMD] Commande spawnroles chargée avec succès' | 
09:44:09 | Info | '[CMD] Commande ping chargée avec succès' | 
09:44:09 | Info | '[CMD] Commande reset chargée avec succès' | 
09:44:09 | Info | '[CMD] Commande setsound chargée avec succès' | 
09:44:09 | Info | '[CMD] Chargement des commandes terminé' | 
09:44:09 | Info | '[2/3] Chargement des Events ...............................................................................' | 
09:44:09 | Info | '[EVT] Event interactionCreate chargé avec succès' | 
09:44:09 | Info | '[EVT] Event interactionCreate chargé avec succès' | 
09:44:09 | Info | '[EVT] Event ready chargé avec succès' | 
09:44:09 | Info | '[EVT] Event voiceStateUpdate chargé avec succès' | 
09:44:09 | Info | '[EVT] Chargement des events terminé' | 
09:44:10 | Info | '[3/3] Connecté en tant que Murloc#7410 ....................................................................' | 
09:44:18 | Info | 'La commande spawnroles a été exécutée par xeit0w' | 
12:39:38 | Info | '' | 
12:39:38 | Info | '[0/3] Initialisation du bot' | 
12:39:38 | Info | '[CMD] Commande spawnroles chargée avec succès' | 
12:39:38 | Info | '[1/3] Chargement des commandes ............................................................................' | 
12:39:38 | Info | '[CMD] Commande reset chargée avec succès' | 
12:39:38 | Info | '[CMD] Commande ping chargée avec succès' | 
12:39:38 | Info | '[CMD] Commande setsound chargée avec succès' | 
12:39:38 | Info | '[CMD] Chargement des commandes terminé' | 
12:39:38 | Info | '[EVT] Event interactionCreate chargé avec succès' | 
12:39:38 | Info | '[EVT] Event interactionCreate chargé avec succès' | 
12:39:38 | Info | '[2/3] Chargement des Events ...............................................................................' | 
12:39:38 | Info | '[EVT] Event voiceStateUpdate chargé avec succès' | 
12:39:38 | Info | '[EVT] Event ready chargé avec succès' | 
12:39:38 | Info | '[EVT] Chargement des events terminé' | 
12:39:39 | Info | '[3/3] Connecté en tant que Murloc#7410 ....................................................................' | 
12:39:45 | Error | 'Erreur lors de l\'exécution de la commande spawnroles' | 
12:39:45 | Error | 'role is not iterable' | 
12:40:11 | Info | '' | 
12:40:11 | Info | '[0/3] Initialisation du bot' | 
12:40:11 | Info | '[1/3] Chargement des commandes ............................................................................' | 
12:40:11 | Info | '[CMD] Commande spawnroles chargée avec succès' | 
12:40:11 | Info | '[CMD] Commande ping chargée avec succès' | 
12:40:11 | Info | '[CMD] Commande reset chargée avec succès' | 
12:40:11 | Info | '[CMD] Commande setsound chargée avec succès' | 
12:40:11 | Info | '[CMD] Chargement des commandes terminé' | 
12:40:11 | Info | '[2/3] Chargement des Events ...............................................................................' | 
12:40:11 | Info | '[EVT] Event interactionCreate chargé avec succès' | 
12:40:11 | Info | '[EVT] Event interactionCreate chargé avec succès' | 
12:40:11 | Info | '[EVT] Event ready chargé avec succès' | 
12:40:11 | Info | '[EVT] Event voiceStateUpdate chargé avec succès' | 
12:40:11 | Info | '[EVT] Chargement des events terminé' | 
12:40:12 | Info | '[3/3] Connecté en tant que Murloc#7410 ....................................................................' | 
12:40:15 | Error | 'Erreur lors de l\'exécution de la commande spawnroles' | 
12:40:15 | Error | 'Cannot send an empty message' | 
12:40:41 | Info | '' | 
12:40:41 | Info | '[0/3] Initialisation du bot' | 
12:40:41 | Info | '[1/3] Chargement des commandes ............................................................................' | 
12:40:41 | Info | '[CMD] Commande spawnroles chargée avec succès' | 
12:40:41 | Info | '[CMD] Commande ping chargée avec succès' | 
12:40:41 | Info | '[CMD] Commande reset chargée avec succès' | 
12:40:41 | Info | '[CMD] Commande setsound chargée avec succès' | 
12:40:41 | Info | '[CMD] Chargement des commandes terminé' | 
12:40:41 | Info | '[2/3] Chargement des Events ...............................................................................' | 
12:40:41 | Info | '[EVT] Event interactionCreate chargé avec succès' | 
12:40:41 | Info | '[EVT] Event interactionCreate chargé avec succès' | 
12:40:41 | Info | '[EVT] Event ready chargé avec succès' | 
12:40:41 | Info | '[EVT] Event voiceStateUpdate chargé avec succès' | 
12:40:41 | Info | '[EVT] Chargement des events terminé' | 
12:40:42 | Info | '[3/3] Connecté en tant que Murloc#7410 ....................................................................' | 
12:41:12 | Error | 'Erreur lors de l\'exécution de la commande spawnroles' | 
12:41:12 | Error | 'role is not iterable' | 
12:45:20 | Info | '' | 
12:45:20 | Info | '[0/3] Initialisation du bot' | 
12:45:20 | Info | '[1/3] Chargement des commandes ............................................................................' | 
12:45:20 | Info | '[CMD] Commande spawnroles chargée avec succès' | 
12:45:20 | Info | '[CMD] Commande ping chargée avec succès' | 
12:45:20 | Info | '[CMD] Commande reset chargée avec succès' | 
12:45:20 | Info | '[CMD] Commande setsound chargée avec succès' | 
12:45:20 | Info | '[CMD] Chargement des commandes terminé' | 
12:45:20 | Info | '[2/3] Chargement des Events ...............................................................................' | 
12:45:20 | Info | '[EVT] Event interactionCreate chargé avec succès' | 
12:45:20 | Info | '[EVT] Event interactionCreate chargé avec succès' | 
12:45:20 | Info | '[EVT] Event ready chargé avec succès' | 
12:45:20 | Info | '[EVT] Event voiceStateUpdate chargé avec succès' | 
12:45:20 | Info | '[EVT] Chargement des events terminé' | 
12:45:22 | Info | '[3/3] Connecté en tant que Murloc#7410 ....................................................................' | 
12:45:26 | Error | 'Erreur lors de l\'exécution de la commande spawnroles' | 
12:45:26 | Error | 'role is not iterable' | 
12:46:35 | Info | '' | 
12:46:35 | Info | '[0/3] Initialisation du bot' | 
12:46:35 | Info | '[1/3] Chargement des commandes ............................................................................' | 
12:46:35 | Info | '[CMD] Commande ping chargée avec succès' | 
12:46:35 | Info | '[CMD] Commande spawnroles chargée avec succès' | 
12:46:35 | Info | '[CMD] Commande reset chargée avec succès' | 
12:46:35 | Info | '[CMD] Commande setsound chargée avec succès' | 
12:46:35 | Info | '[2/3] Chargement des Events ...............................................................................' | 
12:46:35 | Info | '[EVT] Event interactionCreate chargé avec succès' | 
12:46:35 | Info | '[CMD] Chargement des commandes terminé' | 
12:46:35 | Info | '[EVT] Event ready chargé avec succès' | 
12:46:35 | Info | '[EVT] Event voiceStateUpdate chargé avec succès' | 
12:46:35 | Info | '[EVT] Event interactionCreate chargé avec succès' | 
12:46:35 | Info | '[EVT] Chargement des events terminé' | 
12:46:36 | Info | '[3/3] Connecté en tant que Murloc#7410 ....................................................................' | 
12:47:33 | Info | '' | 
12:47:33 | Info | '[0/3] Initialisation du bot' | 
12:47:33 | Info | '[1/3] Chargement des commandes ............................................................................' | 
12:47:33 | Info | '[CMD] Commande ping chargée avec succès' | 
12:47:33 | Info | '[CMD] Commande reset chargée avec succès' | 
12:47:33 | Info | '[CMD] Commande setsound chargée avec succès' | 
12:47:33 | Info | '[CMD] Chargement des commandes terminé' | 
12:47:33 | Info | '[2/3] Chargement des Events ...............................................................................' | 
12:47:33 | Info | '[CMD] Commande spawnroles chargée avec succès' | 
12:47:33 | Info | '[EVT] Event ready chargé avec succès' | 
12:47:33 | Info | '[EVT] Event interactionCreate chargé avec succès' | 
12:47:33 | Info | '[EVT] Event interactionCreate chargé avec succès' | 
12:47:33 | Info | '[EVT] Chargement des events terminé' | 
12:47:33 | Info | '[EVT] Event voiceStateUpdate chargé avec succès' | 
12:47:34 | Info | '[3/3] Connecté en tant que Murloc#7410 ....................................................................' | 
12:47:38 | Error | 'Erreur lors de l\'exécution de la commande spawnroles' | 
12:47:38 | Error | 'Expected a string primitive' | 
12:48:09 | Info | '' | 
12:48:09 | Info | '[0/3] Initialisation du bot' | 
12:48:09 | Info | '[1/3] Chargement des commandes ............................................................................' | 
12:48:09 | Info | '[CMD] Commande spawnroles chargée avec succès' | 
12:48:09 | Info | '[CMD] Commande ping chargée avec succès' | 
12:48:09 | Info | '[CMD] Commande reset chargée avec succès' | 
12:48:09 | Info | '[CMD] Commande setsound chargée avec succès' | 
12:48:09 | Info | '[CMD] Chargement des commandes terminé' | 
12:48:09 | Info | '[2/3] Chargement des Events ...............................................................................' | 
12:48:09 | Info | '[EVT] Event interactionCreate chargé avec succès' | 
12:48:09 | Info | '[EVT] Event interactionCreate chargé avec succès' | 
12:48:09 | Info | '[EVT] Event ready chargé avec succès' | 
12:48:09 | Info | '[EVT] Event voiceStateUpdate chargé avec succès' | 
12:48:09 | Info | '[EVT] Chargement des events terminé' | 
12:48:10 | Info | '[3/3] Connecté en tant que Murloc#7410 ....................................................................' | 
12:48:14 | Error | 'Erreur lors de l\'exécution de la commande spawnroles' | 
12:48:14 | Error | 'Expected a string primitive' | 
12:48:24 | Info | '' | 
12:48:24 | Info | '[0/3] Initialisation du bot' | 
12:48:24 | Info | '[1/3] Chargement des commandes ............................................................................' | 
12:48:24 | Info | '[CMD] Commande ping chargée avec succès' | 
12:48:24 | Info | '[CMD] Commande spawnroles chargée avec succès' | 
12:48:24 | Info | '[CMD] Commande reset chargée avec succès' | 
12:48:24 | Info | '[CMD] Commande setsound chargée avec succès' | 
12:48:24 | Info | '[CMD] Chargement des commandes terminé' | 
12:48:24 | Info | '[2/3] Chargement des Events ...............................................................................' | 
12:48:24 | Info | '[EVT] Event interactionCreate chargé avec succès' | 
12:48:24 | Info | '[EVT] Event interactionCreate chargé avec succès' | 
12:48:24 | Info | '[EVT] Event ready chargé avec succès' | 
12:48:24 | Info | '[EVT] Event voiceStateUpdate chargé avec succès' | 
12:48:24 | Info | '[EVT] Chargement des events terminé' | 
12:48:25 | Info | '[3/3] Connecté en tant que Murloc#7410 ....................................................................' | 
12:54:20 | Info | '' | 
12:54:20 | Info | '[0/3] Initialisation du bot' | 
12:54:20 | Info | '[1/3] Chargement des commandes ............................................................................' | 
12:54:20 | Info | '[CMD] Commande spawnroles chargée avec succès' | 
12:54:20 | Info | '[CMD] Commande ping chargée avec succès' | 
12:54:20 | Info | '[CMD] Commande reset chargée avec succès' | 
12:54:20 | Info | '[CMD] Commande setsound chargée avec succès' | 
12:54:20 | Info | '[CMD] Chargement des commandes terminé' | 
12:54:20 | Info | '[2/3] Chargement des Events ...............................................................................' | 
12:54:20 | Info | '[EVT] Event interactionCreate chargé avec succès' | 
12:54:20 | Info | '[EVT] Event interactionCreate chargé avec succès' | 
12:54:20 | Info | '[EVT] Event ready chargé avec succès' | 
12:54:20 | Info | '[EVT] Event voiceStateUpdate chargé avec succès' | 
12:54:20 | Info | '[EVT] Chargement des events terminé' | 
12:54:21 | Info | '[3/3] Connecté en tant que Murloc#7410 ....................................................................' | 
12:54:24 | Error | 'Erreur lors de l\'exécution de la commande spawnroles' | 
12:54:24 | Error | 'Cannot read properties of undefined (reading \'commands\')' | 
12:55:34 | Info | '' | 
12:55:34 | Info | '[0/3] Initialisation du bot' | 
12:55:34 | Info | '[1/3] Chargement des commandes ............................................................................' | 
12:55:34 | Info | '[CMD] Commande spawnroles chargée avec succès' | 
12:55:34 | Info | '[CMD] Commande reset chargée avec succès' | 
12:55:34 | Info | '[CMD] Commande setsound chargée avec succès' | 
12:55:34 | Info | '[CMD] Commande ping chargée avec succès' | 
12:55:34 | Info | '[CMD] Chargement des commandes terminé' | 
12:55:34 | Info | '[2/3] Chargement des Events ...............................................................................' | 
12:55:34 | Info | '[EVT] Event interactionCreate chargé avec succès' | 
12:55:34 | Info | '[EVT] Event ready chargé avec succès' | 
12:55:34 | Info | '[EVT] Event interactionCreate chargé avec succès' | 
12:55:34 | Info | '[EVT] Event voiceStateUpdate chargé avec succès' | 
12:55:34 | Info | '[EVT] Chargement des events terminé' | 
12:55:35 | Info | '[3/3] Connecté en tant que Murloc#7410 ....................................................................' | 
12:55:42 | Error | 'Erreur lors de l\'exécution de la commande spawnroles' | 
12:55:42 | Error | 'Cannot read properties of undefined (reading \'commands\')' | 
12:56:21 | Info | '' | 
12:56:21 | Info | '[0/3] Initialisation du bot' | 
12:56:21 | Info | '[1/3] Chargement des commandes ............................................................................' | 
12:56:21 | Info | '[CMD] Commande spawnroles chargée avec succès' | 
12:56:21 | Info | '[CMD] Commande ping chargée avec succès' | 
12:56:21 | Info | '[CMD] Commande reset chargée avec succès' | 
12:56:21 | Info | '[CMD] Commande setsound chargée avec succès' | 
12:56:21 | Info | '[CMD] Chargement des commandes terminé' | 
12:56:21 | Info | '[2/3] Chargement des Events ...............................................................................' | 
12:56:21 | Info | '[EVT] Event interactionCreate chargé avec succès' | 
12:56:21 | Info | '[EVT] Event interactionCreate chargé avec succès' | 
12:56:21 | Info | '[EVT] Event ready chargé avec succès' | 
12:56:21 | Info | '[EVT] Chargement des events terminé' | 
12:56:21 | Info | '[EVT] Event voiceStateUpdate chargé avec succès' | 
12:56:22 | Info | '[3/3] Connecté en tant que Murloc#7410 ....................................................................' | 
12:56:57 | Error | 'Erreur lors de l\'exécution de la commande spawnroles' | 
12:56:57 | Error | 'Cannot read properties of undefined (reading \'commands\')' | 
12:57:45 | Info | '' | 
12:57:45 | Info | '[0/3] Initialisation du bot' | 
12:57:45 | Info | '[1/3] Chargement des commandes ............................................................................' | 
12:57:45 | Info | '[CMD] Commande spawnroles chargée avec succès' | 
12:57:45 | Info | '[CMD] Commande ping chargée avec succès' | 
12:57:45 | Info | '[CMD] Commande reset chargée avec succès' | 
12:57:45 | Info | '[CMD] Commande setsound chargée avec succès' | 
12:57:45 | Info | '[CMD] Chargement des commandes terminé' | 
12:57:45 | Info | '[2/3] Chargement des Events ...............................................................................' | 
12:57:45 | Info | '[EVT] Event interactionCreate chargé avec succès' | 
12:57:45 | Info | '[EVT] Event interactionCreate chargé avec succès' | 
12:57:45 | Info | '[EVT] Event ready chargé avec succès' | 
12:57:45 | Info | '[EVT] Event voiceStateUpdate chargé avec succès' | 
12:57:45 | Info | '[EVT] Chargement des events terminé' | 
12:57:46 | Info | '[3/3] Connecté en tant que Murloc#7410 ....................................................................' | 
12:57:50 | Error | 'Erreur lors de l\'exécution de la commande spawnroles' | 
12:57:50 | Error | 'roles is not iterable' | 
15:49:22 | Info | '' | 
15:49:22 | Info | '[0/3] Initialisation du bot' | 
15:49:22 | Info | '[1/3] Chargement des commandes ............................................................................' | 
15:49:22 | Info | '[CMD] Commande ping chargée avec succès' | 
15:49:22 | Info | '[CMD] Commande reset chargée avec succès' | 
15:49:22 | Info | '[CMD] Commande setsound chargée avec succès' | 
15:49:22 | Info | '[CMD] Chargement des commandes terminé' | 
15:49:22 | Info | '[2/3] Chargement des Events ...............................................................................' | 
15:49:22 | Info | '[EVT] Event interactionCreate chargé avec succès' | 
15:49:22 | Info | '[EVT] Event interactionCreate chargé avec succès' | 
15:49:22 | Info | '[EVT] Event ready chargé avec succès' | 
15:49:22 | Info | '[EVT] Event voiceStateUpdate chargé avec succès' | 
15:49:22 | Info | '[EVT] Chargement des events terminé' | 
15:49:22 | Info | '[CMD] Commande spawnroles chargée avec succès' | 
15:49:23 | Info | '[3/3] Connecté en tant que Murloc#7410 ....................................................................' | 
15:52:36 | Info | '' | 
15:52:36 | Info | '[0/3] Initialisation du bot' | 
15:52:36 | Info | '[1/3] Chargement des commandes ............................................................................' | 
15:52:36 | Info | '[CMD] Commande spawnroles chargée avec succès' | 
15:52:36 | Info | '[CMD] Commande reset chargée avec succès' | 
15:52:36 | Info | '[CMD] Commande setsound chargée avec succès' | 
15:52:36 | Info | '[CMD] Chargement des commandes terminé' | 
15:52:36 | Info | '[2/3] Chargement des Events ...............................................................................' | 
15:52:36 | Info | '[EVT] Event interactionCreate chargé avec succès' | 
15:52:36 | Info | '[EVT] Event interactionCreate chargé avec succès' | 
15:52:36 | Info | '[EVT] Event ready chargé avec succès' | 
15:52:36 | Info | '[EVT] Event voiceStateUpdate chargé avec succès' | 
15:52:36 | Info | '[EVT] Chargement des events terminé' | 
15:52:36 | Info | '[CMD] Commande ping chargée avec succès' | 
15:52:37 | Info | '[3/3] Connecté en tant que Murloc#7410 ....................................................................' | 
15:53:51 | Error | 'Erreur lors de l\'exécution de la commande spawnroles' | 
15:53:51 | Error | 'Invalid Form Body\ndata.components[0].components[0].options[SELECT_COMPONENT_TOO_MANY_DEFAULT_VALUES]: The specified number of default values exceeds the specified maximum values' | 
15:54:37 | Info | '' | 
15:54:37 | Info | '[0/3] Initialisation du bot' | 
15:54:37 | Info | '[1/3] Chargement des commandes ............................................................................' | 
15:54:37 | Info | '[CMD] Commande spawnroles chargée avec succès' | 
15:54:37 | Info | '[CMD] Commande ping chargée avec succès' | 
15:54:37 | Info | '[CMD] Commande setsound chargée avec succès' | 
15:54:37 | Info | '[2/3] Chargement des Events ...............................................................................' | 
15:54:37 | Info | '[CMD] Commande reset chargée avec succès' | 
15:54:37 | Info | '[EVT] Event interactionCreate chargé avec succès' | 
15:54:37 | Info | '[CMD] Chargement des commandes terminé' | 
15:54:37 | Info | '[EVT] Event interactionCreate chargé avec succès' | 
15:54:37 | Info | '[EVT] Chargement des events terminé' | 
15:54:37 | Info | '[EVT] Event ready chargé avec succès' | 
15:54:37 | Info | '[EVT] Event voiceStateUpdate chargé avec succès' | 
15:54:38 | Info | '[3/3] Connecté en tant que Murloc#7410 ....................................................................' | 
15:54:56 | Info | 'La commande spawnroles a été exécutée par xeit0w' | 
15:55:24 | Info | '' | 
15:55:24 | Info | '[0/3] Initialisation du bot' | 
15:55:24 | Info | '[1/3] Chargement des commandes ............................................................................' | 
15:55:24 | Info | '[CMD] Commande spawnroles chargée avec succès' | 
15:55:24 | Info | '[CMD] Commande ping chargée avec succès' | 
15:55:24 | Info | '[CMD] Commande reset chargée avec succès' | 
15:55:24 | Info | '[CMD] Commande setsound chargée avec succès' | 
15:55:24 | Info | '[CMD] Chargement des commandes terminé' | 
15:55:24 | Info | '[2/3] Chargement des Events ...............................................................................' | 
15:55:24 | Info | '[EVT] Event interactionCreate chargé avec succès' | 
15:55:24 | Info | '[EVT] Event interactionCreate chargé avec succès' | 
15:55:24 | Info | '[EVT] Event ready chargé avec succès' | 
15:55:24 | Info | '[EVT] Event voiceStateUpdate chargé avec succès' | 
15:55:24 | Info | '[EVT] Chargement des events terminé' | 
15:55:25 | Info | '[3/3] Connecté en tant que Murloc#7410 ....................................................................' | 
15:55:31 | Error | 'Erreur lors de l\'exécution de la commande spawnroles' | 
15:55:31 | Error | 'Invalid Form Body\ndata.components[0].components[0].options[SELECT_COMPONENT_TOO_MANY_DEFAULT_VALUES]: The specified number of default values exceeds the specified maximum values' | 
15:57:00 | Info | '' | 
15:57:00 | Info | '[0/3] Initialisation du bot' | 
15:57:00 | Info | '[1/3] Chargement des commandes ............................................................................' | 
15:57:00 | Info | '[CMD] Commande spawnroles chargée avec succès' | 
15:57:00 | Info | '[CMD] Commande ping chargée avec succès' | 
15:57:00 | Info | '[CMD] Commande reset chargée avec succès' | 
15:57:00 | Info | '[CMD] Commande setsound chargée avec succès' | 
15:57:00 | Info | '[CMD] Chargement des commandes terminé' | 
15:57:00 | Info | '[2/3] Chargement des Events ...............................................................................' | 
15:57:00 | Info | '[EVT] Event interactionCreate chargé avec succès' | 
15:57:00 | Info | '[EVT] Event interactionCreate chargé avec succès' | 
15:57:00 | Info | '[EVT] Event ready chargé avec succès' | 
15:57:00 | Info | '[EVT] Event voiceStateUpdate chargé avec succès' | 
15:57:00 | Info | '[EVT] Chargement des events terminé' | 
15:57:01 | Info | '[3/3] Connecté en tant que Murloc#7410 ....................................................................' | 
15:57:08 | Info | 'La commande spawnroles a été exécutée par xeit0w' | 
15:57:18 | Info | '' | 
15:57:18 | Info | '[0/3] Initialisation du bot' | 
15:57:18 | Info | '[1/3] Chargement des commandes ............................................................................' | 
15:57:18 | Info | '[CMD] Commande ping chargée avec succès' | 
15:57:18 | Info | '[CMD] Commande spawnroles chargée avec succès' | 
15:57:18 | Info | '[CMD] Commande reset chargée avec succès' | 
15:57:18 | Info | '[CMD] Commande setsound chargée avec succès' | 
15:57:18 | Info | '[2/3] Chargement des Events ...............................................................................' | 
15:57:18 | Info | '[EVT] Event interactionCreate chargé avec succès' | 
15:57:18 | Info | '[EVT] Event interactionCreate chargé avec succès' | 
15:57:18 | Info | '[CMD] Chargement des commandes terminé' | 
15:57:18 | Info | '[EVT] Event voiceStateUpdate chargé avec succès' | 
15:57:18 | Info | '[EVT] Event ready chargé avec succès' | 
15:57:18 | Info | '[EVT] Chargement des events terminé' | 
15:57:19 | Info | '[3/3] Connecté en tant que Murloc#7410 ....................................................................' | 
15:57:22 | Error | 'Erreur lors de l\'exécution de la commande spawnroles' | 
15:57:22 | Error | 'Invalid Form Body\ndata.components[0].components[0].options[SELECT_COMPONENT_TOO_MANY_DEFAULT_VALUES]: The specified number of default values exceeds the specified maximum values' | 
15:57:50 | Info | '' | 
15:57:50 | Info | '[0/3] Initialisation du bot' | 
15:57:50 | Info | '[CMD] Commande ping chargée avec succès' | 
15:57:50 | Info | '[1/3] Chargement des commandes ............................................................................' | 
15:57:50 | Info | '[CMD] Commande spawnroles chargée avec succès' | 
15:57:50 | Info | '[CMD] Commande setsound chargée avec succès' | 
15:57:50 | Info | '[2/3] Chargement des Events ...............................................................................' | 
15:57:50 | Info | '[CMD] Commande reset chargée avec succès' | 
15:57:50 | Info | '[EVT] Event interactionCreate chargé avec succès' | 
15:57:50 | Info | '[EVT] Event ready chargé avec succès' | 
15:57:50 | Info | '[EVT] Event interactionCreate chargé avec succès' | 
15:57:50 | Info | '[CMD] Chargement des commandes terminé' | 
15:57:50 | Info | '[EVT] Event voiceStateUpdate chargé avec succès' | 
15:57:50 | Info | '[EVT] Chargement des events terminé' | 
15:57:51 | Info | '[3/3] Connecté en tant que Murloc#7410 ....................................................................' | 
15:57:59 | Info | 'La commande spawnroles a été exécutée par xeit0w' | 
15:59:23 | Info | '' | 
15:59:23 | Info | '[0/3] Initialisation du bot' | 
15:59:23 | Info | '[1/3] Chargement des commandes ............................................................................' | 
15:59:23 | Info | '[CMD] Commande spawnroles chargée avec succès' | 
15:59:23 | Info | '[CMD] Commande ping chargée avec succès' | 
15:59:23 | Info | '[CMD] Commande reset chargée avec succès' | 
15:59:23 | Info | '[CMD] Commande setsound chargée avec succès' | 
15:59:23 | Info | '[CMD] Chargement des commandes terminé' | 
15:59:23 | Info | '[2/3] Chargement des Events ...............................................................................' | 
15:59:23 | Info | '[EVT] Event interactionCreate chargé avec succès' | 
15:59:23 | Info | '[EVT] Event interactionCreate chargé avec succès' | 
15:59:23 | Info | '[EVT] Event ready chargé avec succès' | 
15:59:23 | Info | '[EVT] Event voiceStateUpdate chargé avec succès' | 
15:59:23 | Info | '[EVT] Chargement des events terminé' | 
15:59:24 | Info | '[3/3] Connecté en tant que Murloc#7410 ....................................................................' | 
15:59:29 | Info | 'La commande spawnroles a été exécutée par xeit0w' | 
16:00:05 | Info | '' | 
16:00:05 | Info | '[0/3] Initialisation du bot' | 
16:00:05 | Info | '[1/3] Chargement des commandes ............................................................................' | 
16:00:05 | Info | '[CMD] Commande spawnroles chargée avec succès' | 
16:00:05 | Info | '[CMD] Commande ping chargée avec succès' | 
16:00:05 | Info | '[CMD] Commande reset chargée avec succès' | 
16:00:05 | Info | '[CMD] Commande setsound chargée avec succès' | 
16:00:05 | Info | '[CMD] Chargement des commandes terminé' | 
16:00:05 | Info | '[2/3] Chargement des Events ...............................................................................' | 
16:00:05 | Info | '[EVT] Event interactionCreate chargé avec succès' | 
16:00:05 | Info | '[EVT] Event interactionCreate chargé avec succès' | 
16:00:05 | Info | '[EVT] Event ready chargé avec succès' | 
16:00:05 | Info | '[EVT] Event voiceStateUpdate chargé avec succès' | 
16:00:05 | Info | '[EVT] Chargement des events terminé' | 
16:00:07 | Info | '[3/3] Connecté en tant que Murloc#7410 ....................................................................' | 
16:00:09 | Error | 'Erreur lors de l\'exécution de la commande spawnroles' | 
16:00:09 | Error | 'Invalid Form Body\ndata.components[0].components[0].options[BASE_TYPE_MIN_LENGTH]: Must be 10 or more in length.' | 
16:00:48 | Info | '' | 
16:00:48 | Info | '[0/3] Initialisation du bot' | 
16:00:48 | Info | '[1/3] Chargement des commandes ............................................................................' | 
16:00:48 | Info | '[CMD] Commande ping chargée avec succès' | 
16:00:48 | Info | '[CMD] Commande reset chargée avec succès' | 
16:00:48 | Info | '[CMD] Commande setsound chargée avec succès' | 
16:00:48 | Info | '[CMD] Chargement des commandes terminé' | 
16:00:48 | Info | '[EVT] Event interactionCreate chargé avec succès' | 
16:00:48 | Info | '[2/3] Chargement des Events ...............................................................................' | 
16:00:48 | Info | '[CMD] Commande spawnroles chargée avec succès' | 
16:00:48 | Info | '[EVT] Event interactionCreate chargé avec succès' | 
16:00:48 | Info | '[EVT] Event ready chargé avec succès' | 
16:00:48 | Info | '[EVT] Event voiceStateUpdate chargé avec succès' | 
16:00:48 | Info | '[EVT] Chargement des events terminé' | 
16:00:49 | Info | '[3/3] Connecté en tant que Murloc#7410 ....................................................................' | 
16:00:57 | Info | 'La commande spawnroles a été exécutée par xeit0w' | 
16:02:01 | Info | '' | 
16:02:01 | Info | '[0/3] Initialisation du bot' | 
16:02:01 | Info | '[1/3] Chargement des commandes ............................................................................' | 
16:02:01 | Info | '[CMD] Commande ping chargée avec succès' | 
16:02:01 | Info | '[CMD] Commande spawnroles chargée avec succès' | 
16:02:01 | Info | '[CMD] Commande reset chargée avec succès' | 
16:02:01 | Info | '[CMD] Commande setsound chargée avec succès' | 
16:02:01 | Info | '[2/3] Chargement des Events ...............................................................................' | 
16:02:01 | Info | '[EVT] Event interactionCreate chargé avec succès' | 
16:02:01 | Info | '[EVT] Event ready chargé avec succès' | 
16:02:01 | Info | '[CMD] Chargement des commandes terminé' | 
16:02:01 | Info | '[EVT] Event interactionCreate chargé avec succès' | 
16:02:01 | Info | '[EVT] Event voiceStateUpdate chargé avec succès' | 
16:02:01 | Info | '[EVT] Chargement des events terminé' | 
16:02:02 | Info | '[3/3] Connecté en tant que Murloc#7410 ....................................................................' | 
16:02:07 | Info | 'La commande spawnroles a été exécutée par xeit0w' | 
16:04:09 | Info | '' | 
16:04:09 | Info | '[0/3] Initialisation du bot' | 
16:04:09 | Info | '[1/3] Chargement des commandes ............................................................................' | 
16:04:09 | Info | '[CMD] Commande spawnroles chargée avec succès' | 
16:04:09 | Info | '[CMD] Chargement des commandes terminé' | 
16:04:09 | Info | '[CMD] Commande setsound chargée avec succès' | 
16:04:09 | Info | '[2/3] Chargement des Events ...............................................................................' | 
16:04:09 | Info | '[EVT] Event interactionCreate chargé avec succès' | 
16:04:09 | Info | '[CMD] Commande ping chargée avec succès' | 
16:04:09 | Info | '[CMD] Commande reset chargée avec succès' | 
16:04:09 | Info | '[EVT] Event interactionCreate chargé avec succès' | 
16:04:09 | Info | '[EVT] Event voiceStateUpdate chargé avec succès' | 
16:04:09 | Info | '[EVT] Chargement des events terminé' | 
16:04:09 | Info | '[EVT] Event ready chargé avec succès' | 
16:04:11 | Info | '[3/3] Connecté en tant que Murloc#7410 ....................................................................' | 
16:04:17 | Info | 'La commande spawnroles a été exécutée par xeit0w' | 
16:06:21 | Info | '' | 
16:06:21 | Info | '[0/3] Initialisation du bot' | 
16:06:21 | Info | '[1/3] Chargement des commandes ............................................................................' | 
16:06:21 | Info | '[CMD] Commande spawnroles chargée avec succès' | 
16:06:21 | Info | '[CMD] Commande reset chargée avec succès' | 
16:06:21 | Info | '[CMD] Commande setsound chargée avec succès' | 
16:06:21 | Info | '[CMD] Chargement des commandes terminé' | 
16:06:21 | Info | '[2/3] Chargement des Events ...............................................................................' | 
16:06:21 | Info | '[EVT] Event interactionCreate chargé avec succès' | 
16:06:21 | Info | '[EVT] Event interactionCreate chargé avec succès' | 
16:06:21 | Info | '[CMD] Commande ping chargée avec succès' | 
16:06:21 | Info | '[EVT] Event voiceStateUpdate chargé avec succès' | 
16:06:21 | Info | '[EVT] Chargement des events terminé' | 
16:06:21 | Info | '[EVT] Event ready chargé avec succès' | 
16:06:22 | Info | '[3/3] Connecté en tant que Murloc#7410 ....................................................................' | 
16:06:26 | Error | 'Erreur lors de l\'exécution de la commande spawnroles' | 
16:06:26 | Error | 'interaction.send is not a function' | 
16:06:39 | Info | '' | 
16:06:39 | Info | '[0/3] Initialisation du bot' | 
16:06:39 | Info | '[1/3] Chargement des commandes ............................................................................' | 
16:06:39 | Info | '[CMD] Commande ping chargée avec succès' | 
16:06:39 | Info | '[CMD] Commande spawnroles chargée avec succès' | 
16:06:39 | Info | '[CMD] Commande reset chargée avec succès' | 
16:06:39 | Info | '[CMD] Commande setsound chargée avec succès' | 
16:06:39 | Info | '[CMD] Chargement des commandes terminé' | 
16:06:39 | Info | '[2/3] Chargement des Events ...............................................................................' | 
16:06:39 | Info | '[EVT] Event interactionCreate chargé avec succès' | 
16:06:39 | Info | '[EVT] Event voiceStateUpdate chargé avec succès' | 
16:06:39 | Info | '[EVT] Event interactionCreate chargé avec succès' | 
16:06:39 | Info | '[EVT] Chargement des events terminé' | 
16:06:39 | Info | '[EVT] Event ready chargé avec succès' | 
16:06:40 | Info | '[3/3] Connecté en tant que Murloc#7410 ....................................................................' | 
16:06:46 | Info | 'La commande spawnroles a été exécutée par xeit0w' | 
