13:53:20 | Info | 'motisma a été murlocké avec succès' | 
14:03:09 | Info | '[TIMER] Départ du chrono pour louisnemo' | 
14:03:10 | Info | 'louisnemo a été murlocké avec succès' | 
14:04:03 | Info | '[TIMER] Départ du chrono pour motisma' | 
16:38:10 | Info | '[TIMER] Départ du chrono pour celekyuto' | 
16:38:11 | Info | 'celekyuto a été murlocké avec succès' | 
17:32:44 | Info | 'louisnemo a gagné 34 xp !' | 
18:30:37 | Info | 'celekyuto a gagné 18 xp !' | 
18:30:53 | Info | '[TIMER] Départ du chrono pour celekyuto' | 
18:30:54 | Info | 'celekyuto a été murlocké avec succès' | 
19:14:14 | Info | '[TIMER] Départ du chrono pour louisnemo' | 
19:14:15 | Info | 'louisnemo a été murlocké avec succès' | 
19:28:34 | Info | 'louisnemo a gagné 2 xp !' | 
20:24:54 | Info | 'motisma a gagné 63 xp !' | 
20:25:09 | Info | '[TIMER] Le chrono est en pause pour celekyuto' | 
20:37:24 | Info | '[TIMER] Départ du chrono pour omigom' | 
20:37:25 | Info | 'omigom a été murlocké avec succès' | 
20:51:01 | Info | '[TIMER] Départ du chrono pour louisnemo' | 
20:51:03 | Info | 'louisnemo a été murlocké avec succès' | 
20:51:10 | Info | '[TIMER] Le chrono reprend pour celekyuto' | 
20:52:10 | Info | '[TIMER] Le chrono est en pause pour celekyuto' | 
20:56:37 | Info | 'louisnemo a été murlocké avec succès' | 
21:04:45 | Info | 'celekyuto a gagné 19 xp !' | 
21:05:18 | Info | 'celekyuto a été murlocké avec succès' | 
21:25:58 | Info | '[TIMER] Départ du chrono pour motisma' | 
21:25:59 | Info | 'motisma a été murlocké avec succès' | 
21:26:10 | Info | '[TIMER] Départ du chrono pour celekyuto' | 
22:33:59 | Info | '[TIMER] Départ du chrono pour louisnemo' | 
22:34:00 | Info | 'louisnemo a été murlocké avec succès' | 
22:49:05 | Info | 'motisma a gagné 13 xp !' | 
22:49:06 | Info | '[TIMER] Départ du chrono pour motisma' | 
22:49:07 | Info | 'motisma a été murlocké avec succès' | 
