00:08:14 | Info | 'wizzard08 a gagné 2 xp !' | 
01:04:15 | Info | 'louisnemo a gagné 37 xp !' | 
01:04:18 | Info | 'celekyuto a gagné 37 xp !' | 
12:18:50 | Info | 'celekyuto a été murlocké avec succès' | 
13:07:12 | Info | '[TIMER] Départ du chrono pour motisma' | 
13:07:33 | Info | 'motisma a été murlocké avec succès' | 
13:07:55 | Info | '[TIMER] Départ du chrono pour celekyuto' | 
13:41:46 | Info | '[TIMER] Départ du chrono pour louisnemo' | 
13:41:47 | Info | 'louisnemo a été murlocké avec succès' | 
16:57:40 | Info | 'celekyuto a gagné 38 xp !' | 
16:57:50 | Info | 'louisnemo a gagné 32 xp !' | 
20:52:44 | Info | 'louisnemo a été murlocké avec succès' | 
21:29:15 | Info | '[TIMER] Départ du chrono pour motisma' | 
21:29:16 | Info | 'motisma a été murlocké avec succès' | 
21:30:04 | Info | '[TIMER] Départ du chrono pour louisnemo' | 
21:35:03 | Info | '[TIMER] Départ du chrono pour d_aberggine' | 
21:35:04 | Info | 'd_aberggine a été murlocké avec succès' | 
21:39:49 | Info | 'louisnemo a gagné 1 xp !' | 
21:41:12 | Info | '[TIMER] Départ du chrono pour louisnemo' | 
21:41:13 | Info | 'louisnemo a été murlocké avec succès' | 
22:04:28 | Info | 'La commande setsound a été exécutée par louisnemo' | 
22:04:34 | Info | 'Fichier téléchargé et découpé avec succès ! sounds/louisnemo.mp3' | 
22:04:47 | Info | 'La commande setsound a été exécutée par louisnemo' | 
22:05:25 | Info | 'La commande setsound a été exécutée par louisnemo' | 
22:05:38 | Info | 'Fichier téléchargé et découpé avec succès ! sounds/louisnemo.mp3' | 
22:05:49 | Info | 'louisnemo a gagné 4 xp !' | 
22:05:50 | Info | '[TIMER] Départ du chrono pour louisnemo' | 
22:05:51 | Info | 'louisnemo a été murlocké avec succès' | 
22:49:31 | Info | '[TIMER] Départ du chrono pour xeit0w' | 
22:49:32 | Info | 'xeit0w a été murlocké avec succès' | 
23:01:59 | Info | '[TIMER] Départ du chrono pour xeit0w' | 
23:02:19 | Info | 'xeit0w a été murlocké avec succès' | 
23:10:09 | Info | 'louisnemo a gagné 10 xp !' | 
23:10:09 | Info | '[TIMER] Départ du chrono pour louisnemo' | 
23:10:10 | Info | 'louisnemo a été murlocké avec succès' | 
23:10:47 | Info | 'xeit0w a gagné 1 xp !' | 
23:10:50 | Info | '[TIMER] Départ du chrono pour xeit0w' | 
23:11:11 | Error | 'Erreur lors du murlock de xeit0w' | 
23:11:13 | Info | '[TIMER] Départ du chrono pour xeit0w' | 
23:11:18 | Info | '[TIMER] Départ du chrono pour louisnemo' | 
23:11:33 | Error | 'Erreur lors du murlock de xeit0w' | 
23:11:39 | Error | 'Erreur lors du murlock de louisnemo' | 
23:14:04 | Info | '' | 
23:14:04 | Info | '[0/3] Initialisation du bot' | 
23:14:04 | Info | '[1/3] Chargement des commandes ' | 
23:14:04 | Info | '[CMD] Commande clear chargée avec succès' | 
23:14:04 | Info | '[CMD] Commande help chargée avec succès' | 
23:14:04 | Info | '[CMD] Commande spawnroles chargée avec succès' | 
23:14:04 | Info | '[CMD] Commande ping chargée avec succès' | 
23:14:04 | Info | '[CMD] Commande leaderboard chargée avec succès' | 
23:14:04 | Info | '[CMD] Commande preview chargée avec succès' | 
23:14:04 | Info | '[CMD] Commande reset chargée avec succès' | 
23:14:04 | Info | '[CMD] Commande setsound chargée avec succès' | 
23:14:04 | Info | '[CMD] Commande stats chargée avec succès' | 
23:14:04 | Info | '[CMD] Chargement des commandes terminé' | 
23:14:04 | Info | '[2/3] Chargement des Events' | 
23:14:04 | Info | '[EVT] Event interactionCreate chargé avec succès' | 
23:14:04 | Info | '[EVT] Event interactionCreate chargé avec succès' | 
23:14:04 | Info | '[EVT] Event voiceStateUpdate chargé avec succès' | 
23:14:04 | Info | '[DB] Chargement de la base de donnée' | 
23:14:05 | Info | '[EVT] Event ready chargé avec succès' | 
23:14:05 | Info | '[EVT] Event interactionCreate chargé avec succès' | 
23:14:05 | Info | '[EVT] Event voiceStateUpdate chargé avec succès' | 
23:14:05 | Info | '[EVT] Chargement des events terminé' | 
23:14:05 | Info | '[DB] Base de donnée chargée avec succès' | 
23:14:06 | Info | '[3/3] Connecté en tant que Murloc#7410' | 
23:14:38 | Info | '[TIMER] Départ du chrono pour xeit0w' | 
23:14:46 | Info | '[TIMER] Départ du chrono pour louisnemo' | 
23:14:57 | Error | 'Erreur lors du murlock de louisnemo' | 
23:14:58 | Error | 'Erreur lors du murlock de xeit0w' | 
23:15:05 | Info | '[TIMER] Départ du chrono pour motisma' | 
23:15:05 | Info | '[TIMER] Départ du chrono pour d_aberggine' | 
23:15:32 | Info | '' | 
23:15:32 | Info | '[0/3] Initialisation du bot' | 
23:15:32 | Info | '[1/3] Chargement des commandes ' | 
23:15:32 | Info | '[CMD] Commande clear chargée avec succès' | 
23:15:32 | Info | '[CMD] Commande help chargée avec succès' | 
23:15:32 | Info | '[CMD] Commande spawnroles chargée avec succès' | 
23:15:32 | Info | '[CMD] Commande ping chargée avec succès' | 
23:15:32 | Info | '[CMD] Commande leaderboard chargée avec succès' | 
23:15:32 | Info | '[CMD] Commande preview chargée avec succès' | 
23:15:32 | Info | '[CMD] Commande reset chargée avec succès' | 
23:15:32 | Info | '[CMD] Commande setsound chargée avec succès' | 
23:15:32 | Info | '[CMD] Commande stats chargée avec succès' | 
23:15:32 | Info | '[CMD] Chargement des commandes terminé' | 
23:15:32 | Info | '[2/3] Chargement des Events' | 
23:15:32 | Info | '[EVT] Event interactionCreate chargé avec succès' | 
23:15:33 | Info | '[EVT] Event interactionCreate chargé avec succès' | 
23:15:33 | Info | '[EVT] Event voiceStateUpdate chargé avec succès' | 
23:15:33 | Info | '[DB] Chargement de la base de donnée' | 
23:15:33 | Info | '[EVT] Event ready chargé avec succès' | 
23:15:33 | Info | '[EVT] Event interactionCreate chargé avec succès' | 
23:15:33 | Info | '[EVT] Event voiceStateUpdate chargé avec succès' | 
23:15:33 | Info | '[EVT] Chargement des events terminé' | 
23:15:34 | Info | '[DB] Base de donnée chargée avec succès' | 
23:15:35 | Info | '[3/3] Connecté en tant que Murloc#7410' | 
23:15:36 | Info | '[TIMER] Départ du chrono pour louisnemo' | 
23:16:22 | Info | '' | 
23:16:22 | Info | '[0/3] Initialisation du bot' | 
23:16:22 | Info | '[1/3] Chargement des commandes ' | 
23:16:22 | Info | '[CMD] Commande clear chargée avec succès' | 
23:16:22 | Info | '[CMD] Commande help chargée avec succès' | 
23:16:22 | Info | '[CMD] Commande spawnroles chargée avec succès' | 
23:16:22 | Info | '[CMD] Commande ping chargée avec succès' | 
23:16:22 | Info | '[CMD] Commande leaderboard chargée avec succès' | 
23:16:22 | Info | '[CMD] Commande preview chargée avec succès' | 
23:16:22 | Info | '[CMD] Commande reset chargée avec succès' | 
23:16:22 | Info | '[CMD] Commande setsound chargée avec succès' | 
23:16:22 | Info | '[CMD] Commande stats chargée avec succès' | 
23:16:22 | Info | '[CMD] Chargement des commandes terminé' | 
23:16:22 | Info | '[2/3] Chargement des Events' | 
23:16:22 | Info | '[EVT] Event interactionCreate chargé avec succès' | 
23:16:22 | Info | '[EVT] Event interactionCreate chargé avec succès' | 
23:16:22 | Info | '[EVT] Event voiceStateUpdate chargé avec succès' | 
23:16:22 | Info | '[DB] Chargement de la base de donnée' | 
23:16:22 | Info | '[EVT] Event ready chargé avec succès' | 
23:16:22 | Info | '[EVT] Event interactionCreate chargé avec succès' | 
23:16:22 | Info | '[EVT] Event voiceStateUpdate chargé avec succès' | 
23:16:22 | Info | '[EVT] Chargement des events terminé' | 
23:16:23 | Info | '[DB] Base de donnée chargée avec succès' | 
23:16:24 | Info | '[3/3] Connecté en tant que Murloc#7410' | 
23:16:56 | Info | '[TIMER] Départ du chrono pour louisnemo' | 
23:17:11 | Info | '[TIMER] Départ du chrono pour xeit0w' | 
23:17:16 | Error | 'Erreur lors du murlock de louisnemo' | 
23:17:21 | Info | 'La commande preview a été exécutée par xeit0w' | 
23:17:21 | Info | 'La commande leaderboard a été exécutée par louisnemo' | 
23:17:22 | Info | '[TIMER] Départ du chrono pour motisma' | 
23:17:31 | Info | '[TIMER] Départ du chrono pour xeit0w' | 
23:17:32 | Info | 'xeit0w a été murlocké avec succès' | 
23:17:32 | Info | 'xeit0w a été murlocké avec succès' | 
23:18:12 | Info | '' | 
23:18:12 | Info | '[0/3] Initialisation du bot' | 
23:18:12 | Info | '[1/3] Chargement des commandes ' | 
23:18:12 | Info | '[CMD] Commande clear chargée avec succès' | 
23:18:12 | Info | '[CMD] Commande help chargée avec succès' | 
23:18:12 | Info | '[CMD] Commande spawnroles chargée avec succès' | 
23:18:12 | Info | '[CMD] Commande ping chargée avec succès' | 
23:18:12 | Info | '[CMD] Commande leaderboard chargée avec succès' | 
23:18:12 | Info | '[CMD] Commande preview chargée avec succès' | 
23:18:12 | Info | '[CMD] Commande reset chargée avec succès' | 
23:18:12 | Info | '[CMD] Commande setsound chargée avec succès' | 
23:18:12 | Info | '[CMD] Commande stats chargée avec succès' | 
23:18:12 | Info | '[CMD] Chargement des commandes terminé' | 
23:18:12 | Info | '[2/3] Chargement des Events' | 
23:18:12 | Info | '[EVT] Event interactionCreate chargé avec succès' | 
23:18:12 | Info | '[EVT] Event interactionCreate chargé avec succès' | 
23:18:12 | Info | '[EVT] Event voiceStateUpdate chargé avec succès' | 
23:18:12 | Info | '[DB] Chargement de la base de donnée' | 
23:18:13 | Info | '[EVT] Event ready chargé avec succès' | 
23:18:13 | Info | '[EVT] Event interactionCreate chargé avec succès' | 
23:18:13 | Info | '[EVT] Event voiceStateUpdate chargé avec succès' | 
23:18:13 | Info | '[EVT] Chargement des events terminé' | 
23:18:13 | Info | '[DB] Base de donnée chargée avec succès' | 
23:18:14 | Info | '[3/3] Connecté en tant que Murloc#7410' | 
23:18:19 | Info | '[TIMER] Départ du chrono pour louisnemo' | 
23:18:30 | Info | '[TIMER] Départ du chrono pour louisnemo' | 
23:18:40 | Info | 'louisnemo a été murlocké avec succès' | 
23:18:40 | Info | 'louisnemo a été murlocké avec succès' | 
23:19:13 | Info | '[TIMER] Départ du chrono pour xeit0w' | 
23:19:13 | Info | '[TIMER] Départ du chrono pour motisma' | 
23:20:31 | Info | '' | 
23:20:31 | Info | '[0/3] Initialisation du bot' | 
23:20:31 | Info | '[1/3] Chargement des commandes ' | 
23:20:31 | Info | '[CMD] Commande clear chargée avec succès' | 
23:20:31 | Info | '[CMD] Commande help chargée avec succès' | 
23:20:31 | Info | '[CMD] Commande spawnroles chargée avec succès' | 
23:20:31 | Info | '[CMD] Commande ping chargée avec succès' | 
23:20:31 | Info | '[CMD] Commande leaderboard chargée avec succès' | 
23:20:31 | Info | '[CMD] Commande preview chargée avec succès' | 
23:20:31 | Info | '[CMD] Commande reset chargée avec succès' | 
23:20:31 | Info | '[CMD] Commande setsound chargée avec succès' | 
23:20:31 | Info | '[CMD] Commande stats chargée avec succès' | 
23:20:31 | Info | '[CMD] Chargement des commandes terminé' | 
23:20:31 | Info | '[2/3] Chargement des Events' | 
23:20:31 | Info | '[EVT] Event interactionCreate chargé avec succès' | 
23:20:31 | Info | '[EVT] Event interactionCreate chargé avec succès' | 
23:20:31 | Info | '[EVT] Event voiceStateUpdate chargé avec succès' | 
23:20:31 | Info | '[DB] Chargement de la base de donnée' | 
23:20:32 | Info | '[EVT] Event ready chargé avec succès' | 
23:20:32 | Info | '[EVT] Event interactionCreate chargé avec succès' | 
23:20:32 | Info | '[EVT] Event voiceStateUpdate chargé avec succès' | 
23:20:32 | Info | '[EVT] Chargement des events terminé' | 
23:20:32 | Info | '[DB] Base de donnée chargée avec succès' | 
23:20:33 | Info | '[3/3] Connecté en tant que Murloc#7410' | 
23:20:43 | Info | '[TIMER] Départ du chrono pour louisnemo' | 
23:22:39 | Info | '' | 
23:22:39 | Info | '[0/3] Initialisation du bot' | 
23:22:39 | Info | '[1/3] Chargement des commandes ' | 
23:22:39 | Info | '[CMD] Commande clear chargée avec succès' | 
23:22:39 | Info | '[CMD] Commande help chargée avec succès' | 
23:22:39 | Info | '[CMD] Commande spawnroles chargée avec succès' | 
23:22:39 | Info | '[CMD] Commande ping chargée avec succès' | 
23:22:39 | Info | '[CMD] Commande leaderboard chargée avec succès' | 
23:22:39 | Info | '[CMD] Commande preview chargée avec succès' | 
23:22:39 | Info | '[CMD] Commande reset chargée avec succès' | 
23:22:39 | Info | '[CMD] Commande setsound chargée avec succès' | 
23:22:39 | Info | '[CMD] Commande stats chargée avec succès' | 
23:22:39 | Info | '[CMD] Chargement des commandes terminé' | 
23:22:39 | Info | '[2/3] Chargement des Events' | 
23:22:39 | Info | '[EVT] Event interactionCreate chargé avec succès' | 
23:22:39 | Info | '[EVT] Event interactionCreate chargé avec succès' | 
23:22:39 | Info | '[EVT] Event voiceStateUpdate chargé avec succès' | 
23:22:39 | Info | '[DB] Chargement de la base de donnée' | 
23:22:40 | Info | '[EVT] Event ready chargé avec succès' | 
23:22:40 | Info | '[EVT] Event interactionCreate chargé avec succès' | 
23:22:40 | Info | '[EVT] Event voiceStateUpdate chargé avec succès' | 
23:22:40 | Info | '[EVT] Chargement des events terminé' | 
23:22:40 | Info | '[DB] Base de donnée chargée avec succès' | 
23:22:42 | Info | '[3/3] Connecté en tant que Murloc#7410' | 
23:22:47 | Info | '[TIMER] Départ du chrono pour xeit0w' | 
23:23:03 | Info | '[TIMER] Départ du chrono pour louisnemo' | 
23:23:09 | Info | 'xeit0w a été murlocké avec succès' | 
23:23:09 | Info | 'louisnemo a été murlocké avec succès' | 
23:23:28 | Info | 'La commande setsound a été exécutée par louisnemo' | 
23:23:40 | Info | '[TIMER] Départ du chrono pour motisma' | 
23:25:56 | Info | '' | 
23:25:56 | Info | '[0/3] Initialisation du bot' | 
23:25:56 | Info | '[1/3] Chargement des commandes ' | 
23:25:56 | Info | '[CMD] Commande clear chargée avec succès' | 
23:25:56 | Info | '[CMD] Commande help chargée avec succès' | 
23:25:56 | Info | '[CMD] Commande spawnroles chargée avec succès' | 
23:25:56 | Info | '[CMD] Commande ping chargée avec succès' | 
23:25:56 | Info | '[CMD] Commande leaderboard chargée avec succès' | 
23:25:56 | Info | '[CMD] Commande preview chargée avec succès' | 
23:25:56 | Info | '[CMD] Commande reset chargée avec succès' | 
23:25:56 | Info | '[CMD] Commande setsound chargée avec succès' | 
23:25:56 | Info | '[CMD] Commande stats chargée avec succès' | 
23:25:56 | Info | '[CMD] Chargement des commandes terminé' | 
23:25:56 | Info | '[2/3] Chargement des Events' | 
23:25:56 | Info | '[EVT] Event interactionCreate chargé avec succès' | 
23:25:56 | Info | '[EVT] Event interactionCreate chargé avec succès' | 
23:25:56 | Info | '[EVT] Event voiceStateUpdate chargé avec succès' | 
23:25:57 | Info | '[DB] Chargement de la base de donnée' | 
23:25:57 | Info | '[EVT] Event ready chargé avec succès' | 
23:25:57 | Info | '[EVT] Event interactionCreate chargé avec succès' | 
23:25:57 | Info | '[EVT] Event voiceStateUpdate chargé avec succès' | 
23:25:57 | Info | '[EVT] Chargement des events terminé' | 
23:25:58 | Info | '[DB] Base de donnée chargée avec succès' | 
23:25:59 | Info | '[3/3] Connecté en tant que Murloc#7410' | 
23:26:14 | Info | '[TIMER] Départ du chrono pour xeit0w' | 
23:26:15 | Info | 'xeit0w a été murlocké avec succès' | 
23:26:57 | Info | '[TIMER] Départ du chrono pour louisnemo' | 
23:26:57 | Info | '[TIMER] Départ du chrono pour motisma' | 
23:27:07 | Info | '[TIMER] Départ du chrono pour louisnemo' | 
23:27:08 | Error | 'Erreur lors du murlock de louisnemo' | 
23:27:19 | Info | '[TIMER] Départ du chrono pour xeit0w' | 
23:27:20 | Info | 'xeit0w a été murlocké avec succès' | 
23:27:26 | Info | 'La commande setsound a été exécutée par louisnemo' | 
23:27:35 | Info | 'Fichier téléchargé et découpé avec succès ! sounds/louisnemo.mp3' | 
23:27:44 | Info | '[TIMER] Départ du chrono pour louisnemo' | 
23:27:45 | Info | 'louisnemo a été murlocké avec succès' | 
23:32:57 | Info | '[TIMER] Le chrono est en pause pour xeit0w' | 
