01:07:46 | Info | '[TIMER] Départ du chrono pour motisma' | 
01:07:47 | Info | 'motisma a été murlocké avec succès' | 
01:14:24 | Info | 'd_aberggine a gagné 15 xp !' | 
02:49:59 | Info | 'motisma a gagné 17 xp !' | 
02:52:46 | Info | 'kkdours a gagné 32 xp !' | 
02:52:46 | Info | '%s est passé niveau 12 !' | 
02:52:49 | Info | 'cumplex a gagné 31 xp !' | 
02:52:49 | Info | '%s est passé niveau 9 !' | 
15:10:57 | Info | 'motisma a été murlocké avec succès' | 
15:11:11 | Info | '[TIMER] Départ du chrono pour louisnemo' | 
15:11:12 | Info | 'louisnemo a été murlocké avec succès' | 
15:12:02 | Info | '[TIMER] Départ du chrono pour motisma' | 
15:12:43 | Info | '[TIMER] Départ du chrono pour d_aberggine' | 
15:12:44 | Info | 'd_aberggine a été murlocké avec succès' | 
15:16:36 | Info | '[TIMER] Départ du chrono pour kkdours' | 
15:16:37 | Info | 'kkdours a été murlocké avec succès' | 
15:45:08 | Info | '[TIMER] Départ du chrono pour booddle' | 
15:45:09 | Info | 'booddle a été murlocké avec succès' | 
17:17:49 | Info | 'motisma a gagné 20 xp !' | 
17:48:30 | Info | 'd_aberggine a gagné 25 xp !' | 
17:48:51 | Info | 'La commande stats a été exécutée par d_aberggine' | 
18:34:47 | Info | 'kkdours a gagné 33 xp !' | 
18:34:49 | Info | 'louisnemo a gagné 33 xp !' | 
22:13:16 | Info | 'motisma a été murlocké avec succès' | 
22:19:24 | Info | '[TIMER] Départ du chrono pour d_aberggine' | 
22:19:25 | Info | 'd_aberggine a été murlocké avec succès' | 
22:19:27 | Info | '[TIMER] Départ du chrono pour kkdours' | 
22:19:28 | Info | 'kkdours a été murlocké avec succès' | 
22:20:09 | Info | '[TIMER] Départ du chrono pour motisma' | 
22:32:23 | Info | '[TIMER] Départ du chrono pour cumplex' | 
22:32:24 | Info | 'cumplex a été murlocké avec succès' | 
22:58:54 | Info | 'd_aberggine a gagné 6 xp !' | 
