00:16:20 | Info | 'd_aberggine a gagné 16 xp !' | 
02:44:44 | Info | 'motisma a gagné 54 xp !' | 
02:44:44 | Info | 'cumplex a gagné 28 xp !' | 
15:03:27 | Info | 'motisma a été murlocké avec succès' | 
15:29:28 | Info | '[TIMER] Départ du chrono pour kkdours' | 
15:29:29 | Info | 'kkdours a été murlocké avec succès' | 
15:29:56 | Info | '[TIMER] Départ du chrono pour motisma' | 
15:46:11 | Info | '[TIMER] Départ du chrono pour d_aberggine' | 
15:46:12 | Info | 'd_aberggine a été murlocké avec succès' | 
17:51:23 | Info | '' | 
17:51:23 | Info | '[0/3] Initialisation du bot' | 
17:51:23 | Info | '[1/3] Chargement des commandes ' | 
17:51:23 | Info | '[CMD] Commande clear chargée avec succès' | 
17:51:23 | Info | '[CMD] Commande help chargée avec succès' | 
17:51:23 | Info | '[CMD] Commande spawnroles chargée avec succès' | 
17:51:23 | Info | '[CMD] Commande ping chargée avec succès' | 
17:51:23 | Info | '[CMD] Commande leaderboard chargée avec succès' | 
17:51:23 | Info | '[CMD] Commande preview chargée avec succès' | 
17:51:23 | Info | '[CMD] Commande reset chargée avec succès' | 
17:51:23 | Info | '[CMD] Commande setsound chargée avec succès' | 
17:51:23 | Info | '[CMD] Commande stats chargée avec succès' | 
17:51:23 | Info | '[CMD] Chargement des commandes terminé' | 
17:51:23 | Info | '[2/3] Chargement des Events' | 
17:51:23 | Info | '[EVT] Event interactionCreate chargé avec succès' | 
17:51:23 | Info | '[EVT] Event interactionCreate chargé avec succès' | 
17:51:23 | Info | '[EVT] Event voiceStateUpdate chargé avec succès' | 
17:51:24 | Info | '[DB] Chargement de la base de donnée' | 
17:51:25 | Info | '[EVT] Event ready chargé avec succès' | 
17:51:25 | Info | '[EVT] Event interactionCreate chargé avec succès' | 
17:51:25 | Info | '[EVT] Event voiceStateUpdate chargé avec succès' | 
17:51:25 | Info | '[EVT] Chargement des events terminé' | 
17:51:26 | Info | '[DB] Base de donnée chargée avec succès' | 
17:51:27 | Info | '[3/3] Connecté en tant que Murloc#7410' | 
17:52:25 | Info | '[TIMER] Départ du chrono pour motisma' | 
17:52:25 | Info | '[TIMER] Départ du chrono pour kkdours' | 
17:55:23 | Info | 'La commande leaderboard a été exécutée par xeit0w' | 
17:55:40 | Info | 'La commande stats a été exécutée par xeit0w' | 
17:59:35 | Info | 'kkdours a gagné 1 xp !' | 
18:00:00 | Info | '[TIMER] Départ du chrono pour kkdours' | 
18:00:01 | Info | 'kkdours a été murlocké avec succès' | 
19:41:22 | Info | 'motisma a gagné 18 xp !' | 
19:41:27 | Info | '[TIMER] Le chrono est en pause pour kkdours' | 
20:12:00 | Info | '[TIMER] Départ du chrono pour d_aberggine' | 
20:12:01 | Info | 'd_aberggine a été murlocké avec succès' | 
20:12:27 | Info | '[TIMER] Le chrono reprend pour kkdours' | 
20:13:34 | Info | 'kkdours a gagné 17 xp !' | 
20:52:58 | Info | 'kkdours a été murlocké avec succès' | 
20:55:37 | Info | '[TIMER] Départ du chrono pour d_aberggine' | 
20:55:38 | Info | 'd_aberggine a été murlocké avec succès' | 
20:56:28 | Info | '[TIMER] Départ du chrono pour kkdours' | 
20:57:07 | Info | '[TIMER] Départ du chrono pour motisma' | 
20:57:08 | Info | 'motisma a été murlocké avec succès' | 
21:23:27 | Info | '[TIMER] Départ du chrono pour xeit0w' | 
21:23:28 | Info | 'xeit0w a été murlocké avec succès' | 
21:28:53 | Info | 'La commande stats a été exécutée par xeit0w' | 
21:28:59 | Info | 'La commande leaderboard a été exécutée par xeit0w' | 
21:31:14 | Info | 'xeit0w a gagné 1 xp !' | 
21:41:23 | Info | 'd_aberggine a gagné 7 xp !' | 
22:08:03 | Info | '[TIMER] Départ du chrono pour celekyuto' | 
22:08:04 | Info | 'celekyuto a été murlocké avec succès' | 
22:49:52 | Info | '[TIMER] Départ du chrono pour louisnemo' | 
22:49:53 | Info | 'louisnemo a été murlocké avec succès' | 
23:47:13 | Info | '[TIMER] Départ du chrono pour cumplex' | 
23:47:14 | Info | 'cumplex a été murlocké avec succès' | 
