11:31:56 | Info | '' | 
11:31:56 | Info | '[0/3] Initialisation du bot' | 
11:31:56 | Info | '[1/3] Chargement des commandes ' | 
11:31:56 | Info | '[CMD] Commande clear chargée avec succès' | 
11:31:56 | Info | '[CMD] Commande help chargée avec succès' | 
11:31:56 | Info | '[CMD] Commande spawnroles chargée avec succès' | 
11:31:56 | Info | '[CMD] Commande ping chargée avec succès' | 
11:31:56 | Info | '[CMD] Commande leaderboard chargée avec succès' | 
11:31:56 | Info | '[CMD] Commande preview chargée avec succès' | 
11:31:56 | Info | '[CMD] Commande reset chargée avec succès' | 
11:31:56 | Info | '[CMD] Commande setsound chargée avec succès' | 
11:31:56 | Info | '[CMD] Commande stats chargée avec succès' | 
11:31:56 | Info | '[CMD] Chargement des commandes terminé' | 
11:31:56 | Info | '[2/3] Chargement des Events' | 
11:31:56 | Info | '[EVT] Event interactionCreate chargé avec succès' | 
11:31:56 | Info | '[EVT] Event interactionCreate chargé avec succès' | 
11:31:56 | Info | '[EVT] Event voiceStateUpdate chargé avec succès' | 
11:31:56 | Info | '[DB] Chargement de la base de donnée' | 
11:31:56 | Info | '[EVT] Event ready chargé avec succès' | 
11:31:56 | Info | '[EVT] Event interactionCreate chargé avec succès' | 
11:31:56 | Info | '[EVT] Event voiceStateUpdate chargé avec succès' | 
11:31:56 | Info | '[EVT] Chargement des events terminé' | 
11:31:57 | Info | '[DB] Base de donnée chargée avec succès' | 
11:31:58 | Info | '[3/3] Connecté en tant que Murloc#7410' | 
11:32:02 | Info | 'xeit0w a été murlocké avec succès' | 
12:10:08 | Info | '' | 
12:10:08 | Info | '[0/3] Initialisation du bot' | 
12:10:08 | Info | '[1/3] Chargement des commandes ' | 
12:10:08 | Info | '[CMD] Commande clear chargée avec succès' | 
12:10:08 | Info | '[CMD] Commande help chargée avec succès' | 
12:10:08 | Info | '[CMD] Commande spawnroles chargée avec succès' | 
12:10:08 | Info | '[CMD] Commande ping chargée avec succès' | 
12:10:08 | Info | '[CMD] Commande leaderboard chargée avec succès' | 
12:10:08 | Info | '[CMD] Commande preview chargée avec succès' | 
12:10:08 | Info | '[CMD] Commande reset chargée avec succès' | 
12:10:08 | Info | '[CMD] Commande setsound chargée avec succès' | 
12:10:08 | Info | '[CMD] Commande stats chargée avec succès' | 
12:10:08 | Info | '[CMD] Chargement des commandes terminé' | 
12:10:08 | Info | '[2/3] Chargement des Events' | 
12:10:08 | Info | '[EVT] Event interactionCreate chargé avec succès' | 
12:10:08 | Info | '[EVT] Event interactionCreate chargé avec succès' | 
12:10:08 | Info | '[EVT] Event voiceStateUpdate chargé avec succès' | 
12:10:08 | Info | '[DB] Chargement de la base de donnée' | 
12:10:09 | Info | '[EVT] Event ready chargé avec succès' | 
12:10:09 | Info | '[EVT] Event interactionCreate chargé avec succès' | 
12:10:09 | Info | '[EVT] Event voiceStateUpdate chargé avec succès' | 
12:10:09 | Info | '[EVT] Chargement des events terminé' | 
12:10:09 | Info | '[DB] Base de donnée chargée avec succès' | 
12:10:10 | Info | '[3/3] Connecté en tant que Murloc#7410' | 
12:15:16 | Info | '' | 
12:15:16 | Info | '[0/3] Initialisation du bot' | 
12:15:16 | Info | '[1/3] Chargement des commandes ' | 
12:15:16 | Info | '[CMD] Commande clear chargée avec succès' | 
12:15:16 | Info | '[CMD] Commande help chargée avec succès' | 
12:15:16 | Info | '[CMD] Commande spawnroles chargée avec succès' | 
12:15:16 | Info | '[CMD] Commande ping chargée avec succès' | 
12:15:16 | Info | '[CMD] Commande leaderboard chargée avec succès' | 
12:15:16 | Info | '[CMD] Commande preview chargée avec succès' | 
12:15:16 | Info | '[CMD] Commande reset chargée avec succès' | 
12:15:16 | Info | '[CMD] Commande setsound chargée avec succès' | 
12:15:16 | Info | '[CMD] Commande stats chargée avec succès' | 
12:15:16 | Info | '[CMD] Chargement des commandes terminé' | 
12:15:16 | Info | '[2/3] Chargement des Events' | 
12:15:16 | Info | '[EVT] Event interactionCreate chargé avec succès' | 
12:15:16 | Info | '[EVT] Event interactionCreate chargé avec succès' | 
12:15:16 | Info | '[EVT] Event voiceStateUpdate chargé avec succès' | 
12:15:16 | Info | '[DB] Chargement de la base de donnée' | 
12:15:17 | Info | '[EVT] Event ready chargé avec succès' | 
12:15:17 | Info | '[EVT] Event interactionCreate chargé avec succès' | 
12:15:17 | Info | '[EVT] Event voiceStateUpdate chargé avec succès' | 
12:15:17 | Info | '[EVT] Chargement des events terminé' | 
12:15:17 | Info | '[DB] Base de donnée chargée avec succès' | 
12:15:18 | Info | '[3/3] Connecté en tant que Murloc#7410' | 
12:22:27 | Info | '' | 
12:22:27 | Info | '[0/3] Initialisation du bot' | 
12:22:27 | Info | '[1/3] Chargement des commandes ' | 
12:22:27 | Info | '[CMD] Commande clear chargée avec succès' | 
12:22:27 | Info | '[CMD] Commande help chargée avec succès' | 
12:22:27 | Info | '[CMD] Commande spawnroles chargée avec succès' | 
12:22:27 | Info | '[CMD] Commande ping chargée avec succès' | 
12:22:27 | Info | '[CMD] Commande leaderboard chargée avec succès' | 
12:22:27 | Info | '[CMD] Commande preview chargée avec succès' | 
12:22:27 | Info | '[CMD] Commande reset chargée avec succès' | 
12:22:27 | Info | '[CMD] Commande setsound chargée avec succès' | 
12:22:27 | Info | '[CMD] Commande stats chargée avec succès' | 
12:22:27 | Info | '[CMD] Chargement des commandes terminé' | 
12:22:27 | Info | '[2/3] Chargement des Events' | 
12:22:27 | Info | '[EVT] Event interactionCreate chargé avec succès' | 
12:22:27 | Info | '[EVT] Event interactionCreate chargé avec succès' | 
12:22:27 | Info | '[EVT] Event voiceStateUpdate chargé avec succès' | 
12:22:27 | Info | '[DB] Chargement de la base de donnée' | 
12:22:28 | Info | '[EVT] Event ready chargé avec succès' | 
12:22:28 | Info | '[EVT] Event interactionCreate chargé avec succès' | 
12:22:28 | Info | '[EVT] Event voiceStateUpdate chargé avec succès' | 
12:22:28 | Info | '[EVT] Chargement des events terminé' | 
12:22:28 | Info | '[DB] Base de donnée chargée avec succès' | 
12:22:29 | Info | '[3/3] Connecté en tant que Murloc#7410' | 
12:24:16 | Info | '' | 
12:24:16 | Info | '[0/3] Initialisation du bot' | 
12:24:16 | Info | '[1/3] Chargement des commandes ' | 
12:24:16 | Info | '[CMD] Commande clear chargée avec succès' | 
12:24:16 | Info | '[CMD] Commande help chargée avec succès' | 
12:24:16 | Info | '[CMD] Commande spawnroles chargée avec succès' | 
12:24:16 | Info | '[CMD] Commande ping chargée avec succès' | 
12:24:16 | Info | '[CMD] Commande leaderboard chargée avec succès' | 
12:24:16 | Info | '[CMD] Commande preview chargée avec succès' | 
12:24:16 | Info | '[CMD] Commande reset chargée avec succès' | 
12:24:16 | Info | '[CMD] Commande setsound chargée avec succès' | 
12:24:16 | Info | '[CMD] Commande stats chargée avec succès' | 
12:24:16 | Info | '[CMD] Chargement des commandes terminé' | 
12:24:16 | Info | '[2/3] Chargement des Events' | 
12:24:16 | Info | '[EVT] Event interactionCreate chargé avec succès' | 
12:24:16 | Info | '[EVT] Event interactionCreate chargé avec succès' | 
12:24:16 | Info | '[EVT] Event voiceStateUpdate chargé avec succès' | 
12:24:16 | Info | '[DB] Chargement de la base de donnée' | 
12:24:17 | Info | '[EVT] Event ready chargé avec succès' | 
12:24:17 | Info | '[EVT] Event interactionCreate chargé avec succès' | 
12:24:17 | Info | '[EVT] Event voiceStateUpdate chargé avec succès' | 
12:24:17 | Info | '[EVT] Chargement des events terminé' | 
12:24:17 | Info | '[DB] Base de donnée chargée avec succès' | 
12:24:18 | Info | '[3/3] Connecté en tant que Murloc#7410' | 
12:27:00 | Info | '' | 
12:27:00 | Info | '[0/3] Initialisation du bot' | 
12:27:00 | Info | '[1/3] Chargement des commandes ' | 
12:27:01 | Info | '[CMD] Commande clear chargée avec succès' | 
12:27:01 | Info | '[CMD] Commande help chargée avec succès' | 
12:27:01 | Info | '[CMD] Commande spawnroles chargée avec succès' | 
12:27:01 | Info | '[CMD] Commande ping chargée avec succès' | 
12:27:01 | Info | '[CMD] Commande leaderboard chargée avec succès' | 
12:27:01 | Info | '[CMD] Commande preview chargée avec succès' | 
12:27:01 | Info | '[CMD] Commande reset chargée avec succès' | 
12:27:01 | Info | '[CMD] Commande setsound chargée avec succès' | 
12:27:01 | Info | '[CMD] Commande stats chargée avec succès' | 
12:27:01 | Info | '[CMD] Chargement des commandes terminé' | 
12:27:01 | Info | '[2/3] Chargement des Events' | 
12:27:01 | Info | '[EVT] Event interactionCreate chargé avec succès' | 
12:27:01 | Info | '[EVT] Event interactionCreate chargé avec succès' | 
12:27:01 | Info | '[EVT] Event voiceStateUpdate chargé avec succès' | 
12:27:01 | Info | '[DB] Chargement de la base de donnée' | 
12:27:01 | Info | '[EVT] Event ready chargé avec succès' | 
12:27:01 | Info | '[EVT] Event interactionCreate chargé avec succès' | 
12:27:01 | Info | '[EVT] Event voiceStateUpdate chargé avec succès' | 
12:27:01 | Info | '[EVT] Chargement des events terminé' | 
12:27:02 | Info | '[DB] Base de donnée chargée avec succès' | 
12:27:03 | Info | '[3/3] Connecté en tant que Murloc#7410' | 
12:27:19 | Info | '' | 
12:27:19 | Info | '[0/3] Initialisation du bot' | 
12:27:19 | Info | '[1/3] Chargement des commandes ' | 
12:27:19 | Info | '[CMD] Commande clear chargée avec succès' | 
12:27:19 | Info | '[CMD] Commande help chargée avec succès' | 
12:27:19 | Info | '[CMD] Commande spawnroles chargée avec succès' | 
12:27:19 | Info | '[CMD] Commande ping chargée avec succès' | 
12:27:19 | Info | '[CMD] Commande leaderboard chargée avec succès' | 
12:27:19 | Info | '[CMD] Commande preview chargée avec succès' | 
12:27:19 | Info | '[CMD] Commande reset chargée avec succès' | 
12:27:19 | Info | '[CMD] Commande setsound chargée avec succès' | 
12:27:19 | Info | '[CMD] Commande stats chargée avec succès' | 
12:27:19 | Info | '[CMD] Chargement des commandes terminé' | 
12:27:19 | Info | '[2/3] Chargement des Events' | 
12:27:19 | Info | '[EVT] Event interactionCreate chargé avec succès' | 
12:27:19 | Info | '[EVT] Event interactionCreate chargé avec succès' | 
12:27:19 | Info | '[EVT] Event voiceStateUpdate chargé avec succès' | 
12:27:20 | Info | '[DB] Chargement de la base de donnée' | 
12:27:20 | Info | '[EVT] Event ready chargé avec succès' | 
12:27:20 | Info | '[EVT] Event interactionCreate chargé avec succès' | 
12:27:20 | Info | '[EVT] Event voiceStateUpdate chargé avec succès' | 
12:27:20 | Info | '[EVT] Chargement des events terminé' | 
12:27:21 | Info | '[DB] Base de donnée chargée avec succès' | 
12:27:21 | Info | '[3/3] Connecté en tant que Murloc#7410' | 
12:28:35 | Info | '' | 
12:28:35 | Info | '[0/3] Initialisation du bot' | 
12:28:35 | Info | '[1/3] Chargement des commandes ' | 
12:28:35 | Info | '[CMD] Commande clear chargée avec succès' | 
12:28:35 | Info | '[CMD] Commande help chargée avec succès' | 
12:28:35 | Info | '[CMD] Commande spawnroles chargée avec succès' | 
12:28:35 | Info | '[CMD] Commande ping chargée avec succès' | 
12:28:35 | Info | '[CMD] Commande leaderboard chargée avec succès' | 
12:28:35 | Info | '[CMD] Commande preview chargée avec succès' | 
12:28:35 | Info | '[CMD] Commande reset chargée avec succès' | 
12:28:35 | Info | '[CMD] Commande setsound chargée avec succès' | 
12:28:35 | Info | '[CMD] Commande stats chargée avec succès' | 
12:28:35 | Info | '[CMD] Chargement des commandes terminé' | 
12:28:35 | Info | '[2/3] Chargement des Events' | 
12:28:35 | Info | '[EVT] Event interactionCreate chargé avec succès' | 
12:28:35 | Info | '[EVT] Event interactionCreate chargé avec succès' | 
12:28:35 | Info | '[EVT] Event voiceStateUpdate chargé avec succès' | 
12:28:35 | Info | '[DB] Chargement de la base de donnée' | 
12:28:35 | Info | '[EVT] Event ready chargé avec succès' | 
12:28:35 | Info | '[EVT] Event interactionCreate chargé avec succès' | 
12:28:35 | Info | '[EVT] Event voiceStateUpdate chargé avec succès' | 
12:28:35 | Info | '[EVT] Chargement des events terminé' | 
12:28:36 | Info | '[DB] Base de donnée chargée avec succès' | 
12:28:37 | Info | '[3/3] Connecté en tant que Murloc#7410' | 
12:31:32 | Info | '' | 
12:31:32 | Info | '[0/3] Initialisation du bot' | 
12:31:32 | Info | '[1/3] Chargement des commandes ' | 
12:31:32 | Info | '[CMD] Commande clear chargée avec succès' | 
12:31:32 | Info | '[CMD] Commande help chargée avec succès' | 
12:31:32 | Info | '[CMD] Commande spawnroles chargée avec succès' | 
12:31:32 | Info | '[CMD] Commande ping chargée avec succès' | 
12:31:32 | Info | '[CMD] Commande leaderboard chargée avec succès' | 
12:31:32 | Info | '[CMD] Commande preview chargée avec succès' | 
12:31:32 | Info | '[CMD] Commande reset chargée avec succès' | 
12:31:32 | Info | '[CMD] Commande setsound chargée avec succès' | 
12:31:32 | Info | '[CMD] Commande stats chargée avec succès' | 
12:31:32 | Info | '[CMD] Chargement des commandes terminé' | 
12:31:32 | Info | '[2/3] Chargement des Events' | 
12:31:32 | Info | '[EVT] Event interactionCreate chargé avec succès' | 
12:31:32 | Info | '[EVT] Event interactionCreate chargé avec succès' | 
12:31:32 | Info | '[EVT] Event voiceStateUpdate chargé avec succès' | 
12:31:32 | Info | '[DB] Chargement de la base de donnée' | 
12:31:33 | Info | '[EVT] Event ready chargé avec succès' | 
12:31:33 | Info | '[EVT] Event interactionCreate chargé avec succès' | 
12:31:33 | Info | '[EVT] Event voiceStateUpdate chargé avec succès' | 
12:31:33 | Info | '[EVT] Chargement des events terminé' | 
12:31:33 | Info | '[DB] Base de donnée chargée avec succès' | 
12:31:34 | Info | '[3/3] Connecté en tant que Murloc#7410' | 
12:40:04 | Info | '' | 
12:40:04 | Info | '[0/3] Initialisation du bot' | 
12:40:04 | Info | '[1/3] Chargement des commandes ' | 
12:40:04 | Info | '[CMD] Commande clear chargée avec succès' | 
12:40:04 | Info | '[CMD] Commande help chargée avec succès' | 
12:40:04 | Info | '[CMD] Commande spawnroles chargée avec succès' | 
12:40:04 | Info | '[CMD] Commande ping chargée avec succès' | 
12:40:04 | Info | '[CMD] Commande leaderboard chargée avec succès' | 
12:40:04 | Info | '[CMD] Commande preview chargée avec succès' | 
12:40:04 | Info | '[CMD] Commande reset chargée avec succès' | 
12:40:04 | Info | '[CMD] Commande setsound chargée avec succès' | 
12:40:04 | Info | '[CMD] Commande stats chargée avec succès' | 
12:40:04 | Info | '[CMD] Chargement des commandes terminé' | 
12:40:04 | Info | '[2/3] Chargement des Events' | 
12:40:04 | Info | '[EVT] Event interactionCreate chargé avec succès' | 
12:40:04 | Info | '[EVT] Event interactionCreate chargé avec succès' | 
12:40:04 | Info | '[EVT] Event voiceStateUpdate chargé avec succès' | 
12:40:05 | Info | '[DB] Chargement de la base de donnée' | 
12:40:06 | Info | '[EVT] Event ready chargé avec succès' | 
12:40:06 | Info | '[EVT] Event interactionCreate chargé avec succès' | 
12:40:06 | Info | '[EVT] Event voiceStateUpdate chargé avec succès' | 
12:40:06 | Info | '[EVT] Chargement des events terminé' | 
12:40:07 | Info | '[DB] Base de donnée chargée avec succès' | 
12:40:07 | Info | '[3/3] Connecté en tant que Murloc#7410' | 
12:40:44 | Info | '' | 
12:40:44 | Info | '[0/3] Initialisation du bot' | 
12:40:44 | Info | '[1/3] Chargement des commandes ' | 
12:40:44 | Info | '[CMD] Commande clear chargée avec succès' | 
12:40:44 | Info | '[CMD] Commande help chargée avec succès' | 
12:40:44 | Info | '[CMD] Commande spawnroles chargée avec succès' | 
12:40:44 | Info | '[CMD] Commande ping chargée avec succès' | 
12:40:44 | Info | '[CMD] Commande leaderboard chargée avec succès' | 
12:40:44 | Info | '[CMD] Commande preview chargée avec succès' | 
12:40:44 | Info | '[CMD] Commande reset chargée avec succès' | 
12:40:44 | Info | '[CMD] Commande setsound chargée avec succès' | 
12:40:44 | Info | '[CMD] Commande stats chargée avec succès' | 
12:40:44 | Info | '[CMD] Chargement des commandes terminé' | 
12:40:44 | Info | '[2/3] Chargement des Events' | 
12:40:44 | Info | '[EVT] Event interactionCreate chargé avec succès' | 
12:40:44 | Info | '[EVT] Event interactionCreate chargé avec succès' | 
12:40:44 | Info | '[EVT] Event voiceStateUpdate chargé avec succès' | 
12:40:45 | Info | '[DB] Chargement de la base de donnée' | 
12:40:45 | Info | '[EVT] Event ready chargé avec succès' | 
12:40:45 | Info | '[EVT] Event interactionCreate chargé avec succès' | 
12:40:45 | Info | '[EVT] Event voiceStateUpdate chargé avec succès' | 
12:40:45 | Info | '[EVT] Chargement des events terminé' | 
12:40:46 | Info | '[DB] Base de donnée chargée avec succès' | 
12:40:47 | Info | '[3/3] Connecté en tant que Murloc#7410' | 
13:09:46 | Info | '' | 
13:09:46 | Info | '[0/3] Initialisation du bot' | 
13:09:46 | Info | '[1/3] Chargement des commandes ' | 
13:09:46 | Info | '[CMD] Commande clear chargée avec succès' | 
13:09:46 | Info | '[CMD] Commande help chargée avec succès' | 
13:09:46 | Info | '[CMD] Commande spawnroles chargée avec succès' | 
13:09:46 | Info | '[CMD] Commande ping chargée avec succès' | 
13:09:46 | Info | '[CMD] Commande leaderboard chargée avec succès' | 
13:09:46 | Info | '[CMD] Commande preview chargée avec succès' | 
13:09:46 | Info | '[CMD] Commande reset chargée avec succès' | 
13:09:46 | Info | '[CMD] Commande setsound chargée avec succès' | 
13:09:46 | Info | '[CMD] Commande stats chargée avec succès' | 
13:09:46 | Info | '[CMD] Chargement des commandes terminé' | 
13:09:46 | Info | '[2/3] Chargement des Events' | 
13:09:46 | Info | '[EVT] Event interactionCreate chargé avec succès' | 
13:09:46 | Info | '[EVT] Event interactionCreate chargé avec succès' | 
13:09:46 | Info | '[EVT] Event voiceStateUpdate chargé avec succès' | 
13:09:47 | Info | '[DB] Chargement de la base de donnée' | 
13:09:47 | Info | '[EVT] Event ready chargé avec succès' | 
13:09:47 | Info | '[EVT] Event interactionCreate chargé avec succès' | 
13:09:47 | Info | '[EVT] Event voiceStateUpdate chargé avec succès' | 
13:09:47 | Info | '[EVT] Chargement des events terminé' | 
13:09:48 | Info | '[DB] Base de donnée chargée avec succès' | 
13:09:49 | Info | '[3/3] Connecté en tant que Murloc#7410' | 
17:12:30 | Info | '[TIMER] Départ du chrono pour kkdours' | 
17:12:31 | Info | 'cumplex a été murlocké avec succès' | 
17:12:31 | Info | 'kkdours a été murlocké avec succès' | 
17:12:51 | Info | '[TIMER] Départ du chrono pour cumplex' | 
17:12:52 | Info | '[TIMER] Départ du chrono pour motisma' | 
17:12:53 | Info | 'motisma a été murlocké avec succès' | 
19:13:56 | Info | '[TIMER] Départ du chrono pour xeit0w' | 
19:13:57 | Info | 'xeit0w a été murlocké avec succès' | 
19:16:32 | Info | 'cumplex a gagné 20 xp !' | 
19:16:32 | Info | '%s est passé niveau 14 !' | 
19:17:03 | Info | 'kkdours a gagné 20 xp !' | 
19:21:41 | Info | 'motisma a gagné 21 xp !' | 
19:21:42 | Info | 'xeit0w a gagné 1 xp !' | 
