02:24:04 | Info | 'motisma a gagné 53 xp !' | 
02:24:09 | Info | 'kkdours a gagné 28 xp !' | 
10:57:27 | Info | 'louisnemo a été murlocké avec succès' | 
10:58:11 | Info | '[TIMER] Départ du chrono pour xeit0w' | 
10:58:12 | Info | 'xeit0w a été murlocké avec succès' | 
10:58:21 | Info | '[TIMER] Départ du chrono pour louisnemo' | 
11:13:55 | Info | 'louisnemo a gagné 2 xp !' | 
11:14:21 | Info | '[TIMER] Le chrono est en pause pour xeit0w' | 
11:15:51 | Info | '[TIMER] Départ du chrono pour louisnemo' | 
11:15:52 | Info | 'louisnemo a été murlocké avec succès' | 
11:16:21 | Info | '[TIMER] Le chrono reprend pour xeit0w' | 
11:18:22 | Info | '[TIMER] Le chrono est en pause pour xeit0w' | 
11:18:58 | Info | 'xeit0w a gagné 3 xp !' | 
11:20:51 | Info | 'louisnemo a été murlocké avec succès' | 
11:22:30 | Info | 'louisnemo a été murlocké avec succès' | 
11:27:38 | Info | 'xeit0w a été murlocké avec succès' | 
11:27:41 | Info | '[TIMER] Départ du chrono pour louisnemo' | 
11:27:42 | Info | 'louisnemo a été murlocké avec succès' | 
11:28:22 | Info | '[TIMER] Départ du chrono pour xeit0w' | 
12:44:12 | Info | 'louisnemo a gagné 12 xp !' | 
12:44:23 | Info | '[TIMER] Le chrono est en pause pour xeit0w' | 
12:47:22 | Info | 'xeit0w a gagné 12 xp !' | 
12:47:22 | Info | '%s est passé niveau 13 !' | 
13:33:12 | Info | 'motisma a été murlocké avec succès' | 
13:52:40 | Info | '[TIMER] Départ du chrono pour louisnemo' | 
13:52:40 | Info | 'louisnemo a été murlocké avec succès' | 
13:53:24 | Info | '[TIMER] Départ du chrono pour motisma' | 
14:48:12 | Info | '[TIMER] Départ du chrono pour xeit0w' | 
14:48:13 | Info | 'xeit0w a été murlocké avec succès' | 
14:56:06 | Info | '[TIMER] Départ du chrono pour celekyuto' | 
14:56:07 | Info | 'celekyuto a été murlocké avec succès' | 
15:05:45 | Info | 'celekyuto a gagné 1 xp !' | 
16:43:41 | Info | 'xeit0w a gagné 19 xp !' | 
16:43:42 | Info | 'motisma a gagné 28 xp !' | 
16:43:43 | Info | 'louisnemo a gagné 28 xp !' | 
17:23:02 | Info | 'motisma a été murlocké avec succès' | 
19:36:27 | Info | 'motisma a été murlocké avec succès' | 
21:23:33 | Info | '[TIMER] Départ du chrono pour xeit0w' | 
21:23:34 | Info | 'xeit0w a été murlocké avec succès' | 
21:24:32 | Info | '[TIMER] Départ du chrono pour motisma' | 
22:17:22 | Info | 'xeit0w a gagné 8 xp !' | 
22:17:33 | Info | '[TIMER] Le chrono est en pause pour motisma' | 
22:19:05 | Info | 'motisma a gagné 8 xp !' | 
22:37:25 | Info | 'motisma a été murlocké avec succès' | 
22:38:20 | Info | '[TIMER] Départ du chrono pour kkdours' | 
22:38:21 | Info | 'kkdours a été murlocké avec succès' | 
22:38:33 | Info | '[TIMER] Départ du chrono pour motisma' | 
