00:09:33 | Info | 'celekyuto a gagné 5 xp !' | 
00:09:33 | Info | 'celekyuto a été murlocké avec succès' | 
00:23:27 | Info | 'Vous devez attendre 30 minutes avant de pouvoir gagner de l\'xp à nouveau !' | 
00:23:27 | Info | 'celekyuto a été murlocké avec succès' | 
00:52:40 | Info | 'Vous devez attendre 29 minutes avant de pouvoir gagner de l\'xp à nouveau !' | 
00:52:40 | Info | 'xeit0w a été murlocké avec succès' | 
02:35:57 | Info | 'celekyuto a gagné 7 xp !' | 
02:35:57 | Info | 'celekyuto est passé niveau %d !' | 
02:35:58 | Info | 'celekyuto a été murlocké avec succès' | 
02:36:40 | Info | 'wizzard08 a gagné 12 xp !' | 
02:36:40 | Info | 'wizzard08 est passé niveau %d !' | 
02:36:41 | Info | 'wizzard08 a été murlocké avec succès' | 
03:06:59 | Info | 'frenzop a été murlocké avec succès' | 
11:18:28 | Info | 'celekyuto a gagné 1 xp !' | 
11:18:28 | Info | 'celekyuto a été murlocké avec succès' | 
11:18:36 | Info | 'motisma a gagné 5 xp !' | 
11:18:37 | Info | 'motisma a été murlocké avec succès' | 
12:59:18 | Info | 'xeit0w a gagné 8 xp !' | 
12:59:19 | Info | 'xeit0w a été murlocké avec succès' | 
12:59:34 | Info | 'Alartic#4028 a gagné 11 xp !' | 
12:59:34 | Info | 'Alartic#4028 est passé niveau %d !' | 
12:59:35 | Info | 'Alartic#4028 a été murlocké avec succès' | 
13:10:54 | Info | 'La commande stats a été exécutée par xeit0w' | 
13:11:27 | Info | 'La commande stats a été exécutée par xeit0w' | 
13:45:41 | Info | 'Vous devez attendre 24 minutes avant de pouvoir gagner de l\'xp à nouveau !' | 
13:45:41 | Info | 'xeit0w a été murlocké avec succès' | 
13:46:23 | Info | 'Vous devez attendre 30 minutes avant de pouvoir gagner de l\'xp à nouveau !' | 
13:46:24 | Info | 'xeit0w a été murlocké avec succès' | 
14:16:06 | Info | 'celekyuto a gagné 6 xp !' | 
14:16:06 | Info | 'celekyuto a été murlocké avec succès' | 
14:58:33 | Info | 'louisnemo a gagné 6 xp !' | 
14:58:33 | Info | 'louisnemo a été murlocké avec succès' | 
16:43:02 | Info | 'kkdours a gagné 8 xp !' | 
16:43:02 | Info | 'kkdours a été murlocké avec succès' | 
16:57:53 | Info | 'celekyuto a gagné 10 xp !' | 
16:57:53 | Info | 'celekyuto a été murlocké avec succès' | 
16:58:02 | Info | 'La commande stats a été exécutée par celekyuto' | 
18:17:50 | Info | 'Vous devez attendre 27 minutes avant de pouvoir gagner de l\'xp à nouveau !' | 
18:17:51 | Info | 'louisnemo a été murlocké avec succès' | 
18:52:31 | Info | 'd_aberggine a gagné 20 xp !' | 
18:52:32 | Info | 'd_aberggine a été murlocké avec succès' | 
20:29:35 | Info | 'louisnemo a gagné 3 xp !' | 
20:29:35 | Info | 'louisnemo a été murlocké avec succès' | 
20:30:57 | Info | 'Les roles de undefined ont été changés avec succés' | 
20:34:09 | Info | 'booddle a gagné 7 xp !' | 
20:34:09 | Info | 'booddle a été murlocké avec succès' | 
20:38:05 | Info | 'motisma a gagné 13 xp !' | 
20:38:05 | Info | 'motisma a été murlocké avec succès' | 
20:50:33 | Info | 'kkdours a gagné 21 xp !' | 
20:50:33 | Info | 'kkdours a été murlocké avec succès' | 
20:58:36 | Info | 'd_aberggine a gagné 21 xp !' | 
20:58:36 | Info | 'd_aberggine a été murlocké avec succès' | 
20:59:14 | Info | 'cumplex a gagné 29 xp !' | 
20:59:14 | Info | 'cumplex est passé niveau %d !' | 
20:59:15 | Info | 'cumplex est passé niveau %d !' | 
20:59:15 | Info | 'cumplex a été murlocké avec succès' | 
21:09:12 | Info | 'Vous devez attendre 18 minutes avant de pouvoir gagner de l\'xp à nouveau !' | 
21:09:13 | Info | 'booddle a été murlocké avec succès' | 
21:40:22 | Info | 'xeit0w a gagné 30 xp !' | 
21:40:22 | Info | 'xeit0w est passé niveau %d !' | 
21:40:23 | Info | 'xeit0w a été murlocké avec succès' | 
21:40:42 | Info | 'La commande stats a été exécutée par xeit0w' | 
21:59:02 | Info | 'celekyuto a gagné 40 xp !' | 
21:59:02 | Info | 'celekyuto est passé niveau %d !' | 
21:59:03 | Info | 'celekyuto a été murlocké avec succès' | 
23:08:47 | Info | 'booddle a gagné 9 xp !' | 
23:08:47 | Info | 'booddle est passé niveau %d !' | 
23:08:48 | Info | 'booddle a été murlocké avec succès' | 
23:33:04 | Info | 'celekyuto a gagné 5 xp !' | 
23:33:05 | Info | 'celekyuto a été murlocké avec succès' | 
23:33:12 | Info | 'La commande stats a été exécutée par celekyuto' | 
