00:38:53 | Info | '[TIMER] Départ du chrono pour celekyuto' | 
00:38:54 | Info | 'celekyuto a été murlocké avec succès' | 
01:07:14 | Info | '[TIMER] Départ du chrono pour xeit0w' | 
01:07:15 | Info | 'xeit0w a été murlocké avec succès' | 
01:19:18 | Info | '[TIMER] Départ du chrono pour Alartic#4028' | 
01:19:19 | Info | 'Alartic#4028 a été murlocké avec succès' | 
01:20:06 | Info | 'louisnemo a gagné 42 xp !' | 
01:27:38 | Info | 'd_aberggine a gagné 36 xp !' | 
03:01:14 | Info | 'kkdours a gagné 63 xp !' | 
03:02:51 | Info | 'motisma a gagné 63 xp !' | 
03:02:51 | Info | '%s est passé niveau 16 !' | 
03:03:03 | Info | 'cumplex a gagné 63 xp !' | 
03:03:04 | Info | 'Alartic#4028 a gagné 17 xp !' | 
03:03:22 | Info | '[TIMER] Départ du chrono pour cumplex' | 
03:03:23 | Info | 'cumplex a été murlocké avec succès' | 
03:04:22 | Info | 'xeit0w a gagné 19 xp !' | 
03:05:00 | Info | '[TIMER] Le chrono est en pause pour celekyuto' | 
03:16:25 | Info | 'celekyuto a gagné 24 xp !' | 
03:36:22 | Info | 'La commande preview a été exécutée par xeit0w' | 
12:52:29 | Info | 'La commande leaderboard a été exécutée par motisma' | 
12:53:01 | Info | 'motisma a été murlocké avec succès' | 
12:53:24 | Info | 'motisma a été murlocké avec succès' | 
14:12:13 | Info | '[TIMER] Départ du chrono pour louisnemo' | 
14:12:14 | Info | 'louisnemo a été murlocké avec succès' | 
14:13:12 | Info | '[TIMER] Départ du chrono pour motisma' | 
14:26:39 | Info | '[TIMER] Départ du chrono pour d_aberggine' | 
14:26:40 | Info | 'd_aberggine a été murlocké avec succès' | 
15:54:56 | Info | '[TIMER] Départ du chrono pour celekyuto' | 
15:54:58 | Info | 'celekyuto a été murlocké avec succès' | 
15:55:17 | Info | 'motisma a gagné 17 xp !' | 
16:25:11 | Info | '[TIMER] Départ du chrono pour cumplex' | 
16:25:13 | Info | 'cumplex a été murlocké avec succès' | 
16:25:37 | Info | 'louisnemo a gagné 22 xp !' | 
16:44:19 | Info | 'd_aberggine a gagné 22 xp !' | 
16:45:15 | Info | '[TIMER] Le chrono est en pause pour celekyuto' | 
17:32:18 | Info | 'celekyuto a gagné 8 xp !' | 
20:53:22 | Info | 'd_aberggine a été murlocké avec succès' | 
21:00:32 | Info | '[TIMER] Départ du chrono pour louisnemo' | 
21:00:34 | Info | 'louisnemo a été murlocké avec succès' | 
21:03:53 | Info | '[TIMER] Départ du chrono pour louisnemo' | 
21:03:54 | Info | 'louisnemo a été murlocké avec succès' | 
21:04:20 | Info | '[TIMER] Départ du chrono pour d_aberggine' | 
21:36:19 | Info | '[TIMER] Départ du chrono pour xeit0w' | 
21:36:20 | Info | 'xeit0w a été murlocké avec succès' | 
23:36:12 | Info | '[TIMER] Départ du chrono pour celekyuto' | 
23:36:13 | Info | 'celekyuto a été murlocké avec succès' | 
23:36:17 | Info | '[TIMER] Départ du chrono pour celekyuto' | 
23:36:17 | Info | 'celekyuto a été murlocké avec succès' | 
