00:52:01 | Info | '[TIMER] Départ du chrono pour xeit0w' | 
00:52:02 | Info | 'xeit0w a été murlocké avec succès' | 
00:53:42 | Info | 'cumplex a gagné 30 xp !' | 
00:53:46 | Info | '[TIMER] Départ du chrono pour cumplex' | 
00:53:47 | Info | 'cumplex a été murlocké avec succès' | 
01:59:54 | Info | 'cumplex a gagné 11 xp !' | 
02:00:12 | Info | '[TIMER] Départ du chrono pour cumplex' | 
02:00:13 | Info | 'cumplex a été murlocké avec succès' | 
02:02:48 | Info | '[TIMER] Départ du chrono pour cumplex' | 
02:02:49 | Info | 'cumplex a été murlocké avec succès' | 
02:12:53 | Info | 'xeit0w a gagné 13 xp !' | 
03:03:50 | Info | 'kkdours a gagné 54 xp !' | 
03:05:05 | Info | 'cumplex a gagné 10 xp !' | 
03:05:10 | Info | 'motisma a gagné 56 xp !' | 
10:23:40 | Info | 'La commande leaderboard a été exécutée par d_aberggine' | 
10:24:21 | Info | 'd_aberggine a été murlocké avec succès' | 
13:54:15 | Info | 'cumplex a été murlocké avec succès' | 
13:54:22 | Info | '[TIMER] Départ du chrono pour kkdours' | 
13:54:23 | Info | 'kkdours a été murlocké avec succès' | 
13:55:07 | Info | '[TIMER] Départ du chrono pour cumplex' | 
16:06:36 | Info | '[TIMER] Départ du chrono pour motisma' | 
16:06:37 | Info | 'motisma a été murlocké avec succès' | 
16:55:12 | Info | 'xeit0w a été murlocké avec succès' | 
17:23:32 | Info | 'cumplex a gagné 34 xp !' | 
17:51:11 | Info | '[TIMER] Départ du chrono pour cumplex' | 
17:51:12 | Info | 'cumplex a été murlocké avec succès' | 
19:18:54 | Info | 'kkdours a gagné 54 xp !' | 
19:19:01 | Info | 'cumplex a gagné 14 xp !' | 
19:19:13 | Info | '[TIMER] Le chrono est en pause pour motisma' | 
19:22:40 | Info | 'motisma a gagné 32 xp !' | 
20:20:19 | Info | 'motisma a été murlocké avec succès' | 
20:51:13 | Info | '[TIMER] Départ du chrono pour louisnemo' | 
20:51:14 | Info | 'louisnemo a été murlocké avec succès' | 
20:51:14 | Info | '[TIMER] Départ du chrono pour motisma' | 
21:13:03 | Info | 'La commande setsound a été exécutée par louisnemo' | 
21:13:11 | Info | 'Fichier téléchargé et découpé avec succès ! sounds/louisnemo.mp3' | 
21:13:17 | Info | 'louisnemo a gagné 3 xp !' | 
21:13:18 | Info | '[TIMER] Départ du chrono pour louisnemo' | 
21:13:20 | Info | 'louisnemo a été murlocké avec succès' | 
21:34:51 | Info | 'louisnemo a gagné 3 xp !' | 
21:34:52 | Info | '[TIMER] Départ du chrono pour louisnemo' | 
21:34:53 | Info | 'louisnemo a été murlocké avec succès' | 
22:03:12 | Info | '[TIMER] Départ du chrono pour xeit0w' | 
22:03:13 | Info | 'xeit0w a été murlocké avec succès' | 
22:14:19 | Info | 'xeit0w a gagné 1 xp !' | 
22:14:34 | Info | '[TIMER] Départ du chrono pour xeit0w' | 
22:14:35 | Info | 'xeit0w a été murlocké avec succès' | 
23:05:36 | Info | '[TIMER] Départ du chrono pour cumplex' | 
23:05:38 | Info | 'cumplex a été murlocké avec succès' | 
23:51:33 | Info | 'louisnemo a gagné 22 xp !' | 
