13:53:53 | Info | 'kkdours a été murlocké avec succès' | 
13:53:57 | Info | 'motisma a été murlocké avec succès' | 
14:08:53 | Info | '' | 
14:08:53 | Info | '[0/3] Initialisation du bot' | 
14:08:53 | Info | '[1/3] Chargement des commandes ............................................................................' | 
14:08:53 | Info | '[CMD] Commande spawnroles chargée avec succès' | 
14:08:53 | Info | '[CMD] Commande ping chargée avec succès' | 
14:08:53 | Info | '[CMD] Commande reset chargée avec succès' | 
14:08:53 | Info | '[CMD] Commande setsound chargée avec succès' | 
14:08:53 | Info | '[CMD] Chargement des commandes terminé' | 
14:08:53 | Info | '[2/3] Chargement des Events ...............................................................................' | 
14:08:53 | Info | '[EVT] Event interactionCreate chargé avec succès' | 
14:08:53 | Info | '[EVT] Event interactionCreate chargé avec succès' | 
14:08:53 | Info | '[EVT] Event ready chargé avec succès' | 
14:08:53 | Info | '[EVT] Event interactionCreate chargé avec succès' | 
14:08:53 | Info | '[EVT] Event voiceStateUpdate chargé avec succès' | 
14:08:53 | Info | '[EVT] Chargement des events terminé' | 
14:08:54 | Info | '[3/3] Connecté en tant que Murloc#7410 ....................................................................' | 
14:09:06 | Info | 'La commande spawnroles a été exécutée par xeit0w' | 
15:18:29 | Info | 'xeit0w a été murlocké avec succès' | 
15:52:38 | Info | 'Les roles de undefined ont été changés avec succés' | 
17:40:01 | Info | 'louisnemo a été murlocké avec succès' | 
18:46:07 | Info | 'motisma a été murlocké avec succès' | 
19:55:27 | Info | 'Les roles de undefined ont été changés avec succés' | 
20:27:13 | Info | 'd_aberggine a été murlocké avec succès' | 
20:34:12 | Info | 'motisma a été murlocké avec succès' | 
20:49:58 | Info | 'louisnemo a été murlocké avec succès' | 
20:52:56 | Info | 'xeit0w a été murlocké avec succès' | 
20:59:01 | Info | 'kkdours a été murlocké avec succès' | 
21:02:57 | Info | 'xeit0w a été murlocké avec succès' | 
21:02:58 | Info | 'xeit0w a été murlocké avec succès' | 
21:03:00 | Info | 'xeit0w a été murlocké avec succès' | 
