11:56:10 | Info | 'd_aberggine a été murlocké avec succès' | 
14:01:35 | Info | '[TIMER] Départ du chrono pour louisnemo' | 
14:01:36 | Info | 'louisnemo a été murlocké avec succès' | 
14:02:09 | Info | '[TIMER] Départ du chrono pour d_aberggine' | 
14:16:49 | Info | '[TIMER] Départ du chrono pour motisma' | 
14:16:50 | Info | 'motisma a été murlocké avec succès' | 
15:07:36 | Info | 'louisnemo a gagné 11 xp !' | 
15:48:22 | Info | 'motisma a gagné 15 xp !' | 
15:49:11 | Info | '[TIMER] Le chrono est en pause pour d_aberggine' | 
17:25:50 | Info | '[TIMER] Départ du chrono pour kkdours' | 
17:25:51 | Info | 'kkdours a été murlocké avec succès' | 
17:26:13 | Info | '[TIMER] Le chrono reprend pour d_aberggine' | 
17:45:16 | Info | '[TIMER] Départ du chrono pour cumplex' | 
17:45:17 | Info | 'cumplex a été murlocké avec succès' | 
18:00:04 | Info | 'd_aberggine a gagné 23 xp !' | 
18:02:43 | Info | '[TIMER] Départ du chrono pour motisma' | 
18:02:44 | Info | 'motisma a été murlocké avec succès' | 
19:24:23 | Info | 'cumplex a gagné 16 xp !' | 
19:27:19 | Info | 'kkdours a gagné 20 xp !' | 
19:28:15 | Info | '[TIMER] Le chrono est en pause pour motisma' | 
19:41:07 | Info | 'motisma a gagné 14 xp !' | 
20:17:52 | Info | 'cumplex a été murlocké avec succès' | 
20:34:28 | Info | 'motisma a été murlocké avec succès' | 
20:47:08 | Info | '[TIMER] Départ du chrono pour louisnemo' | 
20:47:09 | Info | 'louisnemo a été murlocké avec succès' | 
20:47:16 | Info | '[TIMER] Départ du chrono pour motisma' | 
20:55:33 | Info | '[TIMER] Départ du chrono pour kkdours' | 
20:55:34 | Info | 'kkdours a été murlocké avec succès' | 
22:16:28 | Info | '[TIMER] Départ du chrono pour d_aberggine' | 
22:16:29 | Info | 'd_aberggine a été murlocké avec succès' | 
22:50:51 | Info | '[TIMER] Départ du chrono pour cumplex' | 
22:50:52 | Info | 'cumplex a été murlocké avec succès' | 
23:04:14 | Info | 'd_aberggine a gagné 7 xp !' | 
23:08:38 | Info | 'louisnemo a gagné 23 xp !' | 
