01:13:58 | Info | 'xeit0w a gagné 30 xp !' | 
01:44:16 | Info | 'motisma a gagné 50 xp !' | 
03:11:45 | Info | 'kkdours a gagné 35 xp !' | 
03:12:16 | Info | '[TIMER] Le chrono est en pause pour cumplex' | 
03:13:35 | Info | 'cumplex a gagné 46 xp !' | 
16:38:44 | Info | 'kkdours a été murlocké avec succès' | 
16:52:12 | Info | '[TIMER] Départ du chrono pour cumplex' | 
16:52:13 | Info | 'cumplex a été murlocké avec succès' | 
16:52:28 | Info | '[TIMER] Départ du chrono pour kkdours' | 
17:08:22 | Info | '[TIMER] Départ du chrono pour motisma' | 
17:08:23 | Info | 'motisma a été murlocké avec succès' | 
17:21:30 | Info | 'motisma a gagné 2 xp !' | 
18:04:21 | Info | '[TIMER] Départ du chrono pour celekyuto' | 
18:04:22 | Info | 'celekyuto a été murlocké avec succès' | 
18:04:56 | Info | 'kkdours a gagné 12 xp !' | 
18:05:30 | Info | '[TIMER] Le chrono est en pause pour cumplex' | 
18:06:23 | Info | 'cumplex a gagné 12 xp !' | 
18:06:23 | Info | '%s est passé niveau 7 !' | 
20:26:33 | Info | 'louisnemo a été murlocké avec succès' | 
20:26:58 | Info | 'louisnemo a été murlocké avec succès' | 
20:57:50 | Info | 'louisnemo a été murlocké avec succès' | 
20:57:57 | Info | '[TIMER] Départ du chrono pour motisma' | 
20:57:58 | Info | 'motisma a été murlocké avec succès' | 
20:58:32 | Info | '[TIMER] Départ du chrono pour louisnemo' | 
21:26:51 | Info | '[TIMER] Départ du chrono pour d_aberggine' | 
21:26:52 | Info | 'd_aberggine a été murlocké avec succès' | 
22:52:23 | Info | 'louisnemo a gagné 18 xp !' | 
22:52:28 | Info | 'd_aberggine a gagné 14 xp !' | 
22:52:33 | Info | '[TIMER] Le chrono est en pause pour motisma' | 
23:16:46 | Info | '[TIMER] Départ du chrono pour celekyuto' | 
23:16:47 | Info | 'celekyuto a été murlocké avec succès' | 
23:17:34 | Info | '[TIMER] Le chrono reprend pour motisma' | 
