00:01:45 | Info | 'cumplex a été murlocké avec succès' | 
13:23:04 | Info | 'kkdours a été murlocké avec succès' | 
13:25:27 | Info | 'd_aberggine a été murlocké avec succès' | 
13:28:51 | Info | 'motisma a été murlocké avec succès' | 
17:44:38 | Info | 'motisma a été murlocké avec succès' | 
17:56:11 | Info | 'louisnemo a été murlocké avec succès' | 
18:14:28 | Info | 'booddle a été murlocké avec succès' | 
18:27:03 | Info | 'Les roles de %s ont été changés avec succés' | 
18:27:17 | Info | 'kkdours a été murlocké avec succès' | 
18:29:08 | Info | 'celekyuto a été murlocké avec succès' | 
18:59:55 | Info | 'Les roles de %s ont été changés avec succés' | 
19:16:03 | Info | 'd_aberggine a été murlocké avec succès' | 
20:39:18 | Info | 'motisma a été murlocké avec succès' | 
20:50:13 | Info | 'kkdours a été murlocké avec succès' | 
20:55:52 | Info | 'd_aberggine a été murlocké avec succès' | 
21:19:19 | Info | '' | 
21:19:19 | Info | '[0/3] Initialisation du bot' | 
21:19:19 | Info | '[1/3] Chargement des commandes ............................................................................' | 
21:19:19 | Info | '[CMD] Commande spawnroles chargée avec succès' | 
21:19:19 | Info | '[CMD] Commande ping chargée avec succès' | 
21:19:19 | Info | '[CMD] Commande reset chargée avec succès' | 
21:19:19 | Info | '[CMD] Commande setsound chargée avec succès' | 
21:19:19 | Info | '[CMD] Chargement des commandes terminé' | 
21:19:19 | Info | '[2/3] Chargement des Events ...............................................................................' | 
21:19:19 | Info | '[EVT] Event interactionCreate chargé avec succès' | 
21:19:19 | Info | '[EVT] Event interactionCreate chargé avec succès' | 
21:19:19 | Info | '[EVT] Event ready chargé avec succès' | 
21:19:19 | Info | '[EVT] Event interactionCreate chargé avec succès' | 
21:19:19 | Info | '[EVT] Event voiceStateUpdate chargé avec succès' | 
21:19:19 | Info | '[EVT] Chargement des events terminé' | 
21:19:21 | Info | '[3/3] Connecté en tant que Murloc#7410 ....................................................................' | 
21:25:36 | Info | '' | 
21:25:36 | Info | '[0/3] Initialisation du bot' | 
21:25:36 | Info | '[1/3] Chargement des commandes ............................................................................' | 
21:25:36 | Info | '[CMD] Commande spawnroles chargée avec succès' | 
21:25:36 | Info | '[CMD] Commande ping chargée avec succès' | 
21:25:36 | Info | '[CMD] Commande reset chargée avec succès' | 
21:25:36 | Info | '[CMD] Commande setsound chargée avec succès' | 
21:25:36 | Info | '[CMD] Chargement des commandes terminé' | 
21:25:36 | Info | '[2/3] Chargement des Events ...............................................................................' | 
21:25:36 | Info | '[EVT] Event interactionCreate chargé avec succès' | 
21:25:36 | Info | '[EVT] Event interactionCreate chargé avec succès' | 
21:25:36 | Info | '[EVT] Event ready chargé avec succès' | 
21:25:36 | Info | '[EVT] Event interactionCreate chargé avec succès' | 
21:25:36 | Info | '[EVT] Event voiceStateUpdate chargé avec succès' | 
21:25:36 | Info | '[EVT] Chargement des events terminé' | 
21:25:38 | Info | '[3/3] Connecté en tant que Murloc#7410 ....................................................................' | 
22:09:04 | Info | 'Les roles de undefined ont été changés avec succés' | 
22:09:19 | Info | 'Les roles de undefined ont été changés avec succés' | 
22:09:39 | Info | 'Les roles de undefined ont été changés avec succés' | 
22:09:51 | Info | 'Les roles de undefined ont été changés avec succés' | 
22:56:37 | Info | 'louisnemo a été murlocké avec succès' | 
22:57:46 | Info | 'cumplex a été murlocké avec succès' | 
22:58:26 | Info | 'xeit0w a été murlocké avec succès' | 
22:58:49 | Info | 'Les roles de undefined ont été changés avec succés' | 
23:38:51 | Info | 'booddle a été murlocké avec succès' | 
