00:46:52 | Info | 'xeit0w a gagné 7 xp !' | 
00:46:54 | Info | '[TIMER] Départ du chrono pour xeit0w' | 
00:46:55 | Info | 'xeit0w a été murlocké avec succès' | 
01:10:06 | Info | 'd_aberggine a gagné 38 xp !' | 
01:10:34 | Info | 'xeit0w a gagné 3 xp !' | 
02:05:45 | Info | '[TIMER] Départ du chrono pour cumplex' | 
02:05:46 | Info | 'cumplex a été murlocké avec succès' | 
03:02:40 | Info | 'kkdours a gagné 52 xp !' | 
03:02:50 | Info | 'cumplex a gagné 9 xp !' | 
03:03:35 | Info | '[TIMER] Le chrono est en pause pour motisma' | 
03:04:48 | Info | 'motisma a gagné 53 xp !' | 
14:03:59 | Info | 'louisnemo a été murlocké avec succès' | 
14:34:29 | Info | 'motisma a été murlocké avec succès' | 
14:35:31 | Info | '[TIMER] Départ du chrono pour kkdours' | 
14:35:32 | Info | 'kkdours a été murlocké avec succès' | 
14:35:48 | Info | '[TIMER] Départ du chrono pour louisnemo' | 
14:35:48 | Info | '[TIMER] Départ du chrono pour motisma' | 
14:54:02 | Info | '[TIMER] Départ du chrono pour cumplex' | 
14:54:03 | Info | 'cumplex a été murlocké avec succès' | 
14:54:34 | Info | '[TIMER] Départ du chrono pour cumplex' | 
14:54:35 | Info | 'cumplex a été murlocké avec succès' | 
15:49:37 | Info | 'louisnemo a gagné 12 xp !' | 
16:10:11 | Info | 'kkdours a gagné 15 xp !' | 
16:22:05 | Info | '[TIMER] Départ du chrono pour kkdours' | 
16:22:06 | Info | 'kkdours a été murlocké avec succès' | 
17:39:22 | Info | 'kkdours a gagné 12 xp !' | 
17:48:39 | Info | '[TIMER] Départ du chrono pour kkdours' | 
17:48:40 | Info | 'kkdours a été murlocké avec succès' | 
18:52:17 | Info | 'kkdours a gagné 10 xp !' | 
18:52:18 | Info | 'motisma a gagné 42 xp !' | 
18:52:52 | Info | '[TIMER] Le chrono est en pause pour cumplex' | 
18:54:00 | Info | 'cumplex a gagné 39 xp !' | 
20:06:37 | Info | 'motisma a été murlocké avec succès' | 
20:16:32 | Info | '[TIMER] Départ du chrono pour cumplex' | 
20:16:33 | Info | 'cumplex a été murlocké avec succès' | 
20:16:54 | Info | '[TIMER] Départ du chrono pour motisma' | 
20:24:01 | Info | '[TIMER] Départ du chrono pour xeit0w' | 
20:24:02 | Info | 'xeit0w a été murlocké avec succès' | 
20:35:02 | Info | 'La commande setsound a été exécutée par xeit0w' | 
20:35:41 | Info | 'Fichier téléchargé et découpé avec succès ! sounds/xeit0w.mp3' | 
20:38:53 | Info | '' | 
20:38:53 | Info | '[0/3] Initialisation du bot' | 
20:38:53 | Info | '[1/3] Chargement des commandes ' | 
20:38:53 | Info | '[CMD] Commande clear chargée avec succès' | 
20:38:53 | Info | '[CMD] Commande help chargée avec succès' | 
20:38:53 | Info | '[CMD] Commande spawnroles chargée avec succès' | 
20:38:53 | Info | '[CMD] Commande ping chargée avec succès' | 
20:38:53 | Info | '[CMD] Commande leaderboard chargée avec succès' | 
20:38:53 | Info | '[CMD] Commande preview chargée avec succès' | 
20:38:53 | Info | '[CMD] Commande reset chargée avec succès' | 
20:38:53 | Info | '[CMD] Commande setsound chargée avec succès' | 
20:38:53 | Info | '[CMD] Commande stats chargée avec succès' | 
20:38:53 | Info | '[CMD] Chargement des commandes terminé' | 
20:38:53 | Info | '[2/3] Chargement des Events' | 
20:38:53 | Info | '[EVT] Event interactionCreate chargé avec succès' | 
20:38:53 | Info | '[EVT] Event interactionCreate chargé avec succès' | 
20:38:53 | Info | '[EVT] Event voiceStateUpdate chargé avec succès' | 
20:38:54 | Info | '[DB] Chargement de la base de donnée' | 
20:38:54 | Info | '[EVT] Event ready chargé avec succès' | 
20:38:54 | Info | '[EVT] Event interactionCreate chargé avec succès' | 
20:38:54 | Info | '[EVT] Event voiceStateUpdate chargé avec succès' | 
20:38:54 | Info | '[EVT] Chargement des events terminé' | 
20:38:56 | Info | '[DB] Base de donnée chargée avec succès' | 
20:38:57 | Info | '[3/3] Connecté en tant que Murloc#7410' | 
20:39:07 | Info | 'La commande setsound a été exécutée par xeit0w' | 
20:39:22 | Info | 'Fichier téléchargé et découpé avec succès ! sounds/xeit0w.mp3' | 
20:39:53 | Info | '' | 
20:39:53 | Info | '[0/3] Initialisation du bot' | 
20:39:53 | Info | '[1/3] Chargement des commandes ' | 
20:39:53 | Info | '[CMD] Commande clear chargée avec succès' | 
20:39:53 | Info | '[CMD] Commande help chargée avec succès' | 
20:39:53 | Info | '[CMD] Commande spawnroles chargée avec succès' | 
20:39:53 | Info | '[CMD] Commande ping chargée avec succès' | 
20:39:53 | Info | '[CMD] Commande leaderboard chargée avec succès' | 
20:39:53 | Info | '[CMD] Commande preview chargée avec succès' | 
20:39:53 | Info | '[CMD] Commande reset chargée avec succès' | 
20:39:53 | Info | '[CMD] Commande setsound chargée avec succès' | 
20:39:53 | Info | '[CMD] Commande stats chargée avec succès' | 
20:39:53 | Info | '[CMD] Chargement des commandes terminé' | 
20:39:53 | Info | '[2/3] Chargement des Events' | 
20:39:53 | Info | '[EVT] Event interactionCreate chargé avec succès' | 
20:39:53 | Info | '[EVT] Event interactionCreate chargé avec succès' | 
20:39:53 | Info | '[EVT] Event voiceStateUpdate chargé avec succès' | 
20:39:53 | Info | '[DB] Chargement de la base de donnée' | 
20:39:53 | Info | '[EVT] Event ready chargé avec succès' | 
20:39:53 | Info | '[EVT] Event interactionCreate chargé avec succès' | 
20:39:53 | Info | '[EVT] Event voiceStateUpdate chargé avec succès' | 
20:39:53 | Info | '[EVT] Chargement des events terminé' | 
20:39:54 | Info | '[DB] Base de donnée chargée avec succès' | 
20:39:55 | Info | '[3/3] Connecté en tant que Murloc#7410' | 
20:40:05 | Info | 'xeit0w a été murlocké avec succès' | 
20:40:19 | Info | 'La commande preview a été exécutée par xeit0w' | 
20:40:53 | Info | '[TIMER] Départ du chrono pour cumplex' | 
20:40:53 | Info | '[TIMER] Départ du chrono pour motisma' | 
20:42:08 | Info | '[TIMER] Départ du chrono pour kkdours' | 
20:42:09 | Info | 'kkdours a été murlocké avec succès' | 
20:42:44 | Info | '[TIMER] Départ du chrono pour xeit0w' | 
20:42:45 | Info | 'xeit0w a été murlocké avec succès' | 
21:07:05 | Info | '[TIMER] Départ du chrono pour louisnemo' | 
21:07:06 | Info | 'louisnemo a été murlocké avec succès' | 
21:51:01 | Info | '[TIMER] Départ du chrono pour d_aberggine' | 
21:51:02 | Info | 'd_aberggine a été murlocké avec succès' | 
23:01:14 | Info | 'xeit0w a gagné 23 xp !' | 
23:01:14 | Info | '%s est passé niveau 11 !' | 
