18:31:12 | Info | 'motisma a été murlocké avec succès' | 
20:18:53 | Info | 'xeit0w a été murlocké avec succès' | 
20:19:03 | Info | 'xeit0w a été murlocké avec succès' | 
20:20:29 | Info | 'kkdours a été murlocké avec succès' | 
20:22:03 | Info | 'motisma a été murlocké avec succès' | 
20:40:18 | Info | 'louisnemo a été murlocké avec succès' | 
20:59:47 | Info | 'celekyuto a été murlocké avec succès' | 
21:11:33 | Info | 'cumplex a été murlocké avec succès' | 
22:31:01 | Info | 'xeit0w a été murlocké avec succès' | 
22:39:00 | Info | 'celekyuto a été murlocké avec succès' | 
22:39:19 | Info | 'celekyuto a été murlocké avec succès' | 
23:23:20 | Info | '' | 
23:23:20 | Info | '[0/3] Initialisation du bot' | 
23:23:20 | Info | '[1/3] Chargement des commandes ............................................................................' | 
23:23:20 | Info | '[CMD] Commande ping chargée avec succès' | 
23:23:20 | Info | '[CMD] Commande reset chargée avec succès' | 
23:23:20 | Info | '[CMD] Commande setsound chargée avec succès' | 
23:23:20 | Info | '[CMD] Chargement des commandes terminé' | 
23:23:20 | Info | '[2/3] Chargement des Events ...............................................................................' | 
23:23:20 | Info | '[EVT] Event interactionCreate chargé avec succès' | 
23:23:20 | Info | '[EVT] Event interactionCreate chargé avec succès' | 
23:23:20 | Info | '[EVT] Event ready chargé avec succès' | 
23:23:20 | Info | '[EVT] Event voiceStateUpdate chargé avec succès' | 
23:23:20 | Info | '[EVT] Chargement des events terminé' | 
23:23:21 | Info | '[3/3] Connecté en tant que Murloc#7410 ....................................................................' | 
