02:56:32 | Info | 'kkdours a gagné 93 xp !' | 
03:07:30 | Info | 'cumplex a gagné 65 xp !' | 
03:07:53 | Info | '[TIMER] Le chrono est en pause pour motisma' | 
03:09:14 | Info | 'motisma a gagné 95 xp !' | 
15:36:11 | Info | 'motisma a été murlocké avec succès' | 
15:37:02 | Info | '[TIMER] Départ du chrono pour celekyuto' | 
15:37:03 | Info | 'celekyuto a été murlocké avec succès' | 
15:37:06 | Info | '[TIMER] Départ du chrono pour motisma' | 
16:31:43 | Info | '[TIMER] Départ du chrono pour cumplex' | 
16:31:44 | Info | 'cumplex a été murlocké avec succès' | 
16:40:05 | Info | '[TIMER] Départ du chrono pour louisnemo' | 
16:40:06 | Info | 'louisnemo a été murlocké avec succès' | 
17:38:27 | Info | 'celekyuto a gagné 20 xp !' | 
18:16:27 | Info | 'motisma a gagné 26 xp !' | 
18:16:31 | Info | 'louisnemo a gagné 16 xp !' | 
18:16:31 | Info | 'cumplex a gagné 17 xp !' | 
20:37:36 | Info | 'celekyuto a été murlocké avec succès' | 
21:06:24 | Info | '[TIMER] Départ du chrono pour motisma' | 
21:06:25 | Info | 'motisma a été murlocké avec succès' | 
21:07:02 | Info | '[TIMER] Départ du chrono pour celekyuto' | 
21:07:04 | Info | 'celekyuto a été murlocké avec succès' | 
21:09:40 | Info | 'Les roles de undefined ont été changés avec succés' | 
21:48:49 | Info | '[TIMER] Départ du chrono pour cumplex' | 
21:48:50 | Info | 'cumplex a été murlocké avec succès' | 
21:52:09 | Info | 'celekyuto a gagné 7 xp !' | 
23:38:05 | Info | '[TIMER] Départ du chrono pour xeit0w' | 
23:38:06 | Info | 'xeit0w a été murlocké avec succès' | 
23:51:58 | Info | 'xeit0w a gagné 2 xp !' | 
