01:35:13 | Info | '' | 
01:35:13 | Info | '[0/3] Initialisation du bot' | 
01:35:13 | Info | '[1/3] Chargement des commandes ' | 
01:35:13 | Info | '[CMD] Commande clear chargée avec succès' | 
01:35:13 | Info | '[CMD] Commande spawnroles chargée avec succès' | 
01:35:13 | Info | '[CMD] Commande ping chargée avec succès' | 
01:35:13 | Info | '[CMD] Commande reset chargée avec succès' | 
01:35:13 | Info | '[CMD] Commande setsound chargée avec succès' | 
01:35:13 | Info | '[CMD] Commande stats chargée avec succès' | 
01:35:13 | Info | '[CMD] Chargement des commandes terminé' | 
01:35:13 | Info | '[2/3] Chargement des Events' | 
01:35:13 | Info | '[EVT] Event interactionCreate chargé avec succès' | 
01:35:13 | Info | '[EVT] Event interactionCreate chargé avec succès' | 
01:35:13 | Info | '[EVT] Event voiceStateUpdate chargé avec succès' | 
01:35:13 | Info | '[DB] Chargement de la base de donnée' | 
01:35:14 | Info | '[EVT] Event ready chargé avec succès' | 
01:35:14 | Info | '[EVT] Event interactionCreate chargé avec succès' | 
01:35:14 | Info | '[EVT] Event voiceStateUpdate chargé avec succès' | 
01:35:14 | Info | '[EVT] Chargement des events terminé' | 
01:35:14 | Info | '[DB] Base de donnée chargée avec succès' | 
01:35:15 | Info | '[3/3] Connecté en tant que Murloc#7410' | 
03:24:42 | Info | '' | 
03:24:42 | Info | '[0/3] Initialisation du bot' | 
03:24:42 | Info | '[1/3] Chargement des commandes ' | 
03:24:42 | Info | '[CMD] Commande clear chargée avec succès' | 
03:24:42 | Info | '[CMD] Commande spawnroles chargée avec succès' | 
03:24:42 | Info | '[CMD] Commande ping chargée avec succès' | 
03:24:42 | Info | '[CMD] Commande leaderboard chargée avec succès' | 
03:24:42 | Info | '[CMD] Commande reset chargée avec succès' | 
03:24:42 | Info | '[CMD] Commande setsound chargée avec succès' | 
03:24:42 | Info | '[CMD] Commande stats chargée avec succès' | 
03:24:42 | Info | '[CMD] Chargement des commandes terminé' | 
03:24:42 | Info | '[2/3] Chargement des Events' | 
03:24:42 | Info | '[EVT] Event interactionCreate chargé avec succès' | 
03:24:42 | Info | '[EVT] Event interactionCreate chargé avec succès' | 
03:24:42 | Info | '[EVT] Event voiceStateUpdate chargé avec succès' | 
03:24:42 | Info | '[DB] Chargement de la base de donnée' | 
03:24:42 | Info | '[EVT] Event ready chargé avec succès' | 
03:24:42 | Info | '[EVT] Event interactionCreate chargé avec succès' | 
03:24:42 | Info | '[EVT] Event voiceStateUpdate chargé avec succès' | 
03:24:42 | Info | '[EVT] Chargement des events terminé' | 
03:24:43 | Info | '[DB] Base de donnée chargée avec succès' | 
03:24:43 | Info | '[3/3] Connecté en tant que Murloc#7410' | 
03:24:47 | Info | 'xeit0w a été murlocké avec succès' | 
03:25:00 | Info | 'xeit0w a été murlocké avec succès' | 
03:25:18 | Info | 'xeit0w a été murlocké avec succès' | 
03:25:22 | Info | 'xeit0w a été murlocké avec succès' | 
03:32:58 | Info | '' | 
03:32:58 | Info | '[0/3] Initialisation du bot' | 
03:32:58 | Info | '[1/3] Chargement des commandes ' | 
03:32:58 | Info | '[CMD] Commande clear chargée avec succès' | 
03:32:58 | Info | '[CMD] Commande spawnroles chargée avec succès' | 
03:32:58 | Info | '[CMD] Commande ping chargée avec succès' | 
03:32:58 | Info | '[CMD] Commande leaderboard chargée avec succès' | 
03:32:58 | Info | '[CMD] Commande reset chargée avec succès' | 
03:32:58 | Info | '[CMD] Commande setsound chargée avec succès' | 
03:32:58 | Info | '[CMD] Commande stats chargée avec succès' | 
03:32:58 | Info | '[CMD] Chargement des commandes terminé' | 
03:32:58 | Info | '[2/3] Chargement des Events' | 
03:32:58 | Info | '[EVT] Event interactionCreate chargé avec succès' | 
03:32:58 | Info | '[EVT] Event interactionCreate chargé avec succès' | 
03:32:58 | Info | '[EVT] Event voiceStateUpdate chargé avec succès' | 
03:32:58 | Info | '[DB] Chargement de la base de donnée' | 
03:32:58 | Info | '[EVT] Event ready chargé avec succès' | 
03:32:58 | Info | '[EVT] Event interactionCreate chargé avec succès' | 
03:32:58 | Info | '[EVT] Event voiceStateUpdate chargé avec succès' | 
03:32:58 | Info | '[EVT] Chargement des events terminé' | 
03:32:59 | Info | '[DB] Base de donnée chargée avec succès' | 
03:33:00 | Info | '[3/3] Connecté en tant que Murloc#7410' | 
03:33:02 | Info | '' | 
03:33:02 | Info | '[0/3] Initialisation du bot' | 
03:33:02 | Info | '[1/3] Chargement des commandes ' | 
03:33:02 | Info | '[CMD] Commande clear chargée avec succès' | 
03:33:02 | Info | '[CMD] Commande spawnroles chargée avec succès' | 
03:33:02 | Info | '[CMD] Commande ping chargée avec succès' | 
03:33:02 | Info | '[CMD] Commande leaderboard chargée avec succès' | 
03:33:02 | Info | '[CMD] Commande reset chargée avec succès' | 
03:33:02 | Info | '[CMD] Commande setsound chargée avec succès' | 
03:33:02 | Info | '[CMD] Commande stats chargée avec succès' | 
03:33:02 | Info | '[CMD] Chargement des commandes terminé' | 
03:33:02 | Info | '[2/3] Chargement des Events' | 
03:33:02 | Info | '[EVT] Event interactionCreate chargé avec succès' | 
03:33:02 | Info | '[EVT] Event interactionCreate chargé avec succès' | 
03:33:02 | Info | '[EVT] Event voiceStateUpdate chargé avec succès' | 
03:33:03 | Info | '[DB] Chargement de la base de donnée' | 
03:33:03 | Info | '[EVT] Event ready chargé avec succès' | 
03:33:03 | Info | '[EVT] Event interactionCreate chargé avec succès' | 
03:33:03 | Info | '[EVT] Event voiceStateUpdate chargé avec succès' | 
03:33:03 | Info | '[EVT] Chargement des events terminé' | 
03:33:03 | Info | '[DB] Base de donnée chargée avec succès' | 
03:33:04 | Info | '[3/3] Connecté en tant que Murloc#7410' | 
03:33:06 | Info | 'xeit0w a été murlocké avec succès' | 
03:33:18 | Info | 'xeit0w a été murlocké avec succès' | 
03:45:49 | Info | '' | 
03:45:49 | Info | '[0/3] Initialisation du bot' | 
03:45:49 | Info | '[1/3] Chargement des commandes ' | 
03:45:49 | Info | '[CMD] Commande clear chargée avec succès' | 
03:45:49 | Info | '[CMD] Commande spawnroles chargée avec succès' | 
03:45:49 | Info | '[CMD] Commande ping chargée avec succès' | 
03:45:49 | Info | '[CMD] Commande leaderboard chargée avec succès' | 
03:45:49 | Info | '[CMD] Commande reset chargée avec succès' | 
03:45:49 | Info | '[CMD] Commande setsound chargée avec succès' | 
03:45:49 | Info | '[CMD] Commande stats chargée avec succès' | 
03:45:49 | Info | '[CMD] Chargement des commandes terminé' | 
03:45:49 | Info | '[2/3] Chargement des Events' | 
03:45:49 | Info | '[EVT] Event interactionCreate chargé avec succès' | 
03:45:49 | Info | '[EVT] Event interactionCreate chargé avec succès' | 
03:45:49 | Info | '[EVT] Event voiceStateUpdate chargé avec succès' | 
03:45:50 | Info | '[DB] Chargement de la base de donnée' | 
03:45:50 | Info | '[EVT] Event ready chargé avec succès' | 
03:45:50 | Info | '[EVT] Event interactionCreate chargé avec succès' | 
03:45:50 | Info | '[EVT] Event voiceStateUpdate chargé avec succès' | 
03:45:50 | Info | '[EVT] Chargement des events terminé' | 
03:45:50 | Info | '[DB] Base de donnée chargée avec succès' | 
03:45:51 | Info | '[3/3] Connecté en tant que Murloc#7410' | 
03:47:09 | Info | '' | 
03:47:09 | Info | '[0/3] Initialisation du bot' | 
03:47:09 | Info | '[1/3] Chargement des commandes ' | 
03:47:09 | Info | '[CMD] Commande clear chargée avec succès' | 
03:47:09 | Info | '[CMD] Commande spawnroles chargée avec succès' | 
03:47:09 | Info | '[CMD] Commande ping chargée avec succès' | 
03:48:08 | Info | '' | 
03:48:08 | Info | '[0/3] Initialisation du bot' | 
03:48:08 | Info | '[1/3] Chargement des commandes ' | 
03:48:09 | Info | '[CMD] Commande clear chargée avec succès' | 
03:48:09 | Info | '[CMD] Commande spawnroles chargée avec succès' | 
03:48:09 | Info | '[CMD] Commande ping chargée avec succès' | 
03:48:09 | Info | '[CMD] Commande leaderboard chargée avec succès' | 
03:48:09 | Info | '[CMD] Commande reset chargée avec succès' | 
03:48:09 | Info | '[CMD] Commande setsound chargée avec succès' | 
03:48:09 | Info | '[CMD] Commande stats chargée avec succès' | 
03:48:09 | Info | '[CMD] Chargement des commandes terminé' | 
03:48:09 | Info | '[2/3] Chargement des Events' | 
03:48:09 | Info | '[EVT] Event interactionCreate chargé avec succès' | 
03:48:09 | Info | '[EVT] Event interactionCreate chargé avec succès' | 
03:48:09 | Info | '[EVT] Event voiceStateUpdate chargé avec succès' | 
03:48:09 | Info | '[DB] Chargement de la base de donnée' | 
03:48:09 | Info | '[EVT] Event ready chargé avec succès' | 
03:48:09 | Info | '[EVT] Event interactionCreate chargé avec succès' | 
03:48:09 | Info | '[EVT] Event voiceStateUpdate chargé avec succès' | 
03:48:09 | Info | '[EVT] Chargement des events terminé' | 
03:48:10 | Info | '[DB] Base de donnée chargée avec succès' | 
03:48:10 | Info | '[3/3] Connecté en tant que Murloc#7410' | 
03:48:17 | Info | 'xeit0w a été murlocké avec succès' | 
03:48:22 | Info | 'La commande leaderboard a été exécutée par xeit0w' | 
03:48:32 | Info | 'La commande leaderboard a été exécutée par xeit0w' | 
03:48:34 | Info | 'xeit0w a été murlocké avec succès' | 
03:48:40 | Info | 'La commande leaderboard a été exécutée par xeit0w' | 
03:48:50 | Info | 'La commande leaderboard a été exécutée par xeit0w' | 
03:49:09 | Info | 'La commande stats a été exécutée par xeit0w' | 
03:52:54 | Info | '' | 
03:52:54 | Info | '[0/3] Initialisation du bot' | 
03:52:54 | Info | '[1/3] Chargement des commandes ' | 
03:52:54 | Info | '[CMD] Commande clear chargée avec succès' | 
03:52:54 | Info | '[CMD] Commande spawnroles chargée avec succès' | 
03:52:54 | Info | '[CMD] Commande ping chargée avec succès' | 
03:52:54 | Info | '[CMD] Commande leaderboard chargée avec succès' | 
03:52:54 | Info | '[CMD] Commande reset chargée avec succès' | 
03:52:54 | Info | '[CMD] Commande setsound chargée avec succès' | 
03:52:54 | Info | '[CMD] Commande stats chargée avec succès' | 
03:52:54 | Info | '[CMD] Chargement des commandes terminé' | 
03:52:54 | Info | '[2/3] Chargement des Events' | 
03:52:54 | Info | '[EVT] Event interactionCreate chargé avec succès' | 
03:52:54 | Info | '[EVT] Event interactionCreate chargé avec succès' | 
03:52:54 | Info | '[EVT] Event voiceStateUpdate chargé avec succès' | 
03:52:54 | Info | '[DB] Chargement de la base de donnée' | 
03:52:54 | Info | '[EVT] Event ready chargé avec succès' | 
03:52:54 | Info | '[EVT] Event interactionCreate chargé avec succès' | 
03:52:54 | Info | '[EVT] Event voiceStateUpdate chargé avec succès' | 
03:52:54 | Info | '[EVT] Chargement des events terminé' | 
03:52:55 | Info | '[DB] Base de donnée chargée avec succès' | 
03:52:56 | Info | '[3/3] Connecté en tant que Murloc#7410' | 
05:19:09 | Info | '' | 
05:19:09 | Info | '[0/3] Initialisation du bot' | 
05:19:09 | Info | '[1/3] Chargement des commandes ' | 
05:19:09 | Info | '[CMD] Commande clear chargée avec succès' | 
05:19:09 | Info | '[CMD] Commande help chargée avec succès' | 
05:19:09 | Info | '[CMD] Commande spawnroles chargée avec succès' | 
05:19:09 | Info | '[CMD] Commande ping chargée avec succès' | 
05:19:09 | Info | '[CMD] Commande leaderboard chargée avec succès' | 
05:19:09 | Info | '[CMD] Commande preview chargée avec succès' | 
05:19:09 | Info | '[CMD] Commande reset chargée avec succès' | 
05:19:09 | Info | '[CMD] Commande setsound chargée avec succès' | 
05:19:09 | Info | '[CMD] Commande stats chargée avec succès' | 
05:19:09 | Info | '[CMD] Chargement des commandes terminé' | 
05:19:09 | Info | '[2/3] Chargement des Events' | 
05:19:09 | Info | '[EVT] Event interactionCreate chargé avec succès' | 
05:19:09 | Info | '[EVT] Event interactionCreate chargé avec succès' | 
05:19:09 | Info | '[EVT] Event voiceStateUpdate chargé avec succès' | 
05:19:10 | Info | '[DB] Chargement de la base de donnée' | 
05:19:10 | Info | '[EVT] Event ready chargé avec succès' | 
05:19:10 | Info | '[EVT] Event interactionCreate chargé avec succès' | 
05:19:10 | Info | '[EVT] Event voiceStateUpdate chargé avec succès' | 
05:19:10 | Info | '[EVT] Chargement des events terminé' | 
05:19:10 | Info | '[DB] Base de donnée chargée avec succès' | 
05:19:11 | Info | '[3/3] Connecté en tant que Murloc#7410' | 
05:19:29 | Info | 'La commande preview a été exécutée par xeit0w' | 
05:19:33 | Info | 'La commande help a été exécutée par xeit0w' | 
05:19:41 | Info | 'La commande preview a été exécutée par xeit0w' | 
05:21:26 | Info | 'La commande leaderboard a été exécutée par xeit0w' | 
05:21:39 | Info | 'La commande help a été exécutée par xeit0w' | 
08:08:42 | Info | 'Les roles de undefined ont été changés avec succés' | 
11:22:16 | Info | 'La commande preview a été exécutée par xeit0w' | 
11:24:39 | Info | 'La commande leaderboard a été exécutée par xeit0w' | 
11:27:31 | Info | '' | 
11:27:31 | Info | '[0/3] Initialisation du bot' | 
11:27:31 | Info | '[1/3] Chargement des commandes ' | 
11:27:31 | Info | '[CMD] Commande clear chargée avec succès' | 
11:27:31 | Info | '[CMD] Commande help chargée avec succès' | 
11:27:31 | Info | '[CMD] Commande spawnroles chargée avec succès' | 
11:27:31 | Info | '[CMD] Commande ping chargée avec succès' | 
11:27:31 | Info | '[CMD] Commande leaderboard chargée avec succès' | 
11:27:31 | Info | '[CMD] Commande preview chargée avec succès' | 
11:27:31 | Info | '[CMD] Commande reset chargée avec succès' | 
11:27:31 | Info | '[CMD] Commande setsound chargée avec succès' | 
11:27:31 | Info | '[CMD] Commande stats chargée avec succès' | 
11:27:31 | Info | '[CMD] Chargement des commandes terminé' | 
11:27:31 | Info | '[2/3] Chargement des Events' | 
11:27:31 | Info | '[EVT] Event interactionCreate chargé avec succès' | 
11:27:31 | Info | '[EVT] Event interactionCreate chargé avec succès' | 
11:27:31 | Info | '[EVT] Event voiceStateUpdate chargé avec succès' | 
11:27:31 | Info | '[DB] Chargement de la base de donnée' | 
11:27:32 | Info | '[EVT] Event ready chargé avec succès' | 
11:27:32 | Info | '[EVT] Event interactionCreate chargé avec succès' | 
11:27:32 | Info | '[EVT] Event voiceStateUpdate chargé avec succès' | 
11:27:32 | Info | '[EVT] Chargement des events terminé' | 
11:27:32 | Info | '[DB] Base de donnée chargée avec succès' | 
11:27:33 | Info | '[3/3] Connecté en tant que Murloc#7410' | 
11:27:41 | Info | 'La commande leaderboard a été exécutée par xeit0w' | 
11:28:00 | Info | 'La commande leaderboard a été exécutée par xeit0w' | 
11:28:13 | Info | 'La commande leaderboard a été exécutée par xeit0w' | 
11:28:37 | Info | 'La commande help a été exécutée par xeit0w' | 
11:28:43 | Info | 'celekyuto a été murlocké avec succès' | 
11:28:45 | Info | 'La commande ping a été exécutée par xeit0w' | 
11:29:17 | Info | 'La commande setsound a été exécutée par celekyuto' | 
11:29:23 | Info | 'celekyuto a été murlocké avec succès' | 
11:30:10 | Info | 'La commande preview a été exécutée par xeit0w' | 
11:30:26 | Info | 'La commande preview a été exécutée par xeit0w' | 
11:30:45 | Info | 'La commande stats a été exécutée par xeit0w' | 
11:30:50 | Info | 'La commande stats a été exécutée par xeit0w' | 
11:57:52 | Info | 'louisnemo a été murlocké avec succès' | 
13:02:07 | Info | 'celekyuto a été murlocké avec succès' | 
13:40:54 | Info | 'La commande help a été exécutée par xeit0w' | 
13:41:24 | Info | 'La commande stats a été exécutée par xeit0w' | 
13:41:34 | Info | 'La commande leaderboard a été exécutée par xeit0w' | 
13:52:25 | Info | 'La commande help a été exécutée par d_aberggine' | 
13:52:48 | Info | 'd_aberggine a été murlocké avec succès' | 
13:53:10 | Info | 'La commande preview a été exécutée par d_aberggine' | 
13:53:34 | Info | 'La commande leaderboard a été exécutée par d_aberggine' | 
14:59:46 | Info | 'd_aberggine a gagné 10 xp !' | 
16:08:11 | Info | 'motisma a été murlocké avec succès' | 
16:08:27 | Info | 'La commande leaderboard a été exécutée par motisma' | 
16:15:19 | Info | 'kkdours a été murlocké avec succès' | 
16:23:19 | Info | 'louisnemo a été murlocké avec succès' | 
16:23:45 | Info | 'motisma a été murlocké avec succès' | 
16:23:55 | Info | 'kkdours a été murlocké avec succès' | 
16:24:10 | Info | 'kkdours a été murlocké avec succès' | 
18:10:26 | Info | 'louisnemo a gagné 20 xp !' | 
18:39:21 | Info | 'louisnemo a été murlocké avec succès' | 
18:39:35 | Info | 'louisnemo a été murlocké avec succès' | 
18:40:08 | Info | 'louisnemo a été murlocké avec succès' | 
19:36:30 | Info | 'kkdours a gagné 30 xp !' | 
20:01:43 | Info | 'louisnemo a gagné 15 xp !' | 
20:01:44 | Info | 'motisma a gagné 35 xp !' | 
20:01:44 | Info | 'motisma est passé niveau %d !' | 
20:39:11 | Info | 'xeit0w a été murlocké avec succès' | 
20:39:58 | Info | 'xeit0w a été murlocké avec succès' | 
20:55:48 | Info | 'louisnemo a été murlocké avec succès' | 
20:56:10 | Info | 'La commande preview a été exécutée par xeit0w' | 
20:56:19 | Info | 'La commande preview a été exécutée par xeit0w' | 
21:29:34 | Info | 'louisnemo a gagné 5 xp !' | 
21:37:37 | Info | 'motisma a été murlocké avec succès' | 
22:06:59 | Info | 'kkdours a été murlocké avec succès' | 
22:09:06 | Info | 'xeit0w a été murlocké avec succès' | 
22:20:10 | Info | 'cumplex a été murlocké avec succès' | 
22:50:15 | Info | 'd_aberggine a été murlocké avec succès' | 
23:37:49 | Info | 'd_aberggine a gagné 10 xp !' | 
23:39:57 | Info | 'celekyuto a été murlocké avec succès' | 
