03:55:24 | Info | 'kkdours a gagné 63 xp !' | 
03:55:26 | Info | 'cumplex a gagné 60 xp !' | 
03:55:27 | Info | 'motisma a gagné 63 xp !' | 
14:49:30 | Info | 'motisma a été murlocké avec succès' | 
15:01:46 | Info | '[TIMER] Départ du chrono pour celekyuto' | 
15:01:47 | Info | 'celekyuto a été murlocké avec succès' | 
15:02:10 | Info | '[TIMER] Départ du chrono pour motisma' | 
15:27:47 | Info | '[TIMER] Départ du chrono pour alartic' | 
15:27:48 | Info | 'alartic a été murlocké avec succès' | 
16:41:38 | Info | 'celekyuto a gagné 16 xp !' | 
19:45:36 | Info | 'motisma a gagné 47 xp !' | 
19:45:38 | Info | 'alartic a gagné 42 xp !' | 
21:43:15 | Info | 'motisma a été murlocké avec succès' | 
22:03:49 | Info | '[TIMER] Départ du chrono pour kkdours' | 
22:03:50 | Info | 'kkdours a été murlocké avec succès' | 
22:03:51 | Info | '[TIMER] Départ du chrono pour cumplex' | 
22:03:52 | Info | 'cumplex a été murlocké avec succès' | 
22:04:17 | Info | '[TIMER] Départ du chrono pour motisma' | 
22:05:29 | Info | '[TIMER] Départ du chrono pour d_aberggine' | 
22:05:30 | Info | 'd_aberggine a été murlocké avec succès' | 
22:29:54 | Info | 'd_aberggine a gagné 4 xp !' | 
