00:28:08 | Info | 'louisnemo a gagné 35 xp !' | 
00:28:10 | Info | 'motisma a gagné 35 xp !' | 
14:09:14 | Info | 'xeit0w a été murlocké avec succès' | 
14:10:09 | Info | 'louisnemo a été murlocké avec succès' | 
14:17:26 | Info | 'celekyuto a été murlocké avec succès' | 
14:46:04 | Info | 'xeit0w a gagné 5 xp !' | 
14:49:15 | Info | 'xeit0w a été murlocké avec succès' | 
15:41:09 | Info | 'celekyuto a gagné 15 xp !' | 
15:54:22 | Info | 'motisma a été murlocké avec succès' | 
16:51:38 | Info | 'louisnemo a gagné 25 xp !' | 
18:18:12 | Info | 'louisnemo a été murlocké avec succès' | 
18:42:59 | Info | 'd_aberggine a été murlocké avec succès' | 
18:52:06 | Info | 'La commande setsound a été exécutée par d_aberggine' | 
18:52:43 | Info | 'Fichier téléchargé et découpé avec succès ! sounds/d_aberggine.mp3' | 
18:52:49 | Info | 'd_aberggine a été murlocké avec succès' | 
18:53:20 | Info | 'La commande setsound a été exécutée par d_aberggine' | 
18:53:29 | Info | 'Fichier téléchargé et découpé avec succès ! sounds/d_aberggine.mp3' | 
18:53:35 | Info | 'd_aberggine a été murlocké avec succès' | 
18:55:18 | Info | 'celekyuto a été murlocké avec succès' | 
18:57:11 | Info | 'xenix13 a été murlocké avec succès' | 
19:05:13 | Info | 'd_aberggine a été murlocké avec succès' | 
19:06:31 | Info | 'xeit0w a gagné 45 xp !' | 
19:06:31 | Info | 'xeit0w est passé niveau %d !' | 
19:06:54 | Info | 'xeit0w a été murlocké avec succès' | 
19:23:26 | Info | 'louisnemo a gagné 10 xp !' | 
19:24:09 | Info | 'motisma a gagné 35 xp !' | 
19:54:38 | Info | 'booddle a été murlocké avec succès' | 
20:43:31 | Info | 'motisma a été murlocké avec succès' | 
21:15:31 | Info | 'louisnemo a été murlocké avec succès' | 
21:46:15 | Info | 'd_aberggine a été murlocké avec succès' | 
21:54:26 | Info | 'celekyuto a été murlocké avec succès' | 
22:19:01 | Info | 'louisnemo a été murlocké avec succès' | 
22:23:44 | Info | 'louisnemo a été murlocké avec succès' | 
22:26:28 | Info | 'louisnemo a été murlocké avec succès' | 
23:04:32 | Info | 'celekyuto a été murlocké avec succès' | 
23:05:54 | Info | 'La commande setsound a été exécutée par celekyuto' | 
23:06:03 | Info | 'Fichier téléchargé et découpé avec succès ! sounds/celekyuto.mp3' | 
23:06:08 | Info | 'celekyuto a été murlocké avec succès' | 
23:06:35 | Info | 'louisnemo a gagné 5 xp !' | 
23:06:37 | Info | 'louisnemo a été murlocké avec succès' | 
23:29:29 | Info | 'celekyuto a été murlocké avec succès' | 
23:35:31 | Info | 'motisma a gagné 30 xp !' | 
23:35:38 | Info | 'xeit0w a gagné 45 xp !' | 
