00:51:00 | Info | 'louisnemo a gagné 34 xp !' | 
00:51:02 | Info | 'motisma a gagné 29 xp !' | 
12:12:19 | Info | 'motisma a été murlocké avec succès' | 
12:13:20 | Info | '[TIMER] Départ du chrono pour celekyuto' | 
12:13:21 | Info | 'celekyuto a été murlocké avec succès' | 
12:13:22 | Info | '[TIMER] Départ du chrono pour motisma' | 
13:10:56 | Info | 'celekyuto a gagné 9 xp !' | 
13:11:23 | Info | '[TIMER] Le chrono est en pause pour motisma' | 
13:48:33 | Info | '[TIMER] Départ du chrono pour louisnemo' | 
13:48:34 | Info | 'louisnemo a été murlocké avec succès' | 
13:49:23 | Info | '[TIMER] Le chrono reprend pour motisma' | 
13:49:54 | Info | 'motisma a gagné 9 xp !' | 
13:50:23 | Info | '[TIMER] Le chrono est en pause pour louisnemo' | 
16:21:39 | Info | 'motisma a été murlocké avec succès' | 
16:21:44 | Info | '[TIMER] Départ du chrono pour louisnemo' | 
16:21:45 | Info | 'louisnemo a été murlocké avec succès' | 
16:22:26 | Info | '[TIMER] Départ du chrono pour motisma' | 
17:03:20 | Info | 'louisnemo a gagné 6 xp !' | 
17:03:26 | Info | '[TIMER] Le chrono est en pause pour motisma' | 
17:03:53 | Info | '[TIMER] Départ du chrono pour kkdours' | 
17:03:54 | Info | 'kkdours a été murlocké avec succès' | 
17:04:26 | Info | '[TIMER] Le chrono reprend pour motisma' | 
17:12:05 | Info | '[TIMER] Départ du chrono pour celekyuto' | 
17:12:06 | Info | 'celekyuto a été murlocké avec succès' | 
18:04:26 | Info | '[TIMER] Départ du chrono pour xenix13' | 
18:04:27 | Info | 'xenix13 a été murlocké avec succès' | 
18:40:59 | Info | 'xenix13 a gagné 6 xp !' | 
19:15:59 | Info | 'celekyuto a gagné 20 xp !' | 
19:23:21 | Info | 'motisma a gagné 29 xp !' | 
19:23:28 | Info | '[TIMER] Le chrono est en pause pour kkdours' | 
19:24:53 | Info | 'kkdours a gagné 23 xp !' | 
19:51:40 | Info | 'motisma a été murlocké avec succès' | 
20:32:30 | Info | '[TIMER] Départ du chrono pour celekyuto' | 
20:32:31 | Info | 'celekyuto a été murlocké avec succès' | 
20:33:29 | Info | '[TIMER] Départ du chrono pour motisma' | 
20:59:58 | Info | '[TIMER] Départ du chrono pour louisnemo' | 
20:59:59 | Info | 'louisnemo a été murlocké avec succès' | 
21:16:05 | Info | '[TIMER] Départ du chrono pour wizzard08' | 
21:16:06 | Info | 'wizzard08 a été murlocké avec succès' | 
21:34:53 | Info | '[TIMER] Départ du chrono pour omigom' | 
21:34:54 | Info | 'omigom a été murlocké avec succès' | 
21:45:27 | Info | '[TIMER] Départ du chrono pour kkdours' | 
21:45:28 | Info | 'kkdours a été murlocké avec succès' | 
21:53:27 | Info | '[TIMER] Départ du chrono pour xenix13' | 
21:53:28 | Info | 'xenix13 a été murlocké avec succès' | 
22:12:08 | Info | 'kkdours a gagné 4 xp !' | 
22:12:12 | Info | '[TIMER] Départ du chrono pour kkdours' | 
22:12:13 | Info | 'kkdours a été murlocké avec succès' | 
22:12:33 | Info | 'xenix13 a gagné 3 xp !' | 
22:18:46 | Info | 'louisnemo a gagné 13 xp !' | 
22:18:46 | Info | '%s est passé niveau 10 !' | 
22:23:56 | Info | '[TIMER] Départ du chrono pour cumplex' | 
22:23:57 | Info | 'cumplex a été murlocké avec succès' | 
22:24:17 | Info | '[TIMER] Départ du chrono pour cumplex' | 
22:24:18 | Info | 'cumplex a été murlocké avec succès' | 
22:24:41 | Info | 'frenzop a été murlocké avec succès' | 
22:25:25 | Info | 'celekyuto a gagné 18 xp !' | 
22:25:29 | Info | 'wizzard08 a gagné 11 xp !' | 
22:25:30 | Info | '[TIMER] Le chrono est en pause pour omigom' | 
22:25:31 | Info | 'omigom a gagné 8 xp !' | 
22:25:48 | Info | 'Les roles de undefined ont été changés avec succés' | 
22:25:58 | Info | 'Les roles de undefined ont été changés avec succés' | 
22:26:31 | Info | 'frenzop a gagné 982 xp !' | 
22:26:31 | Info | '%s est passé niveau 2 !' | 
22:26:32 | Info | '%s est passé niveau 3 !' | 
22:26:32 | Info | '%s est passé niveau 4 !' | 
22:26:33 | Info | '%s est passé niveau 5 !' | 
22:26:33 | Info | '%s est passé niveau 6 !' | 
22:26:34 | Info | '%s est passé niveau 7 !' | 
22:26:34 | Info | '%s est passé niveau 8 !' | 
22:26:35 | Info | '%s est passé niveau 9 !' | 
22:26:35 | Info | '%s est passé niveau 10 !' | 
