01:10:23 | Info | '[TIMER] Départ du chrono pour xeit0w' | 
01:10:24 | Info | 'xeit0w a été murlocké avec succès' | 
03:32:31 | Info | 'kkdours a gagné 63 xp !' | 
03:32:35 | Info | 'motisma a gagné 60 xp !' | 
04:27:26 | Info | 'cumplex a gagné 47 xp !' | 
04:27:27 | Info | 'xeit0w a gagné 32 xp !' | 
07:33:53 | Info | 'La commande leaderboard a été exécutée par xeit0w' | 
07:34:46 | Info | 'La commande leaderboard a été exécutée par xeit0w' | 
07:35:50 | Info | 'La commande stats a été exécutée par xeit0w' | 
07:36:21 | Info | 'La commande stats a été exécutée par xeit0w' | 
15:23:18 | Info | 'louisnemo a été murlocké avec succès' | 
15:23:29 | Info | '[TIMER] Départ du chrono pour kkdours' | 
15:23:30 | Info | 'kkdours a été murlocké avec succès' | 
15:24:12 | Info | '[TIMER] Départ du chrono pour louisnemo' | 
15:52:21 | Info | '[TIMER] Départ du chrono pour motisma' | 
15:52:22 | Info | 'motisma a été murlocké avec succès' | 
16:24:11 | Info | 'louisnemo a gagné 9 xp !' | 
17:24:03 | Info | '[TIMER] Départ du chrono pour cumplex' | 
17:24:04 | Info | 'cumplex a été murlocké avec succès' | 
18:45:55 | Info | 'motisma a gagné 28 xp !' | 
19:32:33 | Info | 'kkdours a gagné 41 xp !' | 
19:33:16 | Info | '[TIMER] Le chrono est en pause pour cumplex' | 
19:34:06 | Info | 'cumplex a gagné 21 xp !' | 
20:30:31 | Info | 'louisnemo a été murlocké avec succès' | 
20:37:18 | Info | '[TIMER] Départ du chrono pour kkdours' | 
20:37:19 | Info | 'kkdours a été murlocké avec succès' | 
20:38:17 | Info | '[TIMER] Départ du chrono pour louisnemo' | 
20:39:49 | Info | '[TIMER] Départ du chrono pour celekyuto' | 
20:39:50 | Info | 'celekyuto a été murlocké avec succès' | 
20:56:33 | Info | '[TIMER] Départ du chrono pour cumplex' | 
20:56:34 | Info | 'cumplex a été murlocké avec succès' | 
21:02:09 | Info | 'louisnemo a gagné 3 xp !' | 
21:02:10 | Info | '[TIMER] Départ du chrono pour louisnemo' | 
21:02:11 | Info | 'louisnemo a été murlocké avec succès' | 
21:44:45 | Info | '[TIMER] Départ du chrono pour motisma' | 
21:44:46 | Info | 'motisma a été murlocké avec succès' | 
23:19:26 | Info | 'cumplex a gagné 23 xp !' | 
