00:39:29 | Info | 'louisnemo a gagné 35 xp !' | 
00:40:25 | Info | 'xeit0w a gagné 27 xp !' | 
00:40:50 | Info | '[TIMER] Le chrono est en pause pour motisma' | 
00:52:32 | Info | '[TIMER] Départ du chrono pour cumplex' | 
00:52:33 | Info | 'cumplex a été murlocké avec succès' | 
00:52:35 | Info | '[TIMER] Départ du chrono pour kkdours' | 
00:52:36 | Info | 'kkdours a été murlocké avec succès' | 
00:52:50 | Info | '[TIMER] Le chrono reprend pour motisma' | 
01:22:24 | Info | '[TIMER] Départ du chrono pour celekyuto' | 
01:22:25 | Info | 'celekyuto a été murlocké avec succès' | 
04:20:57 | Info | 'motisma a gagné 74 xp !' | 
04:22:13 | Info | 'kkdours a gagné 34 xp !' | 
04:22:13 | Info | '%s est passé niveau 14 !' | 
04:22:16 | Info | 'cumplex a gagné 34 xp !' | 
04:34:40 | Info | 'La commande leaderboard a été exécutée par xeit0w' | 
04:35:10 | Info | 'La commande stats a été exécutée par xeit0w' | 
14:58:05 | Info | 'd_aberggine a été murlocké avec succès' | 
16:24:36 | Info | 'celekyuto a été murlocké avec succès' | 
17:19:30 | Info | 'kkdours a été murlocké avec succès' | 
17:19:42 | Info | '[TIMER] Départ du chrono pour motisma' | 
17:19:43 | Info | 'motisma a été murlocké avec succès' | 
17:20:08 | Info | '[TIMER] Départ du chrono pour kkdours' | 
20:35:29 | Info | '[TIMER] Départ du chrono pour celekyuto' | 
20:35:30 | Info | 'celekyuto a été murlocké avec succès' | 
20:37:56 | Info | 'motisma a gagné 33 xp !' | 
21:15:27 | Info | '[TIMER] Départ du chrono pour motisma' | 
21:15:28 | Info | 'motisma a été murlocké avec succès' | 
21:47:59 | Info | '[TIMER] Départ du chrono pour d_aberggine' | 
21:48:00 | Info | 'd_aberggine a été murlocké avec succès' | 
21:51:31 | Info | '[TIMER] Départ du chrono pour Alartic#4028' | 
21:51:32 | Info | 'Alartic#4028 a été murlocké avec succès' | 
22:26:05 | Info | 'd_aberggine a gagné 6 xp !' | 
22:26:07 | Info | '[TIMER] Départ du chrono pour d_aberggine' | 
22:26:08 | Info | 'd_aberggine a été murlocké avec succès' | 
22:26:11 | Info | '[TIMER] Départ du chrono pour d_aberggine' | 
22:26:12 | Info | 'd_aberggine a été murlocké avec succès' | 
