00:26:09 | Info | 'cumplex a été murlocké avec succès' | 
00:30:47 | Info | '[TIMER] Départ du chrono pour kkdours' | 
00:30:48 | Info | 'kkdours a été murlocké avec succès' | 
00:31:20 | Info | '[TIMER] Départ du chrono pour cumplex' | 
00:39:55 | Info | '[TIMER] Départ du chrono pour motisma' | 
00:39:56 | Info | 'motisma a été murlocké avec succès' | 
00:49:58 | Info | '[TIMER] Départ du chrono pour celekyuto' | 
00:49:59 | Info | 'celekyuto a été murlocké avec succès' | 
01:36:31 | Info | 'celekyuto a gagné 7 xp !' | 
03:16:37 | Info | 'cumplex a gagné 27 xp !' | 
03:17:42 | Info | 'kkdours a gagné 27 xp !' | 
03:18:23 | Info | '[TIMER] Le chrono est en pause pour motisma' | 
03:19:41 | Info | 'motisma a gagné 26 xp !' | 
03:19:41 | Info | '%s est passé niveau 19 !' | 
14:53:17 | Info | 'La commande leaderboard a été exécutée par motisma' | 
19:11:40 | Info | 'd_aberggine a été murlocké avec succès' | 
20:19:58 | Info | 'motisma a été murlocké avec succès' | 
21:16:30 | Info | '[TIMER] Départ du chrono pour d_aberggine' | 
21:16:31 | Info | 'd_aberggine a été murlocké avec succès' | 
21:16:41 | Info | '[TIMER] Départ du chrono pour motisma' | 
22:36:08 | Info | 'd_aberggine a gagné 13 xp !' | 
22:36:42 | Info | '[TIMER] Le chrono est en pause pour motisma' | 
22:37:44 | Info | '[TIMER] Départ du chrono pour d_aberggine' | 
22:37:45 | Info | 'd_aberggine a été murlocké avec succès' | 
22:38:42 | Info | '[TIMER] Le chrono reprend pour motisma' | 
23:24:54 | Info | '[TIMER] Départ du chrono pour cumplex' | 
23:24:55 | Info | 'cumplex a été murlocké avec succès' | 
23:45:06 | Info | 'cumplex a gagné 3 xp !' | 
23:49:20 | Info | '[TIMER] Départ du chrono pour cumplex' | 
23:49:20 | Info | 'cumplex a été murlocké avec succès' | 
23:55:30 | Info | '[TIMER] Départ du chrono pour cumplex' | 
23:55:31 | Info | 'cumplex a été murlocké avec succès' | 
