01:05:26 | Info | 'La commande stats a été exécutée par xeit0w' | 
01:05:59 | Info | 'xeit0w a gagné 894 xp !' | 
01:05:59 | Info | 'xeit0w est passé niveau %d !' | 
01:05:59 | Info | 'xeit0w est passé niveau %d !' | 
01:06:00 | Info | 'xeit0w est passé niveau %d !' | 
01:06:00 | Info | 'xeit0w est passé niveau %d !' | 
01:07:04 | Info | 'cumplex a gagné 748 xp !' | 
01:07:04 | Info | 'cumplex est passé niveau %d !' | 
01:07:05 | Info | 'cumplex est passé niveau %d !' | 
01:07:05 | Info | 'cumplex est passé niveau %d !' | 
01:07:05 | Info | 'cumplex est passé niveau %d !' | 
01:07:06 | Info | 'cumplex est passé niveau %d !' | 
01:28:22 | Info | '' | 
01:28:22 | Info | '[0/3] Initialisation du bot' | 
01:28:22 | Info | '[1/3] Chargement des commandes ' | 
01:28:22 | Info | '[CMD] Commande clear chargée avec succès' | 
01:28:22 | Info | '[CMD] Commande help chargée avec succès' | 
01:28:22 | Info | '[CMD] Commande spawnroles chargée avec succès' | 
01:28:22 | Info | '[CMD] Commande ping chargée avec succès' | 
01:28:22 | Info | '[CMD] Commande leaderboard chargée avec succès' | 
01:28:22 | Info | '[CMD] Commande preview chargée avec succès' | 
01:28:22 | Info | '[CMD] Commande reset chargée avec succès' | 
01:28:22 | Info | '[CMD] Commande setsound chargée avec succès' | 
01:28:22 | Info | '[CMD] Commande stats chargée avec succès' | 
01:28:22 | Info | '[CMD] Chargement des commandes terminé' | 
01:28:22 | Info | '[2/3] Chargement des Events' | 
01:28:22 | Info | '[EVT] Event interactionCreate chargé avec succès' | 
01:28:22 | Info | '[EVT] Event interactionCreate chargé avec succès' | 
01:28:22 | Info | '[EVT] Event voiceStateUpdate chargé avec succès' | 
01:28:23 | Info | '[DB] Chargement de la base de donnée' | 
01:28:23 | Info | '[EVT] Event ready chargé avec succès' | 
01:28:23 | Info | '[EVT] Event interactionCreate chargé avec succès' | 
01:28:23 | Info | '[EVT] Event voiceStateUpdate chargé avec succès' | 
01:28:23 | Info | '[EVT] Chargement des events terminé' | 
01:28:23 | Info | '[DB] Base de donnée chargée avec succès' | 
01:28:24 | Info | '[3/3] Connecté en tant que Murloc#7410' | 
03:33:47 | Info | 'La commande stats a été exécutée par xeit0w' | 
03:34:04 | Info | 'xeit0w a été murlocké avec succès' | 
03:34:09 | Info | 'La commande stats a été exécutée par xeit0w' | 
03:34:11 | Info | 'La commande leaderboard a été exécutée par xeit0w' | 
14:12:28 | Info | 'motisma a été murlocké avec succès' | 
14:13:30 | Info | 'celekyuto a été murlocké avec succès' | 
15:50:25 | Info | 'celekyuto a gagné 16 xp !' | 
16:08:13 | Info | 'louisnemo a été murlocké avec succès' | 
16:36:42 | Info | 'booddle a été murlocké avec succès' | 
16:37:15 | Info | 'booddle a été murlocké avec succès' | 
17:01:46 | Info | 'xeit0w a été murlocké avec succès' | 
17:15:21 | Info | 'celekyuto a été murlocké avec succès' | 
17:34:35 | Info | 'booddle a gagné 9 xp !' | 
17:34:35 | Info | 'booddle est passé niveau %d !' | 
17:40:33 | Info | 'xenix13 a été murlocké avec succès' | 
17:41:37 | Info | 'xeit0w a gagné 6 xp !' | 
17:41:49 | Error | 'Erreur lors du murlock de xeit0w' | 
17:41:59 | Error | 'Erreur lors du murlock de xeit0w' | 
17:46:35 | Info | '' | 
17:46:35 | Info | '[0/3] Initialisation du bot' | 
17:46:35 | Info | '[1/3] Chargement des commandes ' | 
17:46:35 | Info | '[CMD] Commande clear chargée avec succès' | 
17:46:35 | Info | '[CMD] Commande help chargée avec succès' | 
17:46:35 | Info | '[CMD] Commande spawnroles chargée avec succès' | 
17:46:35 | Info | '[CMD] Commande ping chargée avec succès' | 
17:46:35 | Info | '[CMD] Commande leaderboard chargée avec succès' | 
17:46:35 | Info | '[CMD] Commande preview chargée avec succès' | 
17:46:35 | Info | '[CMD] Commande reset chargée avec succès' | 
17:46:35 | Info | '[CMD] Commande setsound chargée avec succès' | 
17:46:35 | Info | '[CMD] Commande stats chargée avec succès' | 
17:46:35 | Info | '[CMD] Chargement des commandes terminé' | 
17:46:35 | Info | '[2/3] Chargement des Events' | 
17:46:35 | Info | '[EVT] Event interactionCreate chargé avec succès' | 
17:46:35 | Info | '[EVT] Event interactionCreate chargé avec succès' | 
17:46:35 | Info | '[EVT] Event voiceStateUpdate chargé avec succès' | 
17:46:35 | Info | '[DB] Chargement de la base de donnée' | 
17:46:35 | Info | '[EVT] Event ready chargé avec succès' | 
17:46:35 | Info | '[EVT] Event interactionCreate chargé avec succès' | 
17:46:35 | Info | '[EVT] Event voiceStateUpdate chargé avec succès' | 
17:46:35 | Info | '[EVT] Chargement des events terminé' | 
17:46:36 | Info | '[DB] Base de donnée chargée avec succès' | 
17:46:36 | Info | '[3/3] Connecté en tant que Murloc#7410' | 
17:46:52 | Info | 'xeit0w a été murlocké avec succès' | 
17:46:57 | Info | 'xeit0w a été murlocké avec succès' | 
17:47:00 | Info | 'xeit0w a été murlocké avec succès' | 
17:47:18 | Info | 'xeit0w a été murlocké avec succès' | 
17:47:21 | Info | 'xeit0w a été murlocké avec succès' | 
17:47:23 | Info | 'xeit0w a été murlocké avec succès' | 
17:47:26 | Error | 'Erreur lors du murlock de xeit0w' | 
17:47:26 | Info | 'xeit0w a été murlocké avec succès' | 
17:47:29 | Info | 'xeit0w a été murlocké avec succès' | 
17:47:31 | Info | 'xeit0w a été murlocké avec succès' | 
18:16:32 | Info | 'xeit0w a gagné 4 xp !' | 
18:18:58 | Info | 'xeit0w a été murlocké avec succès' | 
18:33:27 | Info | 'xeit0w a gagné 2 xp !' | 
20:26:58 | Info | 'motisma a été murlocké avec succès' | 
20:41:56 | Info | 'kkdours a été murlocké avec succès' | 
22:13:28 | Info | 'xeit0w a été murlocké avec succès' | 
23:51:31 | Info | 'kkdours a gagné 31 xp !' | 
