02:06:25 | Info | '' | 
02:06:25 | Info | '[0/3] Initialisation du bot' | 
02:06:25 | Info | '[1/3] Chargement des commandes ............................................................................' | 
02:06:25 | Info | '[CMD] Commande ping chargée avec succès' | 
02:06:25 | Info | '[CMD] Commande spawnroles chargée avec succès' | 
02:06:25 | Info | '[CMD] Commande reset chargée avec succès' | 
02:06:25 | Info | '[CMD] Commande setsound chargée avec succès' | 
02:06:25 | Info | '[CMD] Chargement des commandes terminé' | 
02:06:25 | Info | '[2/3] Chargement des Events ...............................................................................' | 
02:06:25 | Info | '[EVT] Event interactionCreate chargé avec succès' | 
02:06:25 | Info | '[EVT] Event interactionCreate chargé avec succès' | 
02:06:25 | Info | '[EVT] Event voiceStateUpdate chargé avec succès' | 
02:06:25 | Info | '[EVT] Chargement des events terminé' | 
02:06:25 | Info | '[EVT] Event ready chargé avec succès' | 
02:06:27 | Info | '[3/3] Connecté en tant que Murloc#7410 ....................................................................' | 
02:06:32 | Info | 'La commande spawnroles a été exécutée par xeit0w' | 
02:06:47 | Info | 'La commande spawnroles a été exécutée par xeit0w' | 
02:07:51 | Info | '' | 
02:07:51 | Info | '[0/3] Initialisation du bot' | 
02:07:51 | Info | '[1/3] Chargement des commandes ............................................................................' | 
02:07:51 | Info | '[CMD] Commande spawnroles chargée avec succès' | 
02:07:51 | Info | '[CMD] Commande ping chargée avec succès' | 
02:07:51 | Info | '[CMD] Commande reset chargée avec succès' | 
02:07:51 | Info | '[CMD] Commande setsound chargée avec succès' | 
02:07:51 | Info | '[2/3] Chargement des Events ...............................................................................' | 
02:07:51 | Info | '[EVT] Event interactionCreate chargé avec succès' | 
02:07:51 | Info | '[EVT] Event interactionCreate chargé avec succès' | 
02:07:51 | Info | '[CMD] Chargement des commandes terminé' | 
02:07:51 | Info | '[EVT] Event ready chargé avec succès' | 
02:07:51 | Info | '[EVT] Event voiceStateUpdate chargé avec succès' | 
02:07:51 | Info | '[EVT] Chargement des events terminé' | 
02:07:52 | Info | '[3/3] Connecté en tant que Murloc#7410 ....................................................................' | 
02:07:57 | Info | 'La commande spawnroles a été exécutée par xeit0w' | 
02:08:15 | Info | '' | 
02:08:15 | Info | '[0/3] Initialisation du bot' | 
02:08:15 | Info | '[1/3] Chargement des commandes ............................................................................' | 
02:08:15 | Info | '[CMD] Commande spawnroles chargée avec succès' | 
02:08:15 | Info | '[CMD] Commande ping chargée avec succès' | 
02:08:15 | Info | '[CMD] Commande setsound chargée avec succès' | 
02:08:15 | Info | '[CMD] Commande reset chargée avec succès' | 
02:08:15 | Info | '[2/3] Chargement des Events ...............................................................................' | 
02:08:15 | Info | '[EVT] Event interactionCreate chargé avec succès' | 
02:08:15 | Info | '[EVT] Event interactionCreate chargé avec succès' | 
02:08:15 | Info | '[CMD] Chargement des commandes terminé' | 
02:08:15 | Info | '[EVT] Event voiceStateUpdate chargé avec succès' | 
02:08:15 | Info | '[EVT] Chargement des events terminé' | 
02:08:15 | Info | '[EVT] Event ready chargé avec succès' | 
02:08:17 | Info | '[3/3] Connecté en tant que Murloc#7410 ....................................................................' | 
02:08:19 | Info | 'La commande spawnroles a été exécutée par xeit0w' | 
02:08:41 | Info | '' | 
02:08:41 | Info | '[0/3] Initialisation du bot' | 
02:08:41 | Info | '[1/3] Chargement des commandes ............................................................................' | 
02:08:41 | Info | '[CMD] Commande spawnroles chargée avec succès' | 
02:08:41 | Info | '[CMD] Commande reset chargée avec succès' | 
02:08:41 | Info | '[CMD] Commande setsound chargée avec succès' | 
02:08:41 | Info | '[CMD] Chargement des commandes terminé' | 
02:08:41 | Info | '[2/3] Chargement des Events ...............................................................................' | 
02:08:41 | Info | '[EVT] Event interactionCreate chargé avec succès' | 
02:08:41 | Info | '[EVT] Event interactionCreate chargé avec succès' | 
02:08:41 | Info | '[EVT] Event ready chargé avec succès' | 
02:08:41 | Info | '[EVT] Event voiceStateUpdate chargé avec succès' | 
02:08:41 | Info | '[EVT] Chargement des events terminé' | 
02:08:41 | Info | '[CMD] Commande ping chargée avec succès' | 
02:08:43 | Info | '[3/3] Connecté en tant que Murloc#7410 ....................................................................' | 
02:08:47 | Info | 'La commande spawnroles a été exécutée par xeit0w' | 
02:14:25 | Info | '' | 
02:14:25 | Info | '[0/3] Initialisation du bot' | 
02:14:25 | Info | '[1/3] Chargement des commandes ............................................................................' | 
02:14:25 | Info | '[CMD] Commande spawnroles chargée avec succès' | 
02:14:25 | Info | '[CMD] Commande reset chargée avec succès' | 
02:14:25 | Info | '[CMD] Commande ping chargée avec succès' | 
02:14:25 | Info | '[CMD] Commande setsound chargée avec succès' | 
02:14:25 | Info | '[CMD] Chargement des commandes terminé' | 
02:14:25 | Info | '[2/3] Chargement des Events ...............................................................................' | 
02:14:25 | Info | '[EVT] Event interactionCreate chargé avec succès' | 
02:14:25 | Info | '[EVT] Event ready chargé avec succès' | 
02:14:25 | Info | '[EVT] Event interactionCreate chargé avec succès' | 
02:14:25 | Info | '[EVT] Event voiceStateUpdate chargé avec succès' | 
02:14:25 | Info | '[EVT] Chargement des events terminé' | 
02:14:26 | Info | '[3/3] Connecté en tant que Murloc#7410 ....................................................................' | 
02:14:34 | Info | 'La commande spawnroles a été exécutée par xeit0w' | 
02:20:36 | Info | '' | 
02:20:36 | Info | '[0/3] Initialisation du bot' | 
02:20:36 | Info | '[1/3] Chargement des commandes ............................................................................' | 
02:20:36 | Info | '[CMD] Commande spawnroles chargée avec succès' | 
02:20:36 | Info | '[CMD] Commande ping chargée avec succès' | 
02:20:36 | Info | '[CMD] Commande reset chargée avec succès' | 
02:20:36 | Info | '[CMD] Commande setsound chargée avec succès' | 
02:20:36 | Info | '[CMD] Chargement des commandes terminé' | 
02:20:36 | Info | '[2/3] Chargement des Events ...............................................................................' | 
02:20:36 | Info | '[EVT] Event interactionCreate chargé avec succès' | 
02:20:36 | Info | '[EVT] Event interactionCreate chargé avec succès' | 
02:20:36 | Info | '[EVT] Event ready chargé avec succès' | 
02:20:36 | Info | '[EVT] Event interactionCreate chargé avec succès' | 
02:20:36 | Info | '[EVT] Event voiceStateUpdate chargé avec succès' | 
02:20:36 | Info | '[EVT] Chargement des events terminé' | 
02:20:37 | Info | '[3/3] Connecté en tant que Murloc#7410 ....................................................................' | 
02:20:50 | Info | '' | 
02:20:50 | Info | '[0/3] Initialisation du bot' | 
02:20:50 | Info | '[1/3] Chargement des commandes ............................................................................' | 
02:20:50 | Info | '[CMD] Commande spawnroles chargée avec succès' | 
02:20:50 | Info | '[CMD] Commande ping chargée avec succès' | 
02:20:50 | Info | '[CMD] Commande reset chargée avec succès' | 
02:20:50 | Info | '[CMD] Commande setsound chargée avec succès' | 
02:20:50 | Info | '[CMD] Chargement des commandes terminé' | 
02:20:50 | Info | '[2/3] Chargement des Events ...............................................................................' | 
02:20:50 | Info | '[EVT] Event interactionCreate chargé avec succès' | 
02:20:50 | Info | '[EVT] Event interactionCreate chargé avec succès' | 
02:20:50 | Info | '[EVT] Event ready chargé avec succès' | 
02:20:50 | Info | '[EVT] Event interactionCreate chargé avec succès' | 
02:20:50 | Info | '[EVT] Event voiceStateUpdate chargé avec succès' | 
02:20:50 | Info | '[EVT] Chargement des events terminé' | 
02:20:51 | Info | '[3/3] Connecté en tant que Murloc#7410 ....................................................................' | 
02:23:28 | Info | '' | 
02:23:28 | Info | '[0/3] Initialisation du bot' | 
02:23:28 | Info | '[1/3] Chargement des commandes ............................................................................' | 
02:23:28 | Info | '[CMD] Commande spawnroles chargée avec succès' | 
02:23:28 | Info | '[CMD] Commande ping chargée avec succès' | 
02:23:28 | Info | '[CMD] Commande reset chargée avec succès' | 
02:23:28 | Info | '[CMD] Commande setsound chargée avec succès' | 
02:23:28 | Info | '[CMD] Chargement des commandes terminé' | 
02:23:28 | Info | '[2/3] Chargement des Events ...............................................................................' | 
02:23:28 | Info | '[EVT] Event interactionCreate chargé avec succès' | 
02:23:28 | Info | '[EVT] Event interactionCreate chargé avec succès' | 
02:23:28 | Info | '[EVT] Event ready chargé avec succès' | 
02:23:28 | Info | '[EVT] Event interactionCreate chargé avec succès' | 
02:23:28 | Info | '[EVT] Event voiceStateUpdate chargé avec succès' | 
02:23:28 | Info | '[EVT] Chargement des events terminé' | 
02:23:29 | Info | '[3/3] Connecté en tant que Murloc#7410 ....................................................................' | 
02:26:16 | Info | '' | 
02:26:16 | Info | '[0/3] Initialisation du bot' | 
02:26:16 | Info | '[1/3] Chargement des commandes ............................................................................' | 
02:26:16 | Info | '[CMD] Commande spawnroles chargée avec succès' | 
02:26:16 | Info | '[CMD] Commande reset chargée avec succès' | 
02:26:16 | Info | '[CMD] Commande ping chargée avec succès' | 
02:26:16 | Info | '[CMD] Commande setsound chargée avec succès' | 
02:26:16 | Info | '[CMD] Chargement des commandes terminé' | 
02:26:16 | Info | '[2/3] Chargement des Events ...............................................................................' | 
02:26:16 | Info | '[EVT] Event interactionCreate chargé avec succès' | 
02:26:16 | Info | '[EVT] Event interactionCreate chargé avec succès' | 
02:26:16 | Info | '[EVT] Event ready chargé avec succès' | 
02:26:16 | Info | '[EVT] Event interactionCreate chargé avec succès' | 
02:26:16 | Info | '[EVT] Event voiceStateUpdate chargé avec succès' | 
02:26:16 | Info | '[EVT] Chargement des events terminé' | 
02:26:18 | Info | '[3/3] Connecté en tant que Murloc#7410 ....................................................................' | 
02:26:45 | Info | '' | 
02:26:45 | Info | '[0/3] Initialisation du bot' | 
02:26:45 | Info | '[1/3] Chargement des commandes ............................................................................' | 
02:26:45 | Info | '[CMD] Commande ping chargée avec succès' | 
02:26:45 | Info | '[CMD] Commande reset chargée avec succès' | 
02:26:45 | Info | '[CMD] Commande spawnroles chargée avec succès' | 
02:26:45 | Info | '[CMD] Chargement des commandes terminé' | 
02:26:45 | Info | '[CMD] Commande setsound chargée avec succès' | 
02:26:45 | Info | '[2/3] Chargement des Events ...............................................................................' | 
02:26:45 | Info | '[EVT] Event interactionCreate chargé avec succès' | 
02:26:45 | Info | '[EVT] Event ready chargé avec succès' | 
02:26:45 | Info | '[EVT] Event interactionCreate chargé avec succès' | 
02:26:45 | Info | '[EVT] Event voiceStateUpdate chargé avec succès' | 
02:26:45 | Info | '[EVT] Chargement des events terminé' | 
02:26:45 | Info | '[EVT] Event interactionCreate chargé avec succès' | 
02:26:47 | Info | '[3/3] Connecté en tant que Murloc#7410 ....................................................................' | 
02:27:13 | Info | '' | 
02:27:13 | Info | '[0/3] Initialisation du bot' | 
02:27:13 | Info | '[1/3] Chargement des commandes ............................................................................' | 
02:27:13 | Info | '[CMD] Commande spawnroles chargée avec succès' | 
02:27:13 | Info | '[CMD] Commande ping chargée avec succès' | 
02:27:13 | Info | '[CMD] Commande reset chargée avec succès' | 
02:27:13 | Info | '[CMD] Commande setsound chargée avec succès' | 
02:27:13 | Info | '[CMD] Chargement des commandes terminé' | 
02:27:13 | Info | '[2/3] Chargement des Events ...............................................................................' | 
02:27:13 | Info | '[EVT] Event interactionCreate chargé avec succès' | 
02:27:13 | Info | '[EVT] Event interactionCreate chargé avec succès' | 
02:27:13 | Info | '[EVT] Event ready chargé avec succès' | 
02:27:13 | Info | '[EVT] Event interactionCreate chargé avec succès' | 
02:27:13 | Info | '[EVT] Event voiceStateUpdate chargé avec succès' | 
02:27:13 | Info | '[EVT] Chargement des events terminé' | 
02:27:14 | Info | '[3/3] Connecté en tant que Murloc#7410 ....................................................................' | 
02:29:32 | Info | '' | 
02:29:32 | Info | '[0/3] Initialisation du bot' | 
02:29:32 | Info | '[1/3] Chargement des commandes ............................................................................' | 
02:29:32 | Info | '[CMD] Commande spawnroles chargée avec succès' | 
02:29:32 | Info | '[CMD] Commande ping chargée avec succès' | 
02:29:32 | Info | '[CMD] Commande reset chargée avec succès' | 
02:29:32 | Info | '[CMD] Commande setsound chargée avec succès' | 
02:29:32 | Info | '[CMD] Chargement des commandes terminé' | 
02:29:32 | Info | '[2/3] Chargement des Events ...............................................................................' | 
02:29:32 | Info | '[EVT] Event interactionCreate chargé avec succès' | 
02:29:32 | Info | '[EVT] Event interactionCreate chargé avec succès' | 
02:29:32 | Info | '[EVT] Event ready chargé avec succès' | 
02:29:32 | Info | '[EVT] Event interactionCreate chargé avec succès' | 
02:29:32 | Info | '[EVT] Event voiceStateUpdate chargé avec succès' | 
02:29:32 | Info | '[EVT] Chargement des events terminé' | 
02:29:34 | Info | '[3/3] Connecté en tant que Murloc#7410 ....................................................................' | 
02:29:58 | Info | '' | 
02:29:58 | Info | '[0/3] Initialisation du bot' | 
02:29:58 | Info | '[1/3] Chargement des commandes ............................................................................' | 
02:29:58 | Info | '[CMD] Commande spawnroles chargée avec succès' | 
02:29:58 | Info | '[CMD] Commande ping chargée avec succès' | 
02:29:58 | Info | '[CMD] Commande reset chargée avec succès' | 
02:29:58 | Info | '[CMD] Commande setsound chargée avec succès' | 
02:29:58 | Info | '[CMD] Chargement des commandes terminé' | 
02:29:58 | Info | '[2/3] Chargement des Events ...............................................................................' | 
02:29:58 | Info | '[EVT] Event interactionCreate chargé avec succès' | 
02:29:58 | Info | '[EVT] Event interactionCreate chargé avec succès' | 
02:29:58 | Info | '[EVT] Event ready chargé avec succès' | 
02:29:58 | Info | '[EVT] Event interactionCreate chargé avec succès' | 
02:29:58 | Info | '[EVT] Event voiceStateUpdate chargé avec succès' | 
02:29:58 | Info | '[EVT] Chargement des events terminé' | 
02:29:59 | Info | '[3/3] Connecté en tant que Murloc#7410 ....................................................................' | 
02:30:13 | Info | '' | 
02:30:13 | Info | '[0/3] Initialisation du bot' | 
02:30:13 | Info | '[1/3] Chargement des commandes ............................................................................' | 
02:30:13 | Info | '[CMD] Commande ping chargée avec succès' | 
02:30:13 | Info | '[CMD] Commande spawnroles chargée avec succès' | 
02:30:13 | Info | '[CMD] Commande reset chargée avec succès' | 
02:30:13 | Info | '[CMD] Commande setsound chargée avec succès' | 
02:30:13 | Info | '[2/3] Chargement des Events ...............................................................................' | 
02:30:13 | Info | '[EVT] Event interactionCreate chargé avec succès' | 
02:30:13 | Info | '[CMD] Chargement des commandes terminé' | 
02:30:13 | Info | '[EVT] Event interactionCreate chargé avec succès' | 
02:30:13 | Info | '[EVT] Event ready chargé avec succès' | 
02:30:13 | Info | '[EVT] Event interactionCreate chargé avec succès' | 
02:30:13 | Info | '[EVT] Event voiceStateUpdate chargé avec succès' | 
02:30:13 | Info | '[EVT] Chargement des events terminé' | 
02:30:14 | Info | '[3/3] Connecté en tant que Murloc#7410 ....................................................................' | 
02:32:11 | Info | '' | 
02:32:11 | Info | '[0/3] Initialisation du bot' | 
02:32:11 | Info | '[1/3] Chargement des commandes ............................................................................' | 
02:32:11 | Info | '[CMD] Commande spawnroles chargée avec succès' | 
02:32:11 | Info | '[CMD] Commande ping chargée avec succès' | 
02:32:11 | Info | '[CMD] Commande reset chargée avec succès' | 
02:32:11 | Info | '[CMD] Commande setsound chargée avec succès' | 
02:32:11 | Info | '[CMD] Chargement des commandes terminé' | 
02:32:11 | Info | '[2/3] Chargement des Events ...............................................................................' | 
02:32:11 | Info | '[EVT] Event interactionCreate chargé avec succès' | 
02:32:11 | Info | '[EVT] Event interactionCreate chargé avec succès' | 
02:32:11 | Info | '[EVT] Event ready chargé avec succès' | 
02:32:11 | Info | '[EVT] Event interactionCreate chargé avec succès' | 
02:32:11 | Info | '[EVT] Event voiceStateUpdate chargé avec succès' | 
02:32:11 | Info | '[EVT] Chargement des events terminé' | 
02:32:13 | Info | '[3/3] Connecté en tant que Murloc#7410 ....................................................................' | 
02:33:34 | Info | '' | 
02:33:34 | Info | '[0/3] Initialisation du bot' | 
02:33:34 | Info | '[1/3] Chargement des commandes ............................................................................' | 
02:33:34 | Info | '[CMD] Commande spawnroles chargée avec succès' | 
02:33:34 | Info | '[CMD] Commande ping chargée avec succès' | 
02:33:34 | Info | '[CMD] Commande reset chargée avec succès' | 
02:33:34 | Info | '[CMD] Commande setsound chargée avec succès' | 
02:33:34 | Info | '[CMD] Chargement des commandes terminé' | 
02:33:34 | Info | '[2/3] Chargement des Events ...............................................................................' | 
02:33:34 | Info | '[EVT] Event interactionCreate chargé avec succès' | 
02:33:34 | Info | '[EVT] Event interactionCreate chargé avec succès' | 
02:33:34 | Info | '[EVT] Event ready chargé avec succès' | 
02:33:34 | Info | '[EVT] Event interactionCreate chargé avec succès' | 
02:33:34 | Info | '[EVT] Event voiceStateUpdate chargé avec succès' | 
02:33:34 | Info | '[EVT] Chargement des events terminé' | 
02:33:35 | Info | '[3/3] Connecté en tant que Murloc#7410 ....................................................................' | 
02:42:44 | Info | '' | 
02:42:44 | Info | '[0/3] Initialisation du bot' | 
02:42:44 | Info | '[1/3] Chargement des commandes ............................................................................' | 
02:42:44 | Info | '[CMD] Commande ping chargée avec succès' | 
02:42:44 | Info | '[CMD] Commande spawnroles chargée avec succès' | 
02:42:44 | Info | '[CMD] Commande reset chargée avec succès' | 
02:42:44 | Info | '[CMD] Commande setsound chargée avec succès' | 
02:42:44 | Info | '[CMD] Chargement des commandes terminé' | 
02:42:44 | Info | '[2/3] Chargement des Events ...............................................................................' | 
02:42:44 | Info | '[EVT] Event interactionCreate chargé avec succès' | 
02:42:44 | Info | '[EVT] Event interactionCreate chargé avec succès' | 
02:42:44 | Info | '[EVT] Event ready chargé avec succès' | 
02:42:44 | Info | '[EVT] Event interactionCreate chargé avec succès' | 
02:42:44 | Info | '[EVT] Chargement des events terminé' | 
02:42:44 | Info | '[EVT] Event voiceStateUpdate chargé avec succès' | 
02:42:45 | Info | '[3/3] Connecté en tant que Murloc#7410 ....................................................................' | 
02:43:27 | Info | '' | 
02:43:27 | Info | '[0/3] Initialisation du bot' | 
02:43:27 | Info | '[1/3] Chargement des commandes ............................................................................' | 
02:43:27 | Info | '[CMD] Commande ping chargée avec succès' | 
02:43:27 | Info | '[CMD] Commande spawnroles chargée avec succès' | 
02:43:27 | Info | '[CMD] Commande reset chargée avec succès' | 
02:43:27 | Info | '[CMD] Commande setsound chargée avec succès' | 
02:43:27 | Info | '[CMD] Chargement des commandes terminé' | 
02:43:27 | Info | '[2/3] Chargement des Events ...............................................................................' | 
02:43:27 | Info | '[EVT] Event interactionCreate chargé avec succès' | 
02:43:27 | Info | '[EVT] Event interactionCreate chargé avec succès' | 
02:43:27 | Info | '[EVT] Event ready chargé avec succès' | 
02:43:27 | Info | '[EVT] Event interactionCreate chargé avec succès' | 
02:43:27 | Info | '[EVT] Event voiceStateUpdate chargé avec succès' | 
02:43:27 | Info | '[EVT] Chargement des events terminé' | 
02:43:28 | Info | '[3/3] Connecté en tant que Murloc#7410 ....................................................................' | 
02:43:51 | Info | '[0/3] Initialisation du bot' | 
02:43:51 | Info | '' | 
02:43:51 | Info | '[1/3] Chargement des commandes ............................................................................' | 
02:43:51 | Info | '[CMD] Commande ping chargée avec succès' | 
02:43:51 | Info | '[CMD] Commande reset chargée avec succès' | 
02:43:51 | Info | '[CMD] Commande setsound chargée avec succès' | 
02:43:51 | Info | '[CMD] Chargement des commandes terminé' | 
02:43:51 | Info | '[CMD] Commande spawnroles chargée avec succès' | 
02:43:51 | Info | '[2/3] Chargement des Events ...............................................................................' | 
02:43:51 | Info | '[EVT] Event interactionCreate chargé avec succès' | 
02:43:51 | Info | '[EVT] Event interactionCreate chargé avec succès' | 
02:43:51 | Info | '[EVT] Event ready chargé avec succès' | 
02:43:51 | Info | '[EVT] Event interactionCreate chargé avec succès' | 
02:43:51 | Info | '[EVT] Event voiceStateUpdate chargé avec succès' | 
02:43:51 | Info | '[EVT] Chargement des events terminé' | 
02:43:52 | Info | '[3/3] Connecté en tant que Murloc#7410 ....................................................................' | 
02:44:57 | Info | '' | 
02:44:57 | Info | '[0/3] Initialisation du bot' | 
02:44:57 | Info | '[1/3] Chargement des commandes ............................................................................' | 
02:44:57 | Info | '[CMD] Commande spawnroles chargée avec succès' | 
02:44:57 | Info | '[CMD] Commande ping chargée avec succès' | 
02:44:57 | Info | '[CMD] Commande reset chargée avec succès' | 
02:44:57 | Info | '[CMD] Commande setsound chargée avec succès' | 
02:44:57 | Info | '[CMD] Chargement des commandes terminé' | 
02:44:57 | Info | '[2/3] Chargement des Events ...............................................................................' | 
02:44:57 | Info | '[EVT] Event interactionCreate chargé avec succès' | 
02:44:57 | Info | '[EVT] Event interactionCreate chargé avec succès' | 
02:44:57 | Info | '[EVT] Event ready chargé avec succès' | 
02:44:57 | Info | '[EVT] Event interactionCreate chargé avec succès' | 
02:44:57 | Info | '[EVT] Event voiceStateUpdate chargé avec succès' | 
02:44:57 | Info | '[EVT] Chargement des events terminé' | 
02:44:58 | Info | '[3/3] Connecté en tant que Murloc#7410 ....................................................................' | 
02:46:41 | Info | '' | 
02:46:41 | Info | '[0/3] Initialisation du bot' | 
02:46:41 | Info | '[1/3] Chargement des commandes ............................................................................' | 
02:46:41 | Info | '[CMD] Commande ping chargée avec succès' | 
02:46:41 | Info | '[CMD] Commande reset chargée avec succès' | 
02:46:41 | Info | '[CMD] Commande setsound chargée avec succès' | 
02:46:41 | Info | '[CMD] Chargement des commandes terminé' | 
02:46:41 | Info | '[2/3] Chargement des Events ...............................................................................' | 
02:46:41 | Info | '[EVT] Event interactionCreate chargé avec succès' | 
02:46:41 | Info | '[EVT] Event interactionCreate chargé avec succès' | 
02:46:41 | Info | '[EVT] Event ready chargé avec succès' | 
02:46:41 | Info | '[EVT] Event interactionCreate chargé avec succès' | 
02:46:41 | Info | '[EVT] Event voiceStateUpdate chargé avec succès' | 
02:46:41 | Info | '[CMD] Commande spawnroles chargée avec succès' | 
02:46:41 | Info | '[EVT] Chargement des events terminé' | 
02:46:43 | Info | '[3/3] Connecté en tant que Murloc#7410 ....................................................................' | 
02:50:25 | Info | '' | 
02:50:25 | Info | '[0/3] Initialisation du bot' | 
02:50:25 | Info | '[1/3] Chargement des commandes ............................................................................' | 
02:50:25 | Info | '[CMD] Commande spawnroles chargée avec succès' | 
02:50:25 | Info | '[CMD] Commande ping chargée avec succès' | 
02:50:25 | Info | '[CMD] Commande reset chargée avec succès' | 
02:50:25 | Info | '[CMD] Commande setsound chargée avec succès' | 
02:50:25 | Info | '[CMD] Chargement des commandes terminé' | 
02:50:25 | Info | '[2/3] Chargement des Events ...............................................................................' | 
02:50:25 | Info | '[EVT] Event interactionCreate chargé avec succès' | 
02:50:25 | Info | '[EVT] Event interactionCreate chargé avec succès' | 
02:50:25 | Info | '[EVT] Event ready chargé avec succès' | 
02:50:25 | Info | '[EVT] Event interactionCreate chargé avec succès' | 
02:50:25 | Info | '[EVT] Event voiceStateUpdate chargé avec succès' | 
02:50:25 | Info | '[EVT] Chargement des events terminé' | 
02:50:27 | Info | '[3/3] Connecté en tant que Murloc#7410 ....................................................................' | 
02:51:04 | Info | '' | 
02:51:04 | Info | '[0/3] Initialisation du bot' | 
02:51:04 | Info | '[1/3] Chargement des commandes ............................................................................' | 
02:51:04 | Info | '[CMD] Commande spawnroles chargée avec succès' | 
02:51:04 | Info | '[CMD] Commande ping chargée avec succès' | 
02:51:04 | Info | '[CMD] Commande reset chargée avec succès' | 
02:51:04 | Info | '[CMD] Commande setsound chargée avec succès' | 
02:51:04 | Info | '[CMD] Chargement des commandes terminé' | 
02:51:04 | Info | '[2/3] Chargement des Events ...............................................................................' | 
02:51:04 | Info | '[EVT] Event interactionCreate chargé avec succès' | 
02:51:04 | Info | '[EVT] Event interactionCreate chargé avec succès' | 
02:51:04 | Info | '[EVT] Event ready chargé avec succès' | 
02:51:04 | Info | '[EVT] Event interactionCreate chargé avec succès' | 
02:51:04 | Info | '[EVT] Event voiceStateUpdate chargé avec succès' | 
02:51:04 | Info | '[EVT] Chargement des events terminé' | 
02:51:05 | Info | '[3/3] Connecté en tant que Murloc#7410 ....................................................................' | 
02:52:08 | Info | '' | 
02:52:08 | Info | '[0/3] Initialisation du bot' | 
02:52:08 | Info | '[1/3] Chargement des commandes ............................................................................' | 
02:52:08 | Info | '[CMD] Commande spawnroles chargée avec succès' | 
02:52:08 | Info | '[CMD] Commande ping chargée avec succès' | 
02:52:08 | Info | '[CMD] Commande reset chargée avec succès' | 
02:52:08 | Info | '[CMD] Commande setsound chargée avec succès' | 
02:52:08 | Info | '[CMD] Chargement des commandes terminé' | 
02:52:08 | Info | '[2/3] Chargement des Events ...............................................................................' | 
02:52:08 | Info | '[EVT] Event interactionCreate chargé avec succès' | 
02:52:08 | Info | '[EVT] Event interactionCreate chargé avec succès' | 
02:52:08 | Info | '[EVT] Event ready chargé avec succès' | 
02:52:08 | Info | '[EVT] Event interactionCreate chargé avec succès' | 
02:52:08 | Info | '[EVT] Event voiceStateUpdate chargé avec succès' | 
02:52:08 | Info | '[EVT] Chargement des events terminé' | 
02:52:09 | Info | '[3/3] Connecté en tant que Murloc#7410 ....................................................................' | 
02:53:01 | Info | '' | 
02:53:01 | Info | '[0/3] Initialisation du bot' | 
02:53:01 | Info | '[1/3] Chargement des commandes ............................................................................' | 
02:53:01 | Info | '[CMD] Commande ping chargée avec succès' | 
02:53:01 | Info | '[CMD] Commande spawnroles chargée avec succès' | 
02:53:01 | Info | '[CMD] Commande reset chargée avec succès' | 
02:53:01 | Info | '[CMD] Chargement des commandes terminé' | 
02:53:01 | Info | '[CMD] Commande setsound chargée avec succès' | 
02:53:01 | Info | '[2/3] Chargement des Events ...............................................................................' | 
02:53:01 | Info | '[EVT] Event interactionCreate chargé avec succès' | 
02:53:01 | Info | '[EVT] Event interactionCreate chargé avec succès' | 
02:53:01 | Info | '[EVT] Event ready chargé avec succès' | 
02:53:01 | Info | '[EVT] Event interactionCreate chargé avec succès' | 
02:53:01 | Info | '[EVT] Event voiceStateUpdate chargé avec succès' | 
02:53:01 | Info | '[EVT] Chargement des events terminé' | 
02:53:03 | Info | '[3/3] Connecté en tant que Murloc#7410 ....................................................................' | 
02:53:34 | Info | '' | 
02:53:34 | Info | '[0/3] Initialisation du bot' | 
02:53:34 | Info | '[1/3] Chargement des commandes ............................................................................' | 
02:53:34 | Info | '[CMD] Commande ping chargée avec succès' | 
02:53:34 | Info | '[CMD] Commande reset chargée avec succès' | 
02:53:34 | Info | '[CMD] Commande setsound chargée avec succès' | 
02:53:34 | Info | '[CMD] Commande spawnroles chargée avec succès' | 
02:53:34 | Info | '[2/3] Chargement des Events ...............................................................................' | 
02:53:34 | Info | '[EVT] Event interactionCreate chargé avec succès' | 
02:53:34 | Info | '[EVT] Event interactionCreate chargé avec succès' | 
02:53:34 | Info | '[EVT] Event ready chargé avec succès' | 
02:53:34 | Info | '[EVT] Event interactionCreate chargé avec succès' | 
02:53:34 | Info | '[EVT] Event voiceStateUpdate chargé avec succès' | 
02:53:34 | Info | '[EVT] Chargement des events terminé' | 
02:53:34 | Info | '[CMD] Chargement des commandes terminé' | 
02:53:35 | Info | '[3/3] Connecté en tant que Murloc#7410 ....................................................................' | 
02:58:40 | Info | '' | 
02:58:40 | Info | '[0/3] Initialisation du bot' | 
02:58:40 | Info | '[1/3] Chargement des commandes ............................................................................' | 
02:58:40 | Info | '[CMD] Commande spawnroles chargée avec succès' | 
02:58:40 | Info | '[CMD] Commande ping chargée avec succès' | 
02:58:40 | Info | '[CMD] Commande reset chargée avec succès' | 
02:58:40 | Info | '[CMD] Commande setsound chargée avec succès' | 
02:58:40 | Info | '[CMD] Chargement des commandes terminé' | 
02:58:40 | Info | '[2/3] Chargement des Events ...............................................................................' | 
02:58:40 | Info | '[EVT] Event interactionCreate chargé avec succès' | 
02:58:40 | Info | '[EVT] Event interactionCreate chargé avec succès' | 
02:58:40 | Info | '[EVT] Event ready chargé avec succès' | 
02:58:40 | Info | '[EVT] Event interactionCreate chargé avec succès' | 
02:58:40 | Info | '[EVT] Event voiceStateUpdate chargé avec succès' | 
02:58:40 | Info | '[EVT] Chargement des events terminé' | 
02:58:42 | Info | '[3/3] Connecté en tant que Murloc#7410 ....................................................................' | 
02:59:06 | Info | '' | 
02:59:06 | Info | '[0/3] Initialisation du bot' | 
02:59:06 | Info | '[1/3] Chargement des commandes ............................................................................' | 
02:59:06 | Info | '[CMD] Commande ping chargée avec succès' | 
02:59:06 | Info | '[CMD] Commande spawnroles chargée avec succès' | 
02:59:06 | Info | '[CMD] Commande setsound chargée avec succès' | 
02:59:06 | Info | '[CMD] Chargement des commandes terminé' | 
02:59:06 | Info | '[2/3] Chargement des Events ...............................................................................' | 
02:59:07 | Info | '[EVT] Event interactionCreate chargé avec succès' | 
02:59:07 | Info | '[EVT] Event interactionCreate chargé avec succès' | 
02:59:07 | Info | '[EVT] Event interactionCreate chargé avec succès' | 
02:59:07 | Info | '[EVT] Event voiceStateUpdate chargé avec succès' | 
02:59:07 | Info | '[EVT] Chargement des events terminé' | 
02:59:06 | Info | '[CMD] Commande reset chargée avec succès' | 
02:59:07 | Info | '[EVT] Event ready chargé avec succès' | 
02:59:08 | Info | '[3/3] Connecté en tant que Murloc#7410 ....................................................................' | 
02:59:54 | Info | '' | 
02:59:54 | Info | '[0/3] Initialisation du bot' | 
02:59:54 | Info | '[1/3] Chargement des commandes ............................................................................' | 
02:59:54 | Info | '[CMD] Commande ping chargée avec succès' | 
02:59:54 | Info | '[CMD] Commande reset chargée avec succès' | 
02:59:54 | Info | '[CMD] Commande spawnroles chargée avec succès' | 
02:59:54 | Info | '[CMD] Commande setsound chargée avec succès' | 
02:59:54 | Info | '[CMD] Chargement des commandes terminé' | 
02:59:54 | Info | '[2/3] Chargement des Events ...............................................................................' | 
02:59:54 | Info | '[EVT] Event interactionCreate chargé avec succès' | 
02:59:54 | Info | '[EVT] Event interactionCreate chargé avec succès' | 
02:59:54 | Info | '[EVT] Event ready chargé avec succès' | 
02:59:54 | Info | '[EVT] Event interactionCreate chargé avec succès' | 
02:59:54 | Info | '[EVT] Event voiceStateUpdate chargé avec succès' | 
02:59:54 | Info | '[EVT] Chargement des events terminé' | 
02:59:55 | Info | '[3/3] Connecté en tant que Murloc#7410 ....................................................................' | 
03:00:29 | Info | '' | 
03:00:29 | Info | '[0/3] Initialisation du bot' | 
03:00:29 | Info | '[1/3] Chargement des commandes ............................................................................' | 
03:00:29 | Info | '[CMD] Commande spawnroles chargée avec succès' | 
03:00:29 | Info | '[CMD] Commande reset chargée avec succès' | 
03:00:29 | Info | '[CMD] Commande setsound chargée avec succès' | 
03:00:29 | Info | '[CMD] Chargement des commandes terminé' | 
03:00:29 | Info | '[2/3] Chargement des Events ...............................................................................' | 
03:00:29 | Info | '[EVT] Event interactionCreate chargé avec succès' | 
03:00:29 | Info | '[CMD] Commande ping chargée avec succès' | 
03:00:29 | Info | '[EVT] Event ready chargé avec succès' | 
03:00:29 | Info | '[EVT] Event interactionCreate chargé avec succès' | 
03:00:29 | Info | '[EVT] Event voiceStateUpdate chargé avec succès' | 
03:00:29 | Info | '[EVT] Chargement des events terminé' | 
03:00:29 | Info | '[EVT] Event interactionCreate chargé avec succès' | 
03:00:30 | Info | '[3/3] Connecté en tant que Murloc#7410 ....................................................................' | 
03:02:05 | Info | '' | 
03:02:05 | Info | '[0/3] Initialisation du bot' | 
03:02:05 | Info | '[1/3] Chargement des commandes ............................................................................' | 
03:02:05 | Info | '[CMD] Commande spawnroles chargée avec succès' | 
03:02:05 | Info | '[CMD] Commande ping chargée avec succès' | 
03:02:05 | Info | '[CMD] Commande reset chargée avec succès' | 
03:02:05 | Info | '[CMD] Commande setsound chargée avec succès' | 
03:02:05 | Info | '[CMD] Chargement des commandes terminé' | 
03:02:05 | Info | '[2/3] Chargement des Events ...............................................................................' | 
03:02:05 | Info | '[EVT] Event interactionCreate chargé avec succès' | 
03:02:05 | Info | '[EVT] Event interactionCreate chargé avec succès' | 
03:02:05 | Info | '[EVT] Event ready chargé avec succès' | 
03:02:05 | Info | '[EVT] Event interactionCreate chargé avec succès' | 
03:02:05 | Info | '[EVT] Event voiceStateUpdate chargé avec succès' | 
03:02:05 | Info | '[EVT] Chargement des events terminé' | 
03:02:06 | Info | '[3/3] Connecté en tant que Murloc#7410 ....................................................................' | 
03:03:25 | Info | '' | 
03:03:25 | Info | '[0/3] Initialisation du bot' | 
03:03:25 | Info | '[1/3] Chargement des commandes ............................................................................' | 
03:03:25 | Info | '[CMD] Commande ping chargée avec succès' | 
03:03:25 | Info | '[CMD] Commande spawnroles chargée avec succès' | 
03:03:25 | Info | '[CMD] Commande setsound chargée avec succès' | 
03:03:25 | Info | '[CMD] Commande reset chargée avec succès' | 
03:03:25 | Info | '[2/3] Chargement des Events ...............................................................................' | 
03:03:25 | Info | '[EVT] Event interactionCreate chargé avec succès' | 
03:03:25 | Info | '[CMD] Chargement des commandes terminé' | 
03:03:25 | Info | '[EVT] Event interactionCreate chargé avec succès' | 
03:03:25 | Info | '[EVT] Event ready chargé avec succès' | 
03:03:25 | Info | '[EVT] Event interactionCreate chargé avec succès' | 
03:03:25 | Info | '[EVT] Event voiceStateUpdate chargé avec succès' | 
03:03:25 | Info | '[EVT] Chargement des events terminé' | 
03:03:26 | Info | '[3/3] Connecté en tant que Murloc#7410 ....................................................................' | 
03:08:23 | Info | '' | 
03:08:23 | Info | '[0/3] Initialisation du bot' | 
03:08:23 | Info | '[1/3] Chargement des commandes ............................................................................' | 
03:08:23 | Info | '[CMD] Commande spawnroles chargée avec succès' | 
03:08:23 | Info | '[CMD] Commande ping chargée avec succès' | 
03:08:23 | Info | '[CMD] Commande reset chargée avec succès' | 
03:08:23 | Info | '[CMD] Commande setsound chargée avec succès' | 
03:08:23 | Info | '[CMD] Chargement des commandes terminé' | 
03:08:23 | Info | '[2/3] Chargement des Events ...............................................................................' | 
03:08:23 | Info | '[EVT] Event interactionCreate chargé avec succès' | 
03:08:23 | Info | '[EVT] Event interactionCreate chargé avec succès' | 
03:08:23 | Info | '[EVT] Event ready chargé avec succès' | 
03:08:23 | Info | '[EVT] Event interactionCreate chargé avec succès' | 
03:08:23 | Info | '[EVT] Event voiceStateUpdate chargé avec succès' | 
03:08:23 | Info | '[EVT] Chargement des events terminé' | 
03:08:25 | Info | '[3/3] Connecté en tant que Murloc#7410 ....................................................................' | 
03:08:59 | Info | '' | 
03:08:59 | Info | '[0/3] Initialisation du bot' | 
03:08:59 | Info | '[1/3] Chargement des commandes ............................................................................' | 
03:08:59 | Info | '[CMD] Commande ping chargée avec succès' | 
03:08:59 | Info | '[CMD] Commande reset chargée avec succès' | 
03:08:59 | Info | '[CMD] Commande spawnroles chargée avec succès' | 
03:08:59 | Info | '[CMD] Commande setsound chargée avec succès' | 
03:08:59 | Info | '[CMD] Chargement des commandes terminé' | 
03:08:59 | Info | '[2/3] Chargement des Events ...............................................................................' | 
03:08:59 | Info | '[EVT] Event interactionCreate chargé avec succès' | 
03:08:59 | Info | '[EVT] Event interactionCreate chargé avec succès' | 
03:08:59 | Info | '[EVT] Event ready chargé avec succès' | 
03:08:59 | Info | '[EVT] Event interactionCreate chargé avec succès' | 
03:08:59 | Info | '[EVT] Event voiceStateUpdate chargé avec succès' | 
03:08:59 | Info | '[EVT] Chargement des events terminé' | 
03:09:00 | Info | '[3/3] Connecté en tant que Murloc#7410 ....................................................................' | 
03:09:15 | Info | '' | 
03:09:15 | Info | '[0/3] Initialisation du bot' | 
03:09:15 | Info | '[1/3] Chargement des commandes ............................................................................' | 
03:09:15 | Info | '[CMD] Commande spawnroles chargée avec succès' | 
03:09:15 | Info | '[CMD] Commande ping chargée avec succès' | 
03:09:15 | Info | '[CMD] Commande reset chargée avec succès' | 
03:09:15 | Info | '[CMD] Commande setsound chargée avec succès' | 
03:09:15 | Info | '[CMD] Chargement des commandes terminé' | 
03:09:15 | Info | '[2/3] Chargement des Events ...............................................................................' | 
03:09:15 | Info | '[EVT] Event interactionCreate chargé avec succès' | 
03:09:15 | Info | '[EVT] Event interactionCreate chargé avec succès' | 
03:09:15 | Info | '[EVT] Event interactionCreate chargé avec succès' | 
03:09:15 | Info | '[EVT] Event ready chargé avec succès' | 
03:09:15 | Info | '[EVT] Event voiceStateUpdate chargé avec succès' | 
03:09:15 | Info | '[EVT] Chargement des events terminé' | 
03:09:17 | Info | '[3/3] Connecté en tant que Murloc#7410 ....................................................................' | 
03:09:57 | Info | '' | 
03:09:57 | Info | '[0/3] Initialisation du bot' | 
03:09:57 | Info | '[1/3] Chargement des commandes ............................................................................' | 
03:09:57 | Info | '[CMD] Commande ping chargée avec succès' | 
03:09:57 | Info | '[CMD] Commande reset chargée avec succès' | 
03:09:57 | Info | '[CMD] Commande setsound chargée avec succès' | 
03:09:57 | Info | '[CMD] Chargement des commandes terminé' | 
03:09:57 | Info | '[2/3] Chargement des Events ...............................................................................' | 
03:09:57 | Info | '[CMD] Commande spawnroles chargée avec succès' | 
03:09:57 | Info | '[EVT] Event interactionCreate chargé avec succès' | 
03:09:57 | Info | '[EVT] Event interactionCreate chargé avec succès' | 
03:09:57 | Info | '[EVT] Event interactionCreate chargé avec succès' | 
03:09:57 | Info | '[EVT] Event ready chargé avec succès' | 
03:09:57 | Info | '[EVT] Event voiceStateUpdate chargé avec succès' | 
03:09:57 | Info | '[EVT] Chargement des events terminé' | 
03:09:58 | Info | '[3/3] Connecté en tant que Murloc#7410 ....................................................................' | 
03:10:10 | Info | '' | 
03:10:10 | Info | '[0/3] Initialisation du bot' | 
03:10:10 | Info | '[1/3] Chargement des commandes ............................................................................' | 
03:10:10 | Info | '[CMD] Commande spawnroles chargée avec succès' | 
03:10:10 | Info | '[CMD] Commande ping chargée avec succès' | 
03:10:10 | Info | '[CMD] Commande reset chargée avec succès' | 
03:10:10 | Info | '[CMD] Commande setsound chargée avec succès' | 
03:10:10 | Info | '[CMD] Chargement des commandes terminé' | 
03:10:10 | Info | '[2/3] Chargement des Events ...............................................................................' | 
03:10:10 | Info | '[EVT] Event interactionCreate chargé avec succès' | 
03:10:10 | Info | '[EVT] Event interactionCreate chargé avec succès' | 
03:10:10 | Info | '[EVT] Event ready chargé avec succès' | 
03:10:10 | Info | '[EVT] Event interactionCreate chargé avec succès' | 
03:10:10 | Info | '[EVT] Event voiceStateUpdate chargé avec succès' | 
03:10:10 | Info | '[EVT] Chargement des events terminé' | 
03:10:12 | Info | '[3/3] Connecté en tant que Murloc#7410 ....................................................................' | 
03:10:52 | Info | '' | 
03:10:52 | Info | '[0/3] Initialisation du bot' | 
03:10:52 | Info | '[1/3] Chargement des commandes ............................................................................' | 
03:10:52 | Info | '[CMD] Commande ping chargée avec succès' | 
03:10:52 | Info | '[CMD] Commande reset chargée avec succès' | 
03:10:52 | Info | '[CMD] Commande setsound chargée avec succès' | 
03:10:52 | Info | '[CMD] Commande spawnroles chargée avec succès' | 
03:10:52 | Info | '[CMD] Chargement des commandes terminé' | 
03:10:52 | Info | '[2/3] Chargement des Events ...............................................................................' | 
03:10:52 | Info | '[EVT] Event interactionCreate chargé avec succès' | 
03:10:52 | Info | '[EVT] Event interactionCreate chargé avec succès' | 
03:10:52 | Info | '[EVT] Event ready chargé avec succès' | 
03:10:52 | Info | '[EVT] Event interactionCreate chargé avec succès' | 
03:10:52 | Info | '[EVT] Event voiceStateUpdate chargé avec succès' | 
03:10:52 | Info | '[EVT] Chargement des events terminé' | 
03:10:54 | Info | '[3/3] Connecté en tant que Murloc#7410 ....................................................................' | 
03:11:20 | Info | '' | 
03:11:20 | Info | '[0/3] Initialisation du bot' | 
03:11:20 | Info | '[1/3] Chargement des commandes ............................................................................' | 
03:11:20 | Info | '[CMD] Commande spawnroles chargée avec succès' | 
03:11:20 | Info | '[CMD] Commande ping chargée avec succès' | 
03:11:20 | Info | '[CMD] Commande reset chargée avec succès' | 
03:11:20 | Info | '[CMD] Commande setsound chargée avec succès' | 
03:11:20 | Info | '[CMD] Chargement des commandes terminé' | 
03:11:20 | Info | '[2/3] Chargement des Events ...............................................................................' | 
03:11:20 | Info | '[EVT] Event interactionCreate chargé avec succès' | 
03:11:20 | Info | '[EVT] Event interactionCreate chargé avec succès' | 
03:11:20 | Info | '[EVT] Event ready chargé avec succès' | 
03:11:20 | Info | '[EVT] Event interactionCreate chargé avec succès' | 
03:11:20 | Info | '[EVT] Event voiceStateUpdate chargé avec succès' | 
03:11:20 | Info | '[EVT] Chargement des events terminé' | 
03:11:21 | Info | '[3/3] Connecté en tant que Murloc#7410 ....................................................................' | 
03:12:11 | Info | '' | 
03:12:11 | Info | '[0/3] Initialisation du bot' | 
03:12:11 | Info | '[CMD] Commande spawnroles chargée avec succès' | 
03:12:11 | Info | '[1/3] Chargement des commandes ............................................................................' | 
03:12:11 | Info | '[CMD] Commande ping chargée avec succès' | 
03:12:11 | Info | '[CMD] Commande reset chargée avec succès' | 
03:12:11 | Info | '[CMD] Commande setsound chargée avec succès' | 
03:12:11 | Info | '[2/3] Chargement des Events ...............................................................................' | 
03:12:11 | Info | '[EVT] Event interactionCreate chargé avec succès' | 
03:12:11 | Info | '[CMD] Chargement des commandes terminé' | 
03:12:11 | Info | '[EVT] Event ready chargé avec succès' | 
03:12:11 | Info | '[EVT] Event interactionCreate chargé avec succès' | 
03:12:11 | Info | '[EVT] Event interactionCreate chargé avec succès' | 
03:12:11 | Info | '[EVT] Event voiceStateUpdate chargé avec succès' | 
03:12:11 | Info | '[EVT] Chargement des events terminé' | 
03:12:12 | Info | '[3/3] Connecté en tant que Murloc#7410 ....................................................................' | 
03:12:30 | Info | '' | 
03:12:30 | Info | '[0/3] Initialisation du bot' | 
03:12:30 | Info | '[1/3] Chargement des commandes ............................................................................' | 
03:12:30 | Info | '[CMD] Commande spawnroles chargée avec succès' | 
03:12:30 | Info | '[CMD] Commande ping chargée avec succès' | 
03:12:30 | Info | '[CMD] Commande reset chargée avec succès' | 
03:12:30 | Info | '[CMD] Commande setsound chargée avec succès' | 
03:12:30 | Info | '[CMD] Chargement des commandes terminé' | 
03:12:30 | Info | '[2/3] Chargement des Events ...............................................................................' | 
03:12:30 | Info | '[EVT] Event interactionCreate chargé avec succès' | 
03:12:30 | Info | '[EVT] Event interactionCreate chargé avec succès' | 
03:12:30 | Info | '[EVT] Event ready chargé avec succès' | 
03:12:30 | Info | '[EVT] Event interactionCreate chargé avec succès' | 
03:12:30 | Info | '[EVT] Event voiceStateUpdate chargé avec succès' | 
03:12:30 | Info | '[EVT] Chargement des events terminé' | 
03:12:32 | Info | '[3/3] Connecté en tant que Murloc#7410 ....................................................................' | 
03:13:12 | Info | '' | 
03:13:12 | Info | '[0/3] Initialisation du bot' | 
03:13:12 | Info | '[1/3] Chargement des commandes ............................................................................' | 
03:13:12 | Info | '[CMD] Commande ping chargée avec succès' | 
03:13:12 | Info | '[CMD] Commande reset chargée avec succès' | 
03:13:12 | Info | '[CMD] Commande setsound chargée avec succès' | 
03:13:12 | Info | '[2/3] Chargement des Events ...............................................................................' | 
03:13:12 | Info | '[CMD] Chargement des commandes terminé' | 
03:13:12 | Info | '[EVT] Event interactionCreate chargé avec succès' | 
03:13:12 | Info | '[CMD] Commande spawnroles chargée avec succès' | 
03:13:12 | Info | '[EVT] Event interactionCreate chargé avec succès' | 
03:13:12 | Info | '[EVT] Event ready chargé avec succès' | 
03:13:12 | Info | '[EVT] Event voiceStateUpdate chargé avec succès' | 
03:13:12 | Info | '[EVT] Event interactionCreate chargé avec succès' | 
03:13:12 | Info | '[EVT] Chargement des events terminé' | 
03:13:13 | Info | '[3/3] Connecté en tant que Murloc#7410 ....................................................................' | 
03:14:25 | Info | '' | 
03:14:25 | Info | '[0/3] Initialisation du bot' | 
03:14:25 | Info | '[1/3] Chargement des commandes ............................................................................' | 
03:14:25 | Info | '[CMD] Commande reset chargée avec succès' | 
03:14:25 | Info | '[CMD] Commande ping chargée avec succès' | 
03:14:25 | Info | '[CMD] Commande setsound chargée avec succès' | 
03:14:25 | Info | '[CMD] Commande spawnroles chargée avec succès' | 
03:14:25 | Info | '[2/3] Chargement des Events ...............................................................................' | 
03:14:25 | Info | '[EVT] Event interactionCreate chargé avec succès' | 
03:14:25 | Info | '[EVT] Event interactionCreate chargé avec succès' | 
03:14:25 | Info | '[EVT] Event ready chargé avec succès' | 
03:14:25 | Info | '[EVT] Event interactionCreate chargé avec succès' | 
03:14:25 | Info | '[EVT] Event voiceStateUpdate chargé avec succès' | 
03:14:25 | Info | '[EVT] Chargement des events terminé' | 
03:14:25 | Info | '[CMD] Chargement des commandes terminé' | 
03:14:26 | Info | '[3/3] Connecté en tant que Murloc#7410 ....................................................................' | 
03:14:53 | Info | '' | 
03:14:53 | Info | '[0/3] Initialisation du bot' | 
03:14:53 | Info | '[1/3] Chargement des commandes ............................................................................' | 
03:14:53 | Info | '[CMD] Commande spawnroles chargée avec succès' | 
03:14:53 | Info | '[CMD] Commande ping chargée avec succès' | 
03:14:53 | Info | '[CMD] Commande reset chargée avec succès' | 
03:14:53 | Info | '[CMD] Commande setsound chargée avec succès' | 
03:14:53 | Info | '[CMD] Chargement des commandes terminé' | 
03:14:53 | Info | '[EVT] Event interactionCreate chargé avec succès' | 
03:14:53 | Info | '[2/3] Chargement des Events ...............................................................................' | 
03:14:53 | Info | '[EVT] Event interactionCreate chargé avec succès' | 
03:14:53 | Info | '[EVT] Event ready chargé avec succès' | 
03:14:53 | Info | '[EVT] Event interactionCreate chargé avec succès' | 
03:14:53 | Info | '[EVT] Event voiceStateUpdate chargé avec succès' | 
03:14:53 | Info | '[EVT] Chargement des events terminé' | 
03:14:54 | Info | '[3/3] Connecté en tant que Murloc#7410 ....................................................................' | 
03:16:12 | Info | '' | 
03:16:12 | Info | '[0/3] Initialisation du bot' | 
03:16:12 | Info | '[1/3] Chargement des commandes ............................................................................' | 
03:16:12 | Info | '[CMD] Commande spawnroles chargée avec succès' | 
03:16:12 | Info | '[CMD] Commande ping chargée avec succès' | 
03:16:12 | Info | '[CMD] Commande reset chargée avec succès' | 
03:16:12 | Info | '[CMD] Commande setsound chargée avec succès' | 
03:16:12 | Info | '[CMD] Chargement des commandes terminé' | 
03:16:12 | Info | '[2/3] Chargement des Events ...............................................................................' | 
03:16:12 | Info | '[EVT] Event interactionCreate chargé avec succès' | 
03:16:12 | Info | '[EVT] Event interactionCreate chargé avec succès' | 
03:16:12 | Info | '[EVT] Event ready chargé avec succès' | 
03:16:12 | Info | '[EVT] Event interactionCreate chargé avec succès' | 
03:16:12 | Info | '[EVT] Event voiceStateUpdate chargé avec succès' | 
03:16:12 | Info | '[EVT] Chargement des events terminé' | 
03:16:14 | Info | '[3/3] Connecté en tant que Murloc#7410 ....................................................................' | 
03:17:58 | Info | '' | 
03:17:58 | Info | '[0/3] Initialisation du bot' | 
03:17:58 | Info | '[1/3] Chargement des commandes ............................................................................' | 
03:17:58 | Info | '[CMD] Commande spawnroles chargée avec succès' | 
03:17:58 | Info | '[CMD] Commande ping chargée avec succès' | 
03:17:58 | Info | '[CMD] Commande reset chargée avec succès' | 
03:17:58 | Info | '[CMD] Commande setsound chargée avec succès' | 
03:17:58 | Info | '[CMD] Chargement des commandes terminé' | 
03:17:58 | Info | '[2/3] Chargement des Events ...............................................................................' | 
03:17:58 | Info | '[EVT] Event interactionCreate chargé avec succès' | 
03:17:58 | Info | '[EVT] Event interactionCreate chargé avec succès' | 
03:17:58 | Info | '[EVT] Event ready chargé avec succès' | 
03:17:58 | Info | '[EVT] Event interactionCreate chargé avec succès' | 
03:17:58 | Info | '[EVT] Event voiceStateUpdate chargé avec succès' | 
03:17:58 | Info | '[EVT] Chargement des events terminé' | 
03:17:59 | Info | '[3/3] Connecté en tant que Murloc#7410 ....................................................................' | 
03:18:46 | Info | '' | 
03:18:46 | Info | '[0/3] Initialisation du bot' | 
03:18:46 | Info | '[CMD] Commande spawnroles chargée avec succès' | 
03:18:46 | Info | '[1/3] Chargement des commandes ............................................................................' | 
03:18:46 | Info | '[CMD] Commande ping chargée avec succès' | 
03:18:46 | Info | '[CMD] Commande reset chargée avec succès' | 
03:18:46 | Info | '[CMD] Commande setsound chargée avec succès' | 
03:18:46 | Info | '[CMD] Chargement des commandes terminé' | 
03:18:46 | Info | '[2/3] Chargement des Events ...............................................................................' | 
03:18:46 | Info | '[EVT] Event interactionCreate chargé avec succès' | 
03:18:46 | Info | '[EVT] Event interactionCreate chargé avec succès' | 
03:18:46 | Info | '[EVT] Event ready chargé avec succès' | 
03:18:46 | Info | '[EVT] Event interactionCreate chargé avec succès' | 
03:18:46 | Info | '[EVT] Event voiceStateUpdate chargé avec succès' | 
03:18:46 | Info | '[EVT] Chargement des events terminé' | 
03:18:48 | Info | '[3/3] Connecté en tant que Murloc#7410 ....................................................................' | 
19:54:52 | Info | '' | 
19:54:52 | Info | '[0/3] Initialisation du bot' | 
19:54:52 | Info | '[1/3] Chargement des commandes ............................................................................' | 
19:54:52 | Info | '[CMD] Commande spawnroles chargée avec succès' | 
19:54:52 | Info | '[CMD] Commande ping chargée avec succès' | 
19:54:52 | Info | '[CMD] Commande reset chargée avec succès' | 
19:54:52 | Info | '[CMD] Commande setsound chargée avec succès' | 
19:54:52 | Info | '[CMD] Chargement des commandes terminé' | 
19:54:52 | Info | '[2/3] Chargement des Events ...............................................................................' | 
19:54:52 | Info | '[EVT] Event interactionCreate chargé avec succès' | 
19:54:52 | Info | '[EVT] Event interactionCreate chargé avec succès' | 
19:54:52 | Info | '[EVT] Event ready chargé avec succès' | 
19:54:52 | Info | '[EVT] Event interactionCreate chargé avec succès' | 
19:54:52 | Info | '[EVT] Event voiceStateUpdate chargé avec succès' | 
19:54:52 | Info | '[EVT] Chargement des events terminé' | 
19:54:54 | Info | '[3/3] Connecté en tant que Murloc#7410 ....................................................................' | 
19:54:57 | Error | 'Erreur lors de l\'exécution de la commande spawnroles' | 
19:54:57 | Error | 'Invalid Form Body\ncomponents[0].components[0].options[4].emoji.name[BUTTON_COMPONENT_INVALID_EMOJI]: Invalid emoji\ncomponents[0].components[0].options[5].emoji.name[BUTTON_COMPONENT_INVALID_EMOJI]: Invalid emoji\ncomponents[0].components[0].options[6].emoji.name[BUTTON_COMPONENT_INVALID_EMOJI]: Invalid emoji' | 
19:58:32 | Info | '' | 
19:58:32 | Info | '[0/3] Initialisation du bot' | 
19:58:32 | Info | '[1/3] Chargement des commandes ............................................................................' | 
19:58:32 | Info | '[CMD] Commande spawnroles chargée avec succès' | 
19:58:32 | Info | '[CMD] Commande ping chargée avec succès' | 
19:58:32 | Info | '[CMD] Commande reset chargée avec succès' | 
19:58:32 | Info | '[CMD] Commande setsound chargée avec succès' | 
19:58:32 | Info | '[CMD] Chargement des commandes terminé' | 
19:58:32 | Info | '[2/3] Chargement des Events ...............................................................................' | 
19:58:32 | Info | '[EVT] Event interactionCreate chargé avec succès' | 
19:58:32 | Info | '[EVT] Event interactionCreate chargé avec succès' | 
19:58:32 | Info | '[EVT] Event ready chargé avec succès' | 
19:58:32 | Info | '[EVT] Event interactionCreate chargé avec succès' | 
19:58:32 | Info | '[EVT] Event voiceStateUpdate chargé avec succès' | 
19:58:32 | Info | '[EVT] Chargement des events terminé' | 
19:58:34 | Info | '[3/3] Connecté en tant que Murloc#7410 ....................................................................' | 
19:58:46 | Info | 'La commande spawnroles a été exécutée par xeit0w' | 
19:59:19 | Info | 'Les roles de %s ont été changés avec succés' | 
20:00:31 | Info | 'Les roles de %s ont été changés avec succés' | 
20:54:37 | Info | 'd_aberggine a été murlocké avec succès' | 
21:19:03 | Info | 'Les roles de %s ont été changés avec succés' | 
21:19:36 | Info | 'Les roles de %s ont été changés avec succés' | 
21:20:08 | Info | 'Les roles de %s ont été changés avec succés' | 
21:55:47 | Info | 'motisma a été murlocké avec succès' | 
22:24:45 | Info | 'celekyuto a été murlocké avec succès' | 
22:24:45 | Info | 'louisnemo a été murlocké avec succès' | 
22:24:58 | Info | 'louisnemo a été murlocké avec succès' | 
22:26:32 | Info | 'Les roles de %s ont été changés avec succés' | 
22:26:42 | Info | 'Les roles de %s ont été changés avec succés' | 
22:51:27 | Info | 'kkdours a été murlocké avec succès' | 
23:07:25 | Info | 'Les roles de %s ont été changés avec succés' | 
