00:04:53 | Info | 'cumplex a gagné 35 xp !' | 
00:05:06 | Info | '[TIMER] Départ du chrono pour cumplex' | 
00:05:07 | Info | 'cumplex a été murlocké avec succès' | 
00:05:49 | Info | '[TIMER] Départ du chrono pour cumplex' | 
00:05:49 | Info | 'cumplex a été murlocké avec succès' | 
03:01:13 | Info | 'kkdours a gagné 86 xp !' | 
03:01:13 | Info | '%s est passé niveau 15 !' | 
03:01:19 | Info | 'motisma a gagné 67 xp !' | 
03:01:24 | Info | 'cumplex a gagné 29 xp !' | 
13:54:53 | Info | 'celekyuto a été murlocké avec succès' | 
14:15:56 | Info | '[TIMER] Départ du chrono pour d_aberggine' | 
14:15:57 | Info | 'd_aberggine a été murlocké avec succès' | 
14:16:46 | Info | '[TIMER] Départ du chrono pour celekyuto' | 
14:20:43 | Info | '[TIMER] Départ du chrono pour motisma' | 
14:20:44 | Info | 'motisma a été murlocké avec succès' | 
15:04:04 | Info | 'd_aberggine a gagné 8 xp !' | 
15:30:46 | Info | 'celekyuto a gagné 12 xp !' | 
15:30:50 | Info | 'motisma a gagné 11 xp !' | 
18:07:02 | Info | 'motisma a été murlocké avec succès' | 
19:19:39 | Info | '[TIMER] Départ du chrono pour louisnemo' | 
19:19:40 | Info | 'louisnemo a été murlocké avec succès' | 
19:19:49 | Info | '[TIMER] Départ du chrono pour motisma' | 
20:08:22 | Info | 'louisnemo a gagné 8 xp !' | 
20:08:50 | Info | '[TIMER] Le chrono est en pause pour motisma' | 
20:10:05 | Info | 'motisma a gagné 8 xp !' | 
20:36:25 | Info | 'd_aberggine a été murlocké avec succès' | 
