00:08:11 | Info | 'cumplex a été murlocké avec succès' | 
02:06:55 | Info | 'motisma a gagné 55 xp !' | 
02:06:55 | Info | 'motisma est passé niveau %d !' | 
02:06:56 | Info | 'motisma est passé niveau %d !' | 
02:26:57 | Info | 'celekyuto a gagné 25 xp !' | 
02:26:57 | Info | 'celekyuto est passé niveau %d !' | 
02:27:08 | Info | 'celekyuto a été murlocké avec succès' | 
02:46:34 | Info | 'wizzard08 a été murlocké avec succès' | 
03:12:19 | Info | 'cumplex a gagné 30 xp !' | 
03:12:19 | Info | 'cumplex est passé niveau %d !' | 
03:12:19 | Info | 'cumplex est passé niveau %d !' | 
03:34:20 | Info | 'xeit0w a gagné 40 xp !' | 
03:34:20 | Info | 'xeit0w est passé niveau %d !' | 
03:35:44 | Info | 'celekyuto a gagné 10 xp !' | 
03:38:08 | Info | 'kkdours a gagné 55 xp !' | 
03:38:08 | Info | 'kkdours est passé niveau %d !' | 
03:38:08 | Info | 'kkdours est passé niveau %d !' | 
11:09:23 | Info | 'louisnemo a été murlocké avec succès' | 
13:34:38 | Info | 'celekyuto a été murlocké avec succès' | 
13:34:43 | Info | 'motisma a été murlocké avec succès' | 
13:36:01 | Info | 'xeit0w a été murlocké avec succès' | 
13:38:27 | Info | 'd_aberggine a été murlocké avec succès' | 
13:47:58 | Info | 'louisnemo a été murlocké avec succès' | 
13:50:42 | Info | 'louisnemo a été murlocké avec succès' | 
13:52:55 | Info | 'kkdours a été murlocké avec succès' | 
14:10:26 | Info | 'louisnemo a été murlocké avec succès' | 
15:44:21 | Info | 'kkdours a gagné 20 xp !' | 
15:45:12 | Info | 'motisma a gagné 20 xp !' | 
15:45:24 | Info | 'motisma a été murlocké avec succès' | 
16:24:26 | Info | 'motisma a été murlocké avec succès' | 
16:37:36 | Info | 'd_aberggine a gagné 30 xp !' | 
17:29:44 | Info | 'cumplex a été murlocké avec succès' | 
18:07:05 | Info | 'louisnemo a gagné 40 xp !' | 
18:07:05 | Info | 'louisnemo est passé niveau %d !' | 
18:14:11 | Info | 'kkdours a été murlocké avec succès' | 
18:25:19 | Info | 'celekyuto a gagné 50 xp !' | 
18:33:57 | Info | 'd_aberggine a été murlocké avec succès' | 
18:35:57 | Info | 'La commande setsound a été exécutée par d_aberggine' | 
18:36:22 | Info | 'Fichier téléchargé et découpé avec succès ! sounds/d_aberggine.mp3' | 
18:36:28 | Info | 'd_aberggine a été murlocké avec succès' | 
18:38:29 | Info | 'La commande setsound a été exécutée par d_aberggine' | 
18:38:54 | Info | 'Fichier téléchargé et découpé avec succès ! sounds/d_aberggine.mp3' | 
18:38:58 | Info | 'd_aberggine a été murlocké avec succès' | 
19:09:15 | Info | 'xeit0w a gagné 55 xp !' | 
19:09:15 | Info | 'xeit0w est passé niveau %d !' | 
19:22:29 | Info | 'kkdours a gagné 10 xp !' | 
19:22:29 | Info | 'kkdours est passé niveau %d !' | 
19:22:33 | Info | 'motisma a gagné 30 xp !' | 
19:22:33 | Info | 'motisma est passé niveau %d !' | 
20:05:16 | Info | 'celekyuto a été murlocké avec succès' | 
20:20:45 | Info | 'motisma a été murlocké avec succès' | 
20:27:26 | Info | 'kkdours a été murlocké avec succès' | 
20:38:28 | Info | 'xeit0w a été murlocké avec succès' | 
22:23:16 | Info | 'd_aberggine a été murlocké avec succès' | 
22:23:42 | Info | 'd_aberggine a été murlocké avec succès' | 
23:34:24 | Info | 'Les roles de undefined ont été changés avec succés' | 
23:40:30 | Info | 'frenzop a été murlocké avec succès' | 
23:46:36 | Info | 'd_aberggine a gagné 15 xp !' | 
23:46:36 | Info | 'd_aberggine est passé niveau %d !' | 
