00:13:26 | Info | 'louisnemo a gagné 28 xp !' | 
00:53:11 | Info | 'xeit0w a gagné 34 xp !' | 
00:53:39 | Info | '[TIMER] Le chrono est en pause pour motisma' | 
01:17:07 | Info | 'motisma a gagné 16 xp !' | 
14:48:51 | Info | 'xeit0w a été murlocké avec succès' | 
16:08:48 | Info | 'motisma a été murlocké avec succès' | 
16:08:50 | Info | '[TIMER] Départ du chrono pour louisnemo' | 
16:08:50 | Info | 'louisnemo a été murlocké avec succès' | 
16:09:49 | Info | '[TIMER] Départ du chrono pour motisma' | 
16:31:24 | Info | '[TIMER] Départ du chrono pour celekyuto' | 
16:31:25 | Info | 'celekyuto a été murlocké avec succès' | 
17:44:54 | Info | 'louisnemo a gagné 16 xp !' | 
17:53:37 | Info | 'celekyuto a gagné 13 xp !' | 
17:53:40 | Info | 'motisma a gagné 17 xp !' | 
18:19:44 | Info | 'motisma a été murlocké avec succès' | 
19:04:37 | Info | '[TIMER] Départ du chrono pour d_aberggine' | 
19:04:39 | Info | 'd_aberggine a été murlocké avec succès' | 
19:04:49 | Info | '[TIMER] Départ du chrono pour motisma' | 
19:51:05 | Info | 'motisma a gagné 7 xp !' | 
19:51:09 | Info | 'd_aberggine a gagné 7 xp !' | 
19:51:09 | Info | '%s est passé niveau 10 !' | 
20:19:48 | Info | 'celekyuto a été murlocké avec succès' | 
20:20:12 | Info | '[TIMER] Départ du chrono pour wizzard08' | 
20:20:13 | Info | 'wizzard08 a été murlocké avec succès' | 
20:20:50 | Info | '[TIMER] Départ du chrono pour celekyuto' | 
20:30:20 | Error | 'Erreur lors de l\'exécution de la commande stats' | 
20:30:20 | Error | 'TypeError: Cannot read properties of null (reading \'get\')\n    at Object.execute (/home/discord-bot/js/murlock/commands/murlock/stats.js:22:30)\n    at async Object.execute (/home/discord-bot/js/murlock/events/interactionCreate.js:16:13)' | 
20:30:31 | Info | 'xeit0w a été murlocké avec succès' | 
20:41:35 | Info | '[TIMER] Départ du chrono pour xenix13' | 
20:41:36 | Info | 'xenix13 a été murlocké avec succès' | 
20:54:21 | Info | 'celekyuto a gagné 5 xp !' | 
20:55:02 | Info | 'wizzard08 a gagné 5 xp !' | 
20:55:02 | Info | 'xenix13 a gagné 2 xp !' | 
21:01:38 | Info | 'louisnemo a été murlocké avec succès' | 
21:15:14 | Info | '[TIMER] Départ du chrono pour motisma' | 
21:15:15 | Info | 'motisma a été murlocké avec succès' | 
21:15:51 | Info | '[TIMER] Départ du chrono pour louisnemo' | 
21:22:18 | Info | 'motisma a gagné 1 xp !' | 
21:22:51 | Info | '[TIMER] Le chrono est en pause pour louisnemo' | 
21:23:09 | Info | '[TIMER] Départ du chrono pour d_aberggine' | 
21:23:10 | Info | 'd_aberggine a été murlocké avec succès' | 
21:23:51 | Info | '[TIMER] Le chrono reprend pour louisnemo' | 
21:27:52 | Info | '[TIMER] Le chrono est en pause pour louisnemo' | 
22:50:11 | Info | '[TIMER] Départ du chrono pour motisma' | 
22:50:12 | Info | 'motisma a été murlocké avec succès' | 
22:50:53 | Info | '[TIMER] Le chrono reprend pour louisnemo' | 
23:05:34 | Info | '[TIMER] Départ du chrono pour celekyuto' | 
23:05:35 | Info | 'celekyuto a été murlocké avec succès' | 
23:08:00 | Info | '[TIMER] Départ du chrono pour d_aberggine' | 
23:08:01 | Info | 'd_aberggine a été murlocké avec succès' | 
23:08:34 | Info | '[TIMER] Départ du chrono pour wizzard08' | 
23:08:35 | Info | 'wizzard08 a été murlocké avec succès' | 
23:34:49 | Info | '[TIMER] Départ du chrono pour xeit0w' | 
23:34:51 | Info | 'xeit0w a été murlocké avec succès' | 
23:52:51 | Info | 'd_aberggine a gagné 7 xp !' | 
