15:09:50 | Info | 'louisnemo a été murlocké avec succès' | 
16:12:48 | Info | 'celekyuto a été murlocké avec succès' | 
16:18:48 | Info | '[TIMER] Départ du chrono pour motisma' | 
16:18:49 | Info | 'motisma a été murlocké avec succès' | 
16:19:12 | Info | '[TIMER] Départ du chrono pour celekyuto' | 
16:41:01 | Info | '[TIMER] Départ du chrono pour cumplex' | 
16:41:02 | Info | 'cumplex a été murlocké avec succès' | 
17:35:35 | Info | '[TIMER] Départ du chrono pour louisnemo' | 
17:35:56 | Info | 'louisnemo a été murlocké avec succès' | 
17:44:43 | Info | 'louisnemo a gagné 1 xp !' | 
17:45:13 | Info | 'cumplex a gagné 10 xp !' | 
17:45:23 | Info | '[TIMER] Départ du chrono pour cumplex' | 
17:45:24 | Info | 'cumplex a été murlocké avec succès' | 
17:46:05 | Info | '[TIMER] Départ du chrono pour louisnemo' | 
17:46:06 | Info | 'louisnemo a été murlocké avec succès' | 
18:06:23 | Info | '[TIMER] Départ du chrono pour kkdours' | 
18:06:23 | Info | 'kkdours a été murlocké avec succès' | 
18:34:04 | Info | 'louisnemo a gagné 7 xp !' | 
18:56:57 | Info | 'celekyuto a gagné 26 xp !' | 
19:18:05 | Info | '[TIMER] Départ du chrono pour celekyuto' | 
19:18:06 | Info | 'celekyuto a été murlocké avec succès' | 
19:22:03 | Info | 'motisma a gagné 30 xp !' | 
19:57:51 | Info | 'kkdours a gagné 18 xp !' | 
19:58:15 | Info | '[TIMER] Le chrono est en pause pour cumplex' | 
19:59:16 | Info | 'cumplex a gagné 22 xp !' | 
20:45:44 | Error | 'Erreur lors du murlock de d_aberggine' | 
20:54:24 | Info | 'louisnemo a été murlocké avec succès' | 
20:55:12 | Info | '[TIMER] Départ du chrono pour d_aberggine' | 
20:55:14 | Info | 'd_aberggine a été murlocké avec succès' | 
20:55:16 | Info | '[TIMER] Départ du chrono pour louisnemo' | 
21:03:35 | Info | 'd_aberggine a gagné 1 xp !' | 
21:03:51 | Info | 'louisnemo a gagné 1 xp !' | 
