01:35:56 | Info | 'cumplex a été murlocké avec succès' | 
01:36:11 | Info | '[TIMER] Départ du chrono pour kkdours' | 
01:36:12 | Info | 'kkdours a été murlocké avec succès' | 
01:36:55 | Info | '[TIMER] Départ du chrono pour cumplex' | 
01:38:57 | Info | '[TIMER] Départ du chrono pour louisnemo' | 
01:38:58 | Info | 'louisnemo a été murlocké avec succès' | 
01:45:26 | Info | 'kkdours a gagné 1 xp !' | 
01:45:55 | Info | '[TIMER] Le chrono est en pause pour cumplex' | 
01:46:59 | Info | 'cumplex a gagné 1 xp !' | 
08:50:59 | Info | 'louisnemo a été murlocké avec succès' | 
10:48:32 | Info | 'celekyuto a été murlocké avec succès' | 
10:52:06 | Info | '[TIMER] Départ du chrono pour xenix13' | 
10:52:07 | Info | 'xenix13 a été murlocké avec succès' | 
10:53:05 | Info | '[TIMER] Départ du chrono pour celekyuto' | 
11:29:18 | Info | '[TIMER] Départ du chrono pour motisma' | 
11:29:19 | Info | 'motisma a été murlocké avec succès' | 
14:05:51 | Info | '[TIMER] Départ du chrono pour louisnemo' | 
14:05:52 | Info | 'louisnemo a été murlocké avec succès' | 
14:32:15 | Info | '[TIMER] Départ du chrono pour xeit0w' | 
14:32:16 | Info | 'xeit0w a été murlocké avec succès' | 
14:39:43 | Info | '[TIMER] Départ du chrono pour kkdours' | 
14:39:44 | Info | 'kkdours a été murlocké avec succès' | 
15:03:06 | Info | '[TIMER] Départ du chrono pour omigom' | 
15:03:07 | Info | 'omigom a été murlocké avec succès' | 
16:04:30 | Info | 'louisnemo a gagné 19 xp !' | 
16:45:33 | Info | '[TIMER] Départ du chrono pour d_aberggine' | 
16:45:34 | Info | 'd_aberggine a été murlocké avec succès' | 
17:04:47 | Info | 'd_aberggine a gagné 3 xp !' | 
17:04:47 | Info | '%s est passé niveau 7 !' | 
17:19:49 | Info | 'xeit0w a gagné 27 xp !' | 
17:46:25 | Info | 'omigom a gagné 27 xp !' | 
17:46:25 | Info | '%s est passé niveau 5 !' | 
17:47:27 | Info | 'xenix13 a gagné 69 xp !' | 
18:31:56 | Info | '[TIMER] Départ du chrono pour cumplex' | 
18:31:57 | Info | 'cumplex a été murlocké avec succès' | 
19:11:19 | Info | 'kkdours a gagné 45 xp !' | 
19:11:19 | Info | '%s est passé niveau 9 !' | 
19:53:16 | Info | 'motisma a gagné 83 xp !' | 
19:54:13 | Info | '[TIMER] Le chrono est en pause pour celekyuto' | 
19:57:58 | Info | 'celekyuto a gagné 90 xp !' | 
21:04:29 | Info | 'motisma a été murlocké avec succès' | 
21:05:33 | Info | '[TIMER] Départ du chrono pour kkdours' | 
21:05:34 | Info | 'kkdours a été murlocké avec succès' | 
21:06:15 | Info | '[TIMER] Départ du chrono pour motisma' | 
21:23:52 | Info | '[TIMER] Départ du chrono pour celekyuto' | 
21:23:53 | Info | 'celekyuto a été murlocké avec succès' | 
21:39:47 | Info | '[TIMER] Départ du chrono pour louisnemo' | 
21:39:48 | Info | 'louisnemo a été murlocké avec succès' | 
22:28:02 | Info | 'louisnemo a gagné 8 xp !' | 
22:28:11 | Info | '[TIMER] Départ du chrono pour louisnemo' | 
22:28:12 | Info | 'louisnemo a été murlocké avec succès' | 
23:45:17 | Info | 'louisnemo a gagné 12 xp !' | 
