02:56:24 | Info | 'xeit0w a été murlocké avec succès' | 
07:34:07 | Info | 'xeit0w a été murlocké avec succès' | 
08:34:14 | Info | 'La commande setsound a été exécutée par xeit0w' | 
12:45:42 | Info | 'xeit0w a été murlocké avec succès' | 
12:45:48 | Info | 'xeit0w a été murlocké avec succès' | 
12:45:54 | Info | 'xeit0w a été murlocké avec succès' | 
13:55:13 | Info | 'louisnemo a été murlocké avec succès' | 
15:50:02 | Info | 'motisma a été murlocké avec succès' | 
16:07:57 | Info | 'louisnemo a été murlocké avec succès' | 
16:09:31 | Info | 'louisnemo a été murlocké avec succès' | 
20:08:42 | Info | '' | 
20:08:42 | Info | '[0/3] Initialisation du bot' | 
20:08:42 | Info | '[1/3] Chargement des commandes ............................................................................' | 
20:08:42 | Info | '[CMD] Commande ping chargée avec succès' | 
20:08:42 | Info | '[CMD] Commande reset chargée avec succès' | 
20:08:42 | Info | '[CMD] Commande setsound chargée avec succès' | 
20:08:42 | Info | '[CMD] Chargement des commandes terminé' | 
20:08:42 | Info | '[2/3] Chargement des Events ...............................................................................' | 
20:08:42 | Info | '[EVT] Event interactionCreate chargé avec succès' | 
20:08:42 | Info | '[EVT] Event interactionCreate chargé avec succès' | 
20:08:42 | Info | '[EVT] Event ready chargé avec succès' | 
20:08:42 | Info | '[EVT] Event voiceStateUpdate chargé avec succès' | 
20:08:42 | Info | '[EVT] Chargement des events terminé' | 
20:08:43 | Info | '[3/3] Connecté en tant que Murloc#7410 ....................................................................' | 
20:08:56 | Info | 'xeit0w a été murlocké avec succès' | 
20:09:08 | Info | 'xeit0w a été murlocké avec succès' | 
20:15:24 | Info | 'xeit0w a été murlocké avec succès' | 
20:15:25 | Info | 'xeit0w a été murlocké avec succès' | 
20:15:27 | Info | 'xeit0w a été murlocké avec succès' | 
21:12:46 | Info | 'motisma a été murlocké avec succès' | 
21:38:39 | Info | 'kkdours a été murlocké avec succès' | 
21:40:39 | Info | 'louisnemo a été murlocké avec succès' | 
21:52:33 | Info | 'cumplex a été murlocké avec succès' | 
22:40:42 | Info | 'celekyuto a été murlocké avec succès' | 
