00:07:51 | Info | 'cumplex a gagné 20 xp !' | 
00:07:51 | Info | 'cumplex est passé niveau %d !' | 
01:04:41 | Info | 'wizzard08 a été murlocké avec succès' | 
01:16:15 | Info | 'celekyuto a gagné 25 xp !' | 
01:18:37 | Info | 'motisma a gagné 25 xp !' | 
01:18:37 | Info | 'motisma est passé niveau %d !' | 
02:11:08 | Info | 'd_aberggine a gagné 25 xp !' | 
02:11:08 | Info | 'kkdours a gagné 35 xp !' | 
14:19:36 | Info | 'celekyuto a été murlocké avec succès' | 
14:23:12 | Info | 'louisnemo a été murlocké avec succès' | 
14:41:20 | Info | 'xenix13 a été murlocké avec succès' | 
14:49:09 | Info | 'omigom a été murlocké avec succès' | 
14:51:50 | Info | 'motisma a été murlocké avec succès' | 
15:25:18 | Info | 'motisma a gagné 5 xp !' | 
15:35:10 | Info | 'Alartic#4028 a été murlocké avec succès' | 
15:38:47 | Info | 'motisma a été murlocké avec succès' | 
16:17:36 | Info | 'omigom a gagné 15 xp !' | 
16:17:36 | Info | 'omigom est passé niveau %d !' | 
16:25:51 | Info | 'Alartic#4028 a gagné 10 xp !' | 
16:25:51 | Info | 'Alartic#4028 est passé niveau %d !' | 
16:40:25 | Info | 'louisnemo a gagné 25 xp !' | 
16:40:25 | Info | 'louisnemo est passé niveau %d !' | 
16:43:10 | Info | 'omigom a été murlocké avec succès' | 
17:49:38 | Info | 'myoka a été murlocké avec succès' | 
17:49:44 | Info | 'celekyuto a gagné 35 xp !' | 
17:49:45 | Info | 'celekyuto a été murlocké avec succès' | 
17:50:52 | Info | 'La commande stats a été exécutée par celekyuto' | 
17:59:14 | Info | '__keekee__ a été murlocké avec succès' | 
18:03:21 | Info | 'Alartic#4028 a été murlocké avec succès' | 
18:29:48 | Info | 'celekyuto a gagné 5 xp !' | 
18:29:51 | Info | 'celekyuto a été murlocké avec succès' | 
19:09:01 | Info | 'motisma a été murlocké avec succès' | 
19:09:17 | Info | 'xeit0w a été murlocké avec succès' | 
19:13:41 | Info | 'd_aberggine a été murlocké avec succès' | 
19:19:28 | Info | '__keekee__ a gagné 15 xp !' | 
19:19:28 | Info | '__keekee__ est passé niveau %d !' | 
19:19:29 | Info | 'omigom a gagné 25 xp !' | 
19:19:29 | Info | 'omigom est passé niveau %d !' | 
19:19:35 | Info | 'xenix13 a gagné 45 xp !' | 
19:19:35 | Info | 'xenix13 est passé niveau %d !' | 
19:19:35 | Info | 'xenix13 est passé niveau %d !' | 
19:36:07 | Info | 'celekyuto a été murlocké avec succès' | 
19:59:45 | Info | 'd_aberggine a gagné 10 xp !' | 
20:00:01 | Info | 'La commande stats a été exécutée par d_aberggine' | 
20:03:35 | Info | 'motisma a gagné 10 xp !' | 
20:40:34 | Info | 'xeit0w a gagné 15 xp !' | 
20:47:07 | Info | 'motisma a été murlocké avec succès' | 
21:01:37 | Info | 'celekyuto a gagné 15 xp !' | 
21:01:37 | Info | 'celekyuto est passé niveau %d !' | 
22:47:26 | Info | 'motisma a gagné 20 xp !' | 
22:54:57 | Info | 'celekyuto a été murlocké avec succès' | 
23:58:27 | Info | 'motisma a été murlocké avec succès' | 
