00:01:14 | Info | '[TIMER] Départ du chrono pour cumplex' | 
00:01:15 | Info | 'cumplex a été murlocké avec succès' | 
00:02:11 | Info | '[TIMER] Départ du chrono pour motisma' | 
02:20:28 | Info | 'cumplex a gagné 23 xp !' | 
02:20:30 | Info | 'motisma a gagné 23 xp !' | 
14:23:29 | Info | 'motisma a été murlocké avec succès' | 
14:55:28 | Info | 'motisma a été murlocké avec succès' | 
15:47:33 | Info | '[TIMER] Départ du chrono pour cumplex' | 
15:47:34 | Info | 'cumplex a été murlocké avec succès' | 
16:01:15 | Info | '[TIMER] Départ du chrono pour cumplex' | 
16:01:16 | Info | 'cumplex a été murlocké avec succès' | 
16:01:27 | Info | '[TIMER] Départ du chrono pour motisma' | 
19:43:34 | Info | 'cumplex a gagné 37 xp !' | 
19:44:30 | Info | '[TIMER] Le chrono est en pause pour motisma' | 
20:04:46 | Info | 'motisma a gagné 37 xp !' | 
20:04:46 | Info | '%s est passé niveau 17 !' | 
20:06:22 | Info | 'La commande leaderboard a été exécutée par cumplex' | 
20:56:26 | Info | 'motisma a été murlocké avec succès' | 
20:56:52 | Info | 'La commande leaderboard a été exécutée par motisma' | 
21:18:22 | Info | '[TIMER] Départ du chrono pour celekyuto' | 
21:18:23 | Info | 'celekyuto a été murlocké avec succès' | 
21:18:32 | Info | '[TIMER] Départ du chrono pour motisma' | 
21:51:30 | Info | 'motisma a été murlocké avec succès' | 
21:51:53 | Info | '[TIMER] Départ du chrono pour cumplex' | 
21:51:54 | Info | 'cumplex a été murlocké avec succès' | 
21:52:32 | Info | '[TIMER] Départ du chrono pour motisma' | 
23:47:16 | Info | '[TIMER] Départ du chrono pour louisnemo' | 
23:47:17 | Info | 'louisnemo a été murlocké avec succès' | 
