00:10:44 | Info | 'celekyuto a gagné 21 xp !' | 
00:10:44 | Info | 'celekyuto a été murlocké avec succès' | 
10:37:54 | Info | 'celekyuto a gagné 3 xp !' | 
10:37:55 | Info | 'celekyuto a été murlocké avec succès' | 
11:16:55 | Info | 'celekyuto a gagné 1 xp !' | 
11:16:55 | Info | 'celekyuto a été murlocké avec succès' | 
13:10:42 | Info | 'celekyuto a gagné 2 xp !' | 
13:10:42 | Info | 'celekyuto est passé niveau %d !' | 
13:10:42 | Info | 'celekyuto a été murlocké avec succès' | 
13:44:39 | Error | 'Erreur lors de l\'exécution de la commande stats' | 
13:44:39 | Error | 'TypeError [ERR_INVALID_URL]: Invalid URL\n    at new NodeError (node:internal/errors:400:5)\n    at URL.onParseError (node:internal/url:565:9)\n    at new URL (node:internal/url:645:5)\n    at Object.loadImage (/home/discord-bot/js/murlock/node_modules/@napi-rs/canvas/load-image.js:39:43)\n    at async murloc_icon (/home/discord-bot/js/murlock/src/assets/murloc_icon.js:20:20)\n    at async Object.execute (/home/discord-bot/js/murlock/commands/murlock/stats.js:30:23)\n    at async Object.execute (/home/discord-bot/js/murlock/events/interactionCreate.js:16:13)' | 
13:46:19 | Info | '' | 
13:46:19 | Info | '[0/3] Initialisation du bot' | 
13:46:19 | Info | '[1/3] Chargement des commandes ' | 
13:46:19 | Info | '[CMD] Commande clear chargée avec succès' | 
13:46:19 | Info | '[CMD] Commande spawnroles chargée avec succès' | 
13:46:19 | Info | '[CMD] Commande ping chargée avec succès' | 
13:46:19 | Info | '[CMD] Commande reset chargée avec succès' | 
13:46:19 | Info | '[CMD] Commande setsound chargée avec succès' | 
13:46:20 | Info | '[CMD] Commande stats chargée avec succès' | 
13:46:20 | Info | '[CMD] Chargement des commandes terminé' | 
13:46:20 | Info | '[2/3] Chargement des Events' | 
13:46:20 | Info | '[EVT] Event interactionCreate chargé avec succès' | 
13:46:20 | Info | '[EVT] Event interactionCreate chargé avec succès' | 
13:46:20 | Info | '[EVT] Event voiceStateUpdate chargé avec succès' | 
13:46:20 | Info | '[DB] Chargement de la base de donnée' | 
13:46:20 | Info | '[EVT] Event ready chargé avec succès' | 
13:46:20 | Info | '[EVT] Event interactionCreate chargé avec succès' | 
13:46:20 | Info | '[EVT] Event voiceStateUpdate chargé avec succès' | 
13:46:20 | Info | '[EVT] Chargement des events terminé' | 
13:46:21 | Info | '[DB] Base de donnée chargée avec succès' | 
13:46:21 | Info | '[3/3] Connecté en tant que Murloc#7410' | 
13:46:44 | Info | 'La commande clear a été exécutée par xeit0w' | 
13:47:00 | Info | 'La commande clear a été exécutée par xeit0w' | 
13:47:12 | Info | 'La commande clear a été exécutée par xeit0w' | 
13:47:24 | Info | 'La commande clear a été exécutée par xeit0w' | 
13:47:33 | Info | 'La commande clear a été exécutée par xeit0w' | 
13:47:47 | Info | 'La commande clear a été exécutée par xeit0w' | 
13:48:37 | Info | 'La commande stats a été exécutée par xeit0w' | 
13:49:06 | Info | 'xeit0w a été murlocké avec succès' | 
13:49:15 | Info | 'louisnemo a été murlocké avec succès' | 
13:51:48 | Info | 'La commande stats a été exécutée par xeit0w' | 
13:51:53 | Info | 'La commande stats a été exécutée par xeit0w' | 
13:51:58 | Info | 'La commande stats a été exécutée par xeit0w' | 
14:18:40 | Info | 'd_aberggine a été murlocké avec succès' | 
14:19:42 | Info | 'La commande stats a été exécutée par d_aberggine' | 
14:25:08 | Info | 'omigom a été murlocké avec succès' | 
14:36:53 | Info | 'xeit0w a gagné 16986730131410000 xp !' | 
14:36:53 | Info | 'xeit0w est passé niveau %d !' | 
14:36:53 | Info | 'xeit0w est passé niveau %d !' | 
14:36:53 | Info | 'xeit0w est passé niveau %d !' | 
14:36:54 | Info | 'xeit0w est passé niveau %d !' | 
14:36:54 | Info | 'xeit0w est passé niveau %d !' | 
14:36:55 | Info | 'xeit0w est passé niveau %d !' | 
14:36:55 | Info | 'xeit0w est passé niveau %d !' | 
14:36:56 | Info | 'xeit0w est passé niveau %d !' | 
14:36:56 | Info | 'xeit0w est passé niveau %d !' | 
14:36:56 | Info | 'xeit0w est passé niveau %d !' | 
14:36:57 | Info | 'xeit0w est passé niveau %d !' | 
14:36:58 | Info | 'xeit0w est passé niveau %d !' | 
14:36:58 | Info | 'xeit0w est passé niveau %d !' | 
14:36:58 | Info | 'xeit0w est passé niveau %d !' | 
14:36:59 | Info | 'xeit0w est passé niveau %d !' | 
14:36:59 | Info | 'xeit0w est passé niveau %d !' | 
14:37:00 | Info | 'xeit0w est passé niveau %d !' | 
14:37:00 | Info | 'xeit0w est passé niveau %d !' | 
14:37:01 | Info | 'xeit0w est passé niveau %d !' | 
14:37:44 | Info | 'La commande stats a été exécutée par xeit0w' | 
14:51:59 | Info | 'd_aberggine a gagné 16986739196890000 xp !' | 
14:51:59 | Info | 'd_aberggine est passé niveau %d !' | 
14:52:00 | Info | 'd_aberggine est passé niveau %d !' | 
14:52:00 | Info | 'd_aberggine est passé niveau %d !' | 
14:52:00 | Info | 'd_aberggine est passé niveau %d !' | 
14:52:01 | Info | 'd_aberggine est passé niveau %d !' | 
14:52:01 | Info | 'd_aberggine est passé niveau %d !' | 
14:52:02 | Info | 'd_aberggine est passé niveau %d !' | 
14:52:02 | Info | 'd_aberggine est passé niveau %d !' | 
14:52:03 | Info | 'd_aberggine est passé niveau %d !' | 
14:52:03 | Info | 'd_aberggine est passé niveau %d !' | 
14:52:03 | Info | 'd_aberggine est passé niveau %d !' | 
14:52:04 | Info | 'd_aberggine est passé niveau %d !' | 
14:52:04 | Info | 'd_aberggine est passé niveau %d !' | 
14:52:05 | Info | 'd_aberggine est passé niveau %d !' | 
14:52:05 | Info | 'd_aberggine est passé niveau %d !' | 
14:52:06 | Info | 'd_aberggine est passé niveau %d !' | 
14:52:06 | Info | 'd_aberggine est passé niveau %d !' | 
14:52:07 | Info | 'd_aberggine est passé niveau %d !' | 
14:52:07 | Info | 'd_aberggine est passé niveau %d !' | 
14:54:27 | Info | 'La commande clear a été exécutée par xeit0w' | 
14:58:06 | Info | 'La commande stats a été exécutée par xeit0w' | 
15:05:24 | Info | '' | 
15:05:24 | Info | '[0/3] Initialisation du bot' | 
15:05:24 | Info | '[1/3] Chargement des commandes ' | 
15:05:24 | Info | '[CMD] Commande clear chargée avec succès' | 
15:05:24 | Info | '[CMD] Commande spawnroles chargée avec succès' | 
15:05:24 | Info | '[CMD] Commande ping chargée avec succès' | 
15:05:24 | Info | '[CMD] Commande reset chargée avec succès' | 
15:05:24 | Info | '[CMD] Commande setsound chargée avec succès' | 
15:05:24 | Info | '[CMD] Commande stats chargée avec succès' | 
15:05:24 | Info | '[CMD] Chargement des commandes terminé' | 
15:05:24 | Info | '[2/3] Chargement des Events' | 
15:05:24 | Info | '[EVT] Event interactionCreate chargé avec succès' | 
15:05:24 | Info | '[EVT] Event interactionCreate chargé avec succès' | 
15:05:24 | Info | '[EVT] Event voiceStateUpdate chargé avec succès' | 
15:05:24 | Info | '[DB] Chargement de la base de donnée' | 
15:05:25 | Info | '[EVT] Event ready chargé avec succès' | 
15:05:25 | Info | '[EVT] Event interactionCreate chargé avec succès' | 
15:05:25 | Info | '[EVT] Event voiceStateUpdate chargé avec succès' | 
15:05:25 | Info | '[EVT] Chargement des events terminé' | 
15:05:25 | Info | '[DB] Base de donnée chargée avec succès' | 
15:05:26 | Info | '[3/3] Connecté en tant que Murloc#7410' | 
15:06:02 | Info | '' | 
15:06:02 | Info | '[0/3] Initialisation du bot' | 
15:06:02 | Info | '[1/3] Chargement des commandes ' | 
15:06:02 | Info | '[CMD] Commande clear chargée avec succès' | 
15:06:02 | Info | '[CMD] Commande spawnroles chargée avec succès' | 
15:06:02 | Info | '[CMD] Commande ping chargée avec succès' | 
15:06:02 | Info | '[CMD] Commande reset chargée avec succès' | 
15:06:02 | Info | '[CMD] Commande setsound chargée avec succès' | 
15:06:02 | Info | '[CMD] Commande stats chargée avec succès' | 
15:06:02 | Info | '[CMD] Chargement des commandes terminé' | 
15:06:02 | Info | '[2/3] Chargement des Events' | 
15:06:02 | Info | '[EVT] Event interactionCreate chargé avec succès' | 
15:06:02 | Info | '[EVT] Event interactionCreate chargé avec succès' | 
15:06:02 | Info | '[EVT] Event voiceStateUpdate chargé avec succès' | 
15:06:02 | Info | '[DB] Chargement de la base de donnée' | 
15:06:02 | Info | '[EVT] Event ready chargé avec succès' | 
15:06:02 | Info | '[EVT] Event interactionCreate chargé avec succès' | 
15:06:02 | Info | '[EVT] Event voiceStateUpdate chargé avec succès' | 
15:06:02 | Info | '[EVT] Chargement des events terminé' | 
15:06:03 | Info | '[DB] Base de donnée chargée avec succès' | 
15:06:03 | Info | '[3/3] Connecté en tant que Murloc#7410' | 
15:06:40 | Info | '' | 
15:06:40 | Info | '[0/3] Initialisation du bot' | 
15:06:40 | Info | '[1/3] Chargement des commandes ' | 
15:06:40 | Info | '[CMD] Commande clear chargée avec succès' | 
15:06:40 | Info | '[CMD] Commande spawnroles chargée avec succès' | 
15:06:40 | Info | '[CMD] Commande ping chargée avec succès' | 
15:06:40 | Info | '[CMD] Commande reset chargée avec succès' | 
15:06:40 | Info | '[CMD] Commande setsound chargée avec succès' | 
15:06:40 | Info | '[CMD] Commande stats chargée avec succès' | 
15:06:40 | Info | '[CMD] Chargement des commandes terminé' | 
15:06:40 | Info | '[2/3] Chargement des Events' | 
15:06:40 | Info | '[EVT] Event interactionCreate chargé avec succès' | 
15:06:40 | Info | '[EVT] Event interactionCreate chargé avec succès' | 
15:06:40 | Info | '[EVT] Event voiceStateUpdate chargé avec succès' | 
15:06:40 | Info | '[DB] Chargement de la base de donnée' | 
15:06:40 | Info | '[EVT] Event ready chargé avec succès' | 
15:06:40 | Info | '[EVT] Event interactionCreate chargé avec succès' | 
15:06:40 | Info | '[EVT] Event voiceStateUpdate chargé avec succès' | 
15:06:40 | Info | '[EVT] Chargement des events terminé' | 
15:06:41 | Info | '[DB] Base de donnée chargée avec succès' | 
15:06:42 | Info | '[3/3] Connecté en tant que Murloc#7410' | 
15:06:48 | Info | 'La commande stats a été exécutée par xeit0w' | 
15:07:10 | Info | 'celekyuto a été murlocké avec succès' | 
15:16:13 | Info | 'd_aberggine a été murlocké avec succès' | 
15:50:41 | Info | 'celekyuto a gagné 5 xp !' | 
15:53:16 | Info | 'La commande stats a été exécutée par xeit0w' | 
15:58:14 | Info | 'xeit0w a été murlocké avec succès' | 
16:18:47 | Info | 'kkdours a été murlocké avec succès' | 
16:19:19 | Info | 'celekyuto a été murlocké avec succès' | 
16:40:09 | Info | 'xeit0w a gagné 5 xp !' | 
16:40:11 | Info | 'xeit0w a été murlocké avec succès' | 
16:40:23 | Info | 'La commande stats a été exécutée par xeit0w' | 
17:07:58 | Info | 'booddle a été murlocké avec succès' | 
17:11:58 | Info | 'xeit0w a gagné 10 xp !' | 
17:11:58 | Info | 'xeit0w est passé niveau %d !' | 
17:15:24 | Info | '' | 
17:15:24 | Info | '[0/3] Initialisation du bot' | 
17:15:24 | Info | '[1/3] Chargement des commandes ' | 
17:15:24 | Info | '[CMD] Commande clear chargée avec succès' | 
17:15:24 | Info | '[CMD] Commande spawnroles chargée avec succès' | 
17:15:24 | Info | '[CMD] Commande ping chargée avec succès' | 
17:15:24 | Info | '[CMD] Commande reset chargée avec succès' | 
17:15:24 | Info | '[CMD] Commande setsound chargée avec succès' | 
17:15:24 | Info | '[CMD] Commande stats chargée avec succès' | 
17:15:24 | Info | '[CMD] Chargement des commandes terminé' | 
17:15:24 | Info | '[2/3] Chargement des Events' | 
17:15:24 | Info | '[EVT] Event interactionCreate chargé avec succès' | 
17:15:24 | Info | '[EVT] Event interactionCreate chargé avec succès' | 
17:15:24 | Info | '[EVT] Event voiceStateUpdate chargé avec succès' | 
17:15:24 | Info | '[DB] Chargement de la base de donnée' | 
17:15:24 | Info | '[EVT] Event ready chargé avec succès' | 
17:15:24 | Info | '[EVT] Event interactionCreate chargé avec succès' | 
17:15:24 | Info | '[EVT] Event voiceStateUpdate chargé avec succès' | 
17:15:24 | Info | '[EVT] Chargement des events terminé' | 
17:15:25 | Info | '[DB] Base de donnée chargée avec succès' | 
17:15:25 | Info | '[3/3] Connecté en tant que Murloc#7410' | 
17:15:39 | Info | 'xeit0w a été murlocké avec succès' | 
18:01:18 | Info | 'xeit0w a été murlocké avec succès' | 
18:29:26 | Info | 'louisnemo a été murlocké avec succès' | 
18:41:21 | Info | 'd_aberggine a été murlocké avec succès' | 
19:35:50 | Info | 'd_aberggine a gagné 10 xp !' | 
19:35:50 | Info | 'd_aberggine est passé niveau %d !' | 
19:53:56 | Info | 'louisnemo a gagné 15 xp !' | 
19:53:56 | Info | 'louisnemo est passé niveau %d !' | 
20:23:15 | Info | 'celekyuto a été murlocké avec succès' | 
20:23:26 | Info | 'wizzard08 a été murlocké avec succès' | 
20:48:41 | Info | 'motisma a été murlocké avec succès' | 
20:50:43 | Info | 'kkdours a été murlocké avec succès' | 
21:28:24 | Info | 'booddle a été murlocké avec succès' | 
21:31:19 | Info | 'La commande setsound a été exécutée par booddle' | 
21:31:47 | Info | 'La commande setsound a été exécutée par booddle' | 
21:32:12 | Info | 'La commande setsound a été exécutée par booddle' | 
21:32:32 | Info | 'booddle a été murlocké avec succès' | 
21:32:39 | Info | 'La commande setsound a été exécutée par booddle' | 
21:33:36 | Info | 'La commande setsound a été exécutée par booddle' | 
21:33:48 | Info | 'La commande setsound a été exécutée par booddle' | 
21:34:15 | Info | 'La commande setsound a été exécutée par booddle' | 
21:34:42 | Info | 'La commande setsound a été exécutée par booddle' | 
21:34:50 | Info | 'Fichier téléchargé et découpé avec succès ! sounds/booddle.mp3' | 
21:34:57 | Info | 'booddle a été murlocké avec succès' | 
21:35:12 | Info | 'La commande setsound a été exécutée par booddle' | 
21:35:27 | Info | 'La commande setsound a été exécutée par booddle' | 
21:35:33 | Info | 'd_aberggine a été murlocké avec succès' | 
21:36:44 | Info | 'La commande setsound a été exécutée par booddle' | 
21:36:57 | Info | 'celekyuto a gagné 10 xp !' | 
21:36:57 | Info | 'celekyuto est passé niveau %d !' | 
21:37:01 | Info | 'xeit0w a gagné 35 xp !' | 
21:37:01 | Info | 'xeit0w est passé niveau %d !' | 
21:37:03 | Info | 'xeit0w a été murlocké avec succès' | 
21:37:04 | Info | 'booddle a été murlocké avec succès' | 
21:37:05 | Info | 'celekyuto a été murlocké avec succès' | 
21:37:15 | Info | 'booddle a été murlocké avec succès' | 
21:37:22 | Info | 'La commande setsound a été exécutée par booddle' | 
21:38:35 | Info | '' | 
21:38:35 | Info | '[0/3] Initialisation du bot' | 
21:38:35 | Info | '[1/3] Chargement des commandes ' | 
21:38:35 | Info | '[CMD] Commande clear chargée avec succès' | 
21:38:35 | Info | '[CMD] Commande spawnroles chargée avec succès' | 
21:38:35 | Info | '[CMD] Commande ping chargée avec succès' | 
21:38:35 | Info | '[CMD] Commande reset chargée avec succès' | 
21:38:35 | Info | '[CMD] Commande setsound chargée avec succès' | 
21:38:35 | Info | '[CMD] Commande stats chargée avec succès' | 
21:38:35 | Info | '[CMD] Chargement des commandes terminé' | 
21:38:35 | Info | '[2/3] Chargement des Events' | 
21:38:35 | Info | '[EVT] Event interactionCreate chargé avec succès' | 
21:38:35 | Info | '[EVT] Event interactionCreate chargé avec succès' | 
21:38:35 | Info | '[EVT] Event voiceStateUpdate chargé avec succès' | 
21:38:35 | Info | '[DB] Chargement de la base de donnée' | 
21:38:35 | Info | '[EVT] Event ready chargé avec succès' | 
21:38:35 | Info | '[EVT] Event interactionCreate chargé avec succès' | 
21:38:35 | Info | '[EVT] Event voiceStateUpdate chargé avec succès' | 
21:38:35 | Info | '[EVT] Chargement des events terminé' | 
21:38:36 | Info | '[DB] Base de donnée chargée avec succès' | 
21:38:37 | Info | '[3/3] Connecté en tant que Murloc#7410' | 
21:38:45 | Info | 'xeit0w a été murlocké avec succès' | 
21:38:45 | Info | 'booddle a été murlocké avec succès' | 
21:38:46 | Info | 'celekyuto a été murlocké avec succès' | 
21:39:01 | Info | 'La commande setsound a été exécutée par booddle' | 
21:39:17 | Info | 'La commande setsound a été exécutée par booddle' | 
21:39:30 | Info | 'Fichier téléchargé et découpé avec succès ! sounds/booddle.mp3' | 
21:39:34 | Info | 'booddle a été murlocké avec succès' | 
23:10:37 | Info | 'booddle a été murlocké avec succès' | 
23:18:24 | Info | 'booddle a été murlocké avec succès' | 
23:18:31 | Info | 'celekyuto a gagné 15 xp !' | 
23:18:31 | Info | 'celekyuto est passé niveau %d !' | 
23:18:33 | Info | 'celekyuto a été murlocké avec succès' | 
23:22:20 | Info | 'La commande stats a été exécutée par xeit0w' | 
