08:46:13 | Info | 'La commande stats a été exécutée par xeit0w' | 
08:46:29 | Info | 'La commande stats a été exécutée par xeit0w' | 
11:55:35 | Info | 'motisma a été murlocké avec succès' | 
12:08:17 | Info | 'celekyuto a été murlocké avec succès' | 
13:34:48 | Info | 'xenix13 a été murlocké avec succès' | 
15:10:58 | Info | 'louisnemo a été murlocké avec succès' | 
15:11:15 | Info | 'celekyuto a gagné 30 xp !' | 
15:11:16 | Info | 'celekyuto a été murlocké avec succès' | 
15:11:43 | Info | 'celekyuto a été murlocké avec succès' | 
15:16:48 | Info | 'xeit0w a été murlocké avec succès' | 
16:08:54 | Info | 'motisma a gagné 40 xp !' | 
17:11:04 | Info | 'louisnemo a gagné 20 xp !' | 
17:11:55 | Info | 'xeit0w a gagné 20 xp !' | 
17:47:34 | Info | 'celekyuto a gagné 25 xp !' | 
17:48:07 | Info | 'xenix13 a gagné 40 xp !' | 
17:48:07 | Info | 'xenix13 est passé niveau %d !' | 
20:23:17 | Info | 'xenix13 a été murlocké avec succès' | 
20:51:01 | Info | 'celekyuto a été murlocké avec succès' | 
20:57:32 | Info | 'xenix13 a gagné 5 xp !' | 
20:59:46 | Info | 'motisma a été murlocké avec succès' | 
21:06:56 | Info | 'louisnemo a été murlocké avec succès' | 
23:26:44 | Info | 'celekyuto a été murlocké avec succès' | 
