01:54:53 | Info | 'motisma a gagné 10 xp !' | 
16:25:00 | Info | 'motisma a été murlocké avec succès' | 
17:51:18 | Info | '[TIMER] Départ du chrono pour kkdours' | 
17:51:19 | Info | 'kkdours a été murlocké avec succès' | 
17:52:07 | Info | '[TIMER] Départ du chrono pour motisma' | 
18:11:35 | Info | '[TIMER] Départ du chrono pour celekyuto' | 
18:11:36 | Info | 'celekyuto a été murlocké avec succès' | 
19:05:08 | Info | 'La commande preview a été exécutée par xeit0w' | 
19:06:46 | Info | 'La commande setsound a été exécutée par xeit0w' | 
19:06:56 | Info | 'Fichier téléchargé et découpé avec succès ! sounds/xeit0w.mp3' | 
19:08:19 | Info | 'La commande preview a été exécutée par xeit0w' | 
19:37:08 | Info | 'kkdours a gagné 17 xp !' | 
19:37:57 | Info | 'celekyuto a gagné 14 xp !' | 
19:38:09 | Info | '[TIMER] Le chrono est en pause pour motisma' | 
21:06:46 | Info | '[TIMER] Départ du chrono pour louisnemo' | 
21:06:47 | Info | 'louisnemo a été murlocké avec succès' | 
21:07:10 | Info | '[TIMER] Le chrono reprend pour motisma' | 
21:08:44 | Info | '[TIMER] Départ du chrono pour xeit0w' | 
21:08:45 | Info | 'xeit0w a été murlocké avec succès' | 
21:09:52 | Info | '[TIMER] Départ du chrono pour kkdours' | 
21:09:53 | Info | 'kkdours a été murlocké avec succès' | 
21:18:28 | Info | '[TIMER] Départ du chrono pour celekyuto' | 
21:18:29 | Info | 'celekyuto a été murlocké avec succès' | 
21:23:28 | Info | '[TIMER] Départ du chrono pour xenix13' | 
21:23:29 | Info | 'xenix13 a été murlocké avec succès' | 
21:58:18 | Info | 'xenix13 a gagné 5 xp !' | 
22:46:12 | Info | 'celekyuto a gagné 14 xp !' | 
23:13:08 | Info | '[TIMER] Départ du chrono pour elfamosoboufi' | 
23:13:09 | Info | 'elfamosoboufi a été murlocké avec succès' | 
23:16:53 | Info | 'louisnemo a gagné 21 xp !' | 
