00:03:49 | Info | 'd_aberggine a gagné 1 xp !' | 
00:03:50 | Info | '[TIMER] Départ du chrono pour d_aberggine' | 
00:03:51 | Info | 'd_aberggine a été murlocké avec succès' | 
00:40:08 | Info | 'd_aberggine a gagné 6 xp !' | 
02:47:07 | Info | 'motisma a gagné 47 xp !' | 
02:48:23 | Info | '[TIMER] Départ du chrono pour motisma' | 
02:48:24 | Info | 'motisma a été murlocké avec succès' | 
03:17:33 | Info | 'motisma a gagné 4 xp !' | 
03:17:34 | Info | '[TIMER] Départ du chrono pour motisma' | 
03:17:35 | Info | 'motisma a été murlocké avec succès' | 
03:29:17 | Info | 'motisma a gagné 1 xp !' | 
03:29:20 | Info | 'kkdours a gagné 54 xp !' | 
03:29:53 | Info | '[TIMER] Le chrono est en pause pour cumplex' | 
03:31:30 | Info | 'cumplex a gagné 54 xp !' | 
03:31:30 | Info | '%s est passé niveau 10 !' | 
14:55:42 | Info | 'cumplex a été murlocké avec succès' | 
14:55:47 | Info | '[TIMER] Départ du chrono pour kkdours' | 
14:55:48 | Info | 'kkdours a été murlocké avec succès' | 
14:55:59 | Info | '[TIMER] Départ du chrono pour cumplex' | 
14:59:30 | Info | '[TIMER] Départ du chrono pour motisma' | 
14:59:31 | Info | 'motisma a été murlocké avec succès' | 
17:46:48 | Info | 'motisma a gagné 27 xp !' | 
18:39:44 | Info | '[TIMER] Départ du chrono pour motisma' | 
18:39:45 | Info | 'motisma a été murlocké avec succès' | 
20:09:51 | Info | 'kkdours a gagné 52 xp !' | 
20:12:18 | Info | 'cumplex a gagné 52 xp !' | 
20:13:02 | Info | '[TIMER] Le chrono est en pause pour motisma' | 
20:45:21 | Info | 'motisma a gagné 15 xp !' | 
