00:21:46 | Info | 'louisnemo a gagné 29 xp !' | 
01:52:36 | Info | 'celekyuto a gagné 43 xp !' | 
01:53:01 | Info | '[TIMER] Le chrono est en pause pour motisma' | 
02:20:36 | Info | 'motisma a gagné 41 xp !' | 
16:41:51 | Info | 'celekyuto a été murlocké avec succès' | 
16:49:49 | Info | '[TIMER] Départ du chrono pour louisnemo' | 
16:49:50 | Info | 'louisnemo a été murlocké avec succès' | 
16:50:16 | Info | '[TIMER] Départ du chrono pour celekyuto' | 
16:58:16 | Info | '[TIMER] Départ du chrono pour wizzard08' | 
16:58:17 | Info | 'wizzard08 a été murlocké avec succès' | 
17:38:33 | Info | 'wizzard08 a gagné 6 xp !' | 
17:38:33 | Info | '%s est passé niveau 6 !' | 
18:21:18 | Info | '[TIMER] Départ du chrono pour wizzard08' | 
18:21:19 | Info | 'wizzard08 a été murlocké avec succès' | 
18:43:03 | Info | 'louisnemo a gagné 18 xp !' | 
19:01:07 | Info | '[TIMER] Départ du chrono pour frenzop' | 
19:01:08 | Info | 'frenzop a été murlocké avec succès' | 
19:01:55 | Info | 'wizzard08 a gagné 6 xp !' | 
19:02:18 | Info | '[TIMER] Le chrono est en pause pour celekyuto' | 
19:03:18 | Info | 'celekyuto a gagné 22 xp !' | 
