00:57:44 | Info | 'Alartic#4028 a gagné 31 xp !' | 
00:57:44 | Info | '%s est passé niveau 5 !' | 
01:57:42 | Info | 'motisma a gagné 47 xp !' | 
02:16:15 | Info | 'kkdours a gagné 89 xp !' | 
02:16:17 | Info | '[TIMER] Le chrono est en pause pour celekyuto' | 
02:16:18 | Info | 'celekyuto a gagné 56 xp !' | 
02:16:18 | Info | '%s est passé niveau 13 !' | 
12:50:30 | Info | 'louisnemo a été murlocké avec succès' | 
13:23:16 | Info | '[TIMER] Départ du chrono pour celekyuto' | 
13:23:17 | Info | 'celekyuto a été murlocké avec succès' | 
13:23:28 | Info | '[TIMER] Départ du chrono pour louisnemo' | 
13:45:06 | Info | 'louisnemo a gagné 3 xp !' | 
13:45:28 | Info | '[TIMER] Le chrono est en pause pour celekyuto' | 
14:19:35 | Info | '[TIMER] Départ du chrono pour motisma' | 
14:19:36 | Info | 'motisma a été murlocké avec succès' | 
14:20:29 | Info | '[TIMER] Le chrono reprend pour celekyuto' | 
14:39:21 | Info | '[TIMER] Départ du chrono pour louisnemo' | 
14:39:22 | Info | 'louisnemo a été murlocké avec succès' | 
14:43:30 | Info | 'motisma a gagné 3 xp !' | 
14:44:58 | Info | '[TIMER] Départ du chrono pour kkdours' | 
14:44:59 | Info | 'kkdours a été murlocké avec succès' | 
14:47:46 | Info | '[TIMER] Départ du chrono pour motisma' | 
14:47:47 | Info | 'motisma a été murlocké avec succès' | 
15:02:18 | Info | '[TIMER] Départ du chrono pour motisma' | 
15:02:19 | Info | 'motisma a été murlocké avec succès' | 
16:06:21 | Info | 'celekyuto a gagné 21 xp !' | 
17:52:06 | Info | '[TIMER] Départ du chrono pour xeit0w' | 
17:52:07 | Info | 'xeit0w a été murlocké avec succès' | 
18:17:51 | Info | 'motisma a gagné 32 xp !' | 
18:46:42 | Info | 'xeit0w a gagné 9 xp !' | 
18:50:21 | Info | 'kkdours a gagné 40 xp !' | 
18:50:33 | Info | '[TIMER] Le chrono est en pause pour louisnemo' | 
18:56:33 | Info | 'louisnemo a gagné 41 xp !' | 
20:56:12 | Info | 'celekyuto a été murlocké avec succès' | 
20:56:57 | Info | '[TIMER] Départ du chrono pour wizzard08' | 
20:56:58 | Info | 'wizzard08 a été murlocké avec succès' | 
20:57:35 | Info | '[TIMER] Départ du chrono pour celekyuto' | 
21:19:49 | Info | '[TIMER] Départ du chrono pour louisnemo' | 
21:19:50 | Info | 'louisnemo a été murlocké avec succès' | 
21:26:21 | Info | '[TIMER] Départ du chrono pour xeit0w' | 
21:26:22 | Info | 'xeit0w a été murlocké avec succès' | 
21:37:51 | Info | '[TIMER] Départ du chrono pour d_aberggine' | 
21:37:52 | Info | 'd_aberggine a été murlocké avec succès' | 
22:20:18 | Info | 'wizzard08 a gagné 13 xp !' | 
22:53:56 | Info | 'celekyuto a gagné 19 xp !' | 
22:54:03 | Info | 'La commande leaderboard a été exécutée par celekyuto' | 
23:14:11 | Info | '[TIMER] Départ du chrono pour motisma' | 
23:14:12 | Info | 'motisma a été murlocké avec succès' | 
23:26:05 | Info | 'd_aberggine a gagné 18 xp !' | 
