13:47:09 | Info | 'motisma a été murlocké avec succès' | 
14:31:10 | Info | '[TIMER] Départ du chrono pour celekyuto' | 
14:31:10 | Info | 'celekyuto a été murlocké avec succès' | 
14:31:45 | Info | '[TIMER] Départ du chrono pour motisma' | 
15:27:22 | Info | 'celekyuto a gagné 9 xp !' | 
15:27:46 | Info | '[TIMER] Le chrono est en pause pour motisma' | 
15:40:58 | Info | 'motisma a gagné 9 xp !' | 
18:09:04 | Info | 'kkdours a été murlocké avec succès' | 
18:09:18 | Info | '[TIMER] Départ du chrono pour motisma' | 
18:09:19 | Info | 'motisma a été murlocké avec succès' | 
18:09:47 | Info | '[TIMER] Départ du chrono pour kkdours' | 
18:10:02 | Info | '[TIMER] Départ du chrono pour celekyuto' | 
18:10:03 | Info | 'celekyuto a été murlocké avec succès' | 
18:11:56 | Info | '[TIMER] Départ du chrono pour xenix13' | 
18:11:57 | Info | 'xenix13 a été murlocké avec succès' | 
18:12:56 | Info | '[TIMER] Départ du chrono pour cumplex' | 
18:12:57 | Info | 'cumplex a été murlocké avec succès' | 
18:13:45 | Info | 'myoka a été murlocké avec succès' | 
20:35:08 | Info | 'motisma a été murlocké avec succès' | 
20:39:38 | Info | '[TIMER] Départ du chrono pour d_aberggine' | 
20:39:39 | Info | 'd_aberggine a été murlocké avec succès' | 
20:39:50 | Info | '[TIMER] Départ du chrono pour motisma' | 
20:48:48 | Info | '[TIMER] Départ du chrono pour louisnemo' | 
20:48:49 | Info | 'louisnemo a été murlocké avec succès' | 
20:53:40 | Info | '[TIMER] Départ du chrono pour louisnemo' | 
20:53:41 | Info | 'louisnemo a été murlocké avec succès' | 
20:57:32 | Info | '[TIMER] Départ du chrono pour cumplex' | 
20:57:33 | Info | 'cumplex a été murlocké avec succès' | 
20:57:35 | Info | 'zoppyks a été murlocké avec succès' | 
20:57:50 | Info | '[TIMER] Départ du chrono pour zoppyks' | 
21:29:51 | Info | '[TIMER] Départ du chrono pour kkdours' | 
21:29:52 | Info | 'kkdours a été murlocké avec succès' | 
22:06:15 | Info | 'd_aberggine a gagné 14 xp !' | 
22:07:37 | Info | '[TIMER] Départ du chrono pour d_aberggine' | 
22:07:38 | Info | 'd_aberggine a été murlocké avec succès' | 
22:20:53 | Info | 'd_aberggine a gagné 2 xp !' | 
22:39:26 | Info | 'louisnemo a gagné 17 xp !' | 
