00:34:34 | Info | 'louisnemo a gagné 35 xp !' | 
00:40:47 | Info | 'Les roles de undefined ont été changés avec succés' | 
00:53:09 | Error | 'Erreur lors du murlock de kkdours' | 
00:53:22 | Info | '[TIMER] Le chrono est en pause pour kkdours' | 
01:29:28 | Info | '[TIMER] Départ du chrono pour motisma' | 
01:29:29 | Info | 'motisma a été murlocké avec succès' | 
01:29:31 | Info | '[TIMER] Départ du chrono pour cumplex' | 
01:29:31 | Info | 'cumplex a été murlocké avec succès' | 
01:30:23 | Info | '[TIMER] Le chrono reprend pour kkdours' | 
02:17:44 | Info | 'cumplex a gagné 8 xp !' | 
02:17:54 | Info | 'motisma a gagné 8 xp !' | 
02:18:04 | Info | '[TIMER] Départ du chrono pour motisma' | 
02:18:05 | Info | 'motisma a été murlocké avec succès' | 
02:18:05 | Info | '[TIMER] Départ du chrono pour cumplex' | 
02:18:06 | Info | 'cumplex a été murlocké avec succès' | 
02:46:18 | Info | 'motisma a gagné 4 xp !' | 
03:06:27 | Info | 'cumplex a gagné 8 xp !' | 
03:07:24 | Info | '[TIMER] Le chrono est en pause pour kkdours' | 
03:55:18 | Info | 'kkdours a gagné 58 xp !' | 
13:35:39 | Info | 'louisnemo a été murlocké avec succès' | 
13:36:42 | Info | '[TIMER] Départ du chrono pour kkdours' | 
13:36:43 | Info | 'kkdours a été murlocké avec succès' | 
13:37:35 | Info | '[TIMER] Départ du chrono pour louisnemo' | 
15:06:59 | Info | '[TIMER] Départ du chrono pour motisma' | 
15:07:00 | Info | 'motisma a été murlocké avec succès' | 
15:39:39 | Info | '[TIMER] Départ du chrono pour celekyuto' | 
15:39:40 | Info | 'celekyuto a été murlocké avec succès' | 
15:44:58 | Info | '[TIMER] Départ du chrono pour cumplex' | 
15:44:59 | Info | 'cumplex a été murlocké avec succès' | 
15:50:10 | Info | 'celekyuto a gagné 1 xp !' | 
15:53:50 | Info | 'louisnemo a gagné 22 xp !' | 
18:22:30 | Info | 'motisma a gagné 32 xp !' | 
18:22:36 | Info | 'kkdours a gagné 47 xp !' | 
18:22:40 | Info | '[TIMER] Le chrono est en pause pour cumplex' | 
18:22:42 | Info | 'cumplex a gagné 26 xp !' | 
20:39:31 | Info | 'louisnemo a été murlocké avec succès' | 
23:30:14 | Info | 'd_aberggine a été murlocké avec succès' | 
23:38:31 | Info | '[TIMER] Départ du chrono pour kkdours' | 
23:38:32 | Info | 'kkdours a été murlocké avec succès' | 
23:38:46 | Info | '[TIMER] Départ du chrono pour d_aberggine' | 
23:42:46 | Info | '[TIMER] Départ du chrono pour cumplex' | 
23:42:47 | Info | 'cumplex a été murlocké avec succès' | 
