00:11:33 | Info | 'xeit0w a gagné 19 xp !' | 
00:12:32 | Info | 'motisma a gagné 37 xp !' | 
18:42:30 | Info | 'motisma a été murlocké avec succès' | 
20:13:46 | Error | 'Erreur lors du murlock de xeit0w' | 
20:15:41 | Info | 'xeit0w a gagné 0 xp !' | 
20:25:05 | Info | 'xeit0w a été murlocké avec succès' | 
20:25:18 | Info | 'xeit0w a été murlocké avec succès' | 
20:25:49 | Info | 'xeit0w a été murlocké avec succès' | 
20:26:24 | Info | 'xeit0w a été murlocké avec succès' | 
20:26:58 | Error | 'Erreur lors du murlock de xeit0w' | 
20:27:15 | Info | 'xeit0w a été murlocké avec succès' | 
20:27:19 | Error | 'Erreur lors du murlock de xeit0w' | 
20:27:38 | Info | 'xeit0w a été murlocké avec succès' | 
20:27:53 | Info | 'xeit0w a été murlocké avec succès' | 
20:28:03 | Error | 'Erreur lors du murlock de xeit0w' | 
20:28:27 | Error | 'Erreur lors du murlock de xeit0w' | 
20:29:42 | Info | 'xeit0w a gagné 0 xp !' | 
20:31:15 | Info | 'xeit0w a été murlocké avec succès' | 
20:31:55 | Info | 'xeit0w a été murlocké avec succès' | 
20:32:00 | Info | 'La commande leaderboard a été exécutée par xeit0w' | 
21:29:23 | Info | 'celekyuto a été murlocké avec succès' | 
22:00:51 | Error | 'Erreur lors du murlock de xeit0w' | 
22:05:44 | Info | 'La commande leaderboard a été exécutée par xeit0w' | 
22:21:09 | Info | '' | 
22:21:09 | Info | '[0/3] Initialisation du bot' | 
22:21:09 | Info | '[1/3] Chargement des commandes ' | 
22:21:09 | Info | '[CMD] Commande clear chargée avec succès' | 
22:21:09 | Info | '[CMD] Commande help chargée avec succès' | 
22:21:09 | Info | '[CMD] Commande spawnroles chargée avec succès' | 
22:21:09 | Info | '[CMD] Commande ping chargée avec succès' | 
22:21:09 | Info | '[CMD] Commande leaderboard chargée avec succès' | 
22:21:09 | Info | '[CMD] Commande preview chargée avec succès' | 
22:21:09 | Info | '[CMD] Commande reset chargée avec succès' | 
22:21:09 | Info | '[CMD] Commande setsound chargée avec succès' | 
22:21:09 | Info | '[CMD] Commande stats chargée avec succès' | 
22:21:09 | Info | '[CMD] Chargement des commandes terminé' | 
22:21:09 | Info | '[2/3] Chargement des Events' | 
22:21:09 | Info | '[EVT] Event interactionCreate chargé avec succès' | 
22:21:09 | Info | '[EVT] Event interactionCreate chargé avec succès' | 
22:21:09 | Info | '[EVT] Event voiceStateUpdate chargé avec succès' | 
22:21:10 | Info | '[DB] Chargement de la base de donnée' | 
22:21:10 | Info | '[EVT] Event ready chargé avec succès' | 
22:21:10 | Info | '[EVT] Event interactionCreate chargé avec succès' | 
22:21:10 | Info | '[EVT] Event voiceStateUpdate chargé avec succès' | 
22:21:10 | Info | '[EVT] Chargement des events terminé' | 
22:21:11 | Info | '[DB] Base de donnée chargée avec succès' | 
22:21:11 | Info | '[3/3] Connecté en tant que Murloc#7410' | 
23:17:12 | Info | '' | 
23:17:12 | Info | '[0/3] Initialisation du bot' | 
23:17:12 | Info | '[1/3] Chargement des commandes ' | 
23:17:12 | Info | '[CMD] Commande clear chargée avec succès' | 
23:17:12 | Info | '[CMD] Commande help chargée avec succès' | 
23:17:12 | Info | '[CMD] Commande spawnroles chargée avec succès' | 
23:17:12 | Info | '[CMD] Commande ping chargée avec succès' | 
23:17:12 | Info | '[CMD] Commande leaderboard chargée avec succès' | 
23:17:12 | Info | '[CMD] Commande preview chargée avec succès' | 
23:17:12 | Info | '[CMD] Commande reset chargée avec succès' | 
23:17:12 | Info | '[CMD] Commande setsound chargée avec succès' | 
23:17:12 | Info | '[CMD] Commande stats chargée avec succès' | 
23:17:12 | Info | '[CMD] Chargement des commandes terminé' | 
23:17:12 | Info | '[2/3] Chargement des Events' | 
23:17:12 | Info | '[EVT] Event interactionCreate chargé avec succès' | 
23:17:12 | Info | '[EVT] Event interactionCreate chargé avec succès' | 
23:17:12 | Info | '[EVT] Event voiceStateUpdate chargé avec succès' | 
23:17:12 | Info | '[DB] Chargement de la base de donnée' | 
23:17:12 | Info | '[EVT] Event ready chargé avec succès' | 
23:17:12 | Info | '[EVT] Event interactionCreate chargé avec succès' | 
23:17:12 | Info | '[EVT] Event voiceStateUpdate chargé avec succès' | 
23:17:12 | Info | '[EVT] Chargement des events terminé' | 
23:17:13 | Info | '[DB] Base de donnée chargée avec succès' | 
23:17:14 | Info | '[3/3] Connecté en tant que Murloc#7410' | 
23:18:58 | Info | '' | 
23:18:58 | Info | '[0/3] Initialisation du bot' | 
23:18:58 | Info | '[1/3] Chargement des commandes ' | 
23:18:58 | Info | '[CMD] Commande clear chargée avec succès' | 
23:18:58 | Info | '[CMD] Commande help chargée avec succès' | 
23:18:58 | Info | '[CMD] Commande spawnroles chargée avec succès' | 
23:18:58 | Info | '[CMD] Commande ping chargée avec succès' | 
23:18:58 | Info | '[CMD] Commande leaderboard chargée avec succès' | 
23:18:58 | Info | '[CMD] Commande preview chargée avec succès' | 
23:18:58 | Info | '[CMD] Commande reset chargée avec succès' | 
23:18:58 | Info | '[CMD] Commande setsound chargée avec succès' | 
23:18:58 | Info | '[CMD] Commande stats chargée avec succès' | 
23:18:58 | Info | '[CMD] Chargement des commandes terminé' | 
23:18:58 | Info | '[2/3] Chargement des Events' | 
23:18:58 | Info | '[EVT] Event interactionCreate chargé avec succès' | 
23:18:58 | Info | '[EVT] Event interactionCreate chargé avec succès' | 
23:18:58 | Info | '[EVT] Event voiceStateUpdate chargé avec succès' | 
23:18:58 | Info | '[DB] Chargement de la base de donnée' | 
23:18:58 | Info | '[EVT] Event ready chargé avec succès' | 
23:18:58 | Info | '[EVT] Event interactionCreate chargé avec succès' | 
23:18:58 | Info | '[EVT] Event voiceStateUpdate chargé avec succès' | 
23:18:58 | Info | '[EVT] Chargement des events terminé' | 
23:18:59 | Info | '[DB] Base de donnée chargée avec succès' | 
23:18:59 | Info | '[3/3] Connecté en tant que Murloc#7410' | 
23:19:47 | Info | '' | 
23:19:47 | Info | '[0/3] Initialisation du bot' | 
23:19:47 | Info | '[1/3] Chargement des commandes ' | 
23:19:47 | Info | '[CMD] Commande clear chargée avec succès' | 
23:19:47 | Info | '[CMD] Commande help chargée avec succès' | 
23:19:47 | Info | '[CMD] Commande spawnroles chargée avec succès' | 
23:19:47 | Info | '[CMD] Commande ping chargée avec succès' | 
23:19:47 | Info | '[CMD] Commande leaderboard chargée avec succès' | 
23:19:47 | Info | '[CMD] Commande preview chargée avec succès' | 
23:19:47 | Info | '[CMD] Commande reset chargée avec succès' | 
23:19:47 | Info | '[CMD] Commande setsound chargée avec succès' | 
23:19:47 | Info | '[CMD] Commande stats chargée avec succès' | 
23:19:47 | Info | '[CMD] Chargement des commandes terminé' | 
23:19:47 | Info | '[2/3] Chargement des Events' | 
23:19:47 | Info | '[EVT] Event interactionCreate chargé avec succès' | 
23:19:47 | Info | '[EVT] Event interactionCreate chargé avec succès' | 
23:19:47 | Info | '[EVT] Event voiceStateUpdate chargé avec succès' | 
23:19:47 | Info | '[DB] Chargement de la base de donnée' | 
23:19:48 | Info | '[EVT] Event ready chargé avec succès' | 
23:19:48 | Info | '[EVT] Event interactionCreate chargé avec succès' | 
23:19:48 | Info | '[EVT] Event voiceStateUpdate chargé avec succès' | 
23:19:48 | Info | '[EVT] Chargement des events terminé' | 
23:19:48 | Info | '[DB] Base de donnée chargée avec succès' | 
23:19:49 | Info | '[3/3] Connecté en tant que Murloc#7410' | 
23:21:10 | Info | '' | 
23:21:10 | Info | '[0/3] Initialisation du bot' | 
23:21:11 | Info | '[1/3] Chargement des commandes ' | 
23:21:11 | Info | '[CMD] Commande clear chargée avec succès' | 
23:21:11 | Info | '[CMD] Commande help chargée avec succès' | 
23:21:11 | Info | '[CMD] Commande spawnroles chargée avec succès' | 
23:21:11 | Info | '[CMD] Commande ping chargée avec succès' | 
23:21:11 | Info | '[CMD] Commande leaderboard chargée avec succès' | 
23:21:11 | Info | '[CMD] Commande preview chargée avec succès' | 
23:21:11 | Info | '[CMD] Commande reset chargée avec succès' | 
23:21:11 | Info | '[CMD] Commande setsound chargée avec succès' | 
23:21:11 | Info | '[CMD] Commande stats chargée avec succès' | 
23:21:11 | Info | '[CMD] Chargement des commandes terminé' | 
23:21:11 | Info | '[2/3] Chargement des Events' | 
23:21:11 | Info | '[EVT] Event interactionCreate chargé avec succès' | 
23:21:11 | Info | '[EVT] Event interactionCreate chargé avec succès' | 
23:21:11 | Info | '[EVT] Event voiceStateUpdate chargé avec succès' | 
23:21:11 | Info | '[DB] Chargement de la base de donnée' | 
23:21:11 | Info | '[EVT] Event ready chargé avec succès' | 
23:21:11 | Info | '[EVT] Event interactionCreate chargé avec succès' | 
23:21:11 | Info | '[EVT] Event voiceStateUpdate chargé avec succès' | 
23:21:11 | Info | '[EVT] Chargement des events terminé' | 
23:21:12 | Info | '[DB] Base de donnée chargée avec succès' | 
23:21:12 | Info | '[3/3] Connecté en tant que Murloc#7410' | 
23:30:35 | Info | '' | 
23:30:35 | Info | '[0/3] Initialisation du bot' | 
23:30:35 | Info | '[1/3] Chargement des commandes ' | 
23:30:35 | Info | '[CMD] Commande clear chargée avec succès' | 
23:30:35 | Info | '[CMD] Commande help chargée avec succès' | 
23:30:35 | Info | '[CMD] Commande spawnroles chargée avec succès' | 
23:30:35 | Info | '[CMD] Commande ping chargée avec succès' | 
23:30:35 | Info | '[CMD] Commande leaderboard chargée avec succès' | 
23:30:35 | Info | '[CMD] Commande preview chargée avec succès' | 
23:30:35 | Info | '[CMD] Commande reset chargée avec succès' | 
23:30:35 | Info | '[CMD] Commande setsound chargée avec succès' | 
23:30:35 | Info | '[CMD] Commande stats chargée avec succès' | 
23:30:35 | Info | '[CMD] Chargement des commandes terminé' | 
23:30:35 | Info | '[2/3] Chargement des Events' | 
23:30:35 | Info | '[EVT] Event interactionCreate chargé avec succès' | 
23:30:35 | Info | '[EVT] Event interactionCreate chargé avec succès' | 
23:30:35 | Info | '[EVT] Event voiceStateUpdate chargé avec succès' | 
23:30:35 | Info | '[DB] Chargement de la base de donnée' | 
23:30:35 | Info | '[EVT] Event ready chargé avec succès' | 
23:30:35 | Info | '[EVT] Event interactionCreate chargé avec succès' | 
23:30:35 | Info | '[EVT] Event voiceStateUpdate chargé avec succès' | 
23:30:35 | Info | '[EVT] Chargement des events terminé' | 
23:30:36 | Info | '[DB] Base de donnée chargée avec succès' | 
23:30:36 | Info | '[3/3] Connecté en tant que Murloc#7410' | 
