15:03:48 | Info | 'kkdours a été murlocké avec succès' | 
15:39:28 | Info | '[TIMER] Départ du chrono pour cumplex' | 
15:39:29 | Info | 'cumplex a été murlocké avec succès' | 
15:39:49 | Info | '[TIMER] Départ du chrono pour kkdours' | 
15:41:49 | Info | '[TIMER] Le chrono est en pause pour kkdours' | 
15:45:33 | Info | '[TIMER] Départ du chrono pour cumplex' | 
15:45:34 | Info | 'cumplex a été murlocké avec succès' | 
15:45:49 | Info | '[TIMER] Le chrono reprend pour kkdours' | 
17:37:52 | Info | '[TIMER] Départ du chrono pour xeit0w' | 
17:37:53 | Info | 'xeit0w a été murlocké avec succès' | 
17:40:09 | Info | '[TIMER] Départ du chrono pour celekyuto' | 
17:40:10 | Info | 'celekyuto a été murlocké avec succès' | 
18:12:23 | Info | 'kkdours a gagné 24 xp !' | 
18:16:55 | Info | 'cumplex a gagné 25 xp !' | 
18:50:56 | Info | '[TIMER] Départ du chrono pour xenix13' | 
18:50:57 | Info | 'xenix13 a été murlocké avec succès' | 
21:06:37 | Info | 'xenix13 a gagné 22 xp !' | 
21:06:37 | Info | '%s est passé niveau 8 !' | 
21:06:38 | Info | 'xeit0w a gagné 34 xp !' | 
21:06:54 | Info | '[TIMER] Le chrono est en pause pour celekyuto' | 
21:19:56 | Info | '[TIMER] Départ du chrono pour kkdours' | 
21:19:57 | Info | 'kkdours a été murlocké avec succès' | 
21:20:54 | Info | '[TIMER] Le chrono reprend pour celekyuto' | 
21:23:54 | Info | '[TIMER] Le chrono est en pause pour celekyuto' | 
22:11:29 | Info | '[TIMER] Départ du chrono pour kkdours' | 
22:11:30 | Info | 'kkdours a été murlocké avec succès' | 
22:11:55 | Info | '[TIMER] Le chrono reprend pour celekyuto' | 
23:33:52 | Info | 'kkdours a gagné 13 xp !' | 
23:33:57 | Info | '[TIMER] Le chrono est en pause pour celekyuto' | 
