00:31:07 | Info | '[TIMER] Départ du chrono pour motisma' | 
00:31:07 | Info | 'motisma a été murlocké avec succès' | 
01:03:23 | Info | '[TIMER] Départ du chrono pour wizzard08' | 
01:03:24 | Info | 'wizzard08 a été murlocké avec succès' | 
01:24:11 | Info | 'motisma a gagné 8 xp !' | 
01:43:37 | Info | 'celekyuto a gagné 17 xp !' | 
01:43:38 | Info | 'louisnemo a gagné 17 xp !' | 
01:43:43 | Info | 'wizzard08 a gagné 6 xp !' | 
15:54:08 | Info | 'celekyuto a été murlocké avec succès' | 
15:58:05 | Info | '[TIMER] Départ du chrono pour motisma' | 
15:58:06 | Info | 'motisma a été murlocké avec succès' | 
15:58:35 | Info | '[TIMER] Départ du chrono pour celekyuto' | 
17:11:00 | Info | '[TIMER] Départ du chrono pour kkdours' | 
17:11:02 | Info | 'kkdours a été murlocké avec succès' | 
17:15:03 | Info | '[TIMER] Départ du chrono pour xenix13' | 
17:15:04 | Info | 'xenix13 a été murlocké avec succès' | 
17:38:32 | Info | '[TIMER] Départ du chrono pour louisnemo' | 
17:38:33 | Info | 'louisnemo a été murlocké avec succès' | 
18:07:56 | Info | '[TIMER] Départ du chrono pour cumplex' | 
18:07:57 | Info | 'cumplex a été murlocké avec succès' | 
18:09:09 | Info | 'celekyuto a gagné 21 xp !' | 
18:09:12 | Info | '[TIMER] Départ du chrono pour celekyuto' | 
18:09:13 | Info | 'xenix13 a gagné 9 xp !' | 
18:09:13 | Info | 'celekyuto a été murlocké avec succès' | 
18:25:51 | Info | 'dieu8956 a été murlocké avec succès' | 
18:26:38 | Info | '[TIMER] Départ du chrono pour dieu8956' | 
18:32:25 | Info | 'cumplex a gagné 4 xp !' | 
18:32:32 | Info | 'louisnemo a gagné 8 xp !' | 
18:33:17 | Info | '[TIMER] Départ du chrono pour cumplex' | 
18:33:18 | Info | 'cumplex a été murlocké avec succès' | 
19:38:51 | Info | 'kkdours a gagné 24 xp !' | 
20:00:36 | Info | 'motisma a gagné 40 xp !' | 
20:00:49 | Info | 'cumplex a gagné 14 xp !' | 
20:01:39 | Info | '[TIMER] Le chrono est en pause pour dieu8956' | 
20:45:45 | Info | 'celekyuto a été murlocké avec succès' | 
20:50:06 | Info | '[TIMER] Départ du chrono pour motisma' | 
20:50:07 | Info | 'motisma a été murlocké avec succès' | 
20:50:14 | Info | '[TIMER] Départ du chrono pour d_aberggine' | 
20:50:15 | Info | 'd_aberggine a été murlocké avec succès' | 
20:50:40 | Info | '[TIMER] Départ du chrono pour celekyuto' | 
21:13:50 | Info | '[TIMER] Départ du chrono pour louisnemo' | 
21:13:51 | Info | 'louisnemo a été murlocké avec succès' | 
22:37:31 | Info | 'd_aberggine a gagné 17 xp !' | 
23:13:22 | Info | '[TIMER] Départ du chrono pour hysou' | 
23:13:23 | Info | 'hysou a été murlocké avec succès' | 
