00:41:36 | Info | 'xeit0w a gagné 24 xp !' | 
01:00:38 | Info | 'cumplex a gagné 19 xp !' | 
01:01:18 | Info | '[TIMER] Le chrono est en pause pour motisma' | 
01:14:46 | Info | 'motisma a gagné 41 xp !' | 
21:26:29 | Info | 'kkdours a été murlocké avec succès' | 
22:00:25 | Info | '[TIMER] Départ du chrono pour motisma' | 
22:00:26 | Info | 'motisma a été murlocké avec succès' | 
22:00:35 | Info | '[TIMER] Départ du chrono pour kkdours' | 
22:06:37 | Info | '[TIMER] Départ du chrono pour xeit0w' | 
22:06:38 | Info | 'xeit0w a été murlocké avec succès' | 
22:19:22 | Info | '[TIMER] Départ du chrono pour cumplex' | 
22:19:23 | Info | 'cumplex a été murlocké avec succès' | 
22:29:04 | Info | '[TIMER] Départ du chrono pour d_aberggine' | 
22:29:05 | Info | 'd_aberggine a été murlocké avec succès' | 
22:43:09 | Info | 'd_aberggine a gagné 2 xp !' | 
23:01:15 | Info | '[TIMER] Départ du chrono pour celekyuto' | 
23:01:16 | Info | 'celekyuto a été murlocké avec succès' | 
23:43:48 | Info | 'kkdours a gagné 17 xp !' | 
23:44:57 | Info | 'celekyuto a gagné 7 xp !' | 
23:44:58 | Info | '[TIMER] Départ du chrono pour celekyuto' | 
23:44:59 | Info | 'celekyuto a été murlocké avec succès' | 
23:47:07 | Info | 'motisma a gagné 17 xp !' | 
23:48:00 | Info | 'cumplex a gagné 14 xp !' | 
23:48:04 | Info | 'xeit0w a gagné 16 xp !' | 
23:48:04 | Info | '%s est passé niveau 12 !' | 
23:48:35 | Info | '[TIMER] Le chrono est en pause pour celekyuto' | 
