02:12:46 | Info | 'Les roles de undefined ont été changés avec succés' | 
02:13:07 | Info | 'Les roles de undefined ont été changés avec succés' | 
02:13:18 | Info | 'Les roles de undefined ont été changés avec succés' | 
17:44:12 | Info | 'motisma a été murlocké avec succès' | 
17:44:19 | Info | '[TIMER] Départ du chrono pour d_aberggine' | 
17:44:20 | Info | 'd_aberggine a été murlocké avec succès' | 
17:45:09 | Info | '[TIMER] Départ du chrono pour motisma' | 
17:52:49 | Info | '[TIMER] Départ du chrono pour cumplex' | 
17:52:50 | Info | 'cumplex a été murlocké avec succès' | 
18:00:27 | Info | 'cumplex a gagné 1 xp !' | 
18:46:06 | Info | 'motisma a gagné 10 xp !' | 
18:46:09 | Info | 'd_aberggine a gagné 10 xp !' | 
20:36:47 | Info | 'motisma a été murlocké avec succès' | 
21:56:02 | Info | '[TIMER] Départ du chrono pour celekyuto' | 
21:56:03 | Info | 'celekyuto a été murlocké avec succès' | 
21:56:14 | Info | '[TIMER] Départ du chrono pour motisma' | 
21:58:04 | Info | '[TIMER] Départ du chrono pour louisnemo' | 
21:58:05 | Info | 'louisnemo a été murlocké avec succès' | 
21:58:26 | Info | '[TIMER] Départ du chrono pour louisnemo' | 
21:58:27 | Info | 'louisnemo a été murlocké avec succès' | 
22:24:04 | Info | 'celekyuto a gagné 4 xp !' | 
