00:15:51 | Info | '[TIMER] Départ du chrono pour xeit0w' | 
00:15:52 | Info | 'xeit0w a été murlocké avec succès' | 
01:15:32 | Info | 'La commande leaderboard a été exécutée par xeit0w' | 
01:15:48 | Info | 'motisma a gagné 43 xp !' | 
01:15:50 | Info | '[TIMER] Départ du chrono pour motisma' | 
01:15:51 | Info | 'motisma a été murlocké avec succès' | 
02:00:49 | Info | 'cumplex a gagné 48 xp !' | 
02:00:51 | Info | '[TIMER] Départ du chrono pour cumplex' | 
02:00:52 | Info | 'cumplex a été murlocké avec succès' | 
02:11:15 | Info | 'La commande leaderboard a été exécutée par cumplex' | 
02:11:44 | Info | 'La commande stats a été exécutée par xeit0w' | 
02:12:19 | Info | 'kkdours a gagné 55 xp !' | 
02:12:20 | Info | 'cumplex a gagné 1 xp !' | 
02:12:23 | Info | 'xeit0w a gagné 19 xp !' | 
13:55:09 | Info | 'motisma a été murlocké avec succès' | 
15:35:21 | Info | '[TIMER] Départ du chrono pour kkdours' | 
15:35:22 | Info | 'kkdours a été murlocké avec succès' | 
15:35:52 | Info | '[TIMER] Départ du chrono pour motisma' | 
17:33:54 | Info | '[TIMER] Départ du chrono pour celekyuto' | 
17:33:55 | Info | 'celekyuto a été murlocké avec succès' | 
18:01:02 | Info | 'kkdours a gagné 24 xp !' | 
18:52:05 | Info | '[TIMER] Départ du chrono pour xenix13' | 
18:52:06 | Info | 'xenix13 a été murlocké avec succès' | 
19:07:15 | Info | '[TIMER] Départ du chrono pour cumplex' | 
19:07:15 | Info | 'cumplex a été murlocké avec succès' | 
19:08:29 | Info | 'motisma a gagné 35 xp !' | 
19:41:12 | Info | 'myoka a été murlocké avec succès' | 
19:41:53 | Info | '[TIMER] Départ du chrono pour myoka' | 
20:12:34 | Info | 'frenzop a été murlocké avec succès' | 
20:12:53 | Info | '[TIMER] Départ du chrono pour frenzop' | 
20:55:47 | Info | 'myoka a été murlocké avec succès' | 
21:03:50 | Info | 'celekyuto a gagné 34 xp !' | 
21:03:50 | Info | '%s est passé niveau 11 !' | 
21:03:53 | Info | '[TIMER] Le chrono est en pause pour xenix13' | 
21:03:53 | Info | 'xenix13 a gagné 21 xp !' | 
21:03:53 | Info | '%s est passé niveau 7 !' | 
21:28:17 | Info | 'motisma a été murlocké avec succès' | 
21:46:48 | Info | '[TIMER] Départ du chrono pour celekyuto' | 
21:46:49 | Info | 'celekyuto a été murlocké avec succès' | 
21:46:54 | Info | '[TIMER] Départ du chrono pour motisma' | 
22:28:37 | Info | '[TIMER] Départ du chrono pour wizzard08' | 
22:28:38 | Info | 'wizzard08 a été murlocké avec succès' | 
22:31:07 | Info | 'frenzop a été murlocké avec succès' | 
22:48:46 | Info | '[TIMER] Départ du chrono pour xeit0w' | 
22:48:47 | Info | 'xeit0w a été murlocké avec succès' | 
23:05:19 | Info | '[TIMER] Départ du chrono pour cumplex' | 
23:05:20 | Info | 'cumplex a été murlocké avec succès' | 
23:09:19 | Info | 'celekyuto a gagné 13 xp !' | 
23:09:22 | Info | 'wizzard08 a gagné 6 xp !' | 
23:09:22 | Info | '%s est passé niveau 4 !' | 
23:11:29 | Info | 'cumplex a gagné 1 xp !' | 
23:12:00 | Info | '[TIMER] Départ du chrono pour cumplex' | 
23:12:01 | Info | 'cumplex a été murlocké avec succès' | 
23:51:51 | Info | 'xeit0w a gagné 10 xp !' | 
