00:26:36 | Info | 'd_aberggine a gagné 13 xp !' | 
00:26:52 | Info | 'La commande stats a été exécutée par d_aberggine' | 
00:27:07 | Info | 'La commande leaderboard a été exécutée par d_aberggine' | 
00:27:26 | Info | '[TIMER] Le chrono est en pause pour motisma' | 
00:32:49 | Info | '[TIMER] Départ du chrono pour celekyuto' | 
00:32:50 | Info | 'celekyuto a été murlocké avec succès' | 
00:33:26 | Info | '[TIMER] Le chrono reprend pour motisma' | 
01:38:27 | Info | '[TIMER] Départ du chrono pour xeit0w' | 
01:38:28 | Info | 'xeit0w a été murlocké avec succès' | 
03:09:24 | Info | 'motisma a gagné 39 xp !' | 
03:12:31 | Info | 'xeit0w a gagné 15 xp !' | 
03:13:29 | Info | '[TIMER] Le chrono est en pause pour celekyuto' | 
04:03:03 | Info | 'celekyuto a gagné 26 xp !' | 
17:11:50 | Info | 'motisma a été murlocké avec succès' | 
17:24:09 | Info | 'louisnemo a été murlocké avec succès' | 
17:48:01 | Info | 'celekyuto a été murlocké avec succès' | 
18:07:30 | Info | '[TIMER] Départ du chrono pour motisma' | 
18:07:31 | Info | 'motisma a été murlocké avec succès' | 
18:07:44 | Info | '[TIMER] Départ du chrono pour celekyuto' | 
18:17:37 | Info | '[TIMER] Départ du chrono pour louisnemo' | 
18:17:38 | Info | 'louisnemo a été murlocké avec succès' | 
18:31:52 | Info | 'celekyuto a gagné 4 xp !' | 
18:44:03 | Info | '[TIMER] Départ du chrono pour kkdours' | 
18:44:04 | Info | 'kkdours a été murlocké avec succès' | 
18:55:39 | Info | '[TIMER] Départ du chrono pour xeit0w' | 
18:55:40 | Info | 'xeit0w a été murlocké avec succès' | 
19:23:36 | Info | '[TIMER] Départ du chrono pour celekyuto' | 
19:23:37 | Info | 'celekyuto a été murlocké avec succès' | 
19:38:29 | Info | 'celekyuto a gagné 2 xp !' | 
19:38:48 | Info | '[TIMER] Départ du chrono pour celekyuto' | 
19:38:49 | Info | 'celekyuto a été murlocké avec succès' | 
19:41:30 | Info | 'louisnemo a gagné 13 xp !' | 
19:51:37 | Info | 'kkdours a gagné 11 xp !' | 
20:02:48 | Info | '[TIMER] Départ du chrono pour d_aberggine' | 
20:02:49 | Info | 'd_aberggine a été murlocké avec succès' | 
20:26:16 | Info | 'd_aberggine a gagné 3 xp !' | 
20:28:07 | Info | '[TIMER] Départ du chrono pour d_aberggine' | 
20:28:08 | Info | 'd_aberggine a été murlocké avec succès' | 
20:29:43 | Info | '[TIMER] Départ du chrono pour kkdours' | 
20:29:44 | Info | 'kkdours a été murlocké avec succès' | 
20:36:24 | Info | 'motisma a gagné 24 xp !' | 
20:38:20 | Info | '[TIMER] Départ du chrono pour louisnemo' | 
20:38:21 | Info | 'louisnemo a été murlocké avec succès' | 
21:25:38 | Info | '[TIMER] Départ du chrono pour motisma' | 
21:25:39 | Info | 'motisma a été murlocké avec succès' | 
21:44:53 | Info | '[TIMER] Départ du chrono pour d_aberggine' | 
21:44:55 | Info | 'd_aberggine a été murlocké avec succès' | 
21:46:08 | Info | '[TIMER] Départ du chrono pour Alartic#4028' | 
21:46:09 | Info | 'Alartic#4028 a été murlocké avec succès' | 
22:08:52 | Info | 'louisnemo a gagné 15 xp !' | 
22:08:52 | Info | '%s est passé niveau 12 !' | 
22:11:11 | Info | 'La commande stats a été exécutée par xeit0w' | 
22:11:21 | Info | 'La commande leaderboard a été exécutée par xeit0w' | 
22:11:26 | Info | 'xeit0w a gagné 32 xp !' | 
22:11:28 | Info | '[TIMER] Départ du chrono pour xeit0w' | 
22:11:29 | Info | 'xeit0w a été murlocké avec succès' | 
22:11:36 | Info | 'La commande stats a été exécutée par xeit0w' | 
22:15:40 | Info | 'La commande leaderboard a été exécutée par xeit0w' | 
22:16:25 | Info | 'La commande stats a été exécutée par xeit0w' | 
22:20:45 | Info | 'd_aberggine a gagné 5 xp !' | 
22:39:30 | Info | '[TIMER] Départ du chrono pour cumplex' | 
22:39:31 | Info | 'cumplex a été murlocké avec succès' | 
22:59:59 | Info | '[TIMER] Départ du chrono pour fireman13500' | 
23:00:00 | Info | 'fireman13500 a été murlocké avec succès' | 
23:06:59 | Info | 'xeit0w a gagné 9 xp !' | 
23:34:37 | Info | 'fireman13500 a gagné 5 xp !' | 
23:35:54 | Info | 'Alartic#4028 a gagné 18 xp !' | 
23:35:54 | Info | '%s est passé niveau 4 !' | 
23:37:55 | Info | 'celekyuto a gagné 39 xp !' | 
