02:19:30 | Info | 'kkdours a gagné 48 xp !' | 
02:58:15 | Info | 'motisma a gagné 63 xp !' | 
02:58:20 | Info | 'cumplex a gagné 60 xp !' | 
02:58:41 | Info | 'La commande leaderboard a été exécutée par cumplex' | 
12:09:48 | Info | 'celekyuto a été murlocké avec succès' | 
12:18:16 | Info | 'celekyuto a été murlocké avec succès' | 
12:26:53 | Info | 'jubilol a été murlocké avec succès' | 
12:27:00 | Info | '[TIMER] Départ du chrono pour motisma' | 
12:27:01 | Info | 'motisma a été murlocké avec succès' | 
12:27:05 | Info | '[TIMER] Départ du chrono pour celekyuto' | 
12:27:05 | Info | '[TIMER] Départ du chrono pour jubilol' | 
12:37:36 | Info | '[TIMER] Départ du chrono pour xenix13' | 
12:37:36 | Info | 'xenix13 a été murlocké avec succès' | 
13:15:06 | Info | '[TIMER] Départ du chrono pour d_aberggine' | 
13:15:07 | Info | 'd_aberggine a été murlocké avec succès' | 
13:16:32 | Info | '[TIMER] Départ du chrono pour d_aberggine' | 
13:16:32 | Info | 'd_aberggine a été murlocké avec succès' | 
13:25:53 | Info | 'celekyuto a gagné 9 xp !' | 
14:07:22 | Info | 'd_aberggine a gagné 8 xp !' | 
14:09:03 | Info | 'motisma a gagné 17 xp !' | 
14:09:07 | Info | '[TIMER] Le chrono est en pause pour xenix13' | 
14:09:33 | Info | 'xenix13 a gagné 15 xp !' | 
14:37:56 | Info | 'motisma a été murlocké avec succès' | 
14:38:01 | Info | '[TIMER] Départ du chrono pour kkdours' | 
14:38:02 | Info | 'kkdours a été murlocké avec succès' | 
14:38:08 | Info | '[TIMER] Départ du chrono pour motisma' | 
14:45:22 | Info | '[TIMER] Départ du chrono pour d_aberggine' | 
14:45:23 | Info | 'd_aberggine a été murlocké avec succès' | 
14:57:45 | Info | '[TIMER] Départ du chrono pour celekyuto' | 
14:57:46 | Info | 'celekyuto a été murlocké avec succès' | 
15:10:47 | Info | '[TIMER] Départ du chrono pour xenix13' | 
15:10:48 | Info | 'xenix13 a été murlocké avec succès' | 
16:17:30 | Info | 'kkdours a gagné 16 xp !' | 
16:18:04 | Info | 'motisma a gagné 16 xp !' | 
16:20:08 | Info | 'celekyuto a gagné 13 xp !' | 
16:20:09 | Info | '[TIMER] Le chrono est en pause pour xenix13' | 
16:20:28 | Info | 'xenix13 a gagné 11 xp !' | 
