00:05:55 | Info | 'louisnemo a gagné 39 xp !' | 
01:45:51 | Info | 'motisma a gagné 42 xp !' | 
01:46:20 | Info | '[TIMER] Départ du chrono pour motisma' | 
01:46:21 | Info | 'motisma a été murlocké avec succès' | 
03:17:52 | Info | 'cumplex a gagné 63 xp !' | 
03:17:52 | Info | 'kkdours a gagné 61 xp !' | 
03:17:53 | Info | 'motisma a gagné 15 xp !' | 
13:54:07 | Info | 'kkdours a été murlocké avec succès' | 
13:54:47 | Info | '[TIMER] Départ du chrono pour louisnemo' | 
13:54:48 | Info | 'louisnemo a été murlocké avec succès' | 
13:55:01 | Info | '[TIMER] Départ du chrono pour kkdours' | 
13:56:12 | Info | '[TIMER] Départ du chrono pour motisma' | 
13:56:13 | Info | 'motisma a été murlocké avec succès' | 
14:33:45 | Info | '[TIMER] Départ du chrono pour motisma' | 
14:33:46 | Info | 'motisma a été murlocké avec succès' | 
14:43:41 | Info | 'kkdours a gagné 8 xp !' | 
15:19:48 | Info | '[TIMER] Départ du chrono pour kkdours' | 
15:19:49 | Info | 'kkdours a été murlocké avec succès' | 
15:30:23 | Info | '[TIMER] Départ du chrono pour celekyuto' | 
15:30:25 | Info | 'celekyuto a été murlocké avec succès' | 
15:33:40 | Info | 'louisnemo a gagné 16 xp !' | 
15:49:40 | Info | '[TIMER] Départ du chrono pour xeit0w' | 
15:49:41 | Info | 'xeit0w a été murlocké avec succès' | 
16:05:07 | Info | '[TIMER] Départ du chrono pour d_aberggine' | 
16:05:08 | Info | 'd_aberggine a été murlocké avec succès' | 
16:24:27 | Info | '[TIMER] Départ du chrono pour cumplex' | 
16:24:28 | Info | 'cumplex a été murlocké avec succès' | 
16:37:00 | Info | '[TIMER] Départ du chrono pour louisnemo' | 
16:37:01 | Info | 'louisnemo a été murlocké avec succès' | 
16:38:01 | Info | 'd_aberggine a gagné 5 xp !' | 
16:52:02 | Info | 'celekyuto a gagné 13 xp !' | 
16:54:07 | Info | '[TIMER] Départ du chrono pour cumplex' | 
16:54:09 | Info | 'cumplex a été murlocké avec succès' | 
17:20:49 | Info | '[TIMER] Départ du chrono pour cumplex' | 
17:20:50 | Info | 'cumplex a été murlocké avec succès' | 
18:41:22 | Info | 'xeit0w a gagné 28 xp !' | 
18:50:41 | Info | 'louisnemo a gagné 22 xp !' | 
19:14:41 | Info | 'motisma a gagné 46 xp !' | 
19:16:23 | Info | 'cumplex a gagné 19 xp !' | 
19:17:06 | Info | '[TIMER] Le chrono est en pause pour kkdours' | 
19:29:34 | Info | '[TIMER] Départ du chrono pour louisnemo' | 
19:29:35 | Info | 'louisnemo a été murlocké avec succès' | 
19:30:07 | Info | '[TIMER] Le chrono reprend pour kkdours' | 
19:31:07 | Info | '[TIMER] Le chrono est en pause pour kkdours' | 
19:34:09 | Info | 'kkdours a gagné 39 xp !' | 
20:56:18 | Info | 'louisnemo a été murlocké avec succès' | 
23:13:44 | Info | 'motisma a été murlocké avec succès' | 
