00:15:51 | Info | 'celekyuto a gagné 9 xp !' | 
00:15:59 | Info | 'motisma a gagné 28 xp !' | 
16:59:12 | Info | 'louisnemo a été murlocké avec succès' | 
16:59:15 | Info | '[TIMER] Départ du chrono pour motisma' | 
16:59:16 | Info | 'motisma a été murlocké avec succès' | 
16:59:44 | Info | '[TIMER] Départ du chrono pour louisnemo' | 
18:48:18 | Info | '[TIMER] Départ du chrono pour d_aberggine' | 
18:48:19 | Info | 'd_aberggine a été murlocké avec succès' | 
19:04:39 | Info | 'd_aberggine a gagné 2 xp !' | 
19:09:20 | Info | 'motisma a gagné 21 xp !' | 
19:09:21 | Info | 'louisnemo a gagné 21 xp !' | 
20:36:50 | Info | 'La commande leaderboard a été exécutée par motisma' | 
20:37:13 | Info | 'motisma a été murlocké avec succès' | 
21:24:52 | Info | '[TIMER] Départ du chrono pour celekyuto' | 
21:24:53 | Info | 'celekyuto a été murlocké avec succès' | 
21:25:48 | Info | '[TIMER] Départ du chrono pour motisma' | 
21:36:55 | Info | '[TIMER] Départ du chrono pour wizzard08' | 
21:36:56 | Info | 'wizzard08 a été murlocké avec succès' | 
22:39:33 | Info | 'wizzard08 a gagné 10 xp !' | 
23:56:37 | Info | 'motisma a gagné 25 xp !' | 
23:56:51 | Info | '[TIMER] Le chrono est en pause pour celekyuto' | 
23:58:02 | Info | 'celekyuto a gagné 25 xp !' | 
