00:51:05 | Info | 'motisma a gagné 40 xp !' | 
00:51:05 | Info | '[TIMER] Départ du chrono pour motisma' | 
00:51:06 | Info | 'motisma a été murlocké avec succès' | 
03:38:20 | Info | 'motisma a gagné 27 xp !' | 
03:38:25 | Info | 'cumplex a gagné 47 xp !' | 
03:38:29 | Info | 'kkdours a gagné 67 xp !' | 
13:58:51 | Info | 'louisnemo a été murlocké avec succès' | 
14:08:33 | Info | '[TIMER] Départ du chrono pour kkdours' | 
14:08:34 | Info | '[TIMER] Départ du chrono pour louisnemo' | 
14:08:34 | Info | 'kkdours a été murlocké avec succès' | 
14:23:48 | Info | 'kkdours a gagné 2 xp !' | 
14:24:34 | Info | '[TIMER] Le chrono est en pause pour louisnemo' | 
14:25:12 | Info | '[TIMER] Départ du chrono pour kkdours' | 
14:25:13 | Info | 'kkdours a été murlocké avec succès' | 
14:25:34 | Info | '[TIMER] Le chrono reprend pour louisnemo' | 
14:32:17 | Info | '[TIMER] Départ du chrono pour cumplex' | 
14:32:18 | Info | 'cumplex a été murlocké avec succès' | 
14:39:35 | Info | 'cumplex a gagné 1 xp !' | 
14:39:38 | Info | '[TIMER] Départ du chrono pour cumplex' | 
14:39:39 | Info | 'cumplex a été murlocké avec succès' | 
14:40:03 | Info | '[TIMER] Départ du chrono pour cumplex' | 
14:40:04 | Info | 'cumplex a été murlocké avec succès' | 
15:20:26 | Info | '[TIMER] Départ du chrono pour motisma' | 
15:20:27 | Info | 'motisma a été murlocké avec succès' | 
15:24:32 | Info | 'kkdours a gagné 9 xp !' | 
15:28:40 | Info | 'louisnemo a gagné 13 xp !' | 
17:13:12 | Info | '[TIMER] Départ du chrono pour kkdours' | 
17:13:13 | Info | 'kkdours a été murlocké avec succès' | 
19:02:00 | Info | '[TIMER] Départ du chrono pour louisnemo' | 
19:02:01 | Info | 'louisnemo a été murlocké avec succès' | 
19:39:01 | Info | 'motisma a gagné 43 xp !' | 
19:50:06 | Info | 'cumplex a gagné 51 xp !' | 
19:51:50 | Info | 'louisnemo a gagné 8 xp !' | 
19:52:29 | Info | 'kkdours a gagné 26 xp !' | 
21:35:50 | Info | 'kkdours a été murlocké avec succès' | 
21:39:03 | Info | '[TIMER] Départ du chrono pour louisnemo' | 
21:39:04 | Info | 'louisnemo a été murlocké avec succès' | 
21:39:42 | Info | '[TIMER] Départ du chrono pour kkdours' | 
21:54:36 | Info | '[TIMER] Départ du chrono pour motisma' | 
21:54:37 | Info | 'motisma a été murlocké avec succès' | 
21:57:14 | Info | '[TIMER] Départ du chrono pour motisma' | 
21:57:14 | Info | 'motisma a été murlocké avec succès' | 
22:06:18 | Info | 'louisnemo a gagné 4 xp !' | 
22:35:25 | Info | 'kkdours a gagné 9 xp !' | 
22:35:43 | Info | '[TIMER] Le chrono est en pause pour motisma' | 
22:35:59 | Info | '[TIMER] Départ du chrono pour kkdours' | 
22:36:00 | Info | 'kkdours a été murlocké avec succès' | 
22:36:43 | Info | '[TIMER] Le chrono reprend pour motisma' | 
23:37:50 | Info | '[TIMER] Départ du chrono pour louisnemo' | 
23:37:51 | Info | 'louisnemo a été murlocké avec succès' | 
