00:04:45 | Info | 'cumplex a été murlocké avec succès' | 
00:06:58 | Info | 'wizzard08 a été murlocké avec succès' | 
00:12:18 | Info | 'celekyuto a gagné 40 xp !' | 
00:12:18 | Info | 'celekyuto est passé niveau %d !' | 
00:14:56 | Info | 'xeit0w a gagné 35 xp !' | 
00:15:26 | Info | 'La commande stats a été exécutée par xeit0w' | 
00:16:27 | Info | 'La commande stats a été exécutée par xeit0w' | 
00:37:27 | Info | 'kkdours a gagné 40 xp !' | 
00:37:29 | Info | 'motisma a gagné 45 xp !' | 
11:14:49 | Info | 'motisma a été murlocké avec succès' | 
11:15:52 | Info | 'xeit0w a été murlocké avec succès' | 
11:16:53 | Info | 'louisnemo a été murlocké avec succès' | 
11:52:31 | Info | 'cumplex a été murlocké avec succès' | 
12:29:58 | Info | 'louisnemo a gagné 10 xp !' | 
12:58:30 | Info | 'kkdours a été murlocké avec succès' | 
13:27:22 | Info | 'cumplex a été murlocké avec succès' | 
13:49:53 | Info | 'xeit0w a gagné 25 xp !' | 
14:54:54 | Info | 'celekyuto a été murlocké avec succès' | 
17:55:26 | Info | 'xenix13 a été murlocké avec succès' | 
18:10:34 | Info | 'cumplex a été murlocké avec succès' | 
18:56:04 | Info | 'celekyuto a gagné 40 xp !' | 
18:56:06 | Info | 'xenix13 a gagné 10 xp !' | 
18:56:06 | Info | 'xenix13 est passé niveau %d !' | 
18:56:07 | Info | 'kkdours a gagné 60 xp !' | 
18:56:07 | Info | 'kkdours est passé niveau %d !' | 
18:56:15 | Info | 'cumplex a gagné 10 xp !' | 
18:57:30 | Info | 'motisma a gagné 75 xp !' | 
18:57:30 | Info | 'motisma est passé niveau %d !' | 
20:22:43 | Info | 'kkdours a été murlocké avec succès' | 
20:24:27 | Info | 'La commande setsound a été exécutée par kkdours' | 
20:25:27 | Error | 'Erreur lors de la découpe de la vidéo : Error: Input stream error: Status code: 410\n    at PassThrough.<anonymous> (/home/discord-bot/js/murlock/node_modules/fluent-ffmpeg/lib/processor.js:452:34)\n    at PassThrough.emit (node:events:513:28)\n    at process.processTicksAndRejections (node:internal/process/task_queues:95:5)' | 
20:25:38 | Info | 'kkdours a été murlocké avec succès' | 
20:25:43 | Info | 'La commande setsound a été exécutée par kkdours' | 
20:26:12 | Error | 'Erreur lors de la découpe de la vidéo : Error: Input stream error: Status code: 410\n    at PassThrough.<anonymous> (/home/discord-bot/js/murlock/node_modules/fluent-ffmpeg/lib/processor.js:452:34)\n    at PassThrough.emit (node:events:513:28)\n    at process.processTicksAndRejections (node:internal/process/task_queues:95:5)' | 
20:26:26 | Info | 'louisnemo a été murlocké avec succès' | 
20:26:49 | Info | 'La commande setsound a été exécutée par kkdours' | 
20:27:27 | Info | 'La commande setsound a été exécutée par kkdours' | 
20:28:06 | Error | 'Erreur lors de la découpe de la vidéo : Error: Input stream error: Status code: 410\n    at PassThrough.<anonymous> (/home/discord-bot/js/murlock/node_modules/fluent-ffmpeg/lib/processor.js:452:34)\n    at PassThrough.emit (node:events:513:28)\n    at process.processTicksAndRejections (node:internal/process/task_queues:95:5)' | 
20:29:09 | Info | 'La commande setsound a été exécutée par louisnemo' | 
20:29:39 | Info | 'Fichier téléchargé et découpé avec succès ! sounds/louisnemo.mp3' | 
20:29:45 | Info | 'louisnemo a été murlocké avec succès' | 
20:29:57 | Info | 'La commande setsound a été exécutée par kkdours' | 
20:30:05 | Error | 'Erreur lors de la découpe de la vidéo : Error: Input stream error: Status code: 410\n    at PassThrough.<anonymous> (/home/discord-bot/js/murlock/node_modules/fluent-ffmpeg/lib/processor.js:452:34)\n    at PassThrough.emit (node:events:513:28)\n    at process.processTicksAndRejections (node:internal/process/task_queues:95:5)' | 
20:30:19 | Info | 'La commande setsound a été exécutée par kkdours' | 
20:30:33 | Error | 'Erreur lors de la découpe de la vidéo : Error: Input stream error: Status code: 410\n    at PassThrough.<anonymous> (/home/discord-bot/js/murlock/node_modules/fluent-ffmpeg/lib/processor.js:452:34)\n    at PassThrough.emit (node:events:513:28)\n    at process.processTicksAndRejections (node:internal/process/task_queues:95:5)' | 
20:30:42 | Info | 'kkdours a été murlocké avec succès' | 
20:31:12 | Info | 'La commande setsound a été exécutée par kkdours' | 
20:31:20 | Error | 'Erreur lors de la découpe de la vidéo : Error: Input stream error: Status code: 410\n    at PassThrough.<anonymous> (/home/discord-bot/js/murlock/node_modules/fluent-ffmpeg/lib/processor.js:452:34)\n    at PassThrough.emit (node:events:513:28)\n    at process.processTicksAndRejections (node:internal/process/task_queues:95:5)' | 
20:31:27 | Info | 'La commande setsound a été exécutée par kkdours' | 
20:31:35 | Error | 'Erreur lors de la découpe de la vidéo : Error: Input stream error: Status code: 410\n    at PassThrough.<anonymous> (/home/discord-bot/js/murlock/node_modules/fluent-ffmpeg/lib/processor.js:452:34)\n    at PassThrough.emit (node:events:513:28)\n    at process.processTicksAndRejections (node:internal/process/task_queues:95:5)' | 
20:31:39 | Info | 'kkdours a été murlocké avec succès' | 
20:32:47 | Info | 'La commande setsound a été exécutée par kkdours' | 
20:33:03 | Error | 'Erreur lors de la découpe de la vidéo : Error: Input stream error: Status code: 410\n    at PassThrough.<anonymous> (/home/discord-bot/js/murlock/node_modules/fluent-ffmpeg/lib/processor.js:452:34)\n    at PassThrough.emit (node:events:513:28)\n    at process.processTicksAndRejections (node:internal/process/task_queues:95:5)' | 
20:37:08 | Info | 'La commande setsound a été exécutée par kkdours' | 
20:37:46 | Info | 'Fichier téléchargé et découpé avec succès ! sounds/kkdours.mp3' | 
20:37:54 | Info | 'kkdours a été murlocké avec succès' | 
20:38:07 | Info | 'La commande setsound a été exécutée par kkdours' | 
20:38:22 | Info | 'Fichier téléchargé et découpé avec succès ! sounds/kkdours.mp3' | 
20:38:26 | Info | 'kkdours a été murlocké avec succès' | 
20:38:38 | Info | 'La commande setsound a été exécutée par kkdours' | 
20:38:40 | Info | 'd_aberggine a été murlocké avec succès' | 
20:38:49 | Info | 'Fichier téléchargé et découpé avec succès ! sounds/kkdours.mp3' | 
20:38:53 | Info | 'kkdours a été murlocké avec succès' | 
20:39:02 | Info | 'louisnemo a été murlocké avec succès' | 
20:55:25 | Info | 'celekyuto a été murlocké avec succès' | 
20:56:04 | Info | 'louisnemo a été murlocké avec succès' | 
20:57:22 | Info | 'La commande setsound a été exécutée par celekyuto' | 
20:57:33 | Info | 'Fichier téléchargé et découpé avec succès ! sounds/celekyuto.mp3' | 
20:57:38 | Info | 'celekyuto a été murlocké avec succès' | 
20:57:50 | Info | 'kkdours a été murlocké avec succès' | 
21:09:23 | Info | 'motisma a été murlocké avec succès' | 
21:09:57 | Info | 'louisnemo a été murlocké avec succès' | 
21:10:17 | Info | 'louisnemo a été murlocké avec succès' | 
21:11:07 | Info | 'celekyuto a été murlocké avec succès' | 
21:11:18 | Info | 'kkdours a été murlocké avec succès' | 
21:12:35 | Info | 'celekyuto a été murlocké avec succès' | 
21:15:13 | Info | 'louisnemo a été murlocké avec succès' | 
21:15:56 | Info | 'kkdours a été murlocké avec succès' | 
21:20:52 | Info | 'cumplex a été murlocké avec succès' | 
21:53:14 | Info | 'd_aberggine a gagné 10 xp !' | 
22:05:39 | Info | 'cumplex a été murlocké avec succès' | 
22:37:12 | Info | 'celekyuto a gagné 15 xp !' | 
22:38:10 | Info | 'La commande stats a été exécutée par xeit0w' | 
22:47:37 | Info | 'celekyuto a été murlocké avec succès' | 
22:47:56 | Info | 'motisma a gagné 15 xp !' | 
22:47:57 | Info | 'motisma a été murlocké avec succès' | 
22:48:28 | Info | 'kkdours a gagné 15 xp !' | 
22:48:30 | Info | 'kkdours a été murlocké avec succès' | 
23:26:41 | Info | 'd_aberggine a été murlocké avec succès' | 
