00:43:12 | Info | 'cumplex a gagné 20 xp !' | 
00:44:23 | Info | '[TIMER] Départ du chrono pour cumplex' | 
00:44:24 | Info | 'cumplex a été murlocké avec succès' | 
03:15:02 | Info | '[TIMER] Départ du chrono pour xeit0w' | 
03:15:03 | Info | 'xeit0w a été murlocké avec succès' | 
05:22:44 | Info | 'cumplex a gagné 46 xp !' | 
05:30:14 | Info | 'xeit0w a gagné 22 xp !' | 
05:30:16 | Info | 'kkdours a gagné 90 xp !' | 
05:30:16 | Info | '%s est passé niveau 13 !' | 
05:30:21 | Info | 'motisma a gagné 80 xp !' | 
15:42:24 | Info | 'louisnemo a été murlocké avec succès' | 
15:44:13 | Info | '[TIMER] Départ du chrono pour d_aberggine' | 
15:44:14 | Info | 'd_aberggine a été murlocké avec succès' | 
15:45:04 | Info | '[TIMER] Départ du chrono pour louisnemo' | 
16:01:22 | Info | '[TIMER] Départ du chrono pour motisma' | 
16:01:23 | Info | 'motisma a été murlocké avec succès' | 
16:10:26 | Info | '[TIMER] Départ du chrono pour kkdours' | 
16:10:27 | Info | 'kkdours a été murlocké avec succès' | 
19:01:23 | Info | 'louisnemo a gagné 32 xp !' | 
19:11:50 | Info | 'd_aberggine a gagné 34 xp !' | 
19:11:50 | Info | '%s est passé niveau 9 !' | 
20:03:58 | Info | '[TIMER] Départ du chrono pour d_aberggine' | 
20:03:59 | Info | 'd_aberggine a été murlocké avec succès' | 
20:10:55 | Info | 'd_aberggine a gagné 1 xp !' | 
20:11:07 | Info | 'kkdours a gagné 40 xp !' | 
20:11:07 | Info | '[TIMER] Le chrono est en pause pour motisma' | 
20:11:18 | Info | 'motisma a gagné 41 xp !' | 
20:28:54 | Info | 'louisnemo a été murlocké avec succès' | 
21:51:04 | Info | 'motisma a été murlocké avec succès' | 
21:56:01 | Info | '[TIMER] Départ du chrono pour kkdours' | 
21:56:02 | Info | 'kkdours a été murlocké avec succès' | 
21:56:09 | Info | '[TIMER] Départ du chrono pour motisma' | 
22:52:49 | Info | '[TIMER] Départ du chrono pour d_aberggine' | 
22:52:50 | Info | 'd_aberggine a été murlocké avec succès' | 
