01:29:08 | Info | 'motisma a gagné 40 xp !' | 
01:30:01 | Info | 'kkdours a gagné 45 xp !' | 
01:30:01 | Info | '%s est passé niveau 11 !' | 
01:35:35 | Info | 'xeit0w a gagné 32 xp !' | 
01:35:35 | Info | 'cumplex a gagné 32 xp !' | 
13:40:21 | Info | 'louisnemo a été murlocké avec succès' | 
13:56:02 | Info | '[TIMER] Départ du chrono pour kkdours' | 
13:56:03 | Info | 'kkdours a été murlocké avec succès' | 
13:56:55 | Info | '[TIMER] Départ du chrono pour louisnemo' | 
14:12:24 | Info | 'louisnemo a gagné 2 xp !' | 
14:12:25 | Info | '[TIMER] Départ du chrono pour louisnemo' | 
14:12:27 | Info | 'louisnemo a été murlocké avec succès' | 
14:50:29 | Info | 'louisnemo a gagné 6 xp !' | 
14:50:29 | Info | '[TIMER] Départ du chrono pour louisnemo' | 
14:50:30 | Info | 'louisnemo a été murlocké avec succès' | 
15:26:08 | Info | '[TIMER] Départ du chrono pour motisma' | 
15:26:09 | Info | 'motisma a été murlocké avec succès' | 
15:55:39 | Info | '[TIMER] Départ du chrono pour celekyuto' | 
15:55:40 | Info | 'celekyuto a été murlocké avec succès' | 
16:06:57 | Info | '[TIMER] Départ du chrono pour zephirone' | 
16:06:58 | Info | 'zephirone a été murlocké avec succès' | 
16:07:20 | Info | 'fireman13500 a été murlocké avec succès' | 
16:07:35 | Info | 'Les roles de undefined ont été changés avec succés' | 
16:07:57 | Info | '[TIMER] Départ du chrono pour fireman13500' | 
16:29:31 | Info | '[TIMER] Départ du chrono pour cumplex' | 
16:29:31 | Info | 'cumplex a été murlocké avec succès' | 
16:50:06 | Info | 'louisnemo a gagné 19 xp !' | 
17:42:08 | Info | 'celekyuto a gagné 17 xp !' | 
17:42:27 | Info | 'motisma a gagné 22 xp !' | 
17:42:58 | Info | 'zephirone a gagné 16 xp !' | 
17:42:58 | Info | '%s est passé niveau 2 !' | 
17:43:03 | Info | 'fireman13500 a gagné 15 xp !' | 
17:43:03 | Info | '%s est passé niveau 2 !' | 
19:20:41 | Info | 'cumplex a gagné 28 xp !' | 
19:20:41 | Info | '%s est passé niveau 8 !' | 
19:20:42 | Info | 'kkdours a gagné 54 xp !' | 
20:48:38 | Info | 'kkdours a été murlocké avec succès' | 
21:11:56 | Info | '[TIMER] Départ du chrono pour motisma' | 
21:11:57 | Info | 'motisma a été murlocké avec succès' | 
21:12:02 | Info | '[TIMER] Départ du chrono pour kkdours' | 
21:19:20 | Info | '[TIMER] Départ du chrono pour louisnemo' | 
21:19:21 | Info | 'louisnemo a été murlocké avec succès' | 
21:28:02 | Info | 'motisma a gagné 2 xp !' | 
21:28:44 | Info | '[TIMER] Départ du chrono pour motisma' | 
21:28:45 | Info | 'motisma a été murlocké avec succès' | 
21:29:01 | Info | '[TIMER] Départ du chrono pour celekyuto' | 
21:29:01 | Info | 'celekyuto a été murlocké avec succès' | 
21:30:52 | Info | '[TIMER] Départ du chrono pour celekyuto' | 
21:30:53 | Info | 'celekyuto a été murlocké avec succès' | 
22:11:13 | Info | 'celekyuto a gagné 6 xp !' | 
23:44:47 | Info | '[TIMER] Départ du chrono pour cumplex' | 
23:44:48 | Info | 'cumplex a été murlocké avec succès' | 
