19:56:56 | Info | '' | 
19:56:56 | Info | '[0/3] Initialisation du bot' | 
19:56:56 | Info | '[1/3] Chargement des commandes ' | 
19:56:56 | Info | '[CMD] Commande clear chargée avec succès' | 
19:56:56 | Info | '[CMD] Commande help chargée avec succès' | 
19:56:56 | Info | '[CMD] Commande spawnroles chargée avec succès' | 
19:56:56 | Info | '[CMD] Commande ping chargée avec succès' | 
19:56:56 | Info | '[CMD] Commande leaderboard chargée avec succès' | 
19:56:56 | Info | '[CMD] Commande preview chargée avec succès' | 
19:56:56 | Info | '[CMD] Commande reset chargée avec succès' | 
19:56:56 | Info | '[CMD] Commande setsound chargée avec succès' | 
19:56:56 | Info | '[CMD] Commande stats chargée avec succès' | 
19:56:56 | Info | '[CMD] Chargement des commandes terminé' | 
19:56:56 | Info | '[2/3] Chargement des Events' | 
19:56:56 | Info | '[EVT] Event interactionCreate chargé avec succès' | 
19:56:56 | Info | '[EVT] Event interactionCreate chargé avec succès' | 
19:56:56 | Info | '[EVT] Event voiceStateUpdate chargé avec succès' | 
19:56:56 | Info | '[DB] Chargement de la base de donnée' | 
19:56:56 | Info | '[EVT] Event ready chargé avec succès' | 
19:56:56 | Info | '[EVT] Event interactionCreate chargé avec succès' | 
19:56:56 | Info | '[EVT] Event voiceStateUpdate chargé avec succès' | 
19:56:56 | Info | '[EVT] Chargement des events terminé' | 
19:56:57 | Info | '[DB] Base de donnée chargée avec succès' | 
19:56:57 | Info | '[3/3] Connecté en tant que Murloc#7410' | 
19:57:05 | Info | 'xeit0w a été murlocké avec succès' | 
19:57:47 | Info | 'xeit0w a été murlocké avec succès' | 
20:10:28 | Info | 'xeit0w a été murlocké avec succès' | 
20:13:13 | Info | 'cumplex a été murlocké avec succès' | 
20:13:30 | Info | '[TIMER] Départ du chrono pour kkdours' | 
20:13:31 | Info | 'kkdours a été murlocké avec succès' | 
20:13:57 | Info | '[TIMER] Départ du chrono pour cumplex' | 
20:15:57 | Info | '[TIMER] Le chrono est en pause pour kkdours' | 
20:16:36 | Info | '[TIMER] Départ du chrono pour cumplex' | 
20:16:37 | Info | 'cumplex a été murlocké avec succès' | 
20:16:57 | Info | '[TIMER] Le chrono reprend pour kkdours' | 
20:42:31 | Info | 'cumplex a gagné 4 xp !' | 
20:42:33 | Info | '[TIMER] Départ du chrono pour cumplex' | 
20:42:34 | Info | 'cumplex a été murlocké avec succès' | 
20:45:08 | Info | '[TIMER] Départ du chrono pour d_aberggine' | 
20:45:09 | Info | 'd_aberggine a été murlocké avec succès' | 
20:51:44 | Info | 'd_aberggine a gagné 1 xp !' | 
20:58:05 | Info | '[TIMER] Départ du chrono pour motisma' | 
20:58:06 | Info | 'motisma a été murlocké avec succès' | 
21:31:16 | Info | '[TIMER] Départ du chrono pour d_aberggine' | 
21:31:17 | Info | 'd_aberggine a été murlocké avec succès' | 
21:33:29 | Info | 'cumplex a gagné 8 xp !' | 
23:14:09 | Info | 'kkdours a gagné 29 xp !' | 
23:15:20 | Info | '[TIMER] Départ du chrono pour kkdours' | 
23:15:21 | Info | 'kkdours a été murlocké avec succès' | 
23:18:05 | Info | '[TIMER] Départ du chrono pour kkdours' | 
23:18:06 | Info | 'kkdours a été murlocké avec succès' | 
