03:11:45 | Info | 'xeit0w a gagné 50 xp !' | 
03:24:58 | Info | 'motisma a gagné 82 xp !' | 
03:24:59 | Info | 'celekyuto a gagné 56 xp !' | 
11:43:49 | Info | 'louisnemo a été murlocké avec succès' | 
13:52:47 | Info | 'kkdours a été murlocké avec succès' | 
13:55:07 | Info | '[TIMER] Départ du chrono pour cumplex' | 
13:55:07 | Info | 'cumplex a été murlocké avec succès' | 
13:55:38 | Info | '[TIMER] Départ du chrono pour kkdours' | 
14:20:25 | Info | '[TIMER] Départ du chrono pour d_aberggine' | 
14:20:26 | Info | 'd_aberggine a été murlocké avec succès' | 
15:33:22 | Info | '[TIMER] Départ du chrono pour motisma' | 
15:33:23 | Info | 'motisma a été murlocké avec succès' | 
15:36:33 | Info | 'cumplex a gagné 16 xp !' | 
15:41:48 | Info | '[TIMER] Départ du chrono pour celekyuto' | 
15:41:49 | Info | 'celekyuto a été murlocké avec succès' | 
15:53:42 | Info | 'celekyuto a gagné 1 xp !' | 
16:20:19 | Info | 'kkdours a gagné 24 xp !' | 
16:22:01 | Info | 'd_aberggine a gagné 20 xp !' | 
16:22:15 | Info | 'motisma a gagné 8 xp !' | 
17:44:33 | Info | 'd_aberggine a été murlocké avec succès' | 
20:54:13 | Info | '[TIMER] Départ du chrono pour louisnemo' | 
20:54:14 | Info | 'louisnemo a été murlocké avec succès' | 
20:54:45 | Info | '[TIMER] Départ du chrono pour d_aberggine' | 
20:58:35 | Info | '[TIMER] Départ du chrono pour kkdours' | 
20:58:36 | Info | 'kkdours a été murlocké avec succès' | 
22:09:06 | Info | 'd_aberggine a gagné 12 xp !' | 
22:09:12 | Info | '[TIMER] Départ du chrono pour d_aberggine' | 
22:09:13 | Info | 'd_aberggine a été murlocké avec succès' | 
23:44:53 | Info | 'd_aberggine a gagné 15 xp !' | 
