01:09:58 | Info | '[TIMER] Départ du chrono pour xeit0w' | 
01:09:59 | Info | 'xeit0w a été murlocké avec succès' | 
01:26:44 | Info | 'louisnemo a gagné 16 xp !' | 
03:05:06 | Info | 'motisma a gagné 52 xp !' | 
03:05:11 | Info | 'cumplex a gagné 52 xp !' | 
14:46:28 | Info | 'motisma a été murlocké avec succès' | 
17:02:08 | Info | 'motisma a été murlocké avec succès' | 
17:35:06 | Info | '[TIMER] Départ du chrono pour kkdours' | 
17:35:07 | Info | 'kkdours a été murlocké avec succès' | 
17:35:44 | Info | '[TIMER] Départ du chrono pour motisma' | 
17:36:13 | Info | '[TIMER] Départ du chrono pour cumplex' | 
17:36:14 | Info | 'cumplex a été murlocké avec succès' | 
17:47:00 | Info | '[TIMER] Départ du chrono pour xeit0w' | 
17:47:01 | Info | 'xeit0w a été murlocké avec succès' | 
17:53:04 | Info | '[TIMER] Départ du chrono pour louisnemo' | 
17:53:05 | Info | 'louisnemo a été murlocké avec succès' | 
18:18:14 | Info | 'xeit0w a gagné 5 xp !' | 
19:45:50 | Info | 'louisnemo a gagné 18 xp !' | 
20:31:52 | Info | 'cumplex a gagné 29 xp !' | 
20:31:53 | Info | '[TIMER] Départ du chrono pour cumplex' | 
20:31:55 | Info | 'cumplex a été murlocké avec succès' | 
21:02:21 | Info | '[TIMER] Départ du chrono pour louisnemo' | 
21:02:22 | Info | 'louisnemo a été murlocké avec succès' | 
21:44:01 | Info | 'louisnemo a gagné 6 xp !' | 
