13:38:40 | Info | 'louisnemo a été murlocké avec succès' | 
13:41:35 | Info | '[TIMER] Départ du chrono pour motisma' | 
13:41:36 | Info | 'motisma a été murlocké avec succès' | 
13:42:12 | Info | '[TIMER] Départ du chrono pour louisnemo' | 
14:15:30 | Info | 'louisnemo a gagné 5 xp !' | 
14:15:33 | Info | '[TIMER] Départ du chrono pour louisnemo' | 
14:15:34 | Info | 'louisnemo a été murlocké avec succès' | 
21:01:56 | Info | 'louisnemo a été murlocké avec succès' | 
21:21:04 | Info | '[TIMER] Départ du chrono pour celekyuto' | 
21:21:05 | Info | 'celekyuto a été murlocké avec succès' | 
21:21:20 | Info | '[TIMER] Départ du chrono pour louisnemo' | 
21:21:36 | Info | '[TIMER] Départ du chrono pour wizzard08' | 
21:21:37 | Info | 'wizzard08 a été murlocké avec succès' | 
21:43:11 | Info | '[TIMER] Départ du chrono pour motisma' | 
21:43:12 | Info | 'motisma a été murlocké avec succès' | 
21:43:42 | Info | 'celekyuto a gagné 3 xp !' | 
21:43:42 | Info | '[TIMER] Départ du chrono pour celekyuto' | 
21:43:43 | Info | 'celekyuto a été murlocké avec succès' | 
21:44:18 | Info | 'La commande leaderboard a été exécutée par motisma' | 
21:44:20 | Info | 'La commande leaderboard a été exécutée par celekyuto' | 
21:56:46 | Info | '[TIMER] Départ du chrono pour cumplex' | 
21:56:47 | Info | 'cumplex a été murlocké avec succès' | 
21:58:16 | Info | 'celekyuto a gagné 2 xp !' | 
21:58:35 | Info | 'wizzard08 a gagné 6 xp !' | 
21:58:36 | Info | '[TIMER] Départ du chrono pour wizzard08' | 
21:58:37 | Info | 'wizzard08 a été murlocké avec succès' | 
22:59:01 | Info | 'louisnemo a gagné 16 xp !' | 
