00:45:33 | Info | 'thahabledemixage a été murlocké avec succès' | 
01:53:22 | Info | 'kkdours a gagné 10 xp !' | 
01:53:22 | Info | 'kkdours est passé niveau %d !' | 
01:53:23 | Info | 'kkdours a été murlocké avec succès' | 
01:55:33 | Info | 'Vous devez attendre 30 minutes avant de pouvoir gagner de l\'xp à nouveau !' | 
01:55:34 | Info | 'xeit0w a été murlocké avec succès' | 
01:58:44 | Info | 'Les roles de undefined ont été changés avec succés' | 
03:25:16 | Info | 'Vous devez attendre 30 minutes avant de pouvoir gagner de l\'xp à nouveau !' | 
03:25:17 | Info | 'xeit0w a été murlocké avec succès' | 
03:25:18 | Info | 'Vous devez attendre 30 minutes avant de pouvoir gagner de l\'xp à nouveau !' | 
03:25:19 | Info | 'motisma a été murlocké avec succès' | 
03:25:20 | Info | 'Vous devez attendre 30 minutes avant de pouvoir gagner de l\'xp à nouveau !' | 
03:25:20 | Info | 'xeit0w a été murlocké avec succès' | 
03:25:23 | Info | 'Vous devez attendre 30 minutes avant de pouvoir gagner de l\'xp à nouveau !' | 
03:25:23 | Info | 'xeit0w a été murlocké avec succès' | 
03:25:24 | Info | 'Vous devez attendre 30 minutes avant de pouvoir gagner de l\'xp à nouveau !' | 
03:25:24 | Info | 'kkdours a été murlocké avec succès' | 
03:25:26 | Info | 'Vous devez attendre 30 minutes avant de pouvoir gagner de l\'xp à nouveau !' | 
03:25:26 | Info | 'xeit0w a été murlocké avec succès' | 
03:25:31 | Info | 'Vous devez attendre 30 minutes avant de pouvoir gagner de l\'xp à nouveau !' | 
03:25:31 | Info | 'motisma a été murlocké avec succès' | 
03:25:46 | Info | 'Vous devez attendre 30 minutes avant de pouvoir gagner de l\'xp à nouveau !' | 
03:25:46 | Info | 'xeit0w a été murlocké avec succès' | 
03:25:48 | Info | 'Vous devez attendre 30 minutes avant de pouvoir gagner de l\'xp à nouveau !' | 
03:25:48 | Info | 'xeit0w a été murlocké avec succès' | 
03:25:49 | Info | 'Vous devez attendre 30 minutes avant de pouvoir gagner de l\'xp à nouveau !' | 
03:25:49 | Info | 'xeit0w a été murlocké avec succès' | 
03:25:51 | Info | 'Vous devez attendre 30 minutes avant de pouvoir gagner de l\'xp à nouveau !' | 
03:25:51 | Info | 'xeit0w a été murlocké avec succès' | 
03:25:55 | Info | 'Vous devez attendre 30 minutes avant de pouvoir gagner de l\'xp à nouveau !' | 
03:25:55 | Info | 'kkdours a été murlocké avec succès' | 
03:25:57 | Info | 'Vous devez attendre 30 minutes avant de pouvoir gagner de l\'xp à nouveau !' | 
03:25:57 | Info | 'kkdours a été murlocké avec succès' | 
03:26:14 | Info | 'Vous devez attendre 30 minutes avant de pouvoir gagner de l\'xp à nouveau !' | 
03:26:15 | Info | 'xeit0w a été murlocké avec succès' | 
03:26:17 | Info | 'Vous devez attendre 30 minutes avant de pouvoir gagner de l\'xp à nouveau !' | 
03:26:17 | Info | 'kkdours a été murlocké avec succès' | 
03:26:18 | Info | 'Vous devez attendre 30 minutes avant de pouvoir gagner de l\'xp à nouveau !' | 
03:26:18 | Info | 'kkdours a été murlocké avec succès' | 
03:26:18 | Info | 'Vous devez attendre 30 minutes avant de pouvoir gagner de l\'xp à nouveau !' | 
03:26:18 | Info | 'xeit0w a été murlocké avec succès' | 
03:26:21 | Info | 'Vous devez attendre 30 minutes avant de pouvoir gagner de l\'xp à nouveau !' | 
03:26:21 | Info | 'xeit0w a été murlocké avec succès' | 
03:26:21 | Info | 'Vous devez attendre 30 minutes avant de pouvoir gagner de l\'xp à nouveau !' | 
03:26:21 | Info | 'kkdours a été murlocké avec succès' | 
03:26:23 | Info | 'Vous devez attendre 30 minutes avant de pouvoir gagner de l\'xp à nouveau !' | 
03:26:23 | Info | 'xeit0w a été murlocké avec succès' | 
03:26:23 | Info | 'Vous devez attendre 30 minutes avant de pouvoir gagner de l\'xp à nouveau !' | 
03:26:23 | Info | 'kkdours a été murlocké avec succès' | 
03:26:24 | Info | 'Vous devez attendre 30 minutes avant de pouvoir gagner de l\'xp à nouveau !' | 
03:26:24 | Info | 'xeit0w a été murlocké avec succès' | 
03:26:25 | Info | 'Vous devez attendre 30 minutes avant de pouvoir gagner de l\'xp à nouveau !' | 
03:26:25 | Info | 'kkdours a été murlocké avec succès' | 
03:26:26 | Info | 'Vous devez attendre 30 minutes avant de pouvoir gagner de l\'xp à nouveau !' | 
03:26:26 | Info | 'kkdours a été murlocké avec succès' | 
03:26:27 | Info | 'Vous devez attendre 30 minutes avant de pouvoir gagner de l\'xp à nouveau !' | 
03:26:27 | Info | 'xeit0w a été murlocké avec succès' | 
03:26:28 | Info | 'Vous devez attendre 30 minutes avant de pouvoir gagner de l\'xp à nouveau !' | 
03:26:28 | Info | 'kkdours a été murlocké avec succès' | 
03:26:29 | Info | 'Vous devez attendre 30 minutes avant de pouvoir gagner de l\'xp à nouveau !' | 
03:26:29 | Info | 'kkdours a été murlocké avec succès' | 
03:26:32 | Info | 'Vous devez attendre 30 minutes avant de pouvoir gagner de l\'xp à nouveau !' | 
03:26:32 | Info | 'kkdours a été murlocké avec succès' | 
03:26:48 | Info | 'La commande setsound a été exécutée par motisma' | 
03:27:16 | Info | 'Vous devez attendre 30 minutes avant de pouvoir gagner de l\'xp à nouveau !' | 
03:27:16 | Info | 'kkdours a été murlocké avec succès' | 
03:27:22 | Info | 'Fichier téléchargé et découpé avec succès ! sounds/motisma.mp3' | 
03:27:25 | Info | 'Vous devez attendre 30 minutes avant de pouvoir gagner de l\'xp à nouveau !' | 
03:27:25 | Info | 'motisma a été murlocké avec succès' | 
03:27:37 | Info | 'Vous devez attendre 30 minutes avant de pouvoir gagner de l\'xp à nouveau !' | 
03:27:37 | Info | 'xeit0w a été murlocké avec succès' | 
03:27:50 | Info | 'La commande setsound a été exécutée par motisma' | 
03:28:00 | Info | 'Fichier téléchargé et découpé avec succès ! sounds/motisma.mp3' | 
03:28:03 | Info | 'Vous devez attendre 30 minutes avant de pouvoir gagner de l\'xp à nouveau !' | 
03:28:04 | Info | 'motisma a été murlocké avec succès' | 
03:28:16 | Info | 'La commande setsound a été exécutée par motisma' | 
03:28:25 | Info | 'Fichier téléchargé et découpé avec succès ! sounds/motisma.mp3' | 
03:28:29 | Info | 'Vous devez attendre 30 minutes avant de pouvoir gagner de l\'xp à nouveau !' | 
03:28:29 | Info | 'motisma a été murlocké avec succès' | 
12:22:42 | Info | 'motisma a gagné 5 xp !' | 
12:22:43 | Info | 'motisma a été murlocké avec succès' | 
12:22:57 | Info | 'd_aberggine a gagné 4 xp !' | 
12:22:58 | Info | 'd_aberggine a été murlocké avec succès' | 
12:31:36 | Info | 'louisnemo a gagné 7 xp !' | 
12:31:37 | Info | 'louisnemo a été murlocké avec succès' | 
12:53:43 | Info | 'celekyuto a gagné 11 xp !' | 
12:53:43 | Info | 'celekyuto a été murlocké avec succès' | 
12:54:13 | Info | 'La commande stats a été exécutée par celekyuto' | 
15:17:37 | Info | 'Vous devez attendre 5 minutes avant de pouvoir gagner de l\'xp à nouveau !' | 
15:17:37 | Info | 'd_aberggine a été murlocké avec succès' | 
15:45:08 | Info | 'Alartic#4028 a gagné 5 xp !' | 
15:45:08 | Info | 'Alartic#4028 a été murlocké avec succès' | 
15:45:17 | Info | 'Vous devez attendre 30 minutes avant de pouvoir gagner de l\'xp à nouveau !' | 
15:45:17 | Info | 'Alartic#4028 a été murlocké avec succès' | 
15:45:23 | Info | 'Vous devez attendre 30 minutes avant de pouvoir gagner de l\'xp à nouveau !' | 
15:45:24 | Info | 'Alartic#4028 a été murlocké avec succès' | 
15:46:20 | Info | 'Vous devez attendre 30 minutes avant de pouvoir gagner de l\'xp à nouveau !' | 
15:46:20 | Info | 'Alartic#4028 a été murlocké avec succès' | 
16:14:47 | Info | 'motisma a gagné 3 xp !' | 
16:14:47 | Info | 'motisma a été murlocké avec succès' | 
16:25:11 | Info | 'Vous devez attendre 18 minutes avant de pouvoir gagner de l\'xp à nouveau !' | 
16:25:11 | Info | 'celekyuto a été murlocké avec succès' | 
17:08:34 | Info | 'frenzop a été murlocké avec succès' | 
17:43:28 | Info | 'xeit0w a gagné 11 xp !' | 
17:43:28 | Info | 'xeit0w est passé niveau %d !' | 
17:43:28 | Info | 'xeit0w a été murlocké avec succès' | 
18:21:20 | Info | 'd_aberggine a gagné 21 xp !' | 
18:21:20 | Info | 'd_aberggine a été murlocké avec succès' | 
19:02:56 | Info | 'louisnemo a gagné 27 xp !' | 
19:02:56 | Info | 'louisnemo est passé niveau %d !' | 
19:02:57 | Info | 'louisnemo a été murlocké avec succès' | 
20:05:46 | Info | 'frenzop a été murlocké avec succès' | 
20:53:53 | Info | 'louisnemo a gagné 17 xp !' | 
20:53:53 | Info | 'louisnemo a été murlocké avec succès' | 
21:02:55 | Info | 'd_aberggine a gagné 29 xp !' | 
21:02:55 | Info | 'd_aberggine est passé niveau %d !' | 
21:02:56 | Info | 'd_aberggine a été murlocké avec succès' | 
21:06:29 | Info | 'motisma a gagné 37 xp !' | 
21:06:29 | Info | 'motisma est passé niveau %d !' | 
21:06:30 | Info | 'motisma a été murlocké avec succès' | 
