01:50:11 | Info | 'louisnemo a gagné 32 xp !' | 
01:50:14 | Info | 'motisma a gagné 30 xp !' | 
01:50:15 | Info | '[TIMER] Le chrono est en pause pour celekyuto' | 
02:17:37 | Info | '[TIMER] Départ du chrono pour wizzard08' | 
02:17:39 | Info | 'wizzard08 a été murlocké avec succès' | 
03:54:04 | Info | '[TIMER] Départ du chrono pour wizzard08' | 
03:54:05 | Info | 'wizzard08 a été murlocké avec succès' | 
03:54:17 | Info | '[TIMER] Le chrono reprend pour celekyuto' | 
05:20:54 | Info | 'celekyuto a gagné 58 xp !' | 
05:20:55 | Info | 'wizzard08 a gagné 14 xp !' | 
15:07:00 | Info | 'motisma a été murlocké avec succès' | 
15:37:15 | Info | '[TIMER] Départ du chrono pour louisnemo' | 
15:37:16 | Info | 'louisnemo a été murlocké avec succès' | 
15:37:27 | Info | '[TIMER] Départ du chrono pour motisma' | 
15:44:39 | Info | '[TIMER] Départ du chrono pour celekyuto' | 
15:44:40 | Info | 'celekyuto a été murlocké avec succès' | 
16:38:51 | Info | 'celekyuto a gagné 9 xp !' | 
16:38:58 | Info | '[TIMER] Départ du chrono pour celekyuto' | 
16:38:59 | Info | 'celekyuto a été murlocké avec succès' | 
16:51:54 | Info | 'celekyuto a gagné 2 xp !' | 
16:53:36 | Info | 'louisnemo a gagné 12 xp !' | 
16:53:39 | Info | 'motisma a gagné 12 xp !' | 
20:57:09 | Info | 'celekyuto a été murlocké avec succès' | 
22:53:48 | Error | 'Erreur lors du murlock de celekyuto' | 
22:53:50 | Info | 'celekyuto a été murlocké avec succès' | 
23:30:01 | Info | '[TIMER] Départ du chrono pour motisma' | 
23:30:02 | Info | 'motisma a été murlocké avec succès' | 
23:30:32 | Info | '[TIMER] Départ du chrono pour celekyuto' | 
